2025-04-16 16:57:36,594 [INFO] Activator:176 - 


2025-04-16 16:57:36,594 [INFO] Activator:177 - !SESSION log4j initialized
2025-04-16 16:57:41,733 [INFO] LogOutputStream:77 - [STDOUT_REDIRECT] 
2025-04-16 16:57:43,062 [INFO] ApplicationProperties:184 - Using Application install path: C:\ST\STM32CubeIDE_1.17.0\STM32CubeIDE\plugins\com.st.stm32cube.common.mx_6.13.0.202411220809
2025-04-16 16:57:43,077 [INFO] DbMcusXml:78 - Set database path to: C:\ST\STM32CubeIDE_1.17.0\STM32CubeIDE\plugins\com.st.stm32cube.common.mx_6.13.0.202411220809\\db\/mcu/
2025-04-16 16:57:43,077 [INFO] ApiDb:274 - Set plugin database path to: C:\ST\STM32CubeIDE_1.17.0\STM32CubeIDE\plugins\com.st.stm32cube.common.mx_6.13.0.202411220809\\db\/plugins/boardmanager/
2025-04-16 16:57:43,077 [WARN] ApiDb:259 - Overriding images path with different value:  => C:\ST\STM32CubeIDE_1.17.0\STM32CubeIDE\plugins\com.st.stm32cube.common.mx_6.13.0.202411220809\\db\/plugins/mcufinder/images/
2025-04-16 16:57:43,095 [INFO] ApiDb:250 - Set database path to: C:\Users\APC\.stmcufinder\plugins\mcufinder//mcu/
2025-04-16 16:57:43,096 [INFO] DbMcusAds:125 - Set database path to: C:\Users\APC\.stmcufinder\plugins\mcufinder//mcu/
2025-04-16 16:57:43,099 [INFO] CrossReferenceDbSqlite:203 - Set database path to: C:\Users\APC\.stmcufinder\plugins\mcufinder//mcu/cs/
2025-04-16 16:57:43,190 [INFO] RulesReader:64 - Compatibility file has been processed (297 Rules)
2025-04-16 16:57:43,246 [INFO] DbMcusXml:78 - Set database path to: C:\ST\STM32CubeIDE_1.17.0\STM32CubeIDE\plugins\com.st.stm32cube.common.mx_6.13.0.202411220809\\db\/mcu/
2025-04-16 16:57:43,246 [INFO] ApiDb:274 - Set plugin database path to: C:\ST\STM32CubeIDE_1.17.0\STM32CubeIDE\plugins\com.st.stm32cube.common.mx_6.13.0.202411220809\\db\/plugins/boardmanager/
2025-04-16 16:57:43,246 [INFO] ApiDb:261 - Set plugin images path to: C:\ST\STM32CubeIDE_1.17.0\STM32CubeIDE\plugins\com.st.stm32cube.common.mx_6.13.0.202411220809\\db\/plugins/mcufinder/images/
2025-04-16 16:57:43,248 [WARN] DbFile:41 - Overriding database path with different value: C:\Users\APC\.stmcufinder\plugins\mcufinder/ => C:\Users\APC\.stmcufinder\plugins\mcufinder
2025-04-16 16:57:43,248 [INFO] ApiDb:250 - Set database path to: C:\Users\APC\.stmcufinder\plugins\mcufinder//mcu/
2025-04-16 16:57:43,248 [WARN] DbFile:41 - Overriding database path with different value: C:\Users\APC\.stmcufinder\plugins\mcufinder/ => C:\Users\APC\.stmcufinder\plugins\mcufinder
2025-04-16 16:57:43,248 [INFO] DbMcusAds:125 - Set database path to: C:\Users\APC\.stmcufinder\plugins\mcufinder//mcu/
2025-04-16 16:57:43,248 [WARN] DbFile:41 - Overriding database path with different value: C:\Users\APC\.stmcufinder\plugins\mcufinder/ => C:\Users\APC\.stmcufinder\plugins\mcufinder
2025-04-16 16:57:43,248 [WARN] DbFile:41 - Overriding database path with different value: C:\Users\APC\.stmcufinder\plugins\mcufinder/ => C:\Users\APC\.stmcufinder\plugins\mcufinder
2025-04-16 16:57:43,248 [INFO] CrossReferenceDbSqlite:203 - Set database path to: C:\Users\APC\.stmcufinder\plugins\mcufinder//mcu/cs/
2025-04-16 16:57:43,308 [INFO] MainPanel:272 - HeapMemory: 268435456
2025-04-16 16:57:43,394 [INFO] DbMcusXml:78 - Set database path to: C:\ST\STM32CubeIDE_1.17.0\STM32CubeIDE\plugins\com.st.stm32cube.common.mx_6.13.0.202411220809\\db\/mcu/
2025-04-16 16:57:43,395 [INFO] ApiDb:274 - Set plugin database path to: C:\ST\STM32CubeIDE_1.17.0\STM32CubeIDE\plugins\com.st.stm32cube.common.mx_6.13.0.202411220809\\db\/plugins/boardmanager/
2025-04-16 16:57:43,395 [INFO] ApiDb:261 - Set plugin images path to: C:\ST\STM32CubeIDE_1.17.0\STM32CubeIDE\plugins\com.st.stm32cube.common.mx_6.13.0.202411220809\\db\/plugins/mcufinder/images/
2025-04-16 16:57:43,395 [WARN] DbFile:41 - Overriding database path with different value: C:\Users\APC\.stmcufinder\plugins\mcufinder/ => C:\Users\APC\.stmcufinder\plugins\mcufinder
2025-04-16 16:57:43,395 [INFO] ApiDb:250 - Set database path to: C:\Users\APC\.stmcufinder\plugins\mcufinder//mcu/
2025-04-16 16:57:43,395 [WARN] DbFile:41 - Overriding database path with different value: C:\Users\APC\.stmcufinder\plugins\mcufinder/ => C:\Users\APC\.stmcufinder\plugins\mcufinder
2025-04-16 16:57:43,395 [INFO] DbMcusAds:125 - Set database path to: C:\Users\APC\.stmcufinder\plugins\mcufinder//mcu/
2025-04-16 16:57:43,395 [WARN] DbFile:41 - Overriding database path with different value: C:\Users\APC\.stmcufinder\plugins\mcufinder/ => C:\Users\APC\.stmcufinder\plugins\mcufinder
2025-04-16 16:57:43,395 [WARN] DbFile:41 - Overriding database path with different value: C:\Users\APC\.stmcufinder\plugins\mcufinder/ => C:\Users\APC\.stmcufinder\plugins\mcufinder
2025-04-16 16:57:43,395 [INFO] CrossReferenceDbSqlite:203 - Set database path to: C:\Users\APC\.stmcufinder\plugins\mcufinder//mcu/cs/
2025-04-16 16:57:43,409 [INFO] ApplicationProperties:184 - Using Application install path: C:\ST\STM32CubeIDE_1.17.0\STM32CubeIDE\plugins\com.st.stm32cube.common.mx_6.13.0.202411220809
2025-04-16 16:57:43,410 [INFO] PluginManage:196 - Search for loadable plugins [exclusion list=, ]
2025-04-16 16:57:43,411 [INFO] PluginManage:310 - Check plugin analytics
2025-04-16 16:57:43,525 [INFO] AnalyticsPlugin:253 - Accepted Software Licenses: STM32CubeMX.6.13.0
2025-04-16 16:57:43,525 [INFO] AnalyticsPlugin:255 - Accepted CMSIS Pack Licenses: 
2025-04-16 16:57:43,526 [INFO] AnalyticsPlugin:257 - Accepted Firmware Licenses: FW.F4.1.28.0
2025-04-16 16:57:43,527 [INFO] PluginManage:359 - Loaded plugin analytics (category:tool,tabindex:-1)
2025-04-16 16:57:43,527 [INFO] PluginManage:310 - Check plugin cadmodel
2025-04-16 16:57:43,544 [INFO] CADModel:105 - Init CAD model plugin
2025-04-16 16:57:43,544 [INFO] PluginManage:359 - Loaded plugin cadmodel (category:power,tabindex:5)
2025-04-16 16:57:43,544 [INFO] PluginManage:310 - Check plugin clock
2025-04-16 16:57:43,562 [INFO] PluginManage:359 - Loaded plugin clock (category:base,tabindex:2)
2025-04-16 16:57:43,563 [INFO] PluginManage:310 - Check plugin ddr
2025-04-16 16:57:43,565 [INFO] PluginManage:359 - Loaded plugin ddr (category:tool,tabindex:6)
2025-04-16 16:57:43,565 [INFO] PluginManage:310 - Check plugin filemanager
2025-04-16 16:57:43,670 [INFO] PluginManage:359 - Loaded plugin filemanager (category:base,tabindex:10)
2025-04-16 16:57:43,670 [INFO] PluginManage:310 - Check plugin ipmanager
2025-04-16 16:57:43,677 [INFO] PluginManage:359 - Loaded plugin ipmanager (category:base,tabindex:5)
2025-04-16 16:57:43,677 [INFO] PluginManage:310 - Check plugin lpbam
2025-04-16 16:57:43,692 [INFO] PluginManage:359 - Loaded plugin lpbam (category:base,tabindex:0)
2025-04-16 16:57:43,694 [INFO] PluginManage:310 - Check plugin memorymap
2025-04-16 16:57:43,715 [INFO] PluginManage:359 - Loaded plugin memorymap (category:base,tabindex:4)
2025-04-16 16:57:43,715 [INFO] PluginManage:310 - Check plugin pinoutandconfiguration
2025-04-16 16:57:43,732 [INFO] PluginManage:359 - Loaded plugin pinoutandconfiguration (category:base,tabindex:1)
2025-04-16 16:57:43,732 [INFO] PluginManage:310 - Check plugin pinoutconfig
2025-04-16 16:57:43,809 [WARN] SupportedApi:132 - Cannot load RTOS API schema: s4s-elt-must-match.1: The content of 'definitions' must match (annotation?, (simpleType | complexType)?, (unique | key | keyref)*)). A problem was found starting at: attribute.
2025-04-16 16:57:43,902 [INFO] PluginManage:359 - Loaded plugin pinoutconfig (category:base,tabindex:0)
2025-04-16 16:57:43,902 [INFO] PluginManage:310 - Check plugin power
2025-04-16 16:57:43,923 [INFO] PluginManage:359 - Loaded plugin power (category:power,tabindex:4)
2025-04-16 16:57:43,923 [INFO] PluginManage:310 - Check plugin projectmanager
2025-04-16 16:57:43,937 [INFO] PluginManage:359 - Loaded plugin projectmanager (category:projectmanager,tabindex:4)
2025-04-16 16:57:43,937 [INFO] PluginManage:310 - Check plugin rif
2025-04-16 16:57:43,958 [INFO] PluginManage:359 - Loaded plugin rif (category:base,tabindex:3)
2025-04-16 16:57:43,958 [INFO] PluginManage:310 - Check plugin thirdparty
2025-04-16 16:57:44,214 [INFO] PluginManage:359 - Loaded plugin thirdparty (category:base,tabindex:-1)
2025-04-16 16:57:44,214 [WARN] IntegrityCheckThread:84 - waiting for thirdparty lock release [integrity check]
2025-04-16 16:57:44,215 [INFO] IntegrityCheckThread:86 - entering critical section [integrity check]
2025-04-16 16:57:44,215 [INFO] PluginManage:310 - Check plugin tools
2025-04-16 16:57:44,215 [INFO] ThirdPartyUpdaterWithRetryManager:70 - Updater plugin not ready yet. [1/15]
2025-04-16 16:57:44,248 [INFO] PluginManage:359 - Loaded plugin tools (category:base,tabindex:7)
2025-04-16 16:57:44,248 [INFO] PluginManage:310 - Check plugin tutovideos
2025-04-16 16:57:44,410 [INFO] PluginManage:359 - Loaded plugin tutovideos (category:base,tabindex:-1)
2025-04-16 16:57:44,410 [INFO] PluginManage:310 - Check plugin updater
2025-04-16 16:57:44,428 [INFO] PluginManage:359 - Loaded plugin updater (category:base,tabindex:12)
2025-04-16 16:57:44,428 [INFO] PluginManage:310 - Check plugin userauth
2025-04-16 16:57:44,431 [INFO] UserAuth:118 - Init User Auth plugin
2025-04-16 16:57:44,432 [INFO] PluginManage:359 - Loaded plugin userauth (category:base,tabindex:14)
2025-04-16 16:57:44,432 [INFO] PluginManage:283 - PluginManage : Loaded plugins [18]
2025-04-16 16:57:44,590 [INFO] PinOutPanel:1589 - setPackage(No Configuration,No Configuration)
2025-04-16 16:57:44,648 [INFO] CADModel:165 - CPN selected for project level
2025-04-16 16:57:44,648 [INFO] CADModel:114 - Register for checkConnection events
2025-04-16 16:57:44,672 [INFO] IPUIPlugin:80 - create IPUIPlugin
2025-04-16 16:57:44,672 [INFO] PluginManager:220 - loadIPPluginJar : add adc
2025-04-16 16:57:44,703 [INFO] IPUIPlugin:80 - create IPUIPlugin
2025-04-16 16:57:44,704 [INFO] PluginManager:220 - loadIPPluginJar : add aes
2025-04-16 16:57:44,739 [INFO] IPUIPlugin:80 - create IPUIPlugin
2025-04-16 16:57:44,739 [INFO] PluginManager:220 - loadIPPluginJar : add can
2025-04-16 16:57:44,760 [INFO] IPUIPlugin:80 - create IPUIPlugin
2025-04-16 16:57:44,760 [INFO] PluginManager:220 - loadIPPluginJar : add comp
2025-04-16 16:57:44,787 [INFO] IPUIPlugin:80 - create IPUIPlugin
2025-04-16 16:57:44,787 [INFO] PluginManager:220 - loadIPPluginJar : add cryp
2025-04-16 16:57:44,802 [INFO] IPUIPlugin:80 - create IPUIPlugin
2025-04-16 16:57:44,802 [INFO] PluginManager:220 - loadIPPluginJar : add ddr_ctrl_phy
2025-04-16 16:57:44,828 [INFO] IPUIPlugin:80 - create IPUIPlugin
2025-04-16 16:57:44,829 [INFO] PluginManager:220 - loadIPPluginJar : add dfsdm
2025-04-16 16:57:44,843 [INFO] IPUIPlugin:80 - create IPUIPlugin
2025-04-16 16:57:44,844 [INFO] PluginManager:220 - loadIPPluginJar : add dma
2025-04-16 16:57:44,876 [INFO] IPUIPlugin:80 - create IPUIPlugin
2025-04-16 16:57:44,876 [INFO] PluginManager:220 - loadIPPluginJar : add dma3
2025-04-16 16:57:44,913 [INFO] IPUIPlugin:80 - create IPUIPlugin
2025-04-16 16:57:44,913 [INFO] PluginManager:220 - loadIPPluginJar : add extmemmanager
2025-04-16 16:57:44,933 [INFO] IPUIPlugin:80 - create IPUIPlugin
2025-04-16 16:57:44,933 [INFO] PluginManager:220 - loadIPPluginJar : add fatfs
2025-04-16 16:57:44,972 [INFO] IPUIPlugin:80 - create IPUIPlugin
2025-04-16 16:57:44,972 [INFO] PluginManager:220 - loadIPPluginJar : add fmc
2025-04-16 16:57:44,988 [INFO] IPUIPlugin:80 - create IPUIPlugin
2025-04-16 16:57:44,988 [INFO] PluginManager:220 - loadIPPluginJar : add freertos
2025-04-16 16:57:45,011 [INFO] IPUIPlugin:80 - create IPUIPlugin
2025-04-16 16:57:45,011 [INFO] PluginManager:220 - loadIPPluginJar : add genericplugin
2025-04-16 16:57:45,083 [INFO] IPUIPlugin:80 - create IPUIPlugin
2025-04-16 16:57:45,083 [INFO] PluginManager:220 - loadIPPluginJar : add gfxmmu
2025-04-16 16:57:45,188 [INFO] IPUIPlugin:80 - create IPUIPlugin
2025-04-16 16:57:45,189 [INFO] PluginManager:220 - loadIPPluginJar : add gic
2025-04-16 16:57:45,205 [INFO] IPUIPlugin:80 - create IPUIPlugin
2025-04-16 16:57:45,206 [INFO] PluginManager:220 - loadIPPluginJar : add gpio
2025-04-16 16:57:45,282 [INFO] IPUIPlugin:80 - create IPUIPlugin
2025-04-16 16:57:45,282 [INFO] PluginManager:220 - loadIPPluginJar : add gtzc
2025-04-16 16:57:45,310 [INFO] IPUIPlugin:80 - create IPUIPlugin
2025-04-16 16:57:45,310 [INFO] PluginManager:220 - loadIPPluginJar : add hash
2025-04-16 16:57:45,351 [INFO] IPUIPlugin:80 - create IPUIPlugin
2025-04-16 16:57:45,351 [INFO] PluginManager:220 - loadIPPluginJar : add i2c
2025-04-16 16:57:45,386 [INFO] IPUIPlugin:80 - create IPUIPlugin
2025-04-16 16:57:45,386 [INFO] PluginManager:220 - loadIPPluginJar : add i2s
2025-04-16 16:57:45,420 [INFO] IPUIPlugin:80 - create IPUIPlugin
2025-04-16 16:57:45,420 [INFO] PluginManager:220 - loadIPPluginJar : add i3c
2025-04-16 16:57:45,494 [INFO] IPUIPlugin:80 - create IPUIPlugin
2025-04-16 16:57:45,494 [INFO] PluginManager:220 - loadIPPluginJar : add ipddr
2025-04-16 16:57:45,568 [INFO] IPUIPlugin:80 - create IPUIPlugin
2025-04-16 16:57:45,568 [INFO] PluginManager:220 - loadIPPluginJar : add linkedlist
2025-04-16 16:57:45,600 [INFO] IPUIPlugin:80 - create IPUIPlugin
2025-04-16 16:57:45,600 [INFO] PluginManager:220 - loadIPPluginJar : add lorawan
2025-04-16 16:57:45,630 [INFO] IPUIPlugin:80 - create IPUIPlugin
2025-04-16 16:57:45,630 [INFO] PluginManager:220 - loadIPPluginJar : add ltdc
2025-04-16 16:57:45,644 [INFO] IPUIPlugin:80 - create IPUIPlugin
2025-04-16 16:57:45,644 [INFO] PluginManager:220 - loadIPPluginJar : add mdma
2025-04-16 16:57:45,655 [INFO] IPUIPlugin:80 - create IPUIPlugin
2025-04-16 16:57:45,655 [INFO] PluginManager:220 - loadIPPluginJar : add nvic
2025-04-16 16:57:45,687 [INFO] IPUIPlugin:80 - create IPUIPlugin
2025-04-16 16:57:45,687 [INFO] PluginManager:220 - loadIPPluginJar : add opamp
2025-04-16 16:57:45,738 [INFO] IPUIPlugin:80 - create IPUIPlugin
2025-04-16 16:57:45,738 [INFO] PluginManager:220 - loadIPPluginJar : add openamp
2025-04-16 16:57:45,771 [INFO] IPUIPlugin:80 - create IPUIPlugin
2025-04-16 16:57:45,771 [INFO] PluginManager:220 - loadIPPluginJar : add pdm2pcm
2025-04-16 16:57:45,784 [INFO] IPUIPlugin:80 - create IPUIPlugin
2025-04-16 16:57:45,786 [INFO] PluginManager:220 - loadIPPluginJar : add plateformsettings
2025-04-16 16:57:45,806 [INFO] IPUIPlugin:80 - create IPUIPlugin
2025-04-16 16:57:45,806 [INFO] PluginManager:220 - loadIPPluginJar : add quadspi
2025-04-16 16:57:45,830 [INFO] IPUIPlugin:80 - create IPUIPlugin
2025-04-16 16:57:45,830 [INFO] PluginManager:220 - loadIPPluginJar : add radio
2025-04-16 16:57:45,843 [INFO] IPUIPlugin:80 - create IPUIPlugin
2025-04-16 16:57:45,843 [INFO] PluginManager:220 - loadIPPluginJar : add resmgrutility
2025-04-16 16:57:45,882 [INFO] IPUIPlugin:80 - create IPUIPlugin
2025-04-16 16:57:45,882 [INFO] PluginManager:220 - loadIPPluginJar : add sai
2025-04-16 16:57:45,910 [INFO] IPUIPlugin:80 - create IPUIPlugin
2025-04-16 16:57:45,910 [INFO] PluginManager:220 - loadIPPluginJar : add spi
2025-04-16 16:57:45,961 [INFO] IPUIPlugin:80 - create IPUIPlugin
2025-04-16 16:57:45,961 [INFO] PluginManager:220 - loadIPPluginJar : add stm32_wpan
2025-04-16 16:57:45,983 [INFO] IPUIPlugin:80 - create IPUIPlugin
2025-04-16 16:57:45,983 [INFO] PluginManager:220 - loadIPPluginJar : add tim
2025-04-16 16:57:46,032 [INFO] IPUIPlugin:80 - create IPUIPlugin
2025-04-16 16:57:46,032 [INFO] PluginManager:220 - loadIPPluginJar : add touchsensing
2025-04-16 16:57:46,055 [INFO] IPUIPlugin:80 - create IPUIPlugin
2025-04-16 16:57:46,056 [INFO] PluginManager:220 - loadIPPluginJar : add tracer_emb
2025-04-16 16:57:46,078 [INFO] IPUIPlugin:80 - create IPUIPlugin
2025-04-16 16:57:46,078 [INFO] PluginManager:220 - loadIPPluginJar : add ts
2025-04-16 16:57:46,099 [INFO] IPUIPlugin:80 - create IPUIPlugin
2025-04-16 16:57:46,099 [INFO] PluginManager:220 - loadIPPluginJar : add tsc
2025-04-16 16:57:46,121 [INFO] IPUIPlugin:80 - create IPUIPlugin
2025-04-16 16:57:46,122 [INFO] PluginManager:220 - loadIPPluginJar : add ucpd
2025-04-16 16:57:46,158 [INFO] IPUIPlugin:80 - create IPUIPlugin
2025-04-16 16:57:46,158 [INFO] PluginManager:220 - loadIPPluginJar : add usart
2025-04-16 16:57:46,191 [INFO] IPUIPlugin:80 - create IPUIPlugin
2025-04-16 16:57:46,191 [INFO] PluginManager:220 - loadIPPluginJar : add usbx
2025-04-16 16:57:46,301 [FATAL] Updater:351 - Updater called before beeing initialized
2025-04-16 16:57:46,331 [INFO] RulesReader:64 - Compatibility file has been processed (297 Rules)
2025-04-16 16:57:46,341 [INFO] RulesReader:64 - Compatibility file has been processed (297 Rules)
2025-04-16 16:57:46,350 [INFO] CADModel:165 - CPN selected for project level
2025-04-16 16:57:46,350 [INFO] CADModel:114 - Register for checkConnection events
2025-04-16 16:57:46,350 [FATAL] Updater:351 - Updater called before beeing initialized
2025-04-16 16:57:46,350 [ERROR] CADModel:125 - Updater not yet initialized, retry later 
2025-04-16 16:57:46,459 [FATAL] Updater:351 - Updater called before beeing initialized
2025-04-16 16:57:46,462 [INFO] CADModel:165 - CPN selected for project level
2025-04-16 16:57:46,462 [INFO] CADModel:114 - Register for checkConnection events
2025-04-16 16:57:46,462 [FATAL] Updater:351 - Updater called before beeing initialized
2025-04-16 16:57:46,462 [ERROR] CADModel:125 - Updater not yet initialized, retry later 
2025-04-16 16:57:46,463 [FATAL] Updater:351 - Updater called before beeing initialized
2025-04-16 16:57:46,537 [FATAL] Updater:351 - Updater called before beeing initialized
2025-04-16 16:57:46,547 [INFO] DbMcusAds:53 - JSON generation date=Thu Mar 06 21:54:22 ICT 2025 (1741272862078)
2025-04-16 16:57:46,547 [FATAL] Updater:351 - Updater called before beeing initialized
2025-04-16 16:57:46,574 [WARN] DetailPanel:346 - Failed to get advertising image, set to default
2025-04-16 16:57:46,715 [FATAL] Updater:351 - Updater called before beeing initialized
2025-04-16 16:57:46,716 [FATAL] Updater:351 - Updater called before beeing initialized
2025-04-16 16:57:46,716 [FATAL] Updater:351 - Updater called before beeing initialized
2025-04-16 16:57:46,717 [WARN] DetailPanel:346 - Failed to get advertising image, set to default
2025-04-16 16:57:46,718 [FATAL] Updater:351 - Updater called before beeing initialized
2025-04-16 16:57:46,760 [ERROR] Updater:1198 - MainUpdater not yet initialized. External WinMGr cannot be set.
2025-04-16 16:57:46,768 [INFO] Updater:1134 - Updater Version found : 6.13.0
2025-04-16 16:57:46,783 [INFO] ApplicationProperties:184 - Using Application install path: C:\ST\STM32CubeIDE_1.17.0\STM32CubeIDE\plugins\com.st.stm32cube.common.mx_6.13.0.202411220809
2025-04-16 16:57:47,080 [INFO] MainUpdater:2872 - connection check result : 10
2025-04-16 16:57:47,081 [INFO] MainUpdater:289 - Updater Check For Update Now.
2025-04-16 16:57:47,081 [INFO] MicroXplorer:498 - Change Database Version : DB.6.0.130
2025-04-16 16:57:47,094 [INFO] McuFinderGlobals:63 - Set McuFinder mode to 2 (CubeIDE integrated)
2025-04-16 16:57:47,102 [INFO] UserAuth:486 - Internet connection configuration mode: 1
2025-04-16 16:57:47,130 [INFO] JxBrowserEngine:152 - Initiate JxBrowser Engine with user profile folder
2025-04-16 16:57:47,217 [WARN] MainUpdater:1193 - Updater busy. Cannot search thirdparties
2025-04-16 16:57:47,217 [INFO] ThirdPartyUpdaterWithRetryManager:96 - Updater plugin is busy. [1/15]
2025-04-16 16:57:47,277 [INFO] CheckServerUpdateThread:120 - End of CheckServer Thread
2025-04-16 16:57:47,861 [INFO] WebApp:168 - Instantiating new browser for Auth
2025-04-16 16:57:48,374 [INFO] WebApp:449 - Apply proxy settings
2025-04-16 16:57:48,374 [INFO] WebApp:534 - Chromium requires no authentication
2025-04-16 16:57:48,384 [INFO] WebApp:477 - Direct internet connection detected
2025-04-16 16:57:48,404 [INFO] WebApp:880 - Register for checkConnection events
2025-04-16 16:57:48,404 [INFO] WebApp:449 - Apply proxy settings
2025-04-16 16:57:48,404 [INFO] WebApp:534 - Chromium requires no authentication
2025-04-16 16:57:48,405 [INFO] WebApp:477 - Direct internet connection detected
2025-04-16 16:57:48,552 [INFO] WebApp:221 - Starting web application
2025-04-16 16:57:48,552 [INFO] WebApp:579 - Web application path used C:\ST\STM32CubeIDE_1.17.0\STM32CubeIDE\plugins\com.st.stm32cube.common.mx_6.13.0.202411220809\db\plugins\mcufinder\reactClient1\index.html
2025-04-16 16:57:48,670 [INFO] UserAuth:486 - Internet connection configuration mode: 1
2025-04-16 16:57:48,715 [INFO] WebApp:187 - Connection restablished
2025-04-16 16:57:50,412 [WARN] PackLoader:240 - Cannot read IP mode file for STMicroelectronics.FP-SNS-MOTENVWB1.1.4.0
2025-04-16 16:57:50,426 [WARN] PackLoader:240 - Cannot read IP mode file for STMicroelectronics.FP-ATR-ASTRA1.2.0.2
2025-04-16 16:57:50,436 [WARN] PackLoader:240 - Cannot read IP mode file for STMicroelectronics.FP-ATR-ASTRA1.2.0.1
2025-04-16 16:57:50,449 [WARN] PackLoader:240 - Cannot read IP mode file for STMicroelectronics.X-CUBE-SMBUS.2.1.0
2025-04-16 16:57:50,463 [WARN] PackLoader:240 - Cannot read IP mode file for STMicroelectronics.X-CUBE-WB05N.1.1.0
2025-04-16 16:57:50,500 [WARN] PackLoader:240 - Cannot read IP mode file for STMicroelectronics.X-CUBE-AZRTOS-F7.1.1.0
2025-04-16 16:57:50,518 [WARN] PackLoader:240 - Cannot read IP mode file for STMicroelectronics.FP-SNS-FLIGHT1.5.0.2
2025-04-16 16:57:50,544 [WARN] PackLoader:240 - Cannot read IP mode file for Infineon.AIROC-Wi-Fi-Bluetooth-STM32.1.7.0
2025-04-16 16:57:50,577 [WARN] PackLoader:240 - Cannot read IP mode file for STMicroelectronics.X-CUBE-DISPLAY.3.0.0
2025-04-16 16:57:50,628 [WARN] PackLoader:240 - Cannot read IP mode file for STMicroelectronics.X-CUBE-BLE1.7.0.0
2025-04-16 16:57:50,655 [WARN] PackLoader:240 - Cannot read IP mode file for STMicroelectronics.X-CUBE-NFC10.1.0.0
2025-04-16 16:57:50,675 [WARN] PackLoader:240 - Cannot read IP mode file for STMicroelectronics.X-CUBE-BLEMGR.4.0.0
2025-04-16 16:57:50,692 [WARN] PackLoader:240 - Cannot read IP mode file for emotas.I-CUBE-CANOPEN.1.3.0
2025-04-16 16:57:50,706 [WARN] PackLoader:240 - Cannot read IP mode file for STMicroelectronics.X-CUBE-AI.10.0.0
2025-04-16 16:57:50,719 [WARN] PackLoader:240 - Cannot read IP mode file for STMicroelectronics.FP-SNS-SMARTAG2.1.2.0
2025-04-16 16:57:50,729 [WARN] PackLoader:240 - Cannot read IP mode file for STMicroelectronics.FP-SNS-FLIGHT1.5.1.0
2025-04-16 16:57:50,768 [WARN] PackLoader:240 - Cannot read IP mode file for STMicroelectronics.X-CUBE-MEMS1.11.1.0
2025-04-16 16:57:50,858 [INFO] LogOutputStream:77 - [STDOUT_REDIRECT] 1 : Invalid condition id : UX_CORESTACK_Condition cause : null
2025-04-16 16:57:50,858 [INFO] LogOutputStream:77 - [STDOUT_REDIRECT] 1 : Invalid condition id : UX_CORESTACK_Condition cause : null
2025-04-16 16:57:50,859 [INFO] LogOutputStream:77 - [STDOUT_REDIRECT] 1 : Invalid condition id : UX_CORESTACK_Condition cause : null
2025-04-16 16:57:50,860 [INFO] LogOutputStream:77 - [STDOUT_REDIRECT] 1 : Invalid condition id : UX_CORESTACK_Condition cause : null
2025-04-16 16:57:50,861 [INFO] LogOutputStream:77 - [STDOUT_REDIRECT] 1 : Invalid condition id : UX_CORESTACK_Condition cause : null
2025-04-16 16:57:50,862 [WARN] PackLoader:240 - Cannot read IP mode file for STMicroelectronics.X-CUBE-AZRTOS-WL.2.0.0
2025-04-16 16:57:50,876 [WARN] PackLoader:240 - Cannot read IP mode file for STMicroelectronics.FP-SNS-MOTENV1.5.0.0
2025-04-16 16:57:50,888 [WARN] PackLoader:240 - Cannot read IP mode file for wolfSSL.I-CUBE-wolfMQTT.1.19.0
2025-04-16 16:57:50,902 [WARN] PackLoader:240 - Cannot read IP mode file for WES.I-CUBE-Cesium.1.3.0
2025-04-16 16:57:50,914 [WARN] PackLoader:240 - Cannot read IP mode file for STMicroelectronics.X-CUBE-BLE2.3.3.0
2025-04-16 16:57:50,927 [WARN] PackLoader:240 - Cannot read IP mode file for STMicroelectronics.X-CUBE-NFC9.1.0.0
2025-04-16 16:57:50,938 [WARN] PackLoader:240 - Cannot read IP mode file for STMicroelectronics.X-CUBE-BLE1.7.1.0
2025-04-16 16:57:50,960 [WARN] PackLoader:240 - Cannot read IP mode file for STMicroelectronics.X-CUBE-AZRTOS-G0.1.1.0
2025-04-16 16:57:50,974 [WARN] PackLoader:240 - Cannot read IP mode file for STMicroelectronics.X-CUBE-SAFEA1.1.2.2
2025-04-16 16:57:50,989 [WARN] PackLoader:240 - Cannot read IP mode file for STMicroelectronics.X-CUBE-NFC4.3.0.0
2025-04-16 16:57:51,006 [WARN] PackLoader:240 - Cannot read IP mode file for EmbeddedOffice.I-CUBE-FS-RTOS.1.0.1
2025-04-16 16:57:51,021 [WARN] PackLoader:240 - Cannot read IP mode file for STMicroelectronics.X-CUBE-TCPP.4.2.0
2025-04-16 16:57:51,034 [WARN] PackLoader:240 - Cannot read IP mode file for RealThread.X-CUBE-RT-Thread_Nano.4.1.1
2025-04-16 16:57:51,046 [WARN] PackLoader:240 - Cannot read IP mode file for STMicroelectronics.FP-ATR-SIGFOX1.3.2.0
2025-04-16 16:57:51,058 [WARN] ConditionMgr:438 - getConditionDescription Invalid condition id : Cortex-A Device cause : null
2025-04-16 16:57:51,078 [WARN] ConditionMgr:1044 - genDependencies : Invalid condition id : Cortex-A Device cause : null
2025-04-16 16:57:51,078 [WARN] ConditionMgr:1044 - genDependencies : Invalid condition id : Cortex-A Device cause : null
2025-04-16 16:57:51,079 [WARN] ConditionMgr:1044 - genDependencies : Invalid condition id : Cortex-A Device cause : null
2025-04-16 16:57:51,090 [WARN] PackLoader:240 - Cannot read IP mode file for STMicroelectronics.X-CUBE-EEPRMA1.5.1.0
2025-04-16 16:57:51,100 [WARN] PackLoader:240 - Cannot read IP mode file for wolfSSL.I-CUBE-wolfSSL.5.7.4
2025-04-16 16:57:51,111 [WARN] PackLoader:240 - Cannot read IP mode file for ITTIA_DB.I-CUBE-ITTIADB.8.9.0
2025-04-16 16:57:51,135 [WARN] PackLoader:240 - Cannot read IP mode file for SEGGER.I-CUBE-embOS.1.3.1
2025-04-16 16:57:51,165 [WARN] PackLoader:240 - Cannot read IP mode file for STMicroelectronics.X-CUBE-ALGOBUILD.1.4.0
2025-04-16 16:57:51,176 [WARN] PackLoader:240 - Cannot read IP mode file for STMicroelectronics.X-CUBE-AI.9.1.0
2025-04-16 16:57:51,195 [WARN] PackLoader:240 - Cannot read IP mode file for STMicroelectronics.X-CUBE-AZRTOS-F4.1.1.0
2025-04-16 16:57:51,209 [WARN] PackLoader:240 - Cannot read IP mode file for STMicroelectronics.X-CUBE-ISPU.2.1.0
2025-04-16 16:57:51,231 [WARN] PackLoader:240 - Cannot read IP mode file for STMicroelectronics.X-CUBE-AZRTOS-L5.2.0.0
2025-04-16 16:57:51,249 [WARN] PackLoader:240 - Cannot read IP mode file for STMicroelectronics.X-CUBE-NFC6.3.1.0
2025-04-16 16:57:51,265 [WARN] PackLoader:240 - Cannot read IP mode file for STMicroelectronics.X-CUBE-DPower.1.2.0
2025-04-16 16:57:51,276 [WARN] PackLoader:240 - Cannot read IP mode file for STMicroelectronics.X-CUBE-FREERTOS.1.3.0
2025-04-16 16:57:51,291 [WARN] PackLoader:240 - Cannot read IP mode file for STMicroelectronics.X-CUBE-NFC7.1.0.1
2025-04-16 16:57:51,312 [WARN] PackLoader:240 - Cannot read IP mode file for STMicroelectronics.X-CUBE-DPower.1.3.0
2025-04-16 16:57:51,342 [WARN] ConditionMgr:438 - getConditionDescription Invalid condition id : LAN8742 Phy interface Condition cause : null
2025-04-16 16:57:51,342 [WARN] PackLoader:240 - Cannot read IP mode file for STMicroelectronics.X-CUBE-AZRTOS-L4.2.0.0
2025-04-16 16:57:51,344 [WARN] ConditionMgr:1044 - genDependencies : Invalid condition id : LAN8742 Phy interface Condition cause : null
2025-04-16 16:57:51,344 [WARN] ConditionMgr:1044 - genDependencies : Invalid condition id : LAN8742 Phy interface Condition cause : null
2025-04-16 16:57:51,345 [WARN] ConditionMgr:1044 - genDependencies : Invalid condition id : LAN8742 Phy interface Condition cause : null
2025-04-16 16:57:51,371 [WARN] PackLoader:240 - Cannot read IP mode file for STMicroelectronics.X-CUBE-SFXS2LP1.4.0.0
2025-04-16 16:57:51,408 [WARN] PackLoader:240 - Cannot read IP mode file for STMicroelectronics.X-CUBE-AZRTOS-H7.3.3.0
2025-04-16 16:57:51,447 [WARN] ConditionMgr:438 - getConditionDescription Invalid condition id : UX DEVICE CLASS RTOS Condition cause : null
2025-04-16 16:57:51,447 [WARN] ConditionMgr:438 - getConditionDescription Invalid condition id : UX DEVICE CLASS RTOS Condition cause : null
2025-04-16 16:57:51,448 [WARN] PackLoader:240 - Cannot read IP mode file for STMicroelectronics.X-CUBE-AZRTOS-WB.2.0.0
2025-04-16 16:57:51,448 [WARN] ConditionMgr:1044 - genDependencies : Invalid condition id : UX DEVICE CLASS RTOS Condition cause : null
2025-04-16 16:57:51,448 [WARN] ConditionMgr:1044 - genDependencies : Invalid condition id : UX DEVICE CLASS RTOS Condition cause : null
2025-04-16 16:57:51,449 [WARN] ConditionMgr:1044 - genDependencies : Invalid condition id : UX DEVICE CLASS RTOS Condition cause : null
2025-04-16 16:57:51,449 [WARN] ConditionMgr:1044 - genDependencies : Invalid condition id : UX DEVICE CLASS RTOS Condition cause : null
2025-04-16 16:57:51,449 [WARN] ConditionMgr:1044 - genDependencies : Invalid condition id : UX DEVICE CLASS RTOS Condition cause : null
2025-04-16 16:57:51,471 [WARN] PackLoader:240 - Cannot read IP mode file for STMicroelectronics.X-CUBE-GNSS1.7.0.1
2025-04-16 16:57:51,494 [WARN] PackLoader:240 - Cannot read IP mode file for STMicroelectronics.X-CUBE-TOUCHGFX.4.25.0
2025-04-16 16:57:51,509 [WARN] PackLoader:240 - Cannot read IP mode file for STMicroelectronics.FP-SNS-STBOX1.2.0.0
2025-04-16 16:57:51,529 [WARN] PackLoader:240 - Cannot read IP mode file for STMicroelectronics.X-CUBE-SUBG2.5.0.0
2025-04-16 16:57:51,573 [WARN] PackLoader:240 - Cannot read IP mode file for STMicroelectronics.X-CUBE-AZRTOS-H7RS.1.1.0
2025-04-16 16:57:51,596 [WARN] PackLoader:240 - Cannot read IP mode file for Cesanta.I-CUBE-Mongoose.7.13.0
2025-04-16 16:57:51,640 [WARN] PackLoader:240 - Cannot read IP mode file for STMicroelectronics.X-CUBE-AZRTOS-G4.2.0.0
2025-04-16 16:57:51,664 [WARN] PackLoader:240 - Cannot read IP mode file for STMicroelectronics.X-CUBE-IPS.3.1.0
2025-04-16 16:57:51,685 [WARN] PackLoader:240 - Cannot read IP mode file for STMicroelectronics.X-CUBE-ALS.1.0.2
2025-04-16 16:57:51,698 [WARN] PackLoader:240 - Cannot read IP mode file for STMicroelectronics.X-CUBE-TOUCHGFX.4.24.2
2025-04-16 16:57:51,711 [WARN] PackLoader:240 - Cannot read IP mode file for wolfSSL.I-CUBE-wolfTPM.3.4.0
2025-04-16 16:57:51,722 [WARN] PackLoader:240 - Cannot read IP mode file for portGmbH.I-Cube-SoM-uGOAL.1.1.0
2025-04-16 16:57:51,742 [WARN] PackLoader:240 - Cannot read IP mode file for STMicroelectronics.X-CUBE-AZRTOS-H7RS.1.0.0
2025-04-16 16:57:51,759 [WARN] PackLoader:240 - Cannot read IP mode file for STMicroelectronics.X-CUBE-TOF1.3.4.2
2025-04-16 16:57:51,779 [WARN] PackLoader:240 - Cannot read IP mode file for wolfSSL.I-CUBE-wolfSSH.1.4.17
2025-04-16 16:57:51,781 [INFO] ThirdParty:978 - Integrity check success = true
2025-04-16 16:57:51,781 [INFO] IntegrityCheckThread:100 - exiting critical section [integrity check]
2025-04-16 16:57:51,781 [INFO] IntegrityCheckThread:103 - End integrity checks thread
2025-04-16 19:50:11,050 [ERROR] LogOutputStream:75 - [STDERR_REDIRECT] 
