2025-05-12 06:14:13,764 [INFO] Activator:176 - 


2025-05-12 06:14:13,767 [INFO] Activator:177 - !SESSION log4j initialized
2025-05-12 06:14:19,276 [INFO] LogOutputStream:77 - [STDOUT_REDIRECT] 
2025-05-12 06:14:23,726 [INFO] ApplicationProperties:184 - Using Application install path: C:\ST\STM32CubeIDE_1.17.0\STM32CubeIDE\plugins\com.st.stm32cube.common.mx_6.13.0.202411220809
2025-05-12 06:14:23,752 [INFO] DbMcusXml:78 - Set database path to: C:\ST\STM32CubeIDE_1.17.0\STM32CubeIDE\plugins\com.st.stm32cube.common.mx_6.13.0.202411220809\\db\/mcu/
2025-05-12 06:14:23,752 [INFO] ApiDb:274 - Set plugin database path to: C:\ST\STM32CubeIDE_1.17.0\STM32CubeIDE\plugins\com.st.stm32cube.common.mx_6.13.0.202411220809\\db\/plugins/boardmanager/
2025-05-12 06:14:23,752 [WARN] ApiDb:259 - Overriding images path with different value:  => C:\ST\STM32CubeIDE_1.17.0\STM32CubeIDE\plugins\com.st.stm32cube.common.mx_6.13.0.202411220809\\db\/plugins/mcufinder/images/
2025-05-12 06:14:23,771 [INFO] ApiDb:250 - Set database path to: C:\Users\APC\.stmcufinder\plugins\mcufinder//mcu/
2025-05-12 06:14:23,771 [INFO] DbMcusAds:125 - Set database path to: C:\Users\APC\.stmcufinder\plugins\mcufinder//mcu/
2025-05-12 06:14:23,771 [INFO] CrossReferenceDbSqlite:203 - Set database path to: C:\Users\APC\.stmcufinder\plugins\mcufinder//mcu/cs/
2025-05-12 06:14:23,887 [INFO] RulesReader:64 - Compatibility file has been processed (297 Rules)
2025-05-12 06:14:23,984 [INFO] DbMcusXml:78 - Set database path to: C:\ST\STM32CubeIDE_1.17.0\STM32CubeIDE\plugins\com.st.stm32cube.common.mx_6.13.0.202411220809\\db\/mcu/
2025-05-12 06:14:23,984 [INFO] ApiDb:274 - Set plugin database path to: C:\ST\STM32CubeIDE_1.17.0\STM32CubeIDE\plugins\com.st.stm32cube.common.mx_6.13.0.202411220809\\db\/plugins/boardmanager/
2025-05-12 06:14:23,984 [INFO] ApiDb:261 - Set plugin images path to: C:\ST\STM32CubeIDE_1.17.0\STM32CubeIDE\plugins\com.st.stm32cube.common.mx_6.13.0.202411220809\\db\/plugins/mcufinder/images/
2025-05-12 06:14:23,984 [WARN] DbFile:41 - Overriding database path with different value: C:\Users\APC\.stmcufinder\plugins\mcufinder/ => C:\Users\APC\.stmcufinder\plugins\mcufinder
2025-05-12 06:14:23,984 [INFO] ApiDb:250 - Set database path to: C:\Users\APC\.stmcufinder\plugins\mcufinder//mcu/
2025-05-12 06:14:23,984 [WARN] DbFile:41 - Overriding database path with different value: C:\Users\APC\.stmcufinder\plugins\mcufinder/ => C:\Users\APC\.stmcufinder\plugins\mcufinder
2025-05-12 06:14:23,985 [INFO] DbMcusAds:125 - Set database path to: C:\Users\APC\.stmcufinder\plugins\mcufinder//mcu/
2025-05-12 06:14:23,985 [WARN] DbFile:41 - Overriding database path with different value: C:\Users\APC\.stmcufinder\plugins\mcufinder/ => C:\Users\APC\.stmcufinder\plugins\mcufinder
2025-05-12 06:14:23,985 [WARN] DbFile:41 - Overriding database path with different value: C:\Users\APC\.stmcufinder\plugins\mcufinder/ => C:\Users\APC\.stmcufinder\plugins\mcufinder
2025-05-12 06:14:23,985 [INFO] CrossReferenceDbSqlite:203 - Set database path to: C:\Users\APC\.stmcufinder\plugins\mcufinder//mcu/cs/
2025-05-12 06:14:24,074 [INFO] MainPanel:272 - HeapMemory: 268435456
2025-05-12 06:14:24,207 [INFO] DbMcusXml:78 - Set database path to: C:\ST\STM32CubeIDE_1.17.0\STM32CubeIDE\plugins\com.st.stm32cube.common.mx_6.13.0.202411220809\\db\/mcu/
2025-05-12 06:14:24,207 [INFO] ApiDb:274 - Set plugin database path to: C:\ST\STM32CubeIDE_1.17.0\STM32CubeIDE\plugins\com.st.stm32cube.common.mx_6.13.0.202411220809\\db\/plugins/boardmanager/
2025-05-12 06:14:24,207 [INFO] ApiDb:261 - Set plugin images path to: C:\ST\STM32CubeIDE_1.17.0\STM32CubeIDE\plugins\com.st.stm32cube.common.mx_6.13.0.202411220809\\db\/plugins/mcufinder/images/
2025-05-12 06:14:24,207 [WARN] DbFile:41 - Overriding database path with different value: C:\Users\APC\.stmcufinder\plugins\mcufinder/ => C:\Users\APC\.stmcufinder\plugins\mcufinder
2025-05-12 06:14:24,208 [INFO] ApiDb:250 - Set database path to: C:\Users\APC\.stmcufinder\plugins\mcufinder//mcu/
2025-05-12 06:14:24,208 [WARN] DbFile:41 - Overriding database path with different value: C:\Users\APC\.stmcufinder\plugins\mcufinder/ => C:\Users\APC\.stmcufinder\plugins\mcufinder
2025-05-12 06:14:24,208 [INFO] DbMcusAds:125 - Set database path to: C:\Users\APC\.stmcufinder\plugins\mcufinder//mcu/
2025-05-12 06:14:24,208 [WARN] DbFile:41 - Overriding database path with different value: C:\Users\APC\.stmcufinder\plugins\mcufinder/ => C:\Users\APC\.stmcufinder\plugins\mcufinder
2025-05-12 06:14:24,208 [WARN] DbFile:41 - Overriding database path with different value: C:\Users\APC\.stmcufinder\plugins\mcufinder/ => C:\Users\APC\.stmcufinder\plugins\mcufinder
2025-05-12 06:14:24,208 [INFO] CrossReferenceDbSqlite:203 - Set database path to: C:\Users\APC\.stmcufinder\plugins\mcufinder//mcu/cs/
2025-05-12 06:14:24,228 [INFO] ApplicationProperties:184 - Using Application install path: C:\ST\STM32CubeIDE_1.17.0\STM32CubeIDE\plugins\com.st.stm32cube.common.mx_6.13.0.202411220809
2025-05-12 06:14:24,229 [INFO] PluginManage:196 - Search for loadable plugins [exclusion list=, ]
2025-05-12 06:14:24,232 [INFO] PluginManage:310 - Check plugin analytics
2025-05-12 06:14:24,374 [INFO] AnalyticsPlugin:253 - Accepted Software Licenses: STM32CubeMX.6.13.0
2025-05-12 06:14:24,374 [INFO] AnalyticsPlugin:255 - Accepted CMSIS Pack Licenses: 
2025-05-12 06:14:24,374 [INFO] AnalyticsPlugin:257 - Accepted Firmware Licenses: FW.F4.1.28.0
2025-05-12 06:14:24,374 [INFO] PluginManage:359 - Loaded plugin analytics (category:tool,tabindex:-1)
2025-05-12 06:14:24,374 [INFO] PluginManage:310 - Check plugin cadmodel
2025-05-12 06:14:24,391 [INFO] CADModel:105 - Init CAD model plugin
2025-05-12 06:14:24,391 [INFO] PluginManage:359 - Loaded plugin cadmodel (category:power,tabindex:5)
2025-05-12 06:14:24,391 [INFO] PluginManage:310 - Check plugin clock
2025-05-12 06:14:24,411 [INFO] PluginManage:359 - Loaded plugin clock (category:base,tabindex:2)
2025-05-12 06:14:24,411 [INFO] PluginManage:310 - Check plugin ddr
2025-05-12 06:14:24,411 [INFO] PluginManage:359 - Loaded plugin ddr (category:tool,tabindex:6)
2025-05-12 06:14:24,411 [INFO] PluginManage:310 - Check plugin filemanager
2025-05-12 06:14:24,580 [INFO] PluginManage:359 - Loaded plugin filemanager (category:base,tabindex:10)
2025-05-12 06:14:24,580 [INFO] PluginManage:310 - Check plugin ipmanager
2025-05-12 06:14:24,594 [INFO] PluginManage:359 - Loaded plugin ipmanager (category:base,tabindex:5)
2025-05-12 06:14:24,594 [INFO] PluginManage:310 - Check plugin lpbam
2025-05-12 06:14:24,612 [INFO] PluginManage:359 - Loaded plugin lpbam (category:base,tabindex:0)
2025-05-12 06:14:24,612 [INFO] PluginManage:310 - Check plugin memorymap
2025-05-12 06:14:24,631 [INFO] PluginManage:359 - Loaded plugin memorymap (category:base,tabindex:4)
2025-05-12 06:14:24,641 [INFO] PluginManage:310 - Check plugin pinoutandconfiguration
2025-05-12 06:14:24,663 [INFO] PluginManage:359 - Loaded plugin pinoutandconfiguration (category:base,tabindex:1)
2025-05-12 06:14:24,663 [INFO] PluginManage:310 - Check plugin pinoutconfig
2025-05-12 06:14:24,781 [WARN] SupportedApi:132 - Cannot load RTOS API schema: s4s-elt-must-match.1: The content of 'definitions' must match (annotation?, (simpleType | complexType)?, (unique | key | keyref)*)). A problem was found starting at: attribute.
2025-05-12 06:14:24,921 [INFO] PluginManage:359 - Loaded plugin pinoutconfig (category:base,tabindex:0)
2025-05-12 06:14:24,921 [INFO] PluginManage:310 - Check plugin power
2025-05-12 06:14:24,941 [INFO] PluginManage:359 - Loaded plugin power (category:power,tabindex:4)
2025-05-12 06:14:24,941 [INFO] PluginManage:310 - Check plugin projectmanager
2025-05-12 06:14:24,961 [INFO] PluginManage:359 - Loaded plugin projectmanager (category:projectmanager,tabindex:4)
2025-05-12 06:14:24,961 [INFO] PluginManage:310 - Check plugin rif
2025-05-12 06:14:24,983 [INFO] PluginManage:359 - Loaded plugin rif (category:base,tabindex:3)
2025-05-12 06:14:24,983 [INFO] PluginManage:310 - Check plugin thirdparty
2025-05-12 06:14:25,265 [INFO] PluginManage:359 - Loaded plugin thirdparty (category:base,tabindex:-1)
2025-05-12 06:14:25,265 [WARN] IntegrityCheckThread:84 - waiting for thirdparty lock release [integrity check]
2025-05-12 06:14:25,265 [INFO] PluginManage:310 - Check plugin tools
2025-05-12 06:14:25,265 [INFO] IntegrityCheckThread:86 - entering critical section [integrity check]
2025-05-12 06:14:25,265 [INFO] ThirdPartyUpdaterWithRetryManager:70 - Updater plugin not ready yet. [1/15]
2025-05-12 06:14:25,311 [INFO] PluginManage:359 - Loaded plugin tools (category:base,tabindex:7)
2025-05-12 06:14:25,311 [INFO] PluginManage:310 - Check plugin tutovideos
2025-05-12 06:14:25,526 [INFO] PluginManage:359 - Loaded plugin tutovideos (category:base,tabindex:-1)
2025-05-12 06:14:25,526 [INFO] PluginManage:310 - Check plugin updater
2025-05-12 06:14:25,542 [INFO] PluginManage:359 - Loaded plugin updater (category:base,tabindex:12)
2025-05-12 06:14:25,542 [INFO] PluginManage:310 - Check plugin userauth
2025-05-12 06:14:25,550 [INFO] UserAuth:118 - Init User Auth plugin
2025-05-12 06:14:25,550 [INFO] PluginManage:359 - Loaded plugin userauth (category:base,tabindex:14)
2025-05-12 06:14:25,550 [INFO] PluginManage:283 - PluginManage : Loaded plugins [18]
2025-05-12 06:14:25,804 [INFO] PinOutPanel:1589 - setPackage(No Configuration,No Configuration)
2025-05-12 06:14:25,891 [INFO] CADModel:165 - CPN selected for project level
2025-05-12 06:14:25,891 [INFO] CADModel:114 - Register for checkConnection events
2025-05-12 06:14:25,923 [INFO] IPUIPlugin:80 - create IPUIPlugin
2025-05-12 06:14:25,923 [INFO] PluginManager:220 - loadIPPluginJar : add adc
2025-05-12 06:14:25,959 [INFO] IPUIPlugin:80 - create IPUIPlugin
2025-05-12 06:14:25,959 [INFO] PluginManager:220 - loadIPPluginJar : add aes
2025-05-12 06:14:25,990 [INFO] IPUIPlugin:80 - create IPUIPlugin
2025-05-12 06:14:25,990 [INFO] PluginManager:220 - loadIPPluginJar : add can
2025-05-12 06:14:26,020 [INFO] IPUIPlugin:80 - create IPUIPlugin
2025-05-12 06:14:26,020 [INFO] PluginManager:220 - loadIPPluginJar : add comp
2025-05-12 06:14:26,094 [INFO] IPUIPlugin:80 - create IPUIPlugin
2025-05-12 06:14:26,094 [INFO] PluginManager:220 - loadIPPluginJar : add cryp
2025-05-12 06:14:26,110 [INFO] IPUIPlugin:80 - create IPUIPlugin
2025-05-12 06:14:26,110 [INFO] PluginManager:220 - loadIPPluginJar : add ddr_ctrl_phy
2025-05-12 06:14:26,136 [INFO] IPUIPlugin:80 - create IPUIPlugin
2025-05-12 06:14:26,136 [INFO] PluginManager:220 - loadIPPluginJar : add dfsdm
2025-05-12 06:14:26,161 [INFO] IPUIPlugin:80 - create IPUIPlugin
2025-05-12 06:14:26,161 [INFO] PluginManager:220 - loadIPPluginJar : add dma
2025-05-12 06:14:26,212 [INFO] IPUIPlugin:80 - create IPUIPlugin
2025-05-12 06:14:26,212 [INFO] PluginManager:220 - loadIPPluginJar : add dma3
2025-05-12 06:14:26,256 [INFO] IPUIPlugin:80 - create IPUIPlugin
2025-05-12 06:14:26,256 [INFO] PluginManager:220 - loadIPPluginJar : add extmemmanager
2025-05-12 06:14:26,281 [INFO] IPUIPlugin:80 - create IPUIPlugin
2025-05-12 06:14:26,281 [INFO] PluginManager:220 - loadIPPluginJar : add fatfs
2025-05-12 06:14:26,351 [INFO] IPUIPlugin:80 - create IPUIPlugin
2025-05-12 06:14:26,351 [INFO] PluginManager:220 - loadIPPluginJar : add fmc
2025-05-12 06:14:26,365 [INFO] IPUIPlugin:80 - create IPUIPlugin
2025-05-12 06:14:26,365 [INFO] PluginManager:220 - loadIPPluginJar : add freertos
2025-05-12 06:14:26,391 [INFO] IPUIPlugin:80 - create IPUIPlugin
2025-05-12 06:14:26,391 [INFO] PluginManager:220 - loadIPPluginJar : add genericplugin
2025-05-12 06:14:26,493 [INFO] IPUIPlugin:80 - create IPUIPlugin
2025-05-12 06:14:26,493 [INFO] PluginManager:220 - loadIPPluginJar : add gfxmmu
2025-05-12 06:14:26,689 [INFO] IPUIPlugin:80 - create IPUIPlugin
2025-05-12 06:14:26,689 [INFO] PluginManager:220 - loadIPPluginJar : add gic
2025-05-12 06:14:26,709 [INFO] IPUIPlugin:80 - create IPUIPlugin
2025-05-12 06:14:26,709 [INFO] PluginManager:220 - loadIPPluginJar : add gpio
2025-05-12 06:14:26,840 [INFO] IPUIPlugin:80 - create IPUIPlugin
2025-05-12 06:14:26,840 [INFO] PluginManager:220 - loadIPPluginJar : add gtzc
2025-05-12 06:14:26,901 [INFO] IPUIPlugin:80 - create IPUIPlugin
2025-05-12 06:14:26,901 [INFO] PluginManager:220 - loadIPPluginJar : add hash
2025-05-12 06:14:26,971 [INFO] IPUIPlugin:80 - create IPUIPlugin
2025-05-12 06:14:26,971 [INFO] PluginManager:220 - loadIPPluginJar : add i2c
2025-05-12 06:14:27,032 [INFO] IPUIPlugin:80 - create IPUIPlugin
2025-05-12 06:14:27,032 [INFO] PluginManager:220 - loadIPPluginJar : add i2s
2025-05-12 06:14:27,071 [INFO] IPUIPlugin:80 - create IPUIPlugin
2025-05-12 06:14:27,071 [INFO] PluginManager:220 - loadIPPluginJar : add i3c
2025-05-12 06:14:27,253 [INFO] IPUIPlugin:80 - create IPUIPlugin
2025-05-12 06:14:27,254 [INFO] PluginManager:220 - loadIPPluginJar : add ipddr
2025-05-12 06:14:27,351 [INFO] IPUIPlugin:80 - create IPUIPlugin
2025-05-12 06:14:27,356 [INFO] PluginManager:220 - loadIPPluginJar : add linkedlist
2025-05-12 06:14:27,381 [INFO] IPUIPlugin:80 - create IPUIPlugin
2025-05-12 06:14:27,381 [INFO] PluginManager:220 - loadIPPluginJar : add lorawan
2025-05-12 06:14:27,416 [INFO] IPUIPlugin:80 - create IPUIPlugin
2025-05-12 06:14:27,416 [INFO] PluginManager:220 - loadIPPluginJar : add ltdc
2025-05-12 06:14:27,443 [INFO] IPUIPlugin:80 - create IPUIPlugin
2025-05-12 06:14:27,443 [INFO] PluginManager:220 - loadIPPluginJar : add mdma
2025-05-12 06:14:27,461 [INFO] IPUIPlugin:80 - create IPUIPlugin
2025-05-12 06:14:27,471 [INFO] PluginManager:220 - loadIPPluginJar : add nvic
2025-05-12 06:14:27,531 [INFO] IPUIPlugin:80 - create IPUIPlugin
2025-05-12 06:14:27,531 [INFO] PluginManager:220 - loadIPPluginJar : add opamp
2025-05-12 06:14:27,591 [INFO] IPUIPlugin:80 - create IPUIPlugin
2025-05-12 06:14:27,591 [INFO] PluginManager:220 - loadIPPluginJar : add openamp
2025-05-12 06:14:27,661 [INFO] IPUIPlugin:80 - create IPUIPlugin
2025-05-12 06:14:27,661 [INFO] PluginManager:220 - loadIPPluginJar : add pdm2pcm
2025-05-12 06:14:27,683 [INFO] IPUIPlugin:80 - create IPUIPlugin
2025-05-12 06:14:27,683 [INFO] PluginManager:220 - loadIPPluginJar : add plateformsettings
2025-05-12 06:14:27,701 [INFO] IPUIPlugin:80 - create IPUIPlugin
2025-05-12 06:14:27,701 [INFO] PluginManager:220 - loadIPPluginJar : add quadspi
2025-05-12 06:14:27,731 [INFO] IPUIPlugin:80 - create IPUIPlugin
2025-05-12 06:14:27,731 [INFO] PluginManager:220 - loadIPPluginJar : add radio
2025-05-12 06:14:27,751 [INFO] IPUIPlugin:80 - create IPUIPlugin
2025-05-12 06:14:27,751 [INFO] PluginManager:220 - loadIPPluginJar : add resmgrutility
2025-05-12 06:14:27,834 [INFO] IPUIPlugin:80 - create IPUIPlugin
2025-05-12 06:14:27,834 [INFO] PluginManager:220 - loadIPPluginJar : add sai
2025-05-12 06:14:27,892 [INFO] IPUIPlugin:80 - create IPUIPlugin
2025-05-12 06:14:27,892 [INFO] PluginManager:220 - loadIPPluginJar : add spi
2025-05-12 06:14:27,951 [INFO] IPUIPlugin:80 - create IPUIPlugin
2025-05-12 06:14:27,951 [INFO] PluginManager:220 - loadIPPluginJar : add stm32_wpan
2025-05-12 06:14:27,996 [INFO] IPUIPlugin:80 - create IPUIPlugin
2025-05-12 06:14:27,996 [INFO] PluginManager:220 - loadIPPluginJar : add tim
2025-05-12 06:14:28,102 [INFO] IPUIPlugin:80 - create IPUIPlugin
2025-05-12 06:14:28,102 [INFO] PluginManager:220 - loadIPPluginJar : add touchsensing
2025-05-12 06:14:28,141 [INFO] IPUIPlugin:80 - create IPUIPlugin
2025-05-12 06:14:28,141 [INFO] PluginManager:220 - loadIPPluginJar : add tracer_emb
2025-05-12 06:14:28,161 [INFO] IPUIPlugin:80 - create IPUIPlugin
2025-05-12 06:14:28,161 [INFO] PluginManager:220 - loadIPPluginJar : add ts
2025-05-12 06:14:28,206 [INFO] IPUIPlugin:80 - create IPUIPlugin
2025-05-12 06:14:28,206 [INFO] PluginManager:220 - loadIPPluginJar : add tsc
2025-05-12 06:14:28,249 [INFO] IPUIPlugin:80 - create IPUIPlugin
2025-05-12 06:14:28,249 [INFO] PluginManager:220 - loadIPPluginJar : add ucpd
2025-05-12 06:14:28,281 [INFO] ThirdPartyUpdaterWithRetryManager:70 - Updater plugin not ready yet. [2/15]
2025-05-12 06:14:28,311 [INFO] IPUIPlugin:80 - create IPUIPlugin
2025-05-12 06:14:28,311 [INFO] PluginManager:220 - loadIPPluginJar : add usart
2025-05-12 06:14:28,351 [INFO] IPUIPlugin:80 - create IPUIPlugin
2025-05-12 06:14:28,351 [INFO] PluginManager:220 - loadIPPluginJar : add usbx
2025-05-12 06:14:28,492 [FATAL] Updater:351 - Updater called before beeing initialized
2025-05-12 06:14:28,524 [INFO] RulesReader:64 - Compatibility file has been processed (297 Rules)
2025-05-12 06:14:28,531 [INFO] RulesReader:64 - Compatibility file has been processed (297 Rules)
2025-05-12 06:14:28,541 [INFO] CADModel:165 - CPN selected for project level
2025-05-12 06:14:28,541 [INFO] CADModel:114 - Register for checkConnection events
2025-05-12 06:14:28,541 [FATAL] Updater:351 - Updater called before beeing initialized
2025-05-12 06:14:28,541 [ERROR] CADModel:125 - Updater not yet initialized, retry later 
2025-05-12 06:14:28,690 [FATAL] Updater:351 - Updater called before beeing initialized
2025-05-12 06:14:28,690 [INFO] CADModel:165 - CPN selected for project level
2025-05-12 06:14:28,690 [INFO] CADModel:114 - Register for checkConnection events
2025-05-12 06:14:28,690 [FATAL] Updater:351 - Updater called before beeing initialized
2025-05-12 06:14:28,690 [ERROR] CADModel:125 - Updater not yet initialized, retry later 
2025-05-12 06:14:28,690 [FATAL] Updater:351 - Updater called before beeing initialized
2025-05-12 06:14:28,801 [FATAL] Updater:351 - Updater called before beeing initialized
2025-05-12 06:14:28,811 [INFO] DbMcusAds:53 - JSON generation date=Tue Dec 17 23:01:25 ICT 2024 (1734451285682)
2025-05-12 06:14:28,811 [FATAL] Updater:351 - Updater called before beeing initialized
2025-05-12 06:14:28,861 [WARN] DetailPanel:346 - Failed to get advertising image, set to default
2025-05-12 06:14:29,084 [FATAL] Updater:351 - Updater called before beeing initialized
2025-05-12 06:14:29,084 [FATAL] Updater:351 - Updater called before beeing initialized
2025-05-12 06:14:29,084 [FATAL] Updater:351 - Updater called before beeing initialized
2025-05-12 06:14:29,084 [WARN] DetailPanel:346 - Failed to get advertising image, set to default
2025-05-12 06:14:29,088 [FATAL] Updater:351 - Updater called before beeing initialized
2025-05-12 06:14:29,141 [ERROR] Updater:1198 - MainUpdater not yet initialized. External WinMGr cannot be set.
2025-05-12 06:14:29,151 [INFO] Updater:1134 - Updater Version found : 6.13.0
2025-05-12 06:14:29,172 [INFO] ApplicationProperties:184 - Using Application install path: C:\ST\STM32CubeIDE_1.17.0\STM32CubeIDE\plugins\com.st.stm32cube.common.mx_6.13.0.202411220809
2025-05-12 06:14:29,571 [INFO] MainUpdater:2872 - connection check result : 10
2025-05-12 06:14:29,571 [INFO] MainUpdater:289 - Updater Check For Update Now.
2025-05-12 06:14:29,571 [INFO] MicroXplorer:498 - Change Database Version : DB.6.0.130
2025-05-12 06:14:29,591 [INFO] McuFinderGlobals:63 - Set McuFinder mode to 2 (CubeIDE integrated)
2025-05-12 06:14:29,596 [INFO] UserAuth:486 - Internet connection configuration mode: 1
2025-05-12 06:14:29,630 [INFO] JxBrowserEngine:152 - Initiate JxBrowser Engine with user profile folder
2025-05-12 06:14:29,792 [INFO] CheckServerUpdateThread:120 - End of CheckServer Thread
2025-05-12 06:14:30,662 [INFO] WebApp:168 - Instantiating new browser for Auth
2025-05-12 06:14:31,501 [INFO] WebApp:449 - Apply proxy settings
2025-05-12 06:14:31,507 [INFO] WebApp:534 - Chromium requires no authentication
2025-05-12 06:14:31,517 [INFO] WebApp:477 - Direct internet connection detected
2025-05-12 06:14:31,564 [INFO] WebApp:880 - Register for checkConnection events
2025-05-12 06:14:31,565 [INFO] WebApp:449 - Apply proxy settings
2025-05-12 06:14:31,565 [INFO] WebApp:534 - Chromium requires no authentication
2025-05-12 06:14:31,566 [INFO] WebApp:477 - Direct internet connection detected
2025-05-12 06:14:31,610 [WARN] PackLoader:240 - Cannot read IP mode file for STMicroelectronics.FP-SNS-MOTENVWB1.1.4.0
2025-05-12 06:14:31,642 [WARN] PackLoader:240 - Cannot read IP mode file for STMicroelectronics.FP-ATR-ASTRA1.2.0.2
2025-05-12 06:14:31,658 [WARN] PackLoader:240 - Cannot read IP mode file for STMicroelectronics.FP-ATR-ASTRA1.2.0.1
2025-05-12 06:14:31,674 [WARN] PackLoader:240 - Cannot read IP mode file for STMicroelectronics.X-CUBE-SMBUS.2.1.0
2025-05-12 06:14:31,701 [WARN] PackLoader:240 - Cannot read IP mode file for STMicroelectronics.X-CUBE-WB05N.1.1.0
2025-05-12 06:14:31,742 [WARN] PackLoader:240 - Cannot read IP mode file for STMicroelectronics.X-CUBE-AZRTOS-F7.1.1.0
2025-05-12 06:14:31,775 [WARN] PackLoader:240 - Cannot read IP mode file for STMicroelectronics.FP-SNS-FLIGHT1.5.0.2
2025-05-12 06:14:31,826 [WARN] PackLoader:240 - Cannot read IP mode file for Infineon.AIROC-Wi-Fi-Bluetooth-STM32.1.7.0
2025-05-12 06:14:31,851 [WARN] PackLoader:240 - Cannot read IP mode file for STMicroelectronics.X-CUBE-DISPLAY.3.0.0
2025-05-12 06:14:31,871 [INFO] WebApp:221 - Starting web application
2025-05-12 06:14:31,872 [INFO] WebApp:579 - Web application path used C:\ST\STM32CubeIDE_1.17.0\STM32CubeIDE\plugins\com.st.stm32cube.common.mx_6.13.0.202411220809\db\plugins\mcufinder\reactClient1\index.html
2025-05-12 06:14:31,911 [WARN] PackLoader:240 - Cannot read IP mode file for STMicroelectronics.X-CUBE-BLE1.7.0.0
2025-05-12 06:14:31,931 [INFO] WebApp:187 - Connection restablished
2025-05-12 06:14:31,940 [WARN] PackLoader:240 - Cannot read IP mode file for STMicroelectronics.X-CUBE-NFC10.1.0.0
2025-05-12 06:14:31,974 [WARN] PackLoader:240 - Cannot read IP mode file for STMicroelectronics.X-CUBE-BLEMGR.4.0.0
2025-05-12 06:14:31,994 [WARN] PackLoader:240 - Cannot read IP mode file for emotas.I-CUBE-CANOPEN.1.3.0
2025-05-12 06:14:32,009 [WARN] PackLoader:240 - Cannot read IP mode file for STMicroelectronics.X-CUBE-AI.10.0.0
2025-05-12 06:14:32,021 [WARN] PackLoader:240 - Cannot read IP mode file for STMicroelectronics.FP-SNS-SMARTAG2.1.2.0
2025-05-12 06:14:32,032 [WARN] PackLoader:240 - Cannot read IP mode file for STMicroelectronics.FP-SNS-FLIGHT1.5.1.0
2025-05-12 06:14:32,080 [INFO] UserAuth:486 - Internet connection configuration mode: 1
2025-05-12 06:14:32,101 [WARN] PackLoader:240 - Cannot read IP mode file for STMicroelectronics.X-CUBE-MEMS1.11.1.0
2025-05-12 06:14:32,270 [INFO] LogOutputStream:77 - [STDOUT_REDIRECT] 1 : Invalid condition id : UX_CORESTACK_Condition cause : null
2025-05-12 06:14:32,270 [INFO] LogOutputStream:77 - [STDOUT_REDIRECT] 1 : Invalid condition id : UX_CORESTACK_Condition cause : null
2025-05-12 06:14:32,277 [INFO] LogOutputStream:77 - [STDOUT_REDIRECT] 1 : Invalid condition id : UX_CORESTACK_Condition cause : null
2025-05-12 06:14:32,277 [INFO] LogOutputStream:77 - [STDOUT_REDIRECT] 1 : Invalid condition id : UX_CORESTACK_Condition cause : null
2025-05-12 06:14:32,277 [INFO] LogOutputStream:77 - [STDOUT_REDIRECT] 1 : Invalid condition id : UX_CORESTACK_Condition cause : null
2025-05-12 06:14:32,281 [WARN] PackLoader:240 - Cannot read IP mode file for STMicroelectronics.X-CUBE-AZRTOS-WL.2.0.0
2025-05-12 06:14:32,307 [WARN] PackLoader:240 - Cannot read IP mode file for STMicroelectronics.FP-SNS-MOTENV1.5.0.0
2025-05-12 06:14:32,337 [WARN] PackLoader:240 - Cannot read IP mode file for wolfSSL.I-CUBE-wolfMQTT.1.19.0
2025-05-12 06:14:32,361 [WARN] PackLoader:240 - Cannot read IP mode file for WES.I-CUBE-Cesium.1.3.0
2025-05-12 06:14:32,382 [WARN] PackLoader:240 - Cannot read IP mode file for STMicroelectronics.X-CUBE-BLE2.3.3.0
2025-05-12 06:14:32,400 [WARN] PackLoader:240 - Cannot read IP mode file for STMicroelectronics.X-CUBE-NFC9.1.0.0
2025-05-12 06:14:32,416 [WARN] PackLoader:240 - Cannot read IP mode file for STMicroelectronics.X-CUBE-BLE1.7.1.0
2025-05-12 06:14:32,479 [WARN] PackLoader:240 - Cannot read IP mode file for STMicroelectronics.X-CUBE-MEMS1.11.2.0
2025-05-12 06:14:32,603 [WARN] PackLoader:240 - Cannot read IP mode file for STMicroelectronics.X-CUBE-AZRTOS-G0.1.1.0
2025-05-12 06:14:32,633 [WARN] PackLoader:240 - Cannot read IP mode file for STMicroelectronics.X-CUBE-SAFEA1.1.2.2
2025-05-12 06:14:32,656 [WARN] PackLoader:240 - Cannot read IP mode file for STMicroelectronics.X-CUBE-NFC4.3.0.0
2025-05-12 06:14:32,681 [WARN] PackLoader:240 - Cannot read IP mode file for EmbeddedOffice.I-CUBE-FS-RTOS.1.0.1
2025-05-12 06:14:32,725 [WARN] PackLoader:240 - Cannot read IP mode file for STMicroelectronics.X-CUBE-WB05N.2.0.0
2025-05-12 06:14:32,746 [WARN] PackLoader:240 - Cannot read IP mode file for STMicroelectronics.X-CUBE-TCPP.4.2.0
2025-05-12 06:14:32,771 [WARN] PackLoader:240 - Cannot read IP mode file for RealThread.X-CUBE-RT-Thread_Nano.4.1.1
2025-05-12 06:14:32,793 [WARN] PackLoader:240 - Cannot read IP mode file for STMicroelectronics.FP-ATR-SIGFOX1.3.2.0
2025-05-12 06:14:32,826 [WARN] ConditionMgr:438 - getConditionDescription Invalid condition id : Cortex-A Device cause : null
2025-05-12 06:14:32,864 [WARN] ConditionMgr:1044 - genDependencies : Invalid condition id : Cortex-A Device cause : null
2025-05-12 06:14:32,870 [WARN] ConditionMgr:1044 - genDependencies : Invalid condition id : Cortex-A Device cause : null
2025-05-12 06:14:32,870 [WARN] ConditionMgr:1044 - genDependencies : Invalid condition id : Cortex-A Device cause : null
2025-05-12 06:14:32,931 [WARN] PackLoader:240 - Cannot read IP mode file for STMicroelectronics.X-CUBE-EEPRMA1.5.1.0
2025-05-12 06:14:33,021 [WARN] PackLoader:240 - Cannot read IP mode file for wolfSSL.I-CUBE-wolfSSL.5.7.4
2025-05-12 06:14:33,049 [WARN] PackLoader:240 - Cannot read IP mode file for ITTIA_DB.I-CUBE-ITTIADB.8.9.0
2025-05-12 06:14:33,101 [WARN] PackLoader:240 - Cannot read IP mode file for SEGGER.I-CUBE-embOS.1.3.1
2025-05-12 06:14:33,201 [WARN] PackLoader:240 - Cannot read IP mode file for STMicroelectronics.X-CUBE-ALGOBUILD.1.4.0
2025-05-12 06:14:33,220 [WARN] PackLoader:240 - Cannot read IP mode file for STMicroelectronics.X-CUBE-AI.9.1.0
2025-05-12 06:14:33,260 [WARN] PackLoader:240 - Cannot read IP mode file for STMicroelectronics.X-CUBE-AZRTOS-F4.1.1.0
2025-05-12 06:14:33,286 [WARN] PackLoader:240 - Cannot read IP mode file for Avnet-IotConnect.X-CUBE-IoTC-DA16k-PMOD.1.0.0
2025-05-12 06:14:33,301 [WARN] PackLoader:240 - Cannot read IP mode file for STMicroelectronics.X-CUBE-ISPU.2.1.0
2025-05-12 06:14:33,340 [WARN] PackLoader:240 - Cannot read IP mode file for STMicroelectronics.X-CUBE-AZRTOS-L5.2.0.0
2025-05-12 06:14:33,407 [WARN] PackLoader:240 - Cannot read IP mode file for STMicroelectronics.X-CUBE-NFC6.3.1.0
2025-05-12 06:14:33,431 [WARN] PackLoader:240 - Cannot read IP mode file for STMicroelectronics.X-CUBE-DPower.1.2.0
2025-05-12 06:14:33,451 [WARN] PackLoader:240 - Cannot read IP mode file for STMicroelectronics.X-CUBE-FREERTOS.1.3.1
2025-05-12 06:14:33,461 [WARN] PackLoader:240 - Cannot read IP mode file for STMicroelectronics.X-CUBE-FREERTOS.1.3.0
2025-05-12 06:14:33,481 [WARN] PackLoader:240 - Cannot read IP mode file for STMicroelectronics.X-CUBE-NFC7.1.0.1
2025-05-12 06:14:33,491 [WARN] PackLoader:240 - Cannot read IP mode file for STMicroelectronics.X-CUBE-DPower.1.3.0
2025-05-12 06:14:33,534 [WARN] ConditionMgr:438 - getConditionDescription Invalid condition id : LAN8742 Phy interface Condition cause : null
2025-05-12 06:14:33,534 [WARN] PackLoader:240 - Cannot read IP mode file for STMicroelectronics.X-CUBE-AZRTOS-L4.2.0.0
2025-05-12 06:14:33,540 [WARN] ConditionMgr:1044 - genDependencies : Invalid condition id : LAN8742 Phy interface Condition cause : null
2025-05-12 06:14:33,540 [WARN] ConditionMgr:1044 - genDependencies : Invalid condition id : LAN8742 Phy interface Condition cause : null
2025-05-12 06:14:33,540 [WARN] ConditionMgr:1044 - genDependencies : Invalid condition id : LAN8742 Phy interface Condition cause : null
2025-05-12 06:14:33,551 [WARN] PackLoader:240 - Cannot read IP mode file for STMicroelectronics.X-CUBE-SFXS2LP1.4.0.0
2025-05-12 06:14:33,591 [WARN] PackLoader:240 - Cannot read IP mode file for STMicroelectronics.X-CUBE-AZRTOS-H7.3.3.0
2025-05-12 06:14:33,611 [WARN] ConditionMgr:438 - getConditionDescription Invalid condition id : UX DEVICE CLASS RTOS Condition cause : null
2025-05-12 06:14:33,611 [WARN] ConditionMgr:438 - getConditionDescription Invalid condition id : UX DEVICE CLASS RTOS Condition cause : null
2025-05-12 06:14:33,611 [WARN] PackLoader:240 - Cannot read IP mode file for STMicroelectronics.X-CUBE-AZRTOS-WB.2.0.0
2025-05-12 06:14:33,611 [WARN] ConditionMgr:1044 - genDependencies : Invalid condition id : UX DEVICE CLASS RTOS Condition cause : null
2025-05-12 06:14:33,611 [WARN] ConditionMgr:1044 - genDependencies : Invalid condition id : UX DEVICE CLASS RTOS Condition cause : null
2025-05-12 06:14:33,611 [WARN] ConditionMgr:1044 - genDependencies : Invalid condition id : UX DEVICE CLASS RTOS Condition cause : null
2025-05-12 06:14:33,620 [WARN] ConditionMgr:1044 - genDependencies : Invalid condition id : UX DEVICE CLASS RTOS Condition cause : null
2025-05-12 06:14:33,620 [WARN] ConditionMgr:1044 - genDependencies : Invalid condition id : UX DEVICE CLASS RTOS Condition cause : null
2025-05-12 06:14:33,651 [WARN] PackLoader:240 - Cannot read IP mode file for STMicroelectronics.X-CUBE-GNSS1.7.0.1
2025-05-12 06:14:33,686 [WARN] PackLoader:240 - Cannot read IP mode file for STMicroelectronics.X-CUBE-TOUCHGFX.4.25.0
2025-05-12 06:14:33,714 [WARN] PackLoader:240 - Cannot read IP mode file for STMicroelectronics.FP-SNS-STBOX1.2.0.0
2025-05-12 06:14:33,736 [WARN] PackLoader:240 - Cannot read IP mode file for STMicroelectronics.X-CUBE-SUBG2.5.0.0
2025-05-12 06:14:33,761 [WARN] PackLoader:240 - Cannot read IP mode file for STMicroelectronics.X-CUBE-AZRTOS-H7RS.1.1.0
2025-05-12 06:14:33,781 [WARN] PackLoader:240 - Cannot read IP mode file for Cesanta.I-CUBE-Mongoose.7.13.0
2025-05-12 06:14:33,811 [WARN] PackLoader:240 - Cannot read IP mode file for STMicroelectronics.X-CUBE-AZRTOS-G4.2.0.0
2025-05-12 06:14:33,830 [WARN] PackLoader:240 - Cannot read IP mode file for STMicroelectronics.X-CUBE-NFC7.2.0.0
2025-05-12 06:14:33,853 [WARN] PackLoader:240 - Cannot read IP mode file for STMicroelectronics.X-CUBE-IPS.3.1.0
2025-05-12 06:14:33,884 [WARN] PackLoader:240 - Cannot read IP mode file for STMicroelectronics.X-CUBE-ALS.1.0.2
2025-05-12 06:14:33,940 [WARN] PackLoader:240 - Cannot read IP mode file for STMicroelectronics.X-CUBE-TOUCHGFX.4.24.2
2025-05-12 06:14:33,960 [WARN] PackLoader:240 - Cannot read IP mode file for wolfSSL.I-CUBE-wolfTPM.3.4.0
2025-05-12 06:14:33,980 [WARN] PackLoader:240 - Cannot read IP mode file for portGmbH.I-Cube-SoM-uGOAL.1.1.0
2025-05-12 06:14:34,003 [WARN] PackLoader:240 - Cannot read IP mode file for STMicroelectronics.X-CUBE-AZRTOS-H7RS.1.0.0
2025-05-12 06:14:34,031 [WARN] PackLoader:240 - Cannot read IP mode file for STMicroelectronics.X-CUBE-TOF1.3.4.2
2025-05-12 06:14:34,059 [WARN] PackLoader:240 - Cannot read IP mode file for STMicroelectronics.X-CUBE-TOF1.3.4.3
2025-05-12 06:14:34,081 [WARN] PackLoader:240 - Cannot read IP mode file for wolfSSL.I-CUBE-wolfSSH.1.4.17
2025-05-12 06:14:34,081 [INFO] ThirdParty:978 - Integrity check success = true
2025-05-12 06:14:34,081 [INFO] IntegrityCheckThread:100 - exiting critical section [integrity check]
2025-05-12 06:14:34,081 [INFO] IntegrityCheckThread:103 - End integrity checks thread
2025-05-12 08:30:37,793 [ERROR] LogOutputStream:75 - [STDERR_REDIRECT] 
2025-05-12 09:13:25,602 [INFO] Activator:176 - 


2025-05-12 09:13:25,602 [INFO] Activator:177 - !SESSION log4j initialized
2025-05-12 09:13:30,422 [INFO] LogOutputStream:77 - [STDOUT_REDIRECT] 
2025-05-12 09:13:34,219 [INFO] ApplicationProperties:184 - Using Application install path: C:\ST\STM32CubeIDE_1.17.0\STM32CubeIDE\plugins\com.st.stm32cube.common.mx_6.13.0.202411220809
2025-05-12 09:13:34,234 [INFO] DbMcusXml:78 - Set database path to: C:\ST\STM32CubeIDE_1.17.0\STM32CubeIDE\plugins\com.st.stm32cube.common.mx_6.13.0.202411220809\\db\/mcu/
2025-05-12 09:13:34,234 [INFO] ApiDb:274 - Set plugin database path to: C:\ST\STM32CubeIDE_1.17.0\STM32CubeIDE\plugins\com.st.stm32cube.common.mx_6.13.0.202411220809\\db\/plugins/boardmanager/
2025-05-12 09:13:34,234 [WARN] ApiDb:259 - Overriding images path with different value:  => C:\ST\STM32CubeIDE_1.17.0\STM32CubeIDE\plugins\com.st.stm32cube.common.mx_6.13.0.202411220809\\db\/plugins/mcufinder/images/
2025-05-12 09:13:34,247 [INFO] ApiDb:250 - Set database path to: C:\Users\APC\.stmcufinder\plugins\mcufinder//mcu/
2025-05-12 09:13:34,248 [INFO] DbMcusAds:125 - Set database path to: C:\Users\APC\.stmcufinder\plugins\mcufinder//mcu/
2025-05-12 09:13:34,250 [INFO] CrossReferenceDbSqlite:203 - Set database path to: C:\Users\APC\.stmcufinder\plugins\mcufinder//mcu/cs/
2025-05-12 09:13:34,335 [INFO] RulesReader:64 - Compatibility file has been processed (297 Rules)
2025-05-12 09:13:34,389 [INFO] DbMcusXml:78 - Set database path to: C:\ST\STM32CubeIDE_1.17.0\STM32CubeIDE\plugins\com.st.stm32cube.common.mx_6.13.0.202411220809\\db\/mcu/
2025-05-12 09:13:34,389 [INFO] ApiDb:274 - Set plugin database path to: C:\ST\STM32CubeIDE_1.17.0\STM32CubeIDE\plugins\com.st.stm32cube.common.mx_6.13.0.202411220809\\db\/plugins/boardmanager/
2025-05-12 09:13:34,389 [INFO] ApiDb:261 - Set plugin images path to: C:\ST\STM32CubeIDE_1.17.0\STM32CubeIDE\plugins\com.st.stm32cube.common.mx_6.13.0.202411220809\\db\/plugins/mcufinder/images/
2025-05-12 09:13:34,389 [WARN] DbFile:41 - Overriding database path with different value: C:\Users\APC\.stmcufinder\plugins\mcufinder/ => C:\Users\APC\.stmcufinder\plugins\mcufinder
2025-05-12 09:13:34,389 [INFO] ApiDb:250 - Set database path to: C:\Users\APC\.stmcufinder\plugins\mcufinder//mcu/
2025-05-12 09:13:34,389 [WARN] DbFile:41 - Overriding database path with different value: C:\Users\APC\.stmcufinder\plugins\mcufinder/ => C:\Users\APC\.stmcufinder\plugins\mcufinder
2025-05-12 09:13:34,389 [INFO] DbMcusAds:125 - Set database path to: C:\Users\APC\.stmcufinder\plugins\mcufinder//mcu/
2025-05-12 09:13:34,389 [WARN] DbFile:41 - Overriding database path with different value: C:\Users\APC\.stmcufinder\plugins\mcufinder/ => C:\Users\APC\.stmcufinder\plugins\mcufinder
2025-05-12 09:13:34,389 [WARN] DbFile:41 - Overriding database path with different value: C:\Users\APC\.stmcufinder\plugins\mcufinder/ => C:\Users\APC\.stmcufinder\plugins\mcufinder
2025-05-12 09:13:34,391 [INFO] CrossReferenceDbSqlite:203 - Set database path to: C:\Users\APC\.stmcufinder\plugins\mcufinder//mcu/cs/
2025-05-12 09:13:34,445 [INFO] MainPanel:272 - HeapMemory: 268435456
2025-05-12 09:13:34,530 [INFO] DbMcusXml:78 - Set database path to: C:\ST\STM32CubeIDE_1.17.0\STM32CubeIDE\plugins\com.st.stm32cube.common.mx_6.13.0.202411220809\\db\/mcu/
2025-05-12 09:13:34,530 [INFO] ApiDb:274 - Set plugin database path to: C:\ST\STM32CubeIDE_1.17.0\STM32CubeIDE\plugins\com.st.stm32cube.common.mx_6.13.0.202411220809\\db\/plugins/boardmanager/
2025-05-12 09:13:34,530 [INFO] ApiDb:261 - Set plugin images path to: C:\ST\STM32CubeIDE_1.17.0\STM32CubeIDE\plugins\com.st.stm32cube.common.mx_6.13.0.202411220809\\db\/plugins/mcufinder/images/
2025-05-12 09:13:34,530 [WARN] DbFile:41 - Overriding database path with different value: C:\Users\APC\.stmcufinder\plugins\mcufinder/ => C:\Users\APC\.stmcufinder\plugins\mcufinder
2025-05-12 09:13:34,530 [INFO] ApiDb:250 - Set database path to: C:\Users\APC\.stmcufinder\plugins\mcufinder//mcu/
2025-05-12 09:13:34,530 [WARN] DbFile:41 - Overriding database path with different value: C:\Users\APC\.stmcufinder\plugins\mcufinder/ => C:\Users\APC\.stmcufinder\plugins\mcufinder
2025-05-12 09:13:34,530 [INFO] DbMcusAds:125 - Set database path to: C:\Users\APC\.stmcufinder\plugins\mcufinder//mcu/
2025-05-12 09:13:34,530 [WARN] DbFile:41 - Overriding database path with different value: C:\Users\APC\.stmcufinder\plugins\mcufinder/ => C:\Users\APC\.stmcufinder\plugins\mcufinder
2025-05-12 09:13:34,530 [WARN] DbFile:41 - Overriding database path with different value: C:\Users\APC\.stmcufinder\plugins\mcufinder/ => C:\Users\APC\.stmcufinder\plugins\mcufinder
2025-05-12 09:13:34,530 [INFO] CrossReferenceDbSqlite:203 - Set database path to: C:\Users\APC\.stmcufinder\plugins\mcufinder//mcu/cs/
2025-05-12 09:13:34,544 [INFO] ApplicationProperties:184 - Using Application install path: C:\ST\STM32CubeIDE_1.17.0\STM32CubeIDE\plugins\com.st.stm32cube.common.mx_6.13.0.202411220809
2025-05-12 09:13:34,545 [INFO] PluginManage:196 - Search for loadable plugins [exclusion list=, ]
2025-05-12 09:13:34,546 [INFO] PluginManage:310 - Check plugin analytics
2025-05-12 09:13:34,665 [INFO] AnalyticsPlugin:253 - Accepted Software Licenses: STM32CubeMX.6.13.0
2025-05-12 09:13:34,666 [INFO] AnalyticsPlugin:255 - Accepted CMSIS Pack Licenses: 
2025-05-12 09:13:34,666 [INFO] AnalyticsPlugin:257 - Accepted Firmware Licenses: FW.F4.1.28.0
2025-05-12 09:13:34,668 [INFO] PluginManage:359 - Loaded plugin analytics (category:tool,tabindex:-1)
2025-05-12 09:13:34,668 [INFO] PluginManage:310 - Check plugin cadmodel
2025-05-12 09:13:34,683 [INFO] CADModel:105 - Init CAD model plugin
2025-05-12 09:13:34,683 [INFO] PluginManage:359 - Loaded plugin cadmodel (category:power,tabindex:5)
2025-05-12 09:13:34,683 [INFO] PluginManage:310 - Check plugin clock
2025-05-12 09:13:34,702 [INFO] PluginManage:359 - Loaded plugin clock (category:base,tabindex:2)
2025-05-12 09:13:34,702 [INFO] PluginManage:310 - Check plugin ddr
2025-05-12 09:13:34,704 [INFO] PluginManage:359 - Loaded plugin ddr (category:tool,tabindex:6)
2025-05-12 09:13:34,704 [INFO] PluginManage:310 - Check plugin filemanager
2025-05-12 09:13:34,820 [INFO] PluginManage:359 - Loaded plugin filemanager (category:base,tabindex:10)
2025-05-12 09:13:34,820 [INFO] PluginManage:310 - Check plugin ipmanager
2025-05-12 09:13:34,824 [INFO] PluginManage:359 - Loaded plugin ipmanager (category:base,tabindex:5)
2025-05-12 09:13:34,824 [INFO] PluginManage:310 - Check plugin lpbam
2025-05-12 09:13:34,842 [INFO] PluginManage:359 - Loaded plugin lpbam (category:base,tabindex:0)
2025-05-12 09:13:34,843 [INFO] PluginManage:310 - Check plugin memorymap
2025-05-12 09:13:34,863 [INFO] PluginManage:359 - Loaded plugin memorymap (category:base,tabindex:4)
2025-05-12 09:13:34,863 [INFO] PluginManage:310 - Check plugin pinoutandconfiguration
2025-05-12 09:13:34,881 [INFO] PluginManage:359 - Loaded plugin pinoutandconfiguration (category:base,tabindex:1)
2025-05-12 09:13:34,881 [INFO] PluginManage:310 - Check plugin pinoutconfig
2025-05-12 09:13:34,970 [WARN] SupportedApi:132 - Cannot load RTOS API schema: s4s-elt-must-match.1: The content of 'definitions' must match (annotation?, (simpleType | complexType)?, (unique | key | keyref)*)). A problem was found starting at: attribute.
2025-05-12 09:13:35,072 [INFO] PluginManage:359 - Loaded plugin pinoutconfig (category:base,tabindex:0)
2025-05-12 09:13:35,072 [INFO] PluginManage:310 - Check plugin power
2025-05-12 09:13:35,091 [INFO] PluginManage:359 - Loaded plugin power (category:power,tabindex:4)
2025-05-12 09:13:35,092 [INFO] PluginManage:310 - Check plugin projectmanager
2025-05-12 09:13:35,102 [INFO] PluginManage:359 - Loaded plugin projectmanager (category:projectmanager,tabindex:4)
2025-05-12 09:13:35,102 [INFO] PluginManage:310 - Check plugin rif
2025-05-12 09:13:35,123 [INFO] PluginManage:359 - Loaded plugin rif (category:base,tabindex:3)
2025-05-12 09:13:35,123 [INFO] PluginManage:310 - Check plugin thirdparty
2025-05-12 09:13:35,369 [INFO] PluginManage:359 - Loaded plugin thirdparty (category:base,tabindex:-1)
2025-05-12 09:13:35,369 [WARN] IntegrityCheckThread:84 - waiting for thirdparty lock release [integrity check]
2025-05-12 09:13:35,370 [INFO] PluginManage:310 - Check plugin tools
2025-05-12 09:13:35,370 [INFO] IntegrityCheckThread:86 - entering critical section [integrity check]
2025-05-12 09:13:35,370 [INFO] ThirdPartyUpdaterWithRetryManager:70 - Updater plugin not ready yet. [1/15]
2025-05-12 09:13:35,400 [INFO] PluginManage:359 - Loaded plugin tools (category:base,tabindex:7)
2025-05-12 09:13:35,400 [INFO] PluginManage:310 - Check plugin tutovideos
2025-05-12 09:13:35,570 [INFO] PluginManage:359 - Loaded plugin tutovideos (category:base,tabindex:-1)
2025-05-12 09:13:35,570 [INFO] PluginManage:310 - Check plugin updater
2025-05-12 09:13:35,588 [INFO] PluginManage:359 - Loaded plugin updater (category:base,tabindex:12)
2025-05-12 09:13:35,588 [INFO] PluginManage:310 - Check plugin userauth
2025-05-12 09:13:35,591 [INFO] UserAuth:118 - Init User Auth plugin
2025-05-12 09:13:35,592 [INFO] PluginManage:359 - Loaded plugin userauth (category:base,tabindex:14)
2025-05-12 09:13:35,592 [INFO] PluginManage:283 - PluginManage : Loaded plugins [18]
2025-05-12 09:13:35,758 [INFO] PinOutPanel:1589 - setPackage(No Configuration,No Configuration)
2025-05-12 09:13:35,818 [INFO] CADModel:165 - CPN selected for project level
2025-05-12 09:13:35,818 [INFO] CADModel:114 - Register for checkConnection events
2025-05-12 09:13:35,845 [INFO] IPUIPlugin:80 - create IPUIPlugin
2025-05-12 09:13:35,846 [INFO] PluginManager:220 - loadIPPluginJar : add adc
2025-05-12 09:13:35,885 [INFO] IPUIPlugin:80 - create IPUIPlugin
2025-05-12 09:13:35,886 [INFO] PluginManager:220 - loadIPPluginJar : add aes
2025-05-12 09:13:35,924 [INFO] IPUIPlugin:80 - create IPUIPlugin
2025-05-12 09:13:35,925 [INFO] PluginManager:220 - loadIPPluginJar : add can
2025-05-12 09:13:35,945 [INFO] IPUIPlugin:80 - create IPUIPlugin
2025-05-12 09:13:35,946 [INFO] PluginManager:220 - loadIPPluginJar : add comp
2025-05-12 09:13:35,973 [INFO] IPUIPlugin:80 - create IPUIPlugin
2025-05-12 09:13:35,974 [INFO] PluginManager:220 - loadIPPluginJar : add cryp
2025-05-12 09:13:35,987 [INFO] IPUIPlugin:80 - create IPUIPlugin
2025-05-12 09:13:35,987 [INFO] PluginManager:220 - loadIPPluginJar : add ddr_ctrl_phy
2025-05-12 09:13:36,013 [INFO] IPUIPlugin:80 - create IPUIPlugin
2025-05-12 09:13:36,013 [INFO] PluginManager:220 - loadIPPluginJar : add dfsdm
2025-05-12 09:13:36,032 [INFO] IPUIPlugin:80 - create IPUIPlugin
2025-05-12 09:13:36,033 [INFO] PluginManager:220 - loadIPPluginJar : add dma
2025-05-12 09:13:36,066 [INFO] IPUIPlugin:80 - create IPUIPlugin
2025-05-12 09:13:36,066 [INFO] PluginManager:220 - loadIPPluginJar : add dma3
2025-05-12 09:13:36,101 [INFO] IPUIPlugin:80 - create IPUIPlugin
2025-05-12 09:13:36,101 [INFO] PluginManager:220 - loadIPPluginJar : add extmemmanager
2025-05-12 09:13:36,120 [INFO] IPUIPlugin:80 - create IPUIPlugin
2025-05-12 09:13:36,120 [INFO] PluginManager:220 - loadIPPluginJar : add fatfs
2025-05-12 09:13:36,158 [INFO] IPUIPlugin:80 - create IPUIPlugin
2025-05-12 09:13:36,158 [INFO] PluginManager:220 - loadIPPluginJar : add fmc
2025-05-12 09:13:36,175 [INFO] IPUIPlugin:80 - create IPUIPlugin
2025-05-12 09:13:36,175 [INFO] PluginManager:220 - loadIPPluginJar : add freertos
2025-05-12 09:13:36,194 [INFO] IPUIPlugin:80 - create IPUIPlugin
2025-05-12 09:13:36,194 [INFO] PluginManager:220 - loadIPPluginJar : add genericplugin
2025-05-12 09:13:36,264 [INFO] IPUIPlugin:80 - create IPUIPlugin
2025-05-12 09:13:36,264 [INFO] PluginManager:220 - loadIPPluginJar : add gfxmmu
2025-05-12 09:13:36,366 [INFO] IPUIPlugin:80 - create IPUIPlugin
2025-05-12 09:13:36,366 [INFO] PluginManager:220 - loadIPPluginJar : add gic
2025-05-12 09:13:36,381 [INFO] IPUIPlugin:80 - create IPUIPlugin
2025-05-12 09:13:36,381 [INFO] PluginManager:220 - loadIPPluginJar : add gpio
2025-05-12 09:13:36,457 [INFO] IPUIPlugin:80 - create IPUIPlugin
2025-05-12 09:13:36,458 [INFO] PluginManager:220 - loadIPPluginJar : add gtzc
2025-05-12 09:13:36,486 [INFO] IPUIPlugin:80 - create IPUIPlugin
2025-05-12 09:13:36,486 [INFO] PluginManager:220 - loadIPPluginJar : add hash
2025-05-12 09:13:36,528 [INFO] IPUIPlugin:80 - create IPUIPlugin
2025-05-12 09:13:36,528 [INFO] PluginManager:220 - loadIPPluginJar : add i2c
2025-05-12 09:13:36,561 [INFO] IPUIPlugin:80 - create IPUIPlugin
2025-05-12 09:13:36,561 [INFO] PluginManager:220 - loadIPPluginJar : add i2s
2025-05-12 09:13:36,594 [INFO] IPUIPlugin:80 - create IPUIPlugin
2025-05-12 09:13:36,594 [INFO] PluginManager:220 - loadIPPluginJar : add i3c
2025-05-12 09:13:36,671 [INFO] IPUIPlugin:80 - create IPUIPlugin
2025-05-12 09:13:36,671 [INFO] PluginManager:220 - loadIPPluginJar : add ipddr
2025-05-12 09:13:36,744 [INFO] IPUIPlugin:80 - create IPUIPlugin
2025-05-12 09:13:36,744 [INFO] PluginManager:220 - loadIPPluginJar : add linkedlist
2025-05-12 09:13:36,775 [INFO] IPUIPlugin:80 - create IPUIPlugin
2025-05-12 09:13:36,775 [INFO] PluginManager:220 - loadIPPluginJar : add lorawan
2025-05-12 09:13:36,809 [INFO] IPUIPlugin:80 - create IPUIPlugin
2025-05-12 09:13:36,809 [INFO] PluginManager:220 - loadIPPluginJar : add ltdc
2025-05-12 09:13:36,826 [INFO] IPUIPlugin:80 - create IPUIPlugin
2025-05-12 09:13:36,826 [INFO] PluginManager:220 - loadIPPluginJar : add mdma
2025-05-12 09:13:36,838 [INFO] IPUIPlugin:80 - create IPUIPlugin
2025-05-12 09:13:36,838 [INFO] PluginManager:220 - loadIPPluginJar : add nvic
2025-05-12 09:13:36,872 [INFO] IPUIPlugin:80 - create IPUIPlugin
2025-05-12 09:13:36,872 [INFO] PluginManager:220 - loadIPPluginJar : add opamp
2025-05-12 09:13:36,923 [INFO] IPUIPlugin:80 - create IPUIPlugin
2025-05-12 09:13:36,924 [INFO] PluginManager:220 - loadIPPluginJar : add openamp
2025-05-12 09:13:36,959 [INFO] IPUIPlugin:80 - create IPUIPlugin
2025-05-12 09:13:36,960 [INFO] PluginManager:220 - loadIPPluginJar : add pdm2pcm
2025-05-12 09:13:36,973 [INFO] IPUIPlugin:80 - create IPUIPlugin
2025-05-12 09:13:36,975 [INFO] PluginManager:220 - loadIPPluginJar : add plateformsettings
2025-05-12 09:13:36,997 [INFO] IPUIPlugin:80 - create IPUIPlugin
2025-05-12 09:13:36,997 [INFO] PluginManager:220 - loadIPPluginJar : add quadspi
2025-05-12 09:13:37,021 [INFO] IPUIPlugin:80 - create IPUIPlugin
2025-05-12 09:13:37,021 [INFO] PluginManager:220 - loadIPPluginJar : add radio
2025-05-12 09:13:37,037 [INFO] IPUIPlugin:80 - create IPUIPlugin
2025-05-12 09:13:37,037 [INFO] PluginManager:220 - loadIPPluginJar : add resmgrutility
2025-05-12 09:13:37,077 [INFO] IPUIPlugin:80 - create IPUIPlugin
2025-05-12 09:13:37,077 [INFO] PluginManager:220 - loadIPPluginJar : add sai
2025-05-12 09:13:37,110 [INFO] IPUIPlugin:80 - create IPUIPlugin
2025-05-12 09:13:37,110 [INFO] PluginManager:220 - loadIPPluginJar : add spi
2025-05-12 09:13:37,169 [INFO] IPUIPlugin:80 - create IPUIPlugin
2025-05-12 09:13:37,170 [INFO] PluginManager:220 - loadIPPluginJar : add stm32_wpan
2025-05-12 09:13:37,194 [INFO] IPUIPlugin:80 - create IPUIPlugin
2025-05-12 09:13:37,194 [INFO] PluginManager:220 - loadIPPluginJar : add tim
2025-05-12 09:13:37,248 [INFO] IPUIPlugin:80 - create IPUIPlugin
2025-05-12 09:13:37,248 [INFO] PluginManager:220 - loadIPPluginJar : add touchsensing
2025-05-12 09:13:37,269 [INFO] IPUIPlugin:80 - create IPUIPlugin
2025-05-12 09:13:37,269 [INFO] PluginManager:220 - loadIPPluginJar : add tracer_emb
2025-05-12 09:13:37,291 [INFO] IPUIPlugin:80 - create IPUIPlugin
2025-05-12 09:13:37,291 [INFO] PluginManager:220 - loadIPPluginJar : add ts
2025-05-12 09:13:37,313 [INFO] IPUIPlugin:80 - create IPUIPlugin
2025-05-12 09:13:37,313 [INFO] PluginManager:220 - loadIPPluginJar : add tsc
2025-05-12 09:13:37,335 [INFO] IPUIPlugin:80 - create IPUIPlugin
2025-05-12 09:13:37,335 [INFO] PluginManager:220 - loadIPPluginJar : add ucpd
2025-05-12 09:13:37,370 [INFO] IPUIPlugin:80 - create IPUIPlugin
2025-05-12 09:13:37,371 [INFO] PluginManager:220 - loadIPPluginJar : add usart
2025-05-12 09:13:37,405 [INFO] IPUIPlugin:80 - create IPUIPlugin
2025-05-12 09:13:37,405 [INFO] PluginManager:220 - loadIPPluginJar : add usbx
2025-05-12 09:13:37,517 [FATAL] Updater:351 - Updater called before beeing initialized
2025-05-12 09:13:37,545 [INFO] RulesReader:64 - Compatibility file has been processed (297 Rules)
2025-05-12 09:13:37,552 [INFO] RulesReader:64 - Compatibility file has been processed (297 Rules)
2025-05-12 09:13:37,562 [INFO] CADModel:165 - CPN selected for project level
2025-05-12 09:13:37,562 [INFO] CADModel:114 - Register for checkConnection events
2025-05-12 09:13:37,562 [FATAL] Updater:351 - Updater called before beeing initialized
2025-05-12 09:13:37,562 [ERROR] CADModel:125 - Updater not yet initialized, retry later 
2025-05-12 09:13:37,668 [FATAL] Updater:351 - Updater called before beeing initialized
2025-05-12 09:13:37,669 [INFO] CADModel:165 - CPN selected for project level
2025-05-12 09:13:37,669 [INFO] CADModel:114 - Register for checkConnection events
2025-05-12 09:13:37,669 [FATAL] Updater:351 - Updater called before beeing initialized
2025-05-12 09:13:37,669 [ERROR] CADModel:125 - Updater not yet initialized, retry later 
2025-05-12 09:13:37,671 [FATAL] Updater:351 - Updater called before beeing initialized
2025-05-12 09:13:37,741 [FATAL] Updater:351 - Updater called before beeing initialized
2025-05-12 09:13:37,751 [INFO] DbMcusAds:53 - JSON generation date=Tue Dec 17 23:01:25 ICT 2024 (1734451285682)
2025-05-12 09:13:37,751 [FATAL] Updater:351 - Updater called before beeing initialized
2025-05-12 09:13:37,782 [WARN] DetailPanel:346 - Failed to get advertising image, set to default
2025-05-12 09:13:37,925 [FATAL] Updater:351 - Updater called before beeing initialized
2025-05-12 09:13:37,926 [FATAL] Updater:351 - Updater called before beeing initialized
2025-05-12 09:13:37,927 [FATAL] Updater:351 - Updater called before beeing initialized
2025-05-12 09:13:37,928 [WARN] DetailPanel:346 - Failed to get advertising image, set to default
2025-05-12 09:13:37,929 [FATAL] Updater:351 - Updater called before beeing initialized
2025-05-12 09:13:37,970 [ERROR] Updater:1198 - MainUpdater not yet initialized. External WinMGr cannot be set.
2025-05-12 09:13:37,978 [INFO] Updater:1134 - Updater Version found : 6.13.0
2025-05-12 09:13:37,998 [INFO] ApplicationProperties:184 - Using Application install path: C:\ST\STM32CubeIDE_1.17.0\STM32CubeIDE\plugins\com.st.stm32cube.common.mx_6.13.0.202411220809
2025-05-12 09:13:38,371 [INFO] ThirdPartyUpdaterWithRetryManager:70 - Updater plugin not ready yet. [2/15]
2025-05-12 09:13:38,408 [INFO] MainUpdater:2872 - connection check result : 10
2025-05-12 09:13:38,408 [INFO] MainUpdater:289 - Updater Check For Update Now.
2025-05-12 09:13:38,408 [INFO] MicroXplorer:498 - Change Database Version : DB.6.0.130
2025-05-12 09:13:38,422 [INFO] McuFinderGlobals:63 - Set McuFinder mode to 2 (CubeIDE integrated)
2025-05-12 09:13:38,430 [INFO] UserAuth:486 - Internet connection configuration mode: 1
2025-05-12 09:13:38,462 [INFO] JxBrowserEngine:152 - Initiate JxBrowser Engine with user profile folder
2025-05-12 09:13:38,587 [INFO] CheckServerUpdateThread:120 - End of CheckServer Thread
2025-05-12 09:13:39,486 [INFO] WebApp:168 - Instantiating new browser for Auth
2025-05-12 09:13:40,009 [INFO] WebApp:449 - Apply proxy settings
2025-05-12 09:13:40,010 [INFO] WebApp:534 - Chromium requires no authentication
2025-05-12 09:13:40,020 [INFO] WebApp:477 - Direct internet connection detected
2025-05-12 09:13:40,048 [INFO] WebApp:880 - Register for checkConnection events
2025-05-12 09:13:40,048 [INFO] WebApp:449 - Apply proxy settings
2025-05-12 09:13:40,048 [INFO] WebApp:534 - Chromium requires no authentication
2025-05-12 09:13:40,049 [INFO] WebApp:477 - Direct internet connection detected
2025-05-12 09:13:40,190 [INFO] WebApp:221 - Starting web application
2025-05-12 09:13:40,190 [INFO] WebApp:579 - Web application path used C:\ST\STM32CubeIDE_1.17.0\STM32CubeIDE\plugins\com.st.stm32cube.common.mx_6.13.0.202411220809\db\plugins\mcufinder\reactClient1\index.html
2025-05-12 09:13:40,299 [INFO] UserAuth:486 - Internet connection configuration mode: 1
2025-05-12 09:13:40,335 [INFO] WebApp:187 - Connection restablished
2025-05-12 09:13:41,556 [WARN] PackLoader:240 - Cannot read IP mode file for STMicroelectronics.FP-SNS-MOTENVWB1.1.4.0
2025-05-12 09:13:41,574 [WARN] PackLoader:240 - Cannot read IP mode file for STMicroelectronics.FP-ATR-ASTRA1.2.0.2
2025-05-12 09:13:41,585 [WARN] PackLoader:240 - Cannot read IP mode file for STMicroelectronics.FP-ATR-ASTRA1.2.0.1
2025-05-12 09:13:41,598 [WARN] PackLoader:240 - Cannot read IP mode file for STMicroelectronics.X-CUBE-SMBUS.2.1.0
2025-05-12 09:13:41,613 [WARN] PackLoader:240 - Cannot read IP mode file for STMicroelectronics.X-CUBE-WB05N.1.1.0
2025-05-12 09:13:41,667 [WARN] PackLoader:240 - Cannot read IP mode file for STMicroelectronics.X-CUBE-AZRTOS-F7.1.1.0
2025-05-12 09:13:41,703 [WARN] PackLoader:240 - Cannot read IP mode file for STMicroelectronics.FP-SNS-FLIGHT1.5.0.2
2025-05-12 09:13:41,738 [WARN] PackLoader:240 - Cannot read IP mode file for Infineon.AIROC-Wi-Fi-Bluetooth-STM32.1.7.0
2025-05-12 09:13:41,757 [WARN] PackLoader:240 - Cannot read IP mode file for STMicroelectronics.X-CUBE-DISPLAY.3.0.0
2025-05-12 09:13:41,778 [WARN] PackLoader:240 - Cannot read IP mode file for STMicroelectronics.X-CUBE-BLE1.7.0.0
2025-05-12 09:13:41,795 [WARN] PackLoader:240 - Cannot read IP mode file for STMicroelectronics.X-CUBE-NFC10.1.0.0
2025-05-12 09:13:41,810 [WARN] PackLoader:240 - Cannot read IP mode file for STMicroelectronics.X-CUBE-BLEMGR.4.0.0
2025-05-12 09:13:41,829 [WARN] PackLoader:240 - Cannot read IP mode file for emotas.I-CUBE-CANOPEN.1.3.0
2025-05-12 09:13:41,841 [WARN] PackLoader:240 - Cannot read IP mode file for STMicroelectronics.X-CUBE-AI.10.0.0
2025-05-12 09:13:41,856 [WARN] PackLoader:240 - Cannot read IP mode file for STMicroelectronics.FP-SNS-SMARTAG2.1.2.0
2025-05-12 09:13:41,868 [WARN] PackLoader:240 - Cannot read IP mode file for STMicroelectronics.FP-SNS-FLIGHT1.5.1.0
2025-05-12 09:13:41,914 [WARN] PackLoader:240 - Cannot read IP mode file for STMicroelectronics.X-CUBE-MEMS1.11.1.0
2025-05-12 09:13:42,053 [INFO] LogOutputStream:77 - [STDOUT_REDIRECT] 1 : Invalid condition id : UX_CORESTACK_Condition cause : null
2025-05-12 09:13:42,054 [INFO] LogOutputStream:77 - [STDOUT_REDIRECT] 1 : Invalid condition id : UX_CORESTACK_Condition cause : null
2025-05-12 09:13:42,055 [INFO] LogOutputStream:77 - [STDOUT_REDIRECT] 1 : Invalid condition id : UX_CORESTACK_Condition cause : null
2025-05-12 09:13:42,058 [INFO] LogOutputStream:77 - [STDOUT_REDIRECT] 1 : Invalid condition id : UX_CORESTACK_Condition cause : null
2025-05-12 09:13:42,059 [INFO] LogOutputStream:77 - [STDOUT_REDIRECT] 1 : Invalid condition id : UX_CORESTACK_Condition cause : null
2025-05-12 09:13:42,061 [WARN] PackLoader:240 - Cannot read IP mode file for STMicroelectronics.X-CUBE-AZRTOS-WL.2.0.0
2025-05-12 09:13:42,086 [WARN] PackLoader:240 - Cannot read IP mode file for STMicroelectronics.FP-SNS-MOTENV1.5.0.0
2025-05-12 09:13:42,104 [WARN] PackLoader:240 - Cannot read IP mode file for wolfSSL.I-CUBE-wolfMQTT.1.19.0
2025-05-12 09:13:42,123 [WARN] PackLoader:240 - Cannot read IP mode file for WES.I-CUBE-Cesium.1.3.0
2025-05-12 09:13:42,141 [WARN] PackLoader:240 - Cannot read IP mode file for STMicroelectronics.X-CUBE-BLE2.3.3.0
2025-05-12 09:13:42,160 [WARN] PackLoader:240 - Cannot read IP mode file for STMicroelectronics.X-CUBE-NFC9.1.0.0
2025-05-12 09:13:42,175 [WARN] PackLoader:240 - Cannot read IP mode file for STMicroelectronics.X-CUBE-BLE1.7.1.0
2025-05-12 09:13:42,219 [WARN] PackLoader:240 - Cannot read IP mode file for STMicroelectronics.X-CUBE-MEMS1.11.2.0
2025-05-12 09:13:42,302 [WARN] PackLoader:240 - Cannot read IP mode file for STMicroelectronics.X-CUBE-AZRTOS-G0.1.1.0
2025-05-12 09:13:42,325 [WARN] PackLoader:240 - Cannot read IP mode file for STMicroelectronics.X-CUBE-SAFEA1.1.2.2
2025-05-12 09:13:42,352 [WARN] PackLoader:240 - Cannot read IP mode file for STMicroelectronics.X-CUBE-NFC4.3.0.0
2025-05-12 09:13:42,381 [WARN] PackLoader:240 - Cannot read IP mode file for EmbeddedOffice.I-CUBE-FS-RTOS.1.0.1
2025-05-12 09:13:42,414 [WARN] PackLoader:240 - Cannot read IP mode file for STMicroelectronics.X-CUBE-WB05N.2.0.0
2025-05-12 09:13:42,441 [WARN] PackLoader:240 - Cannot read IP mode file for STMicroelectronics.X-CUBE-TCPP.4.2.0
2025-05-12 09:13:42,467 [WARN] PackLoader:240 - Cannot read IP mode file for RealThread.X-CUBE-RT-Thread_Nano.4.1.1
2025-05-12 09:13:42,497 [WARN] PackLoader:240 - Cannot read IP mode file for STMicroelectronics.FP-ATR-SIGFOX1.3.2.0
2025-05-12 09:13:42,524 [WARN] ConditionMgr:438 - getConditionDescription Invalid condition id : Cortex-A Device cause : null
2025-05-12 09:13:42,553 [WARN] ConditionMgr:1044 - genDependencies : Invalid condition id : Cortex-A Device cause : null
2025-05-12 09:13:42,555 [WARN] ConditionMgr:1044 - genDependencies : Invalid condition id : Cortex-A Device cause : null
2025-05-12 09:13:42,555 [WARN] ConditionMgr:1044 - genDependencies : Invalid condition id : Cortex-A Device cause : null
2025-05-12 09:13:42,571 [WARN] PackLoader:240 - Cannot read IP mode file for STMicroelectronics.X-CUBE-EEPRMA1.5.1.0
2025-05-12 09:13:42,586 [WARN] PackLoader:240 - Cannot read IP mode file for wolfSSL.I-CUBE-wolfSSL.5.7.4
2025-05-12 09:13:42,599 [WARN] PackLoader:240 - Cannot read IP mode file for ITTIA_DB.I-CUBE-ITTIADB.8.9.0
2025-05-12 09:13:42,620 [WARN] PackLoader:240 - Cannot read IP mode file for SEGGER.I-CUBE-embOS.1.3.1
2025-05-12 09:13:42,645 [WARN] PackLoader:240 - Cannot read IP mode file for STMicroelectronics.X-CUBE-ALGOBUILD.1.4.0
2025-05-12 09:13:42,662 [WARN] PackLoader:240 - Cannot read IP mode file for STMicroelectronics.X-CUBE-AI.9.1.0
2025-05-12 09:13:42,684 [WARN] PackLoader:240 - Cannot read IP mode file for STMicroelectronics.X-CUBE-AZRTOS-F4.1.1.0
2025-05-12 09:13:42,696 [WARN] PackLoader:240 - Cannot read IP mode file for Avnet-IotConnect.X-CUBE-IoTC-DA16k-PMOD.1.0.0
2025-05-12 09:13:42,707 [WARN] PackLoader:240 - Cannot read IP mode file for STMicroelectronics.X-CUBE-ISPU.2.1.0
2025-05-12 09:13:42,730 [WARN] PackLoader:240 - Cannot read IP mode file for STMicroelectronics.X-CUBE-AZRTOS-L5.2.0.0
2025-05-12 09:13:42,744 [WARN] PackLoader:240 - Cannot read IP mode file for STMicroelectronics.X-CUBE-NFC6.3.1.0
2025-05-12 09:13:42,756 [WARN] PackLoader:240 - Cannot read IP mode file for STMicroelectronics.X-CUBE-DPower.1.2.0
2025-05-12 09:13:42,769 [WARN] PackLoader:240 - Cannot read IP mode file for STMicroelectronics.X-CUBE-FREERTOS.1.3.1
2025-05-12 09:13:42,781 [WARN] PackLoader:240 - Cannot read IP mode file for STMicroelectronics.X-CUBE-FREERTOS.1.3.0
2025-05-12 09:13:42,793 [WARN] PackLoader:240 - Cannot read IP mode file for STMicroelectronics.X-CUBE-NFC7.1.0.1
2025-05-12 09:13:42,806 [WARN] PackLoader:240 - Cannot read IP mode file for STMicroelectronics.X-CUBE-DPower.1.3.0
2025-05-12 09:13:42,832 [WARN] ConditionMgr:438 - getConditionDescription Invalid condition id : LAN8742 Phy interface Condition cause : null
2025-05-12 09:13:42,833 [WARN] PackLoader:240 - Cannot read IP mode file for STMicroelectronics.X-CUBE-AZRTOS-L4.2.0.0
2025-05-12 09:13:42,834 [WARN] ConditionMgr:1044 - genDependencies : Invalid condition id : LAN8742 Phy interface Condition cause : null
2025-05-12 09:13:42,834 [WARN] ConditionMgr:1044 - genDependencies : Invalid condition id : LAN8742 Phy interface Condition cause : null
2025-05-12 09:13:42,834 [WARN] ConditionMgr:1044 - genDependencies : Invalid condition id : LAN8742 Phy interface Condition cause : null
2025-05-12 09:13:42,849 [WARN] PackLoader:240 - Cannot read IP mode file for STMicroelectronics.X-CUBE-SFXS2LP1.4.0.0
2025-05-12 09:13:42,878 [WARN] PackLoader:240 - Cannot read IP mode file for STMicroelectronics.X-CUBE-AZRTOS-H7.3.3.0
2025-05-12 09:13:42,903 [WARN] ConditionMgr:438 - getConditionDescription Invalid condition id : UX DEVICE CLASS RTOS Condition cause : null
2025-05-12 09:13:42,904 [WARN] ConditionMgr:438 - getConditionDescription Invalid condition id : UX DEVICE CLASS RTOS Condition cause : null
2025-05-12 09:13:42,904 [WARN] PackLoader:240 - Cannot read IP mode file for STMicroelectronics.X-CUBE-AZRTOS-WB.2.0.0
2025-05-12 09:13:42,905 [WARN] ConditionMgr:1044 - genDependencies : Invalid condition id : UX DEVICE CLASS RTOS Condition cause : null
2025-05-12 09:13:42,905 [WARN] ConditionMgr:1044 - genDependencies : Invalid condition id : UX DEVICE CLASS RTOS Condition cause : null
2025-05-12 09:13:42,905 [WARN] ConditionMgr:1044 - genDependencies : Invalid condition id : UX DEVICE CLASS RTOS Condition cause : null
2025-05-12 09:13:42,905 [WARN] ConditionMgr:1044 - genDependencies : Invalid condition id : UX DEVICE CLASS RTOS Condition cause : null
2025-05-12 09:13:42,905 [WARN] ConditionMgr:1044 - genDependencies : Invalid condition id : UX DEVICE CLASS RTOS Condition cause : null
2025-05-12 09:13:42,921 [WARN] PackLoader:240 - Cannot read IP mode file for STMicroelectronics.X-CUBE-GNSS1.7.0.1
2025-05-12 09:13:42,938 [WARN] PackLoader:240 - Cannot read IP mode file for STMicroelectronics.X-CUBE-TOUCHGFX.4.25.0
2025-05-12 09:13:42,954 [WARN] PackLoader:240 - Cannot read IP mode file for STMicroelectronics.FP-SNS-STBOX1.2.0.0
2025-05-12 09:13:42,975 [WARN] PackLoader:240 - Cannot read IP mode file for STMicroelectronics.X-CUBE-SUBG2.5.0.0
2025-05-12 09:13:43,002 [WARN] PackLoader:240 - Cannot read IP mode file for STMicroelectronics.X-CUBE-AZRTOS-H7RS.1.1.0
2025-05-12 09:13:43,016 [WARN] PackLoader:240 - Cannot read IP mode file for Cesanta.I-CUBE-Mongoose.7.13.0
2025-05-12 09:13:43,035 [WARN] PackLoader:240 - Cannot read IP mode file for STMicroelectronics.X-CUBE-AZRTOS-G4.2.0.0
2025-05-12 09:13:43,048 [WARN] PackLoader:240 - Cannot read IP mode file for STMicroelectronics.X-CUBE-NFC7.2.0.0
2025-05-12 09:13:43,063 [WARN] PackLoader:240 - Cannot read IP mode file for STMicroelectronics.X-CUBE-IPS.3.1.0
2025-05-12 09:13:43,077 [WARN] PackLoader:240 - Cannot read IP mode file for STMicroelectronics.X-CUBE-ALS.1.0.2
2025-05-12 09:13:43,089 [WARN] PackLoader:240 - Cannot read IP mode file for STMicroelectronics.X-CUBE-TOUCHGFX.4.24.2
2025-05-12 09:13:43,099 [WARN] PackLoader:240 - Cannot read IP mode file for wolfSSL.I-CUBE-wolfTPM.3.4.0
2025-05-12 09:13:43,112 [WARN] PackLoader:240 - Cannot read IP mode file for portGmbH.I-Cube-SoM-uGOAL.1.1.0
2025-05-12 09:13:43,132 [WARN] PackLoader:240 - Cannot read IP mode file for STMicroelectronics.X-CUBE-AZRTOS-H7RS.1.0.0
2025-05-12 09:13:43,153 [WARN] PackLoader:240 - Cannot read IP mode file for STMicroelectronics.X-CUBE-TOF1.3.4.2
2025-05-12 09:13:43,169 [WARN] PackLoader:240 - Cannot read IP mode file for STMicroelectronics.X-CUBE-TOF1.3.4.3
2025-05-12 09:13:43,188 [WARN] PackLoader:240 - Cannot read IP mode file for wolfSSL.I-CUBE-wolfSSH.1.4.17
2025-05-12 09:13:43,188 [INFO] ThirdParty:978 - Integrity check success = true
2025-05-12 09:13:43,188 [INFO] IntegrityCheckThread:100 - exiting critical section [integrity check]
2025-05-12 09:13:43,188 [INFO] IntegrityCheckThread:103 - End integrity checks thread
2025-05-12 10:06:14,199 [ERROR] LogOutputStream:75 - [STDERR_REDIRECT] 
