2025-04-15 09:31:44,057 [INFO] Activator:176 - 


2025-04-15 09:31:44,058 [INFO] Activator:177 - !SESSION log4j initialized
2025-04-15 09:31:47,168 [INFO] LogOutputStream:77 - [STDOUT_REDIRECT] 
2025-04-15 09:31:49,282 [INFO] ApplicationProperties:184 - Using Application install path: C:\ST\STM32CubeIDE_1.17.0\STM32CubeIDE\plugins\com.st.stm32cube.common.mx_6.13.0.202411220809
2025-04-15 09:31:49,296 [INFO] DbMcusXml:78 - Set database path to: C:\ST\STM32CubeIDE_1.17.0\STM32CubeIDE\plugins\com.st.stm32cube.common.mx_6.13.0.202411220809\\db\/mcu/
2025-04-15 09:31:49,296 [INFO] ApiDb:274 - Set plugin database path to: C:\ST\STM32CubeIDE_1.17.0\STM32CubeIDE\plugins\com.st.stm32cube.common.mx_6.13.0.202411220809\\db\/plugins/boardmanager/
2025-04-15 09:31:49,296 [WARN] ApiDb:259 - Overriding images path with different value:  => C:\ST\STM32CubeIDE_1.17.0\STM32CubeIDE\plugins\com.st.stm32cube.common.mx_6.13.0.202411220809\\db\/plugins/mcufinder/images/
2025-04-15 09:31:49,309 [INFO] ApiDb:250 - Set database path to: C:\Users\APC\.stmcufinder\plugins\mcufinder//mcu/
2025-04-15 09:31:49,310 [INFO] DbMcusAds:125 - Set database path to: C:\Users\APC\.stmcufinder\plugins\mcufinder//mcu/
2025-04-15 09:31:49,313 [INFO] CrossReferenceDbSqlite:203 - Set database path to: C:\Users\APC\.stmcufinder\plugins\mcufinder//mcu/cs/
2025-04-15 09:31:49,405 [INFO] RulesReader:64 - Compatibility file has been processed (297 Rules)
2025-04-15 09:31:49,469 [INFO] DbMcusXml:78 - Set database path to: C:\ST\STM32CubeIDE_1.17.0\STM32CubeIDE\plugins\com.st.stm32cube.common.mx_6.13.0.202411220809\\db\/mcu/
2025-04-15 09:31:49,469 [INFO] ApiDb:274 - Set plugin database path to: C:\ST\STM32CubeIDE_1.17.0\STM32CubeIDE\plugins\com.st.stm32cube.common.mx_6.13.0.202411220809\\db\/plugins/boardmanager/
2025-04-15 09:31:49,469 [INFO] ApiDb:261 - Set plugin images path to: C:\ST\STM32CubeIDE_1.17.0\STM32CubeIDE\plugins\com.st.stm32cube.common.mx_6.13.0.202411220809\\db\/plugins/mcufinder/images/
2025-04-15 09:31:49,469 [WARN] DbFile:41 - Overriding database path with different value: C:\Users\APC\.stmcufinder\plugins\mcufinder/ => C:\Users\APC\.stmcufinder\plugins\mcufinder
2025-04-15 09:31:49,469 [INFO] ApiDb:250 - Set database path to: C:\Users\APC\.stmcufinder\plugins\mcufinder//mcu/
2025-04-15 09:31:49,469 [WARN] DbFile:41 - Overriding database path with different value: C:\Users\APC\.stmcufinder\plugins\mcufinder/ => C:\Users\APC\.stmcufinder\plugins\mcufinder
2025-04-15 09:31:49,469 [INFO] DbMcusAds:125 - Set database path to: C:\Users\APC\.stmcufinder\plugins\mcufinder//mcu/
2025-04-15 09:31:49,470 [WARN] DbFile:41 - Overriding database path with different value: C:\Users\APC\.stmcufinder\plugins\mcufinder/ => C:\Users\APC\.stmcufinder\plugins\mcufinder
2025-04-15 09:31:49,470 [WARN] DbFile:41 - Overriding database path with different value: C:\Users\APC\.stmcufinder\plugins\mcufinder/ => C:\Users\APC\.stmcufinder\plugins\mcufinder
2025-04-15 09:31:49,470 [INFO] CrossReferenceDbSqlite:203 - Set database path to: C:\Users\APC\.stmcufinder\plugins\mcufinder//mcu/cs/
2025-04-15 09:31:49,528 [INFO] MainPanel:272 - HeapMemory: 268435456
2025-04-15 09:31:49,616 [INFO] DbMcusXml:78 - Set database path to: C:\ST\STM32CubeIDE_1.17.0\STM32CubeIDE\plugins\com.st.stm32cube.common.mx_6.13.0.202411220809\\db\/mcu/
2025-04-15 09:31:49,617 [INFO] ApiDb:274 - Set plugin database path to: C:\ST\STM32CubeIDE_1.17.0\STM32CubeIDE\plugins\com.st.stm32cube.common.mx_6.13.0.202411220809\\db\/plugins/boardmanager/
2025-04-15 09:31:49,617 [INFO] ApiDb:261 - Set plugin images path to: C:\ST\STM32CubeIDE_1.17.0\STM32CubeIDE\plugins\com.st.stm32cube.common.mx_6.13.0.202411220809\\db\/plugins/mcufinder/images/
2025-04-15 09:31:49,617 [WARN] DbFile:41 - Overriding database path with different value: C:\Users\APC\.stmcufinder\plugins\mcufinder/ => C:\Users\APC\.stmcufinder\plugins\mcufinder
2025-04-15 09:31:49,617 [INFO] ApiDb:250 - Set database path to: C:\Users\APC\.stmcufinder\plugins\mcufinder//mcu/
2025-04-15 09:31:49,617 [WARN] DbFile:41 - Overriding database path with different value: C:\Users\APC\.stmcufinder\plugins\mcufinder/ => C:\Users\APC\.stmcufinder\plugins\mcufinder
2025-04-15 09:31:49,617 [INFO] DbMcusAds:125 - Set database path to: C:\Users\APC\.stmcufinder\plugins\mcufinder//mcu/
2025-04-15 09:31:49,617 [WARN] DbFile:41 - Overriding database path with different value: C:\Users\APC\.stmcufinder\plugins\mcufinder/ => C:\Users\APC\.stmcufinder\plugins\mcufinder
2025-04-15 09:31:49,617 [WARN] DbFile:41 - Overriding database path with different value: C:\Users\APC\.stmcufinder\plugins\mcufinder/ => C:\Users\APC\.stmcufinder\plugins\mcufinder
2025-04-15 09:31:49,617 [INFO] CrossReferenceDbSqlite:203 - Set database path to: C:\Users\APC\.stmcufinder\plugins\mcufinder//mcu/cs/
2025-04-15 09:31:49,632 [INFO] ApplicationProperties:184 - Using Application install path: C:\ST\STM32CubeIDE_1.17.0\STM32CubeIDE\plugins\com.st.stm32cube.common.mx_6.13.0.202411220809
2025-04-15 09:31:49,633 [INFO] PluginManage:196 - Search for loadable plugins [exclusion list=, ]
2025-04-15 09:31:49,635 [INFO] PluginManage:310 - Check plugin analytics
2025-04-15 09:31:49,773 [INFO] AnalyticsPlugin:253 - Accepted Software Licenses: STM32CubeMX.6.13.0
2025-04-15 09:31:49,773 [INFO] AnalyticsPlugin:255 - Accepted CMSIS Pack Licenses: 
2025-04-15 09:31:49,773 [INFO] AnalyticsPlugin:257 - Accepted Firmware Licenses: FW.F4.1.28.0
2025-04-15 09:31:49,776 [INFO] PluginManage:359 - Loaded plugin analytics (category:tool,tabindex:-1)
2025-04-15 09:31:49,776 [INFO] PluginManage:310 - Check plugin cadmodel
2025-04-15 09:31:49,791 [INFO] CADModel:105 - Init CAD model plugin
2025-04-15 09:31:49,792 [INFO] PluginManage:359 - Loaded plugin cadmodel (category:power,tabindex:5)
2025-04-15 09:31:49,792 [INFO] PluginManage:310 - Check plugin clock
2025-04-15 09:31:49,810 [INFO] PluginManage:359 - Loaded plugin clock (category:base,tabindex:2)
2025-04-15 09:31:49,810 [INFO] PluginManage:310 - Check plugin ddr
2025-04-15 09:31:49,812 [INFO] PluginManage:359 - Loaded plugin ddr (category:tool,tabindex:6)
2025-04-15 09:31:49,812 [INFO] PluginManage:310 - Check plugin filemanager
2025-04-15 09:31:49,993 [INFO] PluginManage:359 - Loaded plugin filemanager (category:base,tabindex:10)
2025-04-15 09:31:49,993 [INFO] PluginManage:310 - Check plugin ipmanager
2025-04-15 09:31:50,000 [INFO] PluginManage:359 - Loaded plugin ipmanager (category:base,tabindex:5)
2025-04-15 09:31:50,001 [INFO] PluginManage:310 - Check plugin lpbam
2025-04-15 09:31:50,019 [INFO] PluginManage:359 - Loaded plugin lpbam (category:base,tabindex:0)
2025-04-15 09:31:50,019 [INFO] PluginManage:310 - Check plugin memorymap
2025-04-15 09:31:50,039 [INFO] PluginManage:359 - Loaded plugin memorymap (category:base,tabindex:4)
2025-04-15 09:31:50,040 [INFO] PluginManage:310 - Check plugin pinoutandconfiguration
2025-04-15 09:31:50,056 [INFO] PluginManage:359 - Loaded plugin pinoutandconfiguration (category:base,tabindex:1)
2025-04-15 09:31:50,056 [INFO] PluginManage:310 - Check plugin pinoutconfig
2025-04-15 09:31:50,136 [WARN] SupportedApi:132 - Cannot load RTOS API schema: s4s-elt-must-match.1: The content of 'definitions' must match (annotation?, (simpleType | complexType)?, (unique | key | keyref)*)). A problem was found starting at: attribute.
2025-04-15 09:31:50,239 [INFO] PluginManage:359 - Loaded plugin pinoutconfig (category:base,tabindex:0)
2025-04-15 09:31:50,239 [INFO] PluginManage:310 - Check plugin power
2025-04-15 09:31:50,257 [INFO] PluginManage:359 - Loaded plugin power (category:power,tabindex:4)
2025-04-15 09:31:50,257 [INFO] PluginManage:310 - Check plugin projectmanager
2025-04-15 09:31:50,270 [INFO] PluginManage:359 - Loaded plugin projectmanager (category:projectmanager,tabindex:4)
2025-04-15 09:31:50,270 [INFO] PluginManage:310 - Check plugin rif
2025-04-15 09:31:50,290 [INFO] PluginManage:359 - Loaded plugin rif (category:base,tabindex:3)
2025-04-15 09:31:50,290 [INFO] PluginManage:310 - Check plugin thirdparty
2025-04-15 09:31:50,557 [INFO] PluginManage:359 - Loaded plugin thirdparty (category:base,tabindex:-1)
2025-04-15 09:31:50,557 [INFO] PluginManage:310 - Check plugin tools
2025-04-15 09:31:50,557 [WARN] IntegrityCheckThread:84 - waiting for thirdparty lock release [integrity check]
2025-04-15 09:31:50,558 [INFO] IntegrityCheckThread:86 - entering critical section [integrity check]
2025-04-15 09:31:50,558 [INFO] ThirdPartyUpdaterWithRetryManager:70 - Updater plugin not ready yet. [1/15]
2025-04-15 09:31:50,592 [INFO] PluginManage:359 - Loaded plugin tools (category:base,tabindex:7)
2025-04-15 09:31:50,592 [INFO] PluginManage:310 - Check plugin tutovideos
2025-04-15 09:31:50,743 [INFO] PluginManage:359 - Loaded plugin tutovideos (category:base,tabindex:-1)
2025-04-15 09:31:50,743 [INFO] PluginManage:310 - Check plugin updater
2025-04-15 09:31:50,759 [INFO] PluginManage:359 - Loaded plugin updater (category:base,tabindex:12)
2025-04-15 09:31:50,759 [INFO] PluginManage:310 - Check plugin userauth
2025-04-15 09:31:50,762 [INFO] UserAuth:118 - Init User Auth plugin
2025-04-15 09:31:50,763 [INFO] PluginManage:359 - Loaded plugin userauth (category:base,tabindex:14)
2025-04-15 09:31:50,763 [INFO] PluginManage:283 - PluginManage : Loaded plugins [18]
2025-04-15 09:31:50,927 [INFO] PinOutPanel:1589 - setPackage(No Configuration,No Configuration)
2025-04-15 09:31:50,994 [INFO] CADModel:165 - CPN selected for project level
2025-04-15 09:31:50,994 [INFO] CADModel:114 - Register for checkConnection events
2025-04-15 09:31:51,020 [INFO] IPUIPlugin:80 - create IPUIPlugin
2025-04-15 09:31:51,020 [INFO] PluginManager:220 - loadIPPluginJar : add adc
2025-04-15 09:31:51,059 [INFO] IPUIPlugin:80 - create IPUIPlugin
2025-04-15 09:31:51,059 [INFO] PluginManager:220 - loadIPPluginJar : add aes
2025-04-15 09:31:51,102 [INFO] IPUIPlugin:80 - create IPUIPlugin
2025-04-15 09:31:51,102 [INFO] PluginManager:220 - loadIPPluginJar : add can
2025-04-15 09:31:51,131 [INFO] IPUIPlugin:80 - create IPUIPlugin
2025-04-15 09:31:51,131 [INFO] PluginManager:220 - loadIPPluginJar : add comp
2025-04-15 09:31:51,163 [INFO] IPUIPlugin:80 - create IPUIPlugin
2025-04-15 09:31:51,163 [INFO] PluginManager:220 - loadIPPluginJar : add cryp
2025-04-15 09:31:51,175 [INFO] IPUIPlugin:80 - create IPUIPlugin
2025-04-15 09:31:51,175 [INFO] PluginManager:220 - loadIPPluginJar : add ddr_ctrl_phy
2025-04-15 09:31:51,205 [INFO] IPUIPlugin:80 - create IPUIPlugin
2025-04-15 09:31:51,206 [INFO] PluginManager:220 - loadIPPluginJar : add dfsdm
2025-04-15 09:31:51,218 [INFO] IPUIPlugin:80 - create IPUIPlugin
2025-04-15 09:31:51,218 [INFO] PluginManager:220 - loadIPPluginJar : add dma
2025-04-15 09:31:51,254 [INFO] IPUIPlugin:80 - create IPUIPlugin
2025-04-15 09:31:51,254 [INFO] PluginManager:220 - loadIPPluginJar : add dma3
2025-04-15 09:31:51,298 [INFO] IPUIPlugin:80 - create IPUIPlugin
2025-04-15 09:31:51,298 [INFO] PluginManager:220 - loadIPPluginJar : add extmemmanager
2025-04-15 09:31:51,320 [INFO] IPUIPlugin:80 - create IPUIPlugin
2025-04-15 09:31:51,320 [INFO] PluginManager:220 - loadIPPluginJar : add fatfs
2025-04-15 09:31:51,361 [INFO] IPUIPlugin:80 - create IPUIPlugin
2025-04-15 09:31:51,361 [INFO] PluginManager:220 - loadIPPluginJar : add fmc
2025-04-15 09:31:51,376 [INFO] IPUIPlugin:80 - create IPUIPlugin
2025-04-15 09:31:51,377 [INFO] PluginManager:220 - loadIPPluginJar : add freertos
2025-04-15 09:31:51,400 [INFO] IPUIPlugin:80 - create IPUIPlugin
2025-04-15 09:31:51,400 [INFO] PluginManager:220 - loadIPPluginJar : add genericplugin
2025-04-15 09:31:51,483 [INFO] IPUIPlugin:80 - create IPUIPlugin
2025-04-15 09:31:51,483 [INFO] PluginManager:220 - loadIPPluginJar : add gfxmmu
2025-04-15 09:31:51,586 [INFO] IPUIPlugin:80 - create IPUIPlugin
2025-04-15 09:31:51,586 [INFO] PluginManager:220 - loadIPPluginJar : add gic
2025-04-15 09:31:51,601 [INFO] IPUIPlugin:80 - create IPUIPlugin
2025-04-15 09:31:51,601 [INFO] PluginManager:220 - loadIPPluginJar : add gpio
2025-04-15 09:31:51,670 [INFO] IPUIPlugin:80 - create IPUIPlugin
2025-04-15 09:31:51,670 [INFO] PluginManager:220 - loadIPPluginJar : add gtzc
2025-04-15 09:31:51,696 [INFO] IPUIPlugin:80 - create IPUIPlugin
2025-04-15 09:31:51,697 [INFO] PluginManager:220 - loadIPPluginJar : add hash
2025-04-15 09:31:51,742 [INFO] IPUIPlugin:80 - create IPUIPlugin
2025-04-15 09:31:51,742 [INFO] PluginManager:220 - loadIPPluginJar : add i2c
2025-04-15 09:31:51,781 [INFO] IPUIPlugin:80 - create IPUIPlugin
2025-04-15 09:31:51,781 [INFO] PluginManager:220 - loadIPPluginJar : add i2s
2025-04-15 09:31:51,825 [INFO] IPUIPlugin:80 - create IPUIPlugin
2025-04-15 09:31:51,825 [INFO] PluginManager:220 - loadIPPluginJar : add i3c
2025-04-15 09:31:51,919 [INFO] IPUIPlugin:80 - create IPUIPlugin
2025-04-15 09:31:51,920 [INFO] PluginManager:220 - loadIPPluginJar : add ipddr
2025-04-15 09:31:52,002 [INFO] IPUIPlugin:80 - create IPUIPlugin
2025-04-15 09:31:52,002 [INFO] PluginManager:220 - loadIPPluginJar : add linkedlist
2025-04-15 09:31:52,038 [INFO] IPUIPlugin:80 - create IPUIPlugin
2025-04-15 09:31:52,038 [INFO] PluginManager:220 - loadIPPluginJar : add lorawan
2025-04-15 09:31:52,072 [INFO] IPUIPlugin:80 - create IPUIPlugin
2025-04-15 09:31:52,072 [INFO] PluginManager:220 - loadIPPluginJar : add ltdc
2025-04-15 09:31:52,088 [INFO] IPUIPlugin:80 - create IPUIPlugin
2025-04-15 09:31:52,088 [INFO] PluginManager:220 - loadIPPluginJar : add mdma
2025-04-15 09:31:52,101 [INFO] IPUIPlugin:80 - create IPUIPlugin
2025-04-15 09:31:52,101 [INFO] PluginManager:220 - loadIPPluginJar : add nvic
2025-04-15 09:31:52,140 [INFO] IPUIPlugin:80 - create IPUIPlugin
2025-04-15 09:31:52,141 [INFO] PluginManager:220 - loadIPPluginJar : add opamp
2025-04-15 09:31:52,201 [INFO] IPUIPlugin:80 - create IPUIPlugin
2025-04-15 09:31:52,201 [INFO] PluginManager:220 - loadIPPluginJar : add openamp
2025-04-15 09:31:52,247 [INFO] IPUIPlugin:80 - create IPUIPlugin
2025-04-15 09:31:52,247 [INFO] PluginManager:220 - loadIPPluginJar : add pdm2pcm
2025-04-15 09:31:52,260 [INFO] IPUIPlugin:80 - create IPUIPlugin
2025-04-15 09:31:52,262 [INFO] PluginManager:220 - loadIPPluginJar : add plateformsettings
2025-04-15 09:31:52,287 [INFO] IPUIPlugin:80 - create IPUIPlugin
2025-04-15 09:31:52,288 [INFO] PluginManager:220 - loadIPPluginJar : add quadspi
2025-04-15 09:31:52,314 [INFO] IPUIPlugin:80 - create IPUIPlugin
2025-04-15 09:31:52,314 [INFO] PluginManager:220 - loadIPPluginJar : add radio
2025-04-15 09:31:52,327 [INFO] IPUIPlugin:80 - create IPUIPlugin
2025-04-15 09:31:52,327 [INFO] PluginManager:220 - loadIPPluginJar : add resmgrutility
2025-04-15 09:31:52,370 [INFO] IPUIPlugin:80 - create IPUIPlugin
2025-04-15 09:31:52,370 [INFO] PluginManager:220 - loadIPPluginJar : add sai
2025-04-15 09:31:52,400 [INFO] IPUIPlugin:80 - create IPUIPlugin
2025-04-15 09:31:52,401 [INFO] PluginManager:220 - loadIPPluginJar : add spi
2025-04-15 09:31:52,453 [INFO] IPUIPlugin:80 - create IPUIPlugin
2025-04-15 09:31:52,453 [INFO] PluginManager:220 - loadIPPluginJar : add stm32_wpan
2025-04-15 09:31:52,476 [INFO] IPUIPlugin:80 - create IPUIPlugin
2025-04-15 09:31:52,476 [INFO] PluginManager:220 - loadIPPluginJar : add tim
2025-04-15 09:31:52,525 [INFO] IPUIPlugin:80 - create IPUIPlugin
2025-04-15 09:31:52,525 [INFO] PluginManager:220 - loadIPPluginJar : add touchsensing
2025-04-15 09:31:52,546 [INFO] IPUIPlugin:80 - create IPUIPlugin
2025-04-15 09:31:52,546 [INFO] PluginManager:220 - loadIPPluginJar : add tracer_emb
2025-04-15 09:31:52,571 [INFO] IPUIPlugin:80 - create IPUIPlugin
2025-04-15 09:31:52,571 [INFO] PluginManager:220 - loadIPPluginJar : add ts
2025-04-15 09:31:52,598 [INFO] IPUIPlugin:80 - create IPUIPlugin
2025-04-15 09:31:52,598 [INFO] PluginManager:220 - loadIPPluginJar : add tsc
2025-04-15 09:31:52,621 [INFO] IPUIPlugin:80 - create IPUIPlugin
2025-04-15 09:31:52,622 [INFO] PluginManager:220 - loadIPPluginJar : add ucpd
2025-04-15 09:31:52,661 [INFO] IPUIPlugin:80 - create IPUIPlugin
2025-04-15 09:31:52,662 [INFO] PluginManager:220 - loadIPPluginJar : add usart
2025-04-15 09:31:52,706 [INFO] IPUIPlugin:80 - create IPUIPlugin
2025-04-15 09:31:52,706 [INFO] PluginManager:220 - loadIPPluginJar : add usbx
2025-04-15 09:31:52,819 [FATAL] Updater:351 - Updater called before beeing initialized
2025-04-15 09:31:52,841 [INFO] RulesReader:64 - Compatibility file has been processed (297 Rules)
2025-04-15 09:31:52,852 [INFO] RulesReader:64 - Compatibility file has been processed (297 Rules)
2025-04-15 09:31:52,860 [INFO] CADModel:165 - CPN selected for project level
2025-04-15 09:31:52,860 [INFO] CADModel:114 - Register for checkConnection events
2025-04-15 09:31:52,860 [FATAL] Updater:351 - Updater called before beeing initialized
2025-04-15 09:31:52,860 [ERROR] CADModel:125 - Updater not yet initialized, retry later 
2025-04-15 09:31:52,980 [FATAL] Updater:351 - Updater called before beeing initialized
2025-04-15 09:31:52,981 [INFO] CADModel:165 - CPN selected for project level
2025-04-15 09:31:52,981 [INFO] CADModel:114 - Register for checkConnection events
2025-04-15 09:31:52,981 [FATAL] Updater:351 - Updater called before beeing initialized
2025-04-15 09:31:52,981 [ERROR] CADModel:125 - Updater not yet initialized, retry later 
2025-04-15 09:31:52,984 [FATAL] Updater:351 - Updater called before beeing initialized
2025-04-15 09:31:53,056 [FATAL] Updater:351 - Updater called before beeing initialized
2025-04-15 09:31:53,067 [INFO] DbMcusAds:53 - JSON generation date=Thu Mar 06 21:54:22 ICT 2025 (1741272862078)
2025-04-15 09:31:53,067 [FATAL] Updater:351 - Updater called before beeing initialized
2025-04-15 09:31:53,095 [WARN] DetailPanel:346 - Failed to get advertising image, set to default
2025-04-15 09:31:53,250 [FATAL] Updater:351 - Updater called before beeing initialized
2025-04-15 09:31:53,252 [FATAL] Updater:351 - Updater called before beeing initialized
2025-04-15 09:31:53,252 [FATAL] Updater:351 - Updater called before beeing initialized
2025-04-15 09:31:53,252 [WARN] DetailPanel:346 - Failed to get advertising image, set to default
2025-04-15 09:31:53,253 [FATAL] Updater:351 - Updater called before beeing initialized
2025-04-15 09:31:53,305 [ERROR] Updater:1198 - MainUpdater not yet initialized. External WinMGr cannot be set.
2025-04-15 09:31:53,313 [INFO] Updater:1134 - Updater Version found : 6.13.0
2025-04-15 09:31:53,327 [INFO] ApplicationProperties:184 - Using Application install path: C:\ST\STM32CubeIDE_1.17.0\STM32CubeIDE\plugins\com.st.stm32cube.common.mx_6.13.0.202411220809
2025-04-15 09:31:53,561 [INFO] ThirdPartyUpdaterWithRetryManager:70 - Updater plugin not ready yet. [2/15]
2025-04-15 09:31:54,189 [INFO] MainUpdater:2872 - connection check result : 10
2025-04-15 09:31:54,190 [INFO] MainUpdater:3566 - Updater definition file requires update
2025-04-15 09:31:54,190 [INFO] MainUpdater:289 - Updater Check For Update Now.
2025-04-15 09:31:54,190 [INFO] MicroXplorer:498 - Change Database Version : DB.6.0.130
2025-04-15 09:31:54,206 [INFO] McuFinderGlobals:63 - Set McuFinder mode to 2 (CubeIDE integrated)
2025-04-15 09:31:54,211 [INFO] UserAuth:486 - Internet connection configuration mode: 1
2025-04-15 09:31:54,232 [INFO] JxBrowserEngine:152 - Initiate JxBrowser Engine with user profile folder
2025-04-15 09:31:54,529 [INFO] ServerAccessManage:473 - Download File updaters.zip
2025-04-15 09:31:55,083 [INFO] WebApp:168 - Instantiating new browser for Auth
2025-04-15 09:31:55,671 [INFO] FileExtend:240 - Unzip File : updaters.zip
2025-04-15 09:31:55,671 [INFO] FileExtend:255 - Standard Zip Deflate
2025-04-15 09:31:56,209 [INFO] WebApp:449 - Apply proxy settings
2025-04-15 09:31:56,210 [INFO] WebApp:534 - Chromium requires no authentication
2025-04-15 09:31:56,251 [INFO] WebApp:477 - Direct internet connection detected
2025-04-15 09:31:56,323 [INFO] WebApp:880 - Register for checkConnection events
2025-04-15 09:31:56,324 [INFO] WebApp:449 - Apply proxy settings
2025-04-15 09:31:56,324 [INFO] WebApp:534 - Chromium requires no authentication
2025-04-15 09:31:56,325 [INFO] WebApp:477 - Direct internet connection detected
2025-04-15 09:31:56,562 [WARN] MainUpdater:1193 - Updater busy. Cannot search thirdparties
2025-04-15 09:31:56,562 [INFO] ThirdPartyUpdaterWithRetryManager:96 - Updater plugin is busy. [1/15]
2025-04-15 09:31:56,673 [INFO] WebApp:221 - Starting web application
2025-04-15 09:31:56,673 [INFO] WebApp:579 - Web application path used C:\ST\STM32CubeIDE_1.17.0\STM32CubeIDE\plugins\com.st.stm32cube.common.mx_6.13.0.202411220809\db\plugins\mcufinder\reactClient1\index.html
2025-04-15 09:31:56,820 [INFO] ServerAccessManage:473 - Download File PacksControlFlags.xml
2025-04-15 09:31:56,826 [INFO] UserAuth:486 - Internet connection configuration mode: 1
2025-04-15 09:31:57,044 [INFO] WebApp:187 - Connection restablished
2025-04-15 09:31:59,006 [INFO] ServerAccessManage:473 - Download File cubemx.pidx
2025-04-15 09:31:59,098 [INFO] LoadServerUpdatesThread:375 - End of LoadServerUpdate Thread
2025-04-15 09:31:59,264 [INFO] CheckServerUpdateThread:120 - End of CheckServer Thread
2025-04-15 09:31:59,741 [WARN] PackLoader:240 - Cannot read IP mode file for STMicroelectronics.FP-SNS-MOTENVWB1.1.4.0
2025-04-15 09:31:59,760 [WARN] PackLoader:240 - Cannot read IP mode file for STMicroelectronics.FP-ATR-ASTRA1.2.0.2
2025-04-15 09:31:59,773 [WARN] PackLoader:240 - Cannot read IP mode file for STMicroelectronics.FP-ATR-ASTRA1.2.0.1
2025-04-15 09:31:59,791 [WARN] PackLoader:240 - Cannot read IP mode file for STMicroelectronics.X-CUBE-SMBUS.2.1.0
2025-04-15 09:31:59,809 [WARN] PackLoader:240 - Cannot read IP mode file for STMicroelectronics.X-CUBE-WB05N.1.1.0
2025-04-15 09:31:59,845 [WARN] PackLoader:240 - Cannot read IP mode file for STMicroelectronics.X-CUBE-AZRTOS-F7.1.1.0
2025-04-15 09:31:59,864 [WARN] PackLoader:240 - Cannot read IP mode file for STMicroelectronics.FP-SNS-FLIGHT1.5.0.2
2025-04-15 09:31:59,897 [WARN] PackLoader:240 - Cannot read IP mode file for Infineon.AIROC-Wi-Fi-Bluetooth-STM32.1.7.0
2025-04-15 09:31:59,921 [WARN] PackLoader:240 - Cannot read IP mode file for STMicroelectronics.X-CUBE-DISPLAY.3.0.0
2025-04-15 09:31:59,939 [WARN] PackLoader:240 - Cannot read IP mode file for STMicroelectronics.X-CUBE-BLE1.7.0.0
2025-04-15 09:31:59,954 [WARN] PackLoader:240 - Cannot read IP mode file for STMicroelectronics.X-CUBE-NFC10.1.0.0
2025-04-15 09:31:59,971 [WARN] PackLoader:240 - Cannot read IP mode file for STMicroelectronics.X-CUBE-BLEMGR.4.0.0
2025-04-15 09:31:59,990 [WARN] PackLoader:240 - Cannot read IP mode file for emotas.I-CUBE-CANOPEN.1.3.0
2025-04-15 09:32:00,006 [WARN] PackLoader:240 - Cannot read IP mode file for STMicroelectronics.X-CUBE-AI.10.0.0
2025-04-15 09:32:00,030 [WARN] PackLoader:240 - Cannot read IP mode file for STMicroelectronics.FP-SNS-SMARTAG2.1.2.0
2025-04-15 09:32:00,049 [WARN] PackLoader:240 - Cannot read IP mode file for STMicroelectronics.FP-SNS-FLIGHT1.5.1.0
2025-04-15 09:32:00,105 [WARN] PackLoader:240 - Cannot read IP mode file for STMicroelectronics.X-CUBE-MEMS1.11.1.0
2025-04-15 09:32:00,241 [INFO] LogOutputStream:77 - [STDOUT_REDIRECT] 1 : Invalid condition id : UX_CORESTACK_Condition cause : null
2025-04-15 09:32:00,243 [INFO] LogOutputStream:77 - [STDOUT_REDIRECT] 1 : Invalid condition id : UX_CORESTACK_Condition cause : null
2025-04-15 09:32:00,245 [INFO] LogOutputStream:77 - [STDOUT_REDIRECT] 1 : Invalid condition id : UX_CORESTACK_Condition cause : null
2025-04-15 09:32:00,246 [INFO] LogOutputStream:77 - [STDOUT_REDIRECT] 1 : Invalid condition id : UX_CORESTACK_Condition cause : null
2025-04-15 09:32:00,248 [INFO] LogOutputStream:77 - [STDOUT_REDIRECT] 1 : Invalid condition id : UX_CORESTACK_Condition cause : null
2025-04-15 09:32:00,252 [WARN] PackLoader:240 - Cannot read IP mode file for STMicroelectronics.X-CUBE-AZRTOS-WL.2.0.0
2025-04-15 09:32:00,272 [WARN] PackLoader:240 - Cannot read IP mode file for STMicroelectronics.FP-SNS-MOTENV1.5.0.0
2025-04-15 09:32:00,288 [WARN] PackLoader:240 - Cannot read IP mode file for wolfSSL.I-CUBE-wolfMQTT.1.19.0
2025-04-15 09:32:00,316 [WARN] PackLoader:240 - Cannot read IP mode file for WES.I-CUBE-Cesium.1.3.0
2025-04-15 09:32:00,349 [WARN] PackLoader:240 - Cannot read IP mode file for STMicroelectronics.X-CUBE-BLE2.3.3.0
2025-04-15 09:32:00,378 [WARN] PackLoader:240 - Cannot read IP mode file for STMicroelectronics.X-CUBE-NFC9.1.0.0
2025-04-15 09:32:00,394 [WARN] PackLoader:240 - Cannot read IP mode file for STMicroelectronics.X-CUBE-BLE1.7.1.0
2025-04-15 09:32:00,523 [WARN] PackLoader:240 - Cannot read IP mode file for STMicroelectronics.X-CUBE-AZRTOS-G0.1.1.0
2025-04-15 09:32:00,545 [WARN] PackLoader:240 - Cannot read IP mode file for STMicroelectronics.X-CUBE-SAFEA1.1.2.2
2025-04-15 09:32:00,561 [WARN] PackLoader:240 - Cannot read IP mode file for STMicroelectronics.X-CUBE-NFC4.3.0.0
2025-04-15 09:32:00,581 [WARN] PackLoader:240 - Cannot read IP mode file for EmbeddedOffice.I-CUBE-FS-RTOS.1.0.1
2025-04-15 09:32:00,603 [WARN] PackLoader:240 - Cannot read IP mode file for STMicroelectronics.X-CUBE-TCPP.4.2.0
2025-04-15 09:32:00,633 [WARN] PackLoader:240 - Cannot read IP mode file for RealThread.X-CUBE-RT-Thread_Nano.4.1.1
2025-04-15 09:32:00,650 [WARN] PackLoader:240 - Cannot read IP mode file for STMicroelectronics.FP-ATR-SIGFOX1.3.2.0
2025-04-15 09:32:00,664 [WARN] ConditionMgr:438 - getConditionDescription Invalid condition id : Cortex-A Device cause : null
2025-04-15 09:32:00,685 [WARN] ConditionMgr:1044 - genDependencies : Invalid condition id : Cortex-A Device cause : null
2025-04-15 09:32:00,685 [WARN] ConditionMgr:1044 - genDependencies : Invalid condition id : Cortex-A Device cause : null
2025-04-15 09:32:00,685 [WARN] ConditionMgr:1044 - genDependencies : Invalid condition id : Cortex-A Device cause : null
2025-04-15 09:32:00,700 [WARN] PackLoader:240 - Cannot read IP mode file for STMicroelectronics.X-CUBE-EEPRMA1.5.1.0
2025-04-15 09:32:00,716 [WARN] PackLoader:240 - Cannot read IP mode file for wolfSSL.I-CUBE-wolfSSL.5.7.4
2025-04-15 09:32:00,732 [WARN] PackLoader:240 - Cannot read IP mode file for ITTIA_DB.I-CUBE-ITTIADB.8.9.0
2025-04-15 09:32:00,755 [WARN] PackLoader:240 - Cannot read IP mode file for SEGGER.I-CUBE-embOS.1.3.1
2025-04-15 09:32:00,788 [WARN] PackLoader:240 - Cannot read IP mode file for STMicroelectronics.X-CUBE-ALGOBUILD.1.4.0
2025-04-15 09:32:00,803 [WARN] PackLoader:240 - Cannot read IP mode file for STMicroelectronics.X-CUBE-AI.9.1.0
2025-04-15 09:32:00,827 [WARN] PackLoader:240 - Cannot read IP mode file for STMicroelectronics.X-CUBE-AZRTOS-F4.1.1.0
2025-04-15 09:32:00,848 [WARN] PackLoader:240 - Cannot read IP mode file for STMicroelectronics.X-CUBE-ISPU.2.1.0
2025-04-15 09:32:00,877 [WARN] PackLoader:240 - Cannot read IP mode file for STMicroelectronics.X-CUBE-AZRTOS-L5.2.0.0
2025-04-15 09:32:00,903 [WARN] PackLoader:240 - Cannot read IP mode file for STMicroelectronics.X-CUBE-NFC6.3.1.0
2025-04-15 09:32:00,923 [WARN] PackLoader:240 - Cannot read IP mode file for STMicroelectronics.X-CUBE-DPower.1.2.0
2025-04-15 09:32:00,941 [WARN] PackLoader:240 - Cannot read IP mode file for STMicroelectronics.X-CUBE-FREERTOS.1.3.0
2025-04-15 09:32:00,957 [WARN] PackLoader:240 - Cannot read IP mode file for STMicroelectronics.X-CUBE-NFC7.1.0.1
2025-04-15 09:32:00,974 [WARN] PackLoader:240 - Cannot read IP mode file for STMicroelectronics.X-CUBE-DPower.1.3.0
2025-04-15 09:32:01,005 [WARN] ConditionMgr:438 - getConditionDescription Invalid condition id : LAN8742 Phy interface Condition cause : null
2025-04-15 09:32:01,006 [WARN] PackLoader:240 - Cannot read IP mode file for STMicroelectronics.X-CUBE-AZRTOS-L4.2.0.0
2025-04-15 09:32:01,006 [WARN] ConditionMgr:1044 - genDependencies : Invalid condition id : LAN8742 Phy interface Condition cause : null
2025-04-15 09:32:01,007 [WARN] ConditionMgr:1044 - genDependencies : Invalid condition id : LAN8742 Phy interface Condition cause : null
2025-04-15 09:32:01,007 [WARN] ConditionMgr:1044 - genDependencies : Invalid condition id : LAN8742 Phy interface Condition cause : null
2025-04-15 09:32:01,026 [WARN] PackLoader:240 - Cannot read IP mode file for STMicroelectronics.X-CUBE-SFXS2LP1.4.0.0
2025-04-15 09:32:01,054 [WARN] PackLoader:240 - Cannot read IP mode file for STMicroelectronics.X-CUBE-AZRTOS-H7.3.3.0
2025-04-15 09:32:01,082 [WARN] ConditionMgr:438 - getConditionDescription Invalid condition id : UX DEVICE CLASS RTOS Condition cause : null
2025-04-15 09:32:01,082 [WARN] ConditionMgr:438 - getConditionDescription Invalid condition id : UX DEVICE CLASS RTOS Condition cause : null
2025-04-15 09:32:01,084 [WARN] PackLoader:240 - Cannot read IP mode file for STMicroelectronics.X-CUBE-AZRTOS-WB.2.0.0
2025-04-15 09:32:01,085 [WARN] ConditionMgr:1044 - genDependencies : Invalid condition id : UX DEVICE CLASS RTOS Condition cause : null
2025-04-15 09:32:01,085 [WARN] ConditionMgr:1044 - genDependencies : Invalid condition id : UX DEVICE CLASS RTOS Condition cause : null
2025-04-15 09:32:01,085 [WARN] ConditionMgr:1044 - genDependencies : Invalid condition id : UX DEVICE CLASS RTOS Condition cause : null
2025-04-15 09:32:01,086 [WARN] ConditionMgr:1044 - genDependencies : Invalid condition id : UX DEVICE CLASS RTOS Condition cause : null
2025-04-15 09:32:01,086 [WARN] ConditionMgr:1044 - genDependencies : Invalid condition id : UX DEVICE CLASS RTOS Condition cause : null
2025-04-15 09:32:01,106 [WARN] PackLoader:240 - Cannot read IP mode file for STMicroelectronics.X-CUBE-GNSS1.7.0.1
2025-04-15 09:32:01,128 [WARN] PackLoader:240 - Cannot read IP mode file for STMicroelectronics.X-CUBE-TOUCHGFX.4.25.0
2025-04-15 09:32:01,150 [WARN] PackLoader:240 - Cannot read IP mode file for STMicroelectronics.FP-SNS-STBOX1.2.0.0
2025-04-15 09:32:01,178 [WARN] PackLoader:240 - Cannot read IP mode file for STMicroelectronics.X-CUBE-SUBG2.5.0.0
2025-04-15 09:32:01,214 [WARN] PackLoader:240 - Cannot read IP mode file for STMicroelectronics.X-CUBE-AZRTOS-H7RS.1.1.0
2025-04-15 09:32:01,238 [WARN] PackLoader:240 - Cannot read IP mode file for Cesanta.I-CUBE-Mongoose.7.13.0
2025-04-15 09:32:01,265 [WARN] PackLoader:240 - Cannot read IP mode file for STMicroelectronics.X-CUBE-AZRTOS-G4.2.0.0
2025-04-15 09:32:01,288 [WARN] PackLoader:240 - Cannot read IP mode file for STMicroelectronics.X-CUBE-IPS.3.1.0
2025-04-15 09:32:01,311 [WARN] PackLoader:240 - Cannot read IP mode file for STMicroelectronics.X-CUBE-ALS.1.0.2
2025-04-15 09:32:01,331 [WARN] PackLoader:240 - Cannot read IP mode file for STMicroelectronics.X-CUBE-TOUCHGFX.4.24.2
2025-04-15 09:32:01,353 [WARN] PackLoader:240 - Cannot read IP mode file for wolfSSL.I-CUBE-wolfTPM.3.4.0
2025-04-15 09:32:01,377 [WARN] PackLoader:240 - Cannot read IP mode file for portGmbH.I-Cube-SoM-uGOAL.1.1.0
2025-04-15 09:32:01,414 [WARN] PackLoader:240 - Cannot read IP mode file for STMicroelectronics.X-CUBE-AZRTOS-H7RS.1.0.0
2025-04-15 09:32:01,436 [WARN] PackLoader:240 - Cannot read IP mode file for STMicroelectronics.X-CUBE-TOF1.3.4.2
2025-04-15 09:32:01,453 [WARN] PackLoader:240 - Cannot read IP mode file for wolfSSL.I-CUBE-wolfSSH.1.4.17
2025-04-15 09:32:01,453 [INFO] ThirdParty:978 - Integrity check success = true
2025-04-15 09:32:01,453 [INFO] IntegrityCheckThread:100 - exiting critical section [integrity check]
2025-04-15 09:32:01,453 [INFO] IntegrityCheckThread:103 - End integrity checks thread
2025-04-15 09:41:45,925 [INFO] Activator:176 - 


2025-04-15 09:41:45,925 [INFO] Activator:177 - !SESSION log4j initialized
2025-04-15 09:41:50,540 [INFO] LogOutputStream:77 - [STDOUT_REDIRECT] 
2025-04-15 09:41:51,387 [INFO] ApplicationProperties:184 - Using Application install path: C:\ST\STM32CubeIDE_1.17.0\STM32CubeIDE\plugins\com.st.stm32cube.common.mx_6.13.0.202411220809
2025-04-15 09:41:51,425 [INFO] DbMcusXml:78 - Set database path to: C:\ST\STM32CubeIDE_1.17.0\STM32CubeIDE\plugins\com.st.stm32cube.common.mx_6.13.0.202411220809\\db\/mcu/
2025-04-15 09:41:51,425 [INFO] ApiDb:274 - Set plugin database path to: C:\ST\STM32CubeIDE_1.17.0\STM32CubeIDE\plugins\com.st.stm32cube.common.mx_6.13.0.202411220809\\db\/plugins/boardmanager/
2025-04-15 09:41:51,426 [WARN] ApiDb:259 - Overriding images path with different value:  => C:\ST\STM32CubeIDE_1.17.0\STM32CubeIDE\plugins\com.st.stm32cube.common.mx_6.13.0.202411220809\\db\/plugins/mcufinder/images/
2025-04-15 09:41:51,438 [INFO] ApiDb:250 - Set database path to: C:\Users\APC\.stmcufinder\plugins\mcufinder//mcu/
2025-04-15 09:41:51,441 [INFO] DbMcusAds:125 - Set database path to: C:\Users\APC\.stmcufinder\plugins\mcufinder//mcu/
2025-04-15 09:41:51,447 [INFO] CrossReferenceDbSqlite:203 - Set database path to: C:\Users\APC\.stmcufinder\plugins\mcufinder//mcu/cs/
2025-04-15 09:41:51,558 [INFO] RulesReader:64 - Compatibility file has been processed (297 Rules)
2025-04-15 09:41:51,649 [INFO] DbMcusXml:78 - Set database path to: C:\ST\STM32CubeIDE_1.17.0\STM32CubeIDE\plugins\com.st.stm32cube.common.mx_6.13.0.202411220809\\db\/mcu/
2025-04-15 09:41:51,649 [INFO] ApiDb:274 - Set plugin database path to: C:\ST\STM32CubeIDE_1.17.0\STM32CubeIDE\plugins\com.st.stm32cube.common.mx_6.13.0.202411220809\\db\/plugins/boardmanager/
2025-04-15 09:41:51,649 [INFO] ApiDb:261 - Set plugin images path to: C:\ST\STM32CubeIDE_1.17.0\STM32CubeIDE\plugins\com.st.stm32cube.common.mx_6.13.0.202411220809\\db\/plugins/mcufinder/images/
2025-04-15 09:41:51,649 [WARN] DbFile:41 - Overriding database path with different value: C:\Users\APC\.stmcufinder\plugins\mcufinder/ => C:\Users\APC\.stmcufinder\plugins\mcufinder
2025-04-15 09:41:51,649 [INFO] ApiDb:250 - Set database path to: C:\Users\APC\.stmcufinder\plugins\mcufinder//mcu/
2025-04-15 09:41:51,649 [WARN] DbFile:41 - Overriding database path with different value: C:\Users\APC\.stmcufinder\plugins\mcufinder/ => C:\Users\APC\.stmcufinder\plugins\mcufinder
2025-04-15 09:41:51,649 [INFO] DbMcusAds:125 - Set database path to: C:\Users\APC\.stmcufinder\plugins\mcufinder//mcu/
2025-04-15 09:41:51,649 [WARN] DbFile:41 - Overriding database path with different value: C:\Users\APC\.stmcufinder\plugins\mcufinder/ => C:\Users\APC\.stmcufinder\plugins\mcufinder
2025-04-15 09:41:51,651 [WARN] DbFile:41 - Overriding database path with different value: C:\Users\APC\.stmcufinder\plugins\mcufinder/ => C:\Users\APC\.stmcufinder\plugins\mcufinder
2025-04-15 09:41:51,651 [INFO] CrossReferenceDbSqlite:203 - Set database path to: C:\Users\APC\.stmcufinder\plugins\mcufinder//mcu/cs/
2025-04-15 09:41:51,726 [INFO] MainPanel:272 - HeapMemory: 268435456
2025-04-15 09:41:51,838 [INFO] DbMcusXml:78 - Set database path to: C:\ST\STM32CubeIDE_1.17.0\STM32CubeIDE\plugins\com.st.stm32cube.common.mx_6.13.0.202411220809\\db\/mcu/
2025-04-15 09:41:51,838 [INFO] ApiDb:274 - Set plugin database path to: C:\ST\STM32CubeIDE_1.17.0\STM32CubeIDE\plugins\com.st.stm32cube.common.mx_6.13.0.202411220809\\db\/plugins/boardmanager/
2025-04-15 09:41:51,838 [INFO] ApiDb:261 - Set plugin images path to: C:\ST\STM32CubeIDE_1.17.0\STM32CubeIDE\plugins\com.st.stm32cube.common.mx_6.13.0.202411220809\\db\/plugins/mcufinder/images/
2025-04-15 09:41:51,838 [WARN] DbFile:41 - Overriding database path with different value: C:\Users\APC\.stmcufinder\plugins\mcufinder/ => C:\Users\APC\.stmcufinder\plugins\mcufinder
2025-04-15 09:41:51,839 [INFO] ApiDb:250 - Set database path to: C:\Users\APC\.stmcufinder\plugins\mcufinder//mcu/
2025-04-15 09:41:51,839 [WARN] DbFile:41 - Overriding database path with different value: C:\Users\APC\.stmcufinder\plugins\mcufinder/ => C:\Users\APC\.stmcufinder\plugins\mcufinder
2025-04-15 09:41:51,839 [INFO] DbMcusAds:125 - Set database path to: C:\Users\APC\.stmcufinder\plugins\mcufinder//mcu/
2025-04-15 09:41:51,839 [WARN] DbFile:41 - Overriding database path with different value: C:\Users\APC\.stmcufinder\plugins\mcufinder/ => C:\Users\APC\.stmcufinder\plugins\mcufinder
2025-04-15 09:41:51,839 [WARN] DbFile:41 - Overriding database path with different value: C:\Users\APC\.stmcufinder\plugins\mcufinder/ => C:\Users\APC\.stmcufinder\plugins\mcufinder
2025-04-15 09:41:51,839 [INFO] CrossReferenceDbSqlite:203 - Set database path to: C:\Users\APC\.stmcufinder\plugins\mcufinder//mcu/cs/
2025-04-15 09:41:51,856 [INFO] ApplicationProperties:184 - Using Application install path: C:\ST\STM32CubeIDE_1.17.0\STM32CubeIDE\plugins\com.st.stm32cube.common.mx_6.13.0.202411220809
2025-04-15 09:41:51,857 [INFO] PluginManage:196 - Search for loadable plugins [exclusion list=, ]
2025-04-15 09:41:51,858 [INFO] PluginManage:310 - Check plugin analytics
2025-04-15 09:41:51,983 [INFO] AnalyticsPlugin:253 - Accepted Software Licenses: STM32CubeMX.6.13.0
2025-04-15 09:41:51,983 [INFO] AnalyticsPlugin:255 - Accepted CMSIS Pack Licenses: 
2025-04-15 09:41:51,983 [INFO] AnalyticsPlugin:257 - Accepted Firmware Licenses: FW.F4.1.28.0
2025-04-15 09:41:51,986 [INFO] PluginManage:359 - Loaded plugin analytics (category:tool,tabindex:-1)
2025-04-15 09:41:51,987 [INFO] PluginManage:310 - Check plugin cadmodel
2025-04-15 09:41:51,992 [INFO] CADModel:105 - Init CAD model plugin
2025-04-15 09:41:51,992 [INFO] PluginManage:359 - Loaded plugin cadmodel (category:power,tabindex:5)
2025-04-15 09:41:51,992 [INFO] PluginManage:310 - Check plugin clock
2025-04-15 09:41:51,998 [INFO] PluginManage:359 - Loaded plugin clock (category:base,tabindex:2)
2025-04-15 09:41:51,998 [INFO] PluginManage:310 - Check plugin ddr
2025-04-15 09:41:52,000 [INFO] PluginManage:359 - Loaded plugin ddr (category:tool,tabindex:6)
2025-04-15 09:41:52,000 [INFO] PluginManage:310 - Check plugin filemanager
2025-04-15 09:41:52,116 [INFO] PluginManage:359 - Loaded plugin filemanager (category:base,tabindex:10)
2025-04-15 09:41:52,116 [INFO] PluginManage:310 - Check plugin ipmanager
2025-04-15 09:41:52,122 [INFO] PluginManage:359 - Loaded plugin ipmanager (category:base,tabindex:5)
2025-04-15 09:41:52,122 [INFO] PluginManage:310 - Check plugin lpbam
2025-04-15 09:41:52,128 [INFO] PluginManage:359 - Loaded plugin lpbam (category:base,tabindex:0)
2025-04-15 09:41:52,128 [INFO] PluginManage:310 - Check plugin memorymap
2025-04-15 09:41:52,140 [INFO] PluginManage:359 - Loaded plugin memorymap (category:base,tabindex:4)
2025-04-15 09:41:52,140 [INFO] PluginManage:310 - Check plugin pinoutandconfiguration
2025-04-15 09:41:52,146 [INFO] PluginManage:359 - Loaded plugin pinoutandconfiguration (category:base,tabindex:1)
2025-04-15 09:41:52,146 [INFO] PluginManage:310 - Check plugin pinoutconfig
2025-04-15 09:41:52,220 [WARN] SupportedApi:132 - Cannot load RTOS API schema: s4s-elt-must-match.1: The content of 'definitions' must match (annotation?, (simpleType | complexType)?, (unique | key | keyref)*)). A problem was found starting at: attribute.
2025-04-15 09:41:52,317 [INFO] PluginManage:359 - Loaded plugin pinoutconfig (category:base,tabindex:0)
2025-04-15 09:41:52,317 [INFO] PluginManage:310 - Check plugin power
2025-04-15 09:41:52,323 [INFO] PluginManage:359 - Loaded plugin power (category:power,tabindex:4)
2025-04-15 09:41:52,323 [INFO] PluginManage:310 - Check plugin projectmanager
2025-04-15 09:41:52,335 [INFO] PluginManage:359 - Loaded plugin projectmanager (category:projectmanager,tabindex:4)
2025-04-15 09:41:52,335 [INFO] PluginManage:310 - Check plugin rif
2025-04-15 09:41:52,343 [INFO] PluginManage:359 - Loaded plugin rif (category:base,tabindex:3)
2025-04-15 09:41:52,343 [INFO] PluginManage:310 - Check plugin thirdparty
2025-04-15 09:41:52,451 [INFO] PluginManage:359 - Loaded plugin thirdparty (category:base,tabindex:-1)
2025-04-15 09:41:52,451 [INFO] PluginManage:310 - Check plugin tools
2025-04-15 09:41:52,451 [WARN] IntegrityCheckThread:84 - waiting for thirdparty lock release [integrity check]
2025-04-15 09:41:52,451 [INFO] IntegrityCheckThread:86 - entering critical section [integrity check]
2025-04-15 09:41:52,451 [INFO] ThirdPartyUpdaterWithRetryManager:70 - Updater plugin not ready yet. [1/15]
2025-04-15 09:41:52,453 [INFO] PluginManage:359 - Loaded plugin tools (category:base,tabindex:7)
2025-04-15 09:41:52,453 [INFO] PluginManage:310 - Check plugin tutovideos
2025-04-15 09:41:52,590 [INFO] PluginManage:359 - Loaded plugin tutovideos (category:base,tabindex:-1)
2025-04-15 09:41:52,591 [INFO] PluginManage:310 - Check plugin updater
2025-04-15 09:41:52,609 [INFO] PluginManage:359 - Loaded plugin updater (category:base,tabindex:12)
2025-04-15 09:41:52,610 [INFO] PluginManage:310 - Check plugin userauth
2025-04-15 09:41:52,613 [INFO] UserAuth:118 - Init User Auth plugin
2025-04-15 09:41:52,614 [INFO] PluginManage:359 - Loaded plugin userauth (category:base,tabindex:14)
2025-04-15 09:41:52,614 [INFO] PluginManage:283 - PluginManage : Loaded plugins [18]
2025-04-15 09:41:52,793 [INFO] PinOutPanel:1589 - setPackage(No Configuration,No Configuration)
2025-04-15 09:41:52,863 [INFO] CADModel:165 - CPN selected for project level
2025-04-15 09:41:52,863 [INFO] CADModel:114 - Register for checkConnection events
2025-04-15 09:41:52,877 [INFO] IPUIPlugin:80 - create IPUIPlugin
2025-04-15 09:41:52,878 [INFO] PluginManager:220 - loadIPPluginJar : add adc
2025-04-15 09:41:52,879 [INFO] IPUIPlugin:80 - create IPUIPlugin
2025-04-15 09:41:52,880 [INFO] PluginManager:220 - loadIPPluginJar : add aes
2025-04-15 09:41:52,881 [INFO] IPUIPlugin:80 - create IPUIPlugin
2025-04-15 09:41:52,881 [INFO] PluginManager:220 - loadIPPluginJar : add can
2025-04-15 09:41:52,882 [INFO] IPUIPlugin:80 - create IPUIPlugin
2025-04-15 09:41:52,882 [INFO] PluginManager:220 - loadIPPluginJar : add comp
2025-04-15 09:41:52,884 [INFO] IPUIPlugin:80 - create IPUIPlugin
2025-04-15 09:41:52,884 [INFO] PluginManager:220 - loadIPPluginJar : add cryp
2025-04-15 09:41:52,887 [INFO] IPUIPlugin:80 - create IPUIPlugin
2025-04-15 09:41:52,887 [INFO] PluginManager:220 - loadIPPluginJar : add ddr_ctrl_phy
2025-04-15 09:41:52,888 [INFO] IPUIPlugin:80 - create IPUIPlugin
2025-04-15 09:41:52,888 [INFO] PluginManager:220 - loadIPPluginJar : add dfsdm
2025-04-15 09:41:52,893 [INFO] IPUIPlugin:80 - create IPUIPlugin
2025-04-15 09:41:52,893 [INFO] PluginManager:220 - loadIPPluginJar : add dma
2025-04-15 09:41:52,895 [INFO] IPUIPlugin:80 - create IPUIPlugin
2025-04-15 09:41:52,895 [INFO] PluginManager:220 - loadIPPluginJar : add dma3
2025-04-15 09:41:52,897 [INFO] IPUIPlugin:80 - create IPUIPlugin
2025-04-15 09:41:52,897 [INFO] PluginManager:220 - loadIPPluginJar : add extmemmanager
2025-04-15 09:41:52,899 [INFO] IPUIPlugin:80 - create IPUIPlugin
2025-04-15 09:41:52,899 [INFO] PluginManager:220 - loadIPPluginJar : add fatfs
2025-04-15 09:41:52,903 [INFO] IPUIPlugin:80 - create IPUIPlugin
2025-04-15 09:41:52,903 [INFO] PluginManager:220 - loadIPPluginJar : add fmc
2025-04-15 09:41:52,907 [INFO] IPUIPlugin:80 - create IPUIPlugin
2025-04-15 09:41:52,908 [INFO] PluginManager:220 - loadIPPluginJar : add freertos
2025-04-15 09:41:52,909 [INFO] IPUIPlugin:80 - create IPUIPlugin
2025-04-15 09:41:52,909 [INFO] PluginManager:220 - loadIPPluginJar : add genericplugin
2025-04-15 09:41:52,910 [INFO] IPUIPlugin:80 - create IPUIPlugin
2025-04-15 09:41:52,910 [INFO] PluginManager:220 - loadIPPluginJar : add gfxmmu
2025-04-15 09:41:52,914 [INFO] IPUIPlugin:80 - create IPUIPlugin
2025-04-15 09:41:52,914 [INFO] PluginManager:220 - loadIPPluginJar : add gic
2025-04-15 09:41:52,919 [INFO] IPUIPlugin:80 - create IPUIPlugin
2025-04-15 09:41:52,919 [INFO] PluginManager:220 - loadIPPluginJar : add gpio
2025-04-15 09:41:52,921 [INFO] IPUIPlugin:80 - create IPUIPlugin
2025-04-15 09:41:52,921 [INFO] PluginManager:220 - loadIPPluginJar : add gtzc
2025-04-15 09:41:52,923 [INFO] IPUIPlugin:80 - create IPUIPlugin
2025-04-15 09:41:52,923 [INFO] PluginManager:220 - loadIPPluginJar : add hash
2025-04-15 09:41:52,925 [INFO] IPUIPlugin:80 - create IPUIPlugin
2025-04-15 09:41:52,925 [INFO] PluginManager:220 - loadIPPluginJar : add i2c
2025-04-15 09:41:52,927 [INFO] IPUIPlugin:80 - create IPUIPlugin
2025-04-15 09:41:52,927 [INFO] PluginManager:220 - loadIPPluginJar : add i2s
2025-04-15 09:41:52,929 [INFO] IPUIPlugin:80 - create IPUIPlugin
2025-04-15 09:41:52,930 [INFO] PluginManager:220 - loadIPPluginJar : add i3c
2025-04-15 09:41:52,933 [INFO] IPUIPlugin:80 - create IPUIPlugin
2025-04-15 09:41:52,933 [INFO] PluginManager:220 - loadIPPluginJar : add ipddr
2025-04-15 09:41:52,939 [INFO] IPUIPlugin:80 - create IPUIPlugin
2025-04-15 09:41:52,939 [INFO] PluginManager:220 - loadIPPluginJar : add linkedlist
2025-04-15 09:41:52,942 [INFO] IPUIPlugin:80 - create IPUIPlugin
2025-04-15 09:41:52,942 [INFO] PluginManager:220 - loadIPPluginJar : add lorawan
2025-04-15 09:41:52,944 [INFO] IPUIPlugin:80 - create IPUIPlugin
2025-04-15 09:41:52,944 [INFO] PluginManager:220 - loadIPPluginJar : add ltdc
2025-04-15 09:41:52,948 [INFO] IPUIPlugin:80 - create IPUIPlugin
2025-04-15 09:41:52,948 [INFO] PluginManager:220 - loadIPPluginJar : add mdma
2025-04-15 09:41:52,951 [INFO] IPUIPlugin:80 - create IPUIPlugin
2025-04-15 09:41:52,951 [INFO] PluginManager:220 - loadIPPluginJar : add nvic
2025-04-15 09:41:52,954 [INFO] IPUIPlugin:80 - create IPUIPlugin
2025-04-15 09:41:52,954 [INFO] PluginManager:220 - loadIPPluginJar : add opamp
2025-04-15 09:41:52,956 [INFO] IPUIPlugin:80 - create IPUIPlugin
2025-04-15 09:41:52,956 [INFO] PluginManager:220 - loadIPPluginJar : add openamp
2025-04-15 09:41:52,958 [INFO] IPUIPlugin:80 - create IPUIPlugin
2025-04-15 09:41:52,959 [INFO] PluginManager:220 - loadIPPluginJar : add pdm2pcm
2025-04-15 09:41:52,963 [INFO] IPUIPlugin:80 - create IPUIPlugin
2025-04-15 09:41:52,965 [INFO] PluginManager:220 - loadIPPluginJar : add plateformsettings
2025-04-15 09:41:52,967 [INFO] IPUIPlugin:80 - create IPUIPlugin
2025-04-15 09:41:52,967 [INFO] PluginManager:220 - loadIPPluginJar : add quadspi
2025-04-15 09:41:52,968 [INFO] IPUIPlugin:80 - create IPUIPlugin
2025-04-15 09:41:52,968 [INFO] PluginManager:220 - loadIPPluginJar : add radio
2025-04-15 09:41:52,971 [INFO] IPUIPlugin:80 - create IPUIPlugin
2025-04-15 09:41:52,971 [INFO] PluginManager:220 - loadIPPluginJar : add resmgrutility
2025-04-15 09:41:52,973 [INFO] IPUIPlugin:80 - create IPUIPlugin
2025-04-15 09:41:52,973 [INFO] PluginManager:220 - loadIPPluginJar : add sai
2025-04-15 09:41:52,975 [INFO] IPUIPlugin:80 - create IPUIPlugin
2025-04-15 09:41:52,975 [INFO] PluginManager:220 - loadIPPluginJar : add spi
2025-04-15 09:41:52,979 [INFO] IPUIPlugin:80 - create IPUIPlugin
2025-04-15 09:41:52,979 [INFO] PluginManager:220 - loadIPPluginJar : add stm32_wpan
2025-04-15 09:41:52,980 [INFO] IPUIPlugin:80 - create IPUIPlugin
2025-04-15 09:41:52,981 [INFO] PluginManager:220 - loadIPPluginJar : add tim
2025-04-15 09:41:52,984 [INFO] IPUIPlugin:80 - create IPUIPlugin
2025-04-15 09:41:52,984 [INFO] PluginManager:220 - loadIPPluginJar : add touchsensing
2025-04-15 09:41:52,987 [INFO] IPUIPlugin:80 - create IPUIPlugin
2025-04-15 09:41:52,987 [INFO] PluginManager:220 - loadIPPluginJar : add tracer_emb
2025-04-15 09:41:52,988 [INFO] IPUIPlugin:80 - create IPUIPlugin
2025-04-15 09:41:52,988 [INFO] PluginManager:220 - loadIPPluginJar : add ts
2025-04-15 09:41:52,990 [INFO] IPUIPlugin:80 - create IPUIPlugin
2025-04-15 09:41:52,990 [INFO] PluginManager:220 - loadIPPluginJar : add tsc
2025-04-15 09:41:52,992 [INFO] IPUIPlugin:80 - create IPUIPlugin
2025-04-15 09:41:52,992 [INFO] PluginManager:220 - loadIPPluginJar : add ucpd
2025-04-15 09:41:52,994 [INFO] IPUIPlugin:80 - create IPUIPlugin
2025-04-15 09:41:52,994 [INFO] PluginManager:220 - loadIPPluginJar : add usart
2025-04-15 09:41:52,996 [INFO] IPUIPlugin:80 - create IPUIPlugin
2025-04-15 09:41:52,996 [INFO] PluginManager:220 - loadIPPluginJar : add usbx
2025-04-15 09:41:53,113 [FATAL] Updater:351 - Updater called before beeing initialized
2025-04-15 09:41:53,134 [INFO] RulesReader:64 - Compatibility file has been processed (297 Rules)
2025-04-15 09:41:53,147 [INFO] RulesReader:64 - Compatibility file has been processed (297 Rules)
2025-04-15 09:41:53,156 [INFO] CADModel:165 - CPN selected for project level
2025-04-15 09:41:53,156 [INFO] CADModel:114 - Register for checkConnection events
2025-04-15 09:41:53,156 [FATAL] Updater:351 - Updater called before beeing initialized
2025-04-15 09:41:53,157 [ERROR] CADModel:125 - Updater not yet initialized, retry later 
2025-04-15 09:41:53,290 [FATAL] Updater:351 - Updater called before beeing initialized
2025-04-15 09:41:53,291 [INFO] CADModel:165 - CPN selected for project level
2025-04-15 09:41:53,291 [INFO] CADModel:114 - Register for checkConnection events
2025-04-15 09:41:53,292 [FATAL] Updater:351 - Updater called before beeing initialized
2025-04-15 09:41:53,292 [ERROR] CADModel:125 - Updater not yet initialized, retry later 
2025-04-15 09:41:53,294 [FATAL] Updater:351 - Updater called before beeing initialized
2025-04-15 09:41:53,374 [FATAL] Updater:351 - Updater called before beeing initialized
2025-04-15 09:41:53,377 [INFO] DbMcusAds:53 - JSON generation date=Thu Mar 06 21:54:22 ICT 2025 (1741272862078)
2025-04-15 09:41:53,378 [FATAL] Updater:351 - Updater called before beeing initialized
2025-04-15 09:41:53,403 [WARN] DetailPanel:346 - Failed to get advertising image, set to default
2025-04-15 09:41:53,544 [FATAL] Updater:351 - Updater called before beeing initialized
2025-04-15 09:41:53,546 [FATAL] Updater:351 - Updater called before beeing initialized
2025-04-15 09:41:53,546 [FATAL] Updater:351 - Updater called before beeing initialized
2025-04-15 09:41:53,547 [WARN] DetailPanel:346 - Failed to get advertising image, set to default
2025-04-15 09:41:53,548 [FATAL] Updater:351 - Updater called before beeing initialized
2025-04-15 09:41:53,588 [ERROR] Updater:1198 - MainUpdater not yet initialized. External WinMGr cannot be set.
2025-04-15 09:41:53,589 [INFO] Updater:1134 - Updater Version found : 6.13.0
2025-04-15 09:41:53,603 [INFO] ApplicationProperties:184 - Using Application install path: C:\ST\STM32CubeIDE_1.17.0\STM32CubeIDE\plugins\com.st.stm32cube.common.mx_6.13.0.202411220809
2025-04-15 09:41:54,145 [INFO] MainUpdater:2872 - connection check result : 10
2025-04-15 09:41:54,145 [INFO] MainUpdater:289 - Updater Check For Update Now.
2025-04-15 09:41:54,145 [INFO] MicroXplorer:498 - Change Database Version : DB.6.0.130
2025-04-15 09:41:54,149 [INFO] McuFinderGlobals:63 - Set McuFinder mode to 2 (CubeIDE integrated)
2025-04-15 09:41:54,149 [INFO] UserAuth:486 - Internet connection configuration mode: 1
2025-04-15 09:41:54,183 [INFO] JxBrowserEngine:152 - Initiate JxBrowser Engine with user profile folder
2025-04-15 09:41:54,309 [INFO] CheckServerUpdateThread:120 - End of CheckServer Thread
2025-04-15 09:41:54,834 [INFO] WebApp:168 - Instantiating new browser for Auth
2025-04-15 09:41:55,416 [INFO] WebApp:449 - Apply proxy settings
2025-04-15 09:41:55,418 [INFO] WebApp:534 - Chromium requires no authentication
2025-04-15 09:41:55,426 [INFO] WebApp:477 - Direct internet connection detected
2025-04-15 09:41:55,447 [INFO] WebApp:880 - Register for checkConnection events
2025-04-15 09:41:55,447 [INFO] WebApp:449 - Apply proxy settings
2025-04-15 09:41:55,447 [INFO] WebApp:534 - Chromium requires no authentication
2025-04-15 09:41:55,448 [INFO] WebApp:477 - Direct internet connection detected
2025-04-15 09:41:55,611 [WARN] PackLoader:240 - Cannot read IP mode file for STMicroelectronics.FP-SNS-MOTENVWB1.1.4.0
2025-04-15 09:41:55,619 [WARN] PackLoader:240 - Cannot read IP mode file for STMicroelectronics.FP-ATR-ASTRA1.2.0.2
2025-04-15 09:41:55,622 [WARN] PackLoader:240 - Cannot read IP mode file for STMicroelectronics.FP-ATR-ASTRA1.2.0.1
2025-04-15 09:41:55,631 [WARN] PackLoader:240 - Cannot read IP mode file for STMicroelectronics.X-CUBE-SMBUS.2.1.0
2025-04-15 09:41:55,638 [WARN] PackLoader:240 - Cannot read IP mode file for STMicroelectronics.X-CUBE-WB05N.1.1.0
2025-04-15 09:41:55,659 [WARN] PackLoader:240 - Cannot read IP mode file for STMicroelectronics.X-CUBE-AZRTOS-F7.1.1.0
2025-04-15 09:41:55,665 [WARN] PackLoader:240 - Cannot read IP mode file for STMicroelectronics.FP-SNS-FLIGHT1.5.0.2
2025-04-15 09:41:55,683 [WARN] PackLoader:240 - Cannot read IP mode file for Infineon.AIROC-Wi-Fi-Bluetooth-STM32.1.7.0
2025-04-15 09:41:55,695 [WARN] PackLoader:240 - Cannot read IP mode file for STMicroelectronics.X-CUBE-DISPLAY.3.0.0
2025-04-15 09:41:55,702 [WARN] PackLoader:240 - Cannot read IP mode file for STMicroelectronics.X-CUBE-BLE1.7.0.0
2025-04-15 09:41:55,708 [WARN] PackLoader:240 - Cannot read IP mode file for STMicroelectronics.X-CUBE-NFC10.1.0.0
2025-04-15 09:41:55,716 [WARN] PackLoader:240 - Cannot read IP mode file for STMicroelectronics.X-CUBE-BLEMGR.4.0.0
2025-04-15 09:41:55,722 [WARN] PackLoader:240 - Cannot read IP mode file for emotas.I-CUBE-CANOPEN.1.3.0
2025-04-15 09:41:55,726 [WARN] PackLoader:240 - Cannot read IP mode file for STMicroelectronics.X-CUBE-AI.10.0.0
2025-04-15 09:41:55,730 [WARN] PackLoader:240 - Cannot read IP mode file for STMicroelectronics.FP-SNS-SMARTAG2.1.2.0
2025-04-15 09:41:55,732 [WARN] PackLoader:240 - Cannot read IP mode file for STMicroelectronics.FP-SNS-FLIGHT1.5.1.0
2025-04-15 09:41:55,776 [WARN] PackLoader:240 - Cannot read IP mode file for STMicroelectronics.X-CUBE-MEMS1.11.1.0
2025-04-15 09:41:55,898 [INFO] LogOutputStream:77 - [STDOUT_REDIRECT] 1 : Invalid condition id : UX_CORESTACK_Condition cause : null
2025-04-15 09:41:55,899 [INFO] LogOutputStream:77 - [STDOUT_REDIRECT] 1 : Invalid condition id : UX_CORESTACK_Condition cause : null
2025-04-15 09:41:55,900 [INFO] LogOutputStream:77 - [STDOUT_REDIRECT] 1 : Invalid condition id : UX_CORESTACK_Condition cause : null
2025-04-15 09:41:55,901 [INFO] LogOutputStream:77 - [STDOUT_REDIRECT] 1 : Invalid condition id : UX_CORESTACK_Condition cause : null
2025-04-15 09:41:55,902 [INFO] LogOutputStream:77 - [STDOUT_REDIRECT] 1 : Invalid condition id : UX_CORESTACK_Condition cause : null
2025-04-15 09:41:55,903 [WARN] PackLoader:240 - Cannot read IP mode file for STMicroelectronics.X-CUBE-AZRTOS-WL.2.0.0
2025-04-15 09:41:55,908 [WARN] PackLoader:240 - Cannot read IP mode file for STMicroelectronics.FP-SNS-MOTENV1.5.0.0
2025-04-15 09:41:55,913 [WARN] PackLoader:240 - Cannot read IP mode file for wolfSSL.I-CUBE-wolfMQTT.1.19.0
2025-04-15 09:41:55,925 [WARN] PackLoader:240 - Cannot read IP mode file for WES.I-CUBE-Cesium.1.3.0
2025-04-15 09:41:55,930 [WARN] PackLoader:240 - Cannot read IP mode file for STMicroelectronics.X-CUBE-BLE2.3.3.0
2025-04-15 09:41:55,937 [WARN] PackLoader:240 - Cannot read IP mode file for STMicroelectronics.X-CUBE-NFC9.1.0.0
2025-04-15 09:41:55,940 [WARN] PackLoader:240 - Cannot read IP mode file for STMicroelectronics.X-CUBE-BLE1.7.1.0
2025-04-15 09:41:55,958 [INFO] WebApp:187 - Connection restablished
2025-04-15 09:41:55,962 [WARN] PackLoader:240 - Cannot read IP mode file for STMicroelectronics.X-CUBE-AZRTOS-G0.1.1.0
2025-04-15 09:41:55,970 [WARN] PackLoader:240 - Cannot read IP mode file for STMicroelectronics.X-CUBE-SAFEA1.1.2.2
2025-04-15 09:41:55,975 [WARN] PackLoader:240 - Cannot read IP mode file for STMicroelectronics.X-CUBE-NFC4.3.0.0
2025-04-15 09:41:55,981 [WARN] PackLoader:240 - Cannot read IP mode file for EmbeddedOffice.I-CUBE-FS-RTOS.1.0.1
2025-04-15 09:41:55,986 [WARN] PackLoader:240 - Cannot read IP mode file for STMicroelectronics.X-CUBE-TCPP.4.2.0
2025-04-15 09:41:55,990 [WARN] PackLoader:240 - Cannot read IP mode file for RealThread.X-CUBE-RT-Thread_Nano.4.1.1
2025-04-15 09:41:55,993 [WARN] PackLoader:240 - Cannot read IP mode file for STMicroelectronics.FP-ATR-SIGFOX1.3.2.0
2025-04-15 09:41:55,997 [WARN] ConditionMgr:438 - getConditionDescription Invalid condition id : Cortex-A Device cause : null
2025-04-15 09:41:56,022 [WARN] ConditionMgr:1044 - genDependencies : Invalid condition id : Cortex-A Device cause : null
2025-04-15 09:41:56,022 [WARN] ConditionMgr:1044 - genDependencies : Invalid condition id : Cortex-A Device cause : null
2025-04-15 09:41:56,022 [WARN] ConditionMgr:1044 - genDependencies : Invalid condition id : Cortex-A Device cause : null
2025-04-15 09:41:56,027 [WARN] PackLoader:240 - Cannot read IP mode file for STMicroelectronics.X-CUBE-EEPRMA1.5.1.0
2025-04-15 09:41:56,031 [WARN] PackLoader:240 - Cannot read IP mode file for wolfSSL.I-CUBE-wolfSSL.5.7.4
2025-04-15 09:41:56,035 [WARN] PackLoader:240 - Cannot read IP mode file for ITTIA_DB.I-CUBE-ITTIADB.8.9.0
2025-04-15 09:41:56,051 [WARN] PackLoader:240 - Cannot read IP mode file for SEGGER.I-CUBE-embOS.1.3.1
2025-04-15 09:41:56,070 [INFO] WebApp:221 - Starting web application
2025-04-15 09:41:56,070 [INFO] WebApp:579 - Web application path used C:\ST\STM32CubeIDE_1.17.0\STM32CubeIDE\plugins\com.st.stm32cube.common.mx_6.13.0.202411220809\db\plugins\mcufinder\reactClient1\index.html
2025-04-15 09:41:56,072 [WARN] PackLoader:240 - Cannot read IP mode file for STMicroelectronics.X-CUBE-ALGOBUILD.1.4.0
2025-04-15 09:41:56,077 [WARN] PackLoader:240 - Cannot read IP mode file for STMicroelectronics.X-CUBE-AI.9.1.0
2025-04-15 09:41:56,096 [WARN] PackLoader:240 - Cannot read IP mode file for STMicroelectronics.X-CUBE-AZRTOS-F4.1.1.0
2025-04-15 09:41:56,100 [WARN] PackLoader:240 - Cannot read IP mode file for STMicroelectronics.X-CUBE-ISPU.2.1.0
2025-04-15 09:41:56,113 [WARN] PackLoader:240 - Cannot read IP mode file for STMicroelectronics.X-CUBE-AZRTOS-L5.2.0.0
2025-04-15 09:41:56,120 [WARN] PackLoader:240 - Cannot read IP mode file for STMicroelectronics.X-CUBE-NFC6.3.1.0
2025-04-15 09:41:56,127 [WARN] PackLoader:240 - Cannot read IP mode file for STMicroelectronics.X-CUBE-DPower.1.2.0
2025-04-15 09:41:56,133 [WARN] PackLoader:240 - Cannot read IP mode file for STMicroelectronics.X-CUBE-FREERTOS.1.3.0
2025-04-15 09:41:56,139 [WARN] PackLoader:240 - Cannot read IP mode file for STMicroelectronics.X-CUBE-NFC7.1.0.1
2025-04-15 09:41:56,144 [WARN] PackLoader:240 - Cannot read IP mode file for STMicroelectronics.X-CUBE-DPower.1.3.0
2025-04-15 09:41:56,158 [WARN] ConditionMgr:438 - getConditionDescription Invalid condition id : LAN8742 Phy interface Condition cause : null
2025-04-15 09:41:56,159 [WARN] PackLoader:240 - Cannot read IP mode file for STMicroelectronics.X-CUBE-AZRTOS-L4.2.0.0
2025-04-15 09:41:56,160 [WARN] ConditionMgr:1044 - genDependencies : Invalid condition id : LAN8742 Phy interface Condition cause : null
2025-04-15 09:41:56,160 [WARN] ConditionMgr:1044 - genDependencies : Invalid condition id : LAN8742 Phy interface Condition cause : null
2025-04-15 09:41:56,161 [WARN] ConditionMgr:1044 - genDependencies : Invalid condition id : LAN8742 Phy interface Condition cause : null
2025-04-15 09:41:56,166 [WARN] PackLoader:240 - Cannot read IP mode file for STMicroelectronics.X-CUBE-SFXS2LP1.4.0.0
2025-04-15 09:41:56,184 [WARN] PackLoader:240 - Cannot read IP mode file for STMicroelectronics.X-CUBE-AZRTOS-H7.3.3.0
2025-04-15 09:41:56,193 [WARN] ConditionMgr:438 - getConditionDescription Invalid condition id : UX DEVICE CLASS RTOS Condition cause : null
2025-04-15 09:41:56,193 [WARN] ConditionMgr:438 - getConditionDescription Invalid condition id : UX DEVICE CLASS RTOS Condition cause : null
2025-04-15 09:41:56,194 [WARN] PackLoader:240 - Cannot read IP mode file for STMicroelectronics.X-CUBE-AZRTOS-WB.2.0.0
2025-04-15 09:41:56,195 [WARN] ConditionMgr:1044 - genDependencies : Invalid condition id : UX DEVICE CLASS RTOS Condition cause : null
2025-04-15 09:41:56,195 [WARN] ConditionMgr:1044 - genDependencies : Invalid condition id : UX DEVICE CLASS RTOS Condition cause : null
2025-04-15 09:41:56,195 [WARN] ConditionMgr:1044 - genDependencies : Invalid condition id : UX DEVICE CLASS RTOS Condition cause : null
2025-04-15 09:41:56,195 [WARN] ConditionMgr:1044 - genDependencies : Invalid condition id : UX DEVICE CLASS RTOS Condition cause : null
2025-04-15 09:41:56,195 [WARN] ConditionMgr:1044 - genDependencies : Invalid condition id : UX DEVICE CLASS RTOS Condition cause : null
2025-04-15 09:41:56,199 [WARN] PackLoader:240 - Cannot read IP mode file for STMicroelectronics.X-CUBE-GNSS1.7.0.1
2025-04-15 09:41:56,207 [WARN] PackLoader:240 - Cannot read IP mode file for STMicroelectronics.X-CUBE-TOUCHGFX.4.25.0
2025-04-15 09:41:56,211 [WARN] PackLoader:240 - Cannot read IP mode file for STMicroelectronics.FP-SNS-STBOX1.2.0.0
2025-04-15 09:41:56,217 [WARN] PackLoader:240 - Cannot read IP mode file for STMicroelectronics.X-CUBE-SUBG2.5.0.0
2025-04-15 09:41:56,229 [WARN] PackLoader:240 - Cannot read IP mode file for STMicroelectronics.X-CUBE-AZRTOS-H7RS.1.1.0
2025-04-15 09:41:56,234 [WARN] PackLoader:240 - Cannot read IP mode file for Cesanta.I-CUBE-Mongoose.7.13.0
2025-04-15 09:41:56,241 [WARN] PackLoader:240 - Cannot read IP mode file for STMicroelectronics.X-CUBE-AZRTOS-G4.2.0.0
2025-04-15 09:41:56,249 [WARN] PackLoader:240 - Cannot read IP mode file for STMicroelectronics.X-CUBE-IPS.3.1.0
2025-04-15 09:41:56,255 [WARN] PackLoader:240 - Cannot read IP mode file for STMicroelectronics.X-CUBE-ALS.1.0.2
2025-04-15 09:41:56,258 [WARN] PackLoader:240 - Cannot read IP mode file for STMicroelectronics.X-CUBE-TOUCHGFX.4.24.2
2025-04-15 09:41:56,260 [WARN] PackLoader:240 - Cannot read IP mode file for wolfSSL.I-CUBE-wolfTPM.3.4.0
2025-04-15 09:41:56,264 [WARN] PackLoader:240 - Cannot read IP mode file for portGmbH.I-Cube-SoM-uGOAL.1.1.0
2025-04-15 09:41:56,272 [WARN] PackLoader:240 - Cannot read IP mode file for STMicroelectronics.X-CUBE-AZRTOS-H7RS.1.0.0
2025-04-15 09:41:56,281 [WARN] PackLoader:240 - Cannot read IP mode file for STMicroelectronics.X-CUBE-TOF1.3.4.2
2025-04-15 09:41:56,290 [WARN] PackLoader:240 - Cannot read IP mode file for wolfSSL.I-CUBE-wolfSSH.1.4.17
2025-04-15 09:41:56,291 [INFO] ThirdParty:978 - Integrity check success = true
2025-04-15 09:41:56,291 [INFO] IntegrityCheckThread:100 - exiting critical section [integrity check]
2025-04-15 09:41:56,291 [INFO] IntegrityCheckThread:103 - End integrity checks thread
2025-04-15 09:41:56,339 [INFO] UserAuth:486 - Internet connection configuration mode: 1
2025-04-15 09:51:14,484 [ERROR] LogOutputStream:75 - [STDERR_REDIRECT] 
2025-04-15 23:53:41,031 [INFO] Activator:176 - 


2025-04-15 23:53:41,031 [INFO] Activator:177 - !SESSION log4j initialized
2025-04-15 23:53:46,486 [INFO] LogOutputStream:77 - [STDOUT_REDIRECT] 
2025-04-15 23:53:46,915 [ERROR] ConfigurationRetriever:142 - IOException on connection: Remote host terminated the handshake
2025-04-15 23:53:46,924 [ERROR] ConfigurationRetriever:142 - IOException on connection: Remote host terminated the handshake
2025-04-15 23:53:46,932 [ERROR] ConfigurationRetriever:142 - IOException on connection: Remote host terminated the handshake
2025-04-15 23:53:47,977 [INFO] ApplicationProperties:184 - Using Application install path: C:\ST\STM32CubeIDE_1.17.0\STM32CubeIDE\plugins\com.st.stm32cube.common.mx_6.13.0.202411220809
2025-04-15 23:53:47,993 [INFO] DbMcusXml:78 - Set database path to: C:\ST\STM32CubeIDE_1.17.0\STM32CubeIDE\plugins\com.st.stm32cube.common.mx_6.13.0.202411220809\\db\/mcu/
2025-04-15 23:53:47,993 [INFO] ApiDb:274 - Set plugin database path to: C:\ST\STM32CubeIDE_1.17.0\STM32CubeIDE\plugins\com.st.stm32cube.common.mx_6.13.0.202411220809\\db\/plugins/boardmanager/
2025-04-15 23:53:47,994 [WARN] ApiDb:259 - Overriding images path with different value:  => C:\ST\STM32CubeIDE_1.17.0\STM32CubeIDE\plugins\com.st.stm32cube.common.mx_6.13.0.202411220809\\db\/plugins/mcufinder/images/
2025-04-15 23:53:48,008 [INFO] ApiDb:250 - Set database path to: C:\Users\APC\.stmcufinder\plugins\mcufinder//mcu/
2025-04-15 23:53:48,010 [INFO] DbMcusAds:125 - Set database path to: C:\Users\APC\.stmcufinder\plugins\mcufinder//mcu/
2025-04-15 23:53:48,013 [INFO] CrossReferenceDbSqlite:203 - Set database path to: C:\Users\APC\.stmcufinder\plugins\mcufinder//mcu/cs/
2025-04-15 23:53:48,111 [INFO] RulesReader:64 - Compatibility file has been processed (297 Rules)
2025-04-15 23:53:48,183 [INFO] DbMcusXml:78 - Set database path to: C:\ST\STM32CubeIDE_1.17.0\STM32CubeIDE\plugins\com.st.stm32cube.common.mx_6.13.0.202411220809\\db\/mcu/
2025-04-15 23:53:48,183 [INFO] ApiDb:274 - Set plugin database path to: C:\ST\STM32CubeIDE_1.17.0\STM32CubeIDE\plugins\com.st.stm32cube.common.mx_6.13.0.202411220809\\db\/plugins/boardmanager/
2025-04-15 23:53:48,183 [INFO] ApiDb:261 - Set plugin images path to: C:\ST\STM32CubeIDE_1.17.0\STM32CubeIDE\plugins\com.st.stm32cube.common.mx_6.13.0.202411220809\\db\/plugins/mcufinder/images/
2025-04-15 23:53:48,183 [WARN] DbFile:41 - Overriding database path with different value: C:\Users\APC\.stmcufinder\plugins\mcufinder/ => C:\Users\APC\.stmcufinder\plugins\mcufinder
2025-04-15 23:53:48,183 [INFO] ApiDb:250 - Set database path to: C:\Users\APC\.stmcufinder\plugins\mcufinder//mcu/
2025-04-15 23:53:48,183 [WARN] DbFile:41 - Overriding database path with different value: C:\Users\APC\.stmcufinder\plugins\mcufinder/ => C:\Users\APC\.stmcufinder\plugins\mcufinder
2025-04-15 23:53:48,183 [INFO] DbMcusAds:125 - Set database path to: C:\Users\APC\.stmcufinder\plugins\mcufinder//mcu/
2025-04-15 23:53:48,183 [WARN] DbFile:41 - Overriding database path with different value: C:\Users\APC\.stmcufinder\plugins\mcufinder/ => C:\Users\APC\.stmcufinder\plugins\mcufinder
2025-04-15 23:53:48,183 [WARN] DbFile:41 - Overriding database path with different value: C:\Users\APC\.stmcufinder\plugins\mcufinder/ => C:\Users\APC\.stmcufinder\plugins\mcufinder
2025-04-15 23:53:48,183 [INFO] CrossReferenceDbSqlite:203 - Set database path to: C:\Users\APC\.stmcufinder\plugins\mcufinder//mcu/cs/
2025-04-15 23:53:48,252 [INFO] MainPanel:272 - HeapMemory: 268435456
2025-04-15 23:53:48,355 [INFO] DbMcusXml:78 - Set database path to: C:\ST\STM32CubeIDE_1.17.0\STM32CubeIDE\plugins\com.st.stm32cube.common.mx_6.13.0.202411220809\\db\/mcu/
2025-04-15 23:53:48,355 [INFO] ApiDb:274 - Set plugin database path to: C:\ST\STM32CubeIDE_1.17.0\STM32CubeIDE\plugins\com.st.stm32cube.common.mx_6.13.0.202411220809\\db\/plugins/boardmanager/
2025-04-15 23:53:48,355 [INFO] ApiDb:261 - Set plugin images path to: C:\ST\STM32CubeIDE_1.17.0\STM32CubeIDE\plugins\com.st.stm32cube.common.mx_6.13.0.202411220809\\db\/plugins/mcufinder/images/
2025-04-15 23:53:48,356 [WARN] DbFile:41 - Overriding database path with different value: C:\Users\APC\.stmcufinder\plugins\mcufinder/ => C:\Users\APC\.stmcufinder\plugins\mcufinder
2025-04-15 23:53:48,356 [INFO] ApiDb:250 - Set database path to: C:\Users\APC\.stmcufinder\plugins\mcufinder//mcu/
2025-04-15 23:53:48,356 [WARN] DbFile:41 - Overriding database path with different value: C:\Users\APC\.stmcufinder\plugins\mcufinder/ => C:\Users\APC\.stmcufinder\plugins\mcufinder
2025-04-15 23:53:48,356 [INFO] DbMcusAds:125 - Set database path to: C:\Users\APC\.stmcufinder\plugins\mcufinder//mcu/
2025-04-15 23:53:48,356 [WARN] DbFile:41 - Overriding database path with different value: C:\Users\APC\.stmcufinder\plugins\mcufinder/ => C:\Users\APC\.stmcufinder\plugins\mcufinder
2025-04-15 23:53:48,356 [WARN] DbFile:41 - Overriding database path with different value: C:\Users\APC\.stmcufinder\plugins\mcufinder/ => C:\Users\APC\.stmcufinder\plugins\mcufinder
2025-04-15 23:53:48,356 [INFO] CrossReferenceDbSqlite:203 - Set database path to: C:\Users\APC\.stmcufinder\plugins\mcufinder//mcu/cs/
2025-04-15 23:53:48,371 [INFO] ApplicationProperties:184 - Using Application install path: C:\ST\STM32CubeIDE_1.17.0\STM32CubeIDE\plugins\com.st.stm32cube.common.mx_6.13.0.202411220809
2025-04-15 23:53:48,373 [INFO] PluginManage:196 - Search for loadable plugins [exclusion list=, ]
2025-04-15 23:53:48,374 [INFO] PluginManage:310 - Check plugin analytics
2025-04-15 23:53:48,508 [INFO] AnalyticsPlugin:253 - Accepted Software Licenses: STM32CubeMX.6.13.0
2025-04-15 23:53:48,508 [INFO] AnalyticsPlugin:255 - Accepted CMSIS Pack Licenses: 
2025-04-15 23:53:48,509 [INFO] AnalyticsPlugin:257 - Accepted Firmware Licenses: FW.F4.1.28.0
2025-04-15 23:53:48,510 [INFO] PluginManage:359 - Loaded plugin analytics (category:tool,tabindex:-1)
2025-04-15 23:53:48,511 [INFO] PluginManage:310 - Check plugin cadmodel
2025-04-15 23:53:48,527 [ERROR] ConfigurationRetriever:142 - IOException on connection: Remote host terminated the handshake
2025-04-15 23:53:48,529 [INFO] CADModel:105 - Init CAD model plugin
2025-04-15 23:53:48,529 [INFO] PluginManage:359 - Loaded plugin cadmodel (category:power,tabindex:5)
2025-04-15 23:53:48,529 [INFO] PluginManage:310 - Check plugin clock
2025-04-15 23:53:48,539 [ERROR] ConfigurationRetriever:142 - IOException on connection: Remote host terminated the handshake
2025-04-15 23:53:48,548 [ERROR] ConfigurationRetriever:142 - IOException on connection: Remote host terminated the handshake
2025-04-15 23:53:48,548 [INFO] PluginManage:359 - Loaded plugin clock (category:base,tabindex:2)
2025-04-15 23:53:48,549 [INFO] PluginManage:310 - Check plugin ddr
2025-04-15 23:53:48,551 [INFO] PluginManage:359 - Loaded plugin ddr (category:tool,tabindex:6)
2025-04-15 23:53:48,551 [INFO] PluginManage:310 - Check plugin filemanager
2025-04-15 23:53:48,675 [INFO] PluginManage:359 - Loaded plugin filemanager (category:base,tabindex:10)
2025-04-15 23:53:48,675 [INFO] PluginManage:310 - Check plugin ipmanager
2025-04-15 23:53:48,683 [INFO] PluginManage:359 - Loaded plugin ipmanager (category:base,tabindex:5)
2025-04-15 23:53:48,683 [INFO] PluginManage:310 - Check plugin lpbam
2025-04-15 23:53:48,701 [INFO] PluginManage:359 - Loaded plugin lpbam (category:base,tabindex:0)
2025-04-15 23:53:48,701 [INFO] PluginManage:310 - Check plugin memorymap
2025-04-15 23:53:48,725 [INFO] PluginManage:359 - Loaded plugin memorymap (category:base,tabindex:4)
2025-04-15 23:53:48,725 [INFO] PluginManage:310 - Check plugin pinoutandconfiguration
2025-04-15 23:53:48,745 [INFO] PluginManage:359 - Loaded plugin pinoutandconfiguration (category:base,tabindex:1)
2025-04-15 23:53:48,745 [INFO] PluginManage:310 - Check plugin pinoutconfig
2025-04-15 23:53:48,834 [WARN] SupportedApi:132 - Cannot load RTOS API schema: s4s-elt-must-match.1: The content of 'definitions' must match (annotation?, (simpleType | complexType)?, (unique | key | keyref)*)). A problem was found starting at: attribute.
2025-04-15 23:53:48,953 [INFO] PluginManage:359 - Loaded plugin pinoutconfig (category:base,tabindex:0)
2025-04-15 23:53:48,953 [INFO] PluginManage:310 - Check plugin power
2025-04-15 23:53:48,974 [INFO] PluginManage:359 - Loaded plugin power (category:power,tabindex:4)
2025-04-15 23:53:48,974 [INFO] PluginManage:310 - Check plugin projectmanager
2025-04-15 23:53:48,988 [INFO] PluginManage:359 - Loaded plugin projectmanager (category:projectmanager,tabindex:4)
2025-04-15 23:53:48,988 [INFO] PluginManage:310 - Check plugin rif
2025-04-15 23:53:49,006 [INFO] PluginManage:359 - Loaded plugin rif (category:base,tabindex:3)
2025-04-15 23:53:49,006 [INFO] PluginManage:310 - Check plugin thirdparty
2025-04-15 23:53:49,270 [WARN] IntegrityCheckThread:84 - waiting for thirdparty lock release [integrity check]
2025-04-15 23:53:49,271 [INFO] PluginManage:359 - Loaded plugin thirdparty (category:base,tabindex:-1)
2025-04-15 23:53:49,271 [INFO] PluginManage:310 - Check plugin tools
2025-04-15 23:53:49,271 [INFO] IntegrityCheckThread:86 - entering critical section [integrity check]
2025-04-15 23:53:49,271 [INFO] ThirdPartyUpdaterWithRetryManager:70 - Updater plugin not ready yet. [1/15]
2025-04-15 23:53:49,307 [INFO] PluginManage:359 - Loaded plugin tools (category:base,tabindex:7)
2025-04-15 23:53:49,307 [INFO] PluginManage:310 - Check plugin tutovideos
2025-04-15 23:53:49,493 [INFO] PluginManage:359 - Loaded plugin tutovideos (category:base,tabindex:-1)
2025-04-15 23:53:49,493 [INFO] PluginManage:310 - Check plugin updater
2025-04-15 23:53:49,516 [INFO] PluginManage:359 - Loaded plugin updater (category:base,tabindex:12)
2025-04-15 23:53:49,516 [INFO] PluginManage:310 - Check plugin userauth
2025-04-15 23:53:49,519 [INFO] UserAuth:118 - Init User Auth plugin
2025-04-15 23:53:49,520 [INFO] PluginManage:359 - Loaded plugin userauth (category:base,tabindex:14)
2025-04-15 23:53:49,520 [INFO] PluginManage:283 - PluginManage : Loaded plugins [18]
2025-04-15 23:53:49,699 [INFO] PinOutPanel:1589 - setPackage(No Configuration,No Configuration)
2025-04-15 23:53:49,762 [INFO] CADModel:165 - CPN selected for project level
2025-04-15 23:53:49,762 [INFO] CADModel:114 - Register for checkConnection events
2025-04-15 23:53:49,787 [INFO] IPUIPlugin:80 - create IPUIPlugin
2025-04-15 23:53:49,787 [INFO] PluginManager:220 - loadIPPluginJar : add adc
2025-04-15 23:53:49,827 [INFO] IPUIPlugin:80 - create IPUIPlugin
2025-04-15 23:53:49,827 [INFO] PluginManager:220 - loadIPPluginJar : add aes
2025-04-15 23:53:49,868 [INFO] IPUIPlugin:80 - create IPUIPlugin
2025-04-15 23:53:49,869 [INFO] PluginManager:220 - loadIPPluginJar : add can
2025-04-15 23:53:49,896 [INFO] IPUIPlugin:80 - create IPUIPlugin
2025-04-15 23:53:49,896 [INFO] PluginManager:220 - loadIPPluginJar : add comp
2025-04-15 23:53:49,933 [INFO] IPUIPlugin:80 - create IPUIPlugin
2025-04-15 23:53:49,934 [INFO] PluginManager:220 - loadIPPluginJar : add cryp
2025-04-15 23:53:49,947 [INFO] IPUIPlugin:80 - create IPUIPlugin
2025-04-15 23:53:49,947 [INFO] PluginManager:220 - loadIPPluginJar : add ddr_ctrl_phy
2025-04-15 23:53:49,975 [INFO] IPUIPlugin:80 - create IPUIPlugin
2025-04-15 23:53:49,976 [INFO] PluginManager:220 - loadIPPluginJar : add dfsdm
2025-04-15 23:53:49,989 [INFO] IPUIPlugin:80 - create IPUIPlugin
2025-04-15 23:53:49,989 [INFO] PluginManager:220 - loadIPPluginJar : add dma
2025-04-15 23:53:50,025 [INFO] IPUIPlugin:80 - create IPUIPlugin
2025-04-15 23:53:50,025 [INFO] PluginManager:220 - loadIPPluginJar : add dma3
2025-04-15 23:53:50,068 [INFO] IPUIPlugin:80 - create IPUIPlugin
2025-04-15 23:53:50,068 [INFO] PluginManager:220 - loadIPPluginJar : add extmemmanager
2025-04-15 23:53:50,088 [INFO] IPUIPlugin:80 - create IPUIPlugin
2025-04-15 23:53:50,088 [INFO] PluginManager:220 - loadIPPluginJar : add fatfs
2025-04-15 23:53:50,130 [INFO] IPUIPlugin:80 - create IPUIPlugin
2025-04-15 23:53:50,130 [INFO] PluginManager:220 - loadIPPluginJar : add fmc
2025-04-15 23:53:50,145 [INFO] IPUIPlugin:80 - create IPUIPlugin
2025-04-15 23:53:50,145 [INFO] PluginManager:220 - loadIPPluginJar : add freertos
2025-04-15 23:53:50,166 [INFO] IPUIPlugin:80 - create IPUIPlugin
2025-04-15 23:53:50,166 [INFO] PluginManager:220 - loadIPPluginJar : add genericplugin
2025-04-15 23:53:50,254 [INFO] IPUIPlugin:80 - create IPUIPlugin
2025-04-15 23:53:50,254 [INFO] PluginManager:220 - loadIPPluginJar : add gfxmmu
2025-04-15 23:53:50,388 [INFO] IPUIPlugin:80 - create IPUIPlugin
2025-04-15 23:53:50,388 [INFO] PluginManager:220 - loadIPPluginJar : add gic
2025-04-15 23:53:50,402 [INFO] IPUIPlugin:80 - create IPUIPlugin
2025-04-15 23:53:50,402 [INFO] PluginManager:220 - loadIPPluginJar : add gpio
2025-04-15 23:53:50,486 [INFO] IPUIPlugin:80 - create IPUIPlugin
2025-04-15 23:53:50,486 [INFO] PluginManager:220 - loadIPPluginJar : add gtzc
2025-04-15 23:53:50,518 [INFO] IPUIPlugin:80 - create IPUIPlugin
2025-04-15 23:53:50,519 [INFO] PluginManager:220 - loadIPPluginJar : add hash
2025-04-15 23:53:50,574 [INFO] IPUIPlugin:80 - create IPUIPlugin
2025-04-15 23:53:50,574 [INFO] PluginManager:220 - loadIPPluginJar : add i2c
2025-04-15 23:53:50,613 [INFO] IPUIPlugin:80 - create IPUIPlugin
2025-04-15 23:53:50,613 [INFO] PluginManager:220 - loadIPPluginJar : add i2s
2025-04-15 23:53:50,653 [INFO] IPUIPlugin:80 - create IPUIPlugin
2025-04-15 23:53:50,654 [INFO] PluginManager:220 - loadIPPluginJar : add i3c
2025-04-15 23:53:50,747 [INFO] IPUIPlugin:80 - create IPUIPlugin
2025-04-15 23:53:50,748 [INFO] PluginManager:220 - loadIPPluginJar : add ipddr
2025-04-15 23:53:50,822 [INFO] IPUIPlugin:80 - create IPUIPlugin
2025-04-15 23:53:50,822 [INFO] PluginManager:220 - loadIPPluginJar : add linkedlist
2025-04-15 23:53:50,852 [INFO] IPUIPlugin:80 - create IPUIPlugin
2025-04-15 23:53:50,852 [INFO] PluginManager:220 - loadIPPluginJar : add lorawan
2025-04-15 23:53:50,882 [INFO] IPUIPlugin:80 - create IPUIPlugin
2025-04-15 23:53:50,882 [INFO] PluginManager:220 - loadIPPluginJar : add ltdc
2025-04-15 23:53:50,895 [INFO] IPUIPlugin:80 - create IPUIPlugin
2025-04-15 23:53:50,895 [INFO] PluginManager:220 - loadIPPluginJar : add mdma
2025-04-15 23:53:50,904 [INFO] IPUIPlugin:80 - create IPUIPlugin
2025-04-15 23:53:50,904 [INFO] PluginManager:220 - loadIPPluginJar : add nvic
2025-04-15 23:53:50,936 [INFO] IPUIPlugin:80 - create IPUIPlugin
2025-04-15 23:53:50,936 [INFO] PluginManager:220 - loadIPPluginJar : add opamp
2025-04-15 23:53:50,984 [INFO] IPUIPlugin:80 - create IPUIPlugin
2025-04-15 23:53:50,984 [INFO] PluginManager:220 - loadIPPluginJar : add openamp
2025-04-15 23:53:51,019 [INFO] IPUIPlugin:80 - create IPUIPlugin
2025-04-15 23:53:51,020 [INFO] PluginManager:220 - loadIPPluginJar : add pdm2pcm
2025-04-15 23:53:51,033 [INFO] IPUIPlugin:80 - create IPUIPlugin
2025-04-15 23:53:51,035 [INFO] PluginManager:220 - loadIPPluginJar : add plateformsettings
2025-04-15 23:53:51,055 [INFO] IPUIPlugin:80 - create IPUIPlugin
2025-04-15 23:53:51,056 [INFO] PluginManager:220 - loadIPPluginJar : add quadspi
2025-04-15 23:53:51,078 [INFO] IPUIPlugin:80 - create IPUIPlugin
2025-04-15 23:53:51,078 [INFO] PluginManager:220 - loadIPPluginJar : add radio
2025-04-15 23:53:51,092 [INFO] IPUIPlugin:80 - create IPUIPlugin
2025-04-15 23:53:51,092 [INFO] PluginManager:220 - loadIPPluginJar : add resmgrutility
2025-04-15 23:53:51,128 [INFO] IPUIPlugin:80 - create IPUIPlugin
2025-04-15 23:53:51,128 [INFO] PluginManager:220 - loadIPPluginJar : add sai
2025-04-15 23:53:51,158 [INFO] IPUIPlugin:80 - create IPUIPlugin
2025-04-15 23:53:51,158 [INFO] PluginManager:220 - loadIPPluginJar : add spi
2025-04-15 23:53:51,212 [INFO] IPUIPlugin:80 - create IPUIPlugin
2025-04-15 23:53:51,212 [INFO] PluginManager:220 - loadIPPluginJar : add stm32_wpan
2025-04-15 23:53:51,236 [INFO] IPUIPlugin:80 - create IPUIPlugin
2025-04-15 23:53:51,236 [INFO] PluginManager:220 - loadIPPluginJar : add tim
2025-04-15 23:53:51,288 [INFO] IPUIPlugin:80 - create IPUIPlugin
2025-04-15 23:53:51,288 [INFO] PluginManager:220 - loadIPPluginJar : add touchsensing
2025-04-15 23:53:51,326 [INFO] IPUIPlugin:80 - create IPUIPlugin
2025-04-15 23:53:51,326 [INFO] PluginManager:220 - loadIPPluginJar : add tracer_emb
2025-04-15 23:53:51,350 [INFO] IPUIPlugin:80 - create IPUIPlugin
2025-04-15 23:53:51,350 [INFO] PluginManager:220 - loadIPPluginJar : add ts
2025-04-15 23:53:51,371 [INFO] IPUIPlugin:80 - create IPUIPlugin
2025-04-15 23:53:51,371 [INFO] PluginManager:220 - loadIPPluginJar : add tsc
2025-04-15 23:53:51,392 [INFO] IPUIPlugin:80 - create IPUIPlugin
2025-04-15 23:53:51,392 [INFO] PluginManager:220 - loadIPPluginJar : add ucpd
2025-04-15 23:53:51,430 [INFO] IPUIPlugin:80 - create IPUIPlugin
2025-04-15 23:53:51,430 [INFO] PluginManager:220 - loadIPPluginJar : add usart
2025-04-15 23:53:51,470 [INFO] IPUIPlugin:80 - create IPUIPlugin
2025-04-15 23:53:51,470 [INFO] PluginManager:220 - loadIPPluginJar : add usbx
2025-04-15 23:53:51,583 [FATAL] Updater:351 - Updater called before beeing initialized
2025-04-15 23:53:51,607 [INFO] RulesReader:64 - Compatibility file has been processed (297 Rules)
2025-04-15 23:53:51,617 [INFO] RulesReader:64 - Compatibility file has been processed (297 Rules)
2025-04-15 23:53:51,625 [INFO] CADModel:165 - CPN selected for project level
2025-04-15 23:53:51,627 [INFO] CADModel:114 - Register for checkConnection events
2025-04-15 23:53:51,627 [FATAL] Updater:351 - Updater called before beeing initialized
2025-04-15 23:53:51,627 [ERROR] CADModel:125 - Updater not yet initialized, retry later 
2025-04-15 23:53:51,755 [FATAL] Updater:351 - Updater called before beeing initialized
2025-04-15 23:53:51,756 [INFO] CADModel:165 - CPN selected for project level
2025-04-15 23:53:51,756 [INFO] CADModel:114 - Register for checkConnection events
2025-04-15 23:53:51,757 [FATAL] Updater:351 - Updater called before beeing initialized
2025-04-15 23:53:51,757 [ERROR] CADModel:125 - Updater not yet initialized, retry later 
2025-04-15 23:53:51,759 [FATAL] Updater:351 - Updater called before beeing initialized
2025-04-15 23:53:51,840 [FATAL] Updater:351 - Updater called before beeing initialized
2025-04-15 23:53:51,851 [INFO] DbMcusAds:53 - JSON generation date=Thu Mar 06 21:54:22 ICT 2025 (1741272862078)
2025-04-15 23:53:51,851 [FATAL] Updater:351 - Updater called before beeing initialized
2025-04-15 23:53:51,883 [WARN] DetailPanel:346 - Failed to get advertising image, set to default
2025-04-15 23:53:52,040 [FATAL] Updater:351 - Updater called before beeing initialized
2025-04-15 23:53:52,042 [FATAL] Updater:351 - Updater called before beeing initialized
2025-04-15 23:53:52,042 [FATAL] Updater:351 - Updater called before beeing initialized
2025-04-15 23:53:52,042 [WARN] DetailPanel:346 - Failed to get advertising image, set to default
2025-04-15 23:53:52,043 [FATAL] Updater:351 - Updater called before beeing initialized
2025-04-15 23:53:52,094 [ERROR] Updater:1198 - MainUpdater not yet initialized. External WinMGr cannot be set.
2025-04-15 23:53:52,103 [INFO] Updater:1134 - Updater Version found : 6.13.0
2025-04-15 23:53:52,122 [INFO] ApplicationProperties:184 - Using Application install path: C:\ST\STM32CubeIDE_1.17.0\STM32CubeIDE\plugins\com.st.stm32cube.common.mx_6.13.0.202411220809
2025-04-15 23:53:52,273 [INFO] ThirdPartyUpdaterWithRetryManager:70 - Updater plugin not ready yet. [2/15]
2025-04-15 23:53:52,433 [INFO] MainUpdater:2872 - connection check result : 22
2025-04-15 23:53:52,434 [INFO] MainUpdater:289 - Updater Check For Update Now.
2025-04-15 23:53:52,434 [INFO] MicroXplorer:498 - Change Database Version : DB.6.0.130
2025-04-15 23:53:52,456 [INFO] McuFinderGlobals:63 - Set McuFinder mode to 2 (CubeIDE integrated)
2025-04-15 23:53:52,462 [INFO] UserAuth:486 - Internet connection configuration mode: 2
2025-04-15 23:53:52,473 [INFO] UserAuth:486 - Internet connection configuration mode: 2
2025-04-15 23:53:52,624 [INFO] CheckServerUpdateThread:120 - End of CheckServer Thread
2025-04-15 23:53:55,439 [WARN] PackLoader:240 - Cannot read IP mode file for STMicroelectronics.FP-SNS-MOTENVWB1.1.4.0
2025-04-15 23:53:55,456 [WARN] PackLoader:240 - Cannot read IP mode file for STMicroelectronics.FP-ATR-ASTRA1.2.0.2
2025-04-15 23:53:55,475 [WARN] PackLoader:240 - Cannot read IP mode file for STMicroelectronics.FP-ATR-ASTRA1.2.0.1
2025-04-15 23:53:55,489 [WARN] PackLoader:240 - Cannot read IP mode file for STMicroelectronics.X-CUBE-SMBUS.2.1.0
2025-04-15 23:53:55,504 [WARN] PackLoader:240 - Cannot read IP mode file for STMicroelectronics.X-CUBE-WB05N.1.1.0
2025-04-15 23:53:55,538 [WARN] PackLoader:240 - Cannot read IP mode file for STMicroelectronics.X-CUBE-AZRTOS-F7.1.1.0
2025-04-15 23:53:55,553 [WARN] PackLoader:240 - Cannot read IP mode file for STMicroelectronics.FP-SNS-FLIGHT1.5.0.2
2025-04-15 23:53:55,578 [WARN] PackLoader:240 - Cannot read IP mode file for Infineon.AIROC-Wi-Fi-Bluetooth-STM32.1.7.0
2025-04-15 23:53:55,596 [WARN] PackLoader:240 - Cannot read IP mode file for STMicroelectronics.X-CUBE-DISPLAY.3.0.0
2025-04-15 23:53:55,612 [WARN] PackLoader:240 - Cannot read IP mode file for STMicroelectronics.X-CUBE-BLE1.7.0.0
2025-04-15 23:53:55,626 [WARN] PackLoader:240 - Cannot read IP mode file for STMicroelectronics.X-CUBE-NFC10.1.0.0
2025-04-15 23:53:55,644 [WARN] PackLoader:240 - Cannot read IP mode file for STMicroelectronics.X-CUBE-BLEMGR.4.0.0
2025-04-15 23:53:55,662 [WARN] PackLoader:240 - Cannot read IP mode file for emotas.I-CUBE-CANOPEN.1.3.0
2025-04-15 23:53:55,675 [WARN] PackLoader:240 - Cannot read IP mode file for STMicroelectronics.X-CUBE-AI.10.0.0
2025-04-15 23:53:55,686 [WARN] PackLoader:240 - Cannot read IP mode file for STMicroelectronics.FP-SNS-SMARTAG2.1.2.0
2025-04-15 23:53:55,698 [WARN] PackLoader:240 - Cannot read IP mode file for STMicroelectronics.FP-SNS-FLIGHT1.5.1.0
2025-04-15 23:53:55,740 [WARN] PackLoader:240 - Cannot read IP mode file for STMicroelectronics.X-CUBE-MEMS1.11.1.0
2025-04-15 23:53:55,880 [INFO] LogOutputStream:77 - [STDOUT_REDIRECT] 1 : Invalid condition id : UX_CORESTACK_Condition cause : null
2025-04-15 23:53:55,881 [INFO] LogOutputStream:77 - [STDOUT_REDIRECT] 1 : Invalid condition id : UX_CORESTACK_Condition cause : null
2025-04-15 23:53:55,883 [INFO] LogOutputStream:77 - [STDOUT_REDIRECT] 1 : Invalid condition id : UX_CORESTACK_Condition cause : null
2025-04-15 23:53:55,885 [INFO] LogOutputStream:77 - [STDOUT_REDIRECT] 1 : Invalid condition id : UX_CORESTACK_Condition cause : null
2025-04-15 23:53:55,886 [INFO] LogOutputStream:77 - [STDOUT_REDIRECT] 1 : Invalid condition id : UX_CORESTACK_Condition cause : null
2025-04-15 23:53:55,889 [WARN] PackLoader:240 - Cannot read IP mode file for STMicroelectronics.X-CUBE-AZRTOS-WL.2.0.0
2025-04-15 23:53:55,906 [WARN] PackLoader:240 - Cannot read IP mode file for STMicroelectronics.FP-SNS-MOTENV1.5.0.0
2025-04-15 23:53:55,920 [WARN] PackLoader:240 - Cannot read IP mode file for wolfSSL.I-CUBE-wolfMQTT.1.19.0
2025-04-15 23:53:55,935 [WARN] PackLoader:240 - Cannot read IP mode file for WES.I-CUBE-Cesium.1.3.0
2025-04-15 23:53:55,948 [WARN] PackLoader:240 - Cannot read IP mode file for STMicroelectronics.X-CUBE-BLE2.3.3.0
2025-04-15 23:53:55,960 [WARN] PackLoader:240 - Cannot read IP mode file for STMicroelectronics.X-CUBE-NFC9.1.0.0
2025-04-15 23:53:55,971 [WARN] PackLoader:240 - Cannot read IP mode file for STMicroelectronics.X-CUBE-BLE1.7.1.0
2025-04-15 23:53:55,994 [WARN] PackLoader:240 - Cannot read IP mode file for STMicroelectronics.X-CUBE-AZRTOS-G0.1.1.0
2025-04-15 23:53:56,011 [WARN] PackLoader:240 - Cannot read IP mode file for STMicroelectronics.X-CUBE-SAFEA1.1.2.2
2025-04-15 23:53:56,023 [WARN] PackLoader:240 - Cannot read IP mode file for STMicroelectronics.X-CUBE-NFC4.3.0.0
2025-04-15 23:53:56,035 [WARN] PackLoader:240 - Cannot read IP mode file for EmbeddedOffice.I-CUBE-FS-RTOS.1.0.1
2025-04-15 23:53:56,047 [WARN] PackLoader:240 - Cannot read IP mode file for STMicroelectronics.X-CUBE-TCPP.4.2.0
2025-04-15 23:53:56,060 [WARN] PackLoader:240 - Cannot read IP mode file for RealThread.X-CUBE-RT-Thread_Nano.4.1.1
2025-04-15 23:53:56,074 [WARN] PackLoader:240 - Cannot read IP mode file for STMicroelectronics.FP-ATR-SIGFOX1.3.2.0
2025-04-15 23:53:56,089 [WARN] ConditionMgr:438 - getConditionDescription Invalid condition id : Cortex-A Device cause : null
2025-04-15 23:53:56,109 [WARN] ConditionMgr:1044 - genDependencies : Invalid condition id : Cortex-A Device cause : null
2025-04-15 23:53:56,109 [WARN] ConditionMgr:1044 - genDependencies : Invalid condition id : Cortex-A Device cause : null
2025-04-15 23:53:56,109 [WARN] ConditionMgr:1044 - genDependencies : Invalid condition id : Cortex-A Device cause : null
2025-04-15 23:53:56,121 [WARN] PackLoader:240 - Cannot read IP mode file for STMicroelectronics.X-CUBE-EEPRMA1.5.1.0
2025-04-15 23:53:56,131 [WARN] PackLoader:240 - Cannot read IP mode file for wolfSSL.I-CUBE-wolfSSL.5.7.4
2025-04-15 23:53:56,141 [WARN] PackLoader:240 - Cannot read IP mode file for ITTIA_DB.I-CUBE-ITTIADB.8.9.0
2025-04-15 23:53:56,160 [WARN] PackLoader:240 - Cannot read IP mode file for SEGGER.I-CUBE-embOS.1.3.1
2025-04-15 23:53:56,181 [WARN] PackLoader:240 - Cannot read IP mode file for STMicroelectronics.X-CUBE-ALGOBUILD.1.4.0
2025-04-15 23:53:56,192 [WARN] PackLoader:240 - Cannot read IP mode file for STMicroelectronics.X-CUBE-AI.9.1.0
2025-04-15 23:53:56,213 [WARN] PackLoader:240 - Cannot read IP mode file for STMicroelectronics.X-CUBE-AZRTOS-F4.1.1.0
2025-04-15 23:53:56,237 [WARN] PackLoader:240 - Cannot read IP mode file for STMicroelectronics.X-CUBE-ISPU.2.1.0
2025-04-15 23:53:56,269 [WARN] PackLoader:240 - Cannot read IP mode file for STMicroelectronics.X-CUBE-AZRTOS-L5.2.0.0
2025-04-15 23:53:56,287 [WARN] PackLoader:240 - Cannot read IP mode file for STMicroelectronics.X-CUBE-NFC6.3.1.0
2025-04-15 23:53:56,309 [WARN] PackLoader:240 - Cannot read IP mode file for STMicroelectronics.X-CUBE-DPower.1.2.0
2025-04-15 23:53:56,328 [WARN] PackLoader:240 - Cannot read IP mode file for STMicroelectronics.X-CUBE-FREERTOS.1.3.0
2025-04-15 23:53:56,344 [WARN] PackLoader:240 - Cannot read IP mode file for STMicroelectronics.X-CUBE-NFC7.1.0.1
2025-04-15 23:53:56,359 [WARN] PackLoader:240 - Cannot read IP mode file for STMicroelectronics.X-CUBE-DPower.1.3.0
2025-04-15 23:53:56,390 [WARN] ConditionMgr:438 - getConditionDescription Invalid condition id : LAN8742 Phy interface Condition cause : null
2025-04-15 23:53:56,391 [WARN] PackLoader:240 - Cannot read IP mode file for STMicroelectronics.X-CUBE-AZRTOS-L4.2.0.0
2025-04-15 23:53:56,392 [WARN] ConditionMgr:1044 - genDependencies : Invalid condition id : LAN8742 Phy interface Condition cause : null
2025-04-15 23:53:56,392 [WARN] ConditionMgr:1044 - genDependencies : Invalid condition id : LAN8742 Phy interface Condition cause : null
2025-04-15 23:53:56,392 [WARN] ConditionMgr:1044 - genDependencies : Invalid condition id : LAN8742 Phy interface Condition cause : null
2025-04-15 23:53:56,408 [WARN] PackLoader:240 - Cannot read IP mode file for STMicroelectronics.X-CUBE-SFXS2LP1.4.0.0
2025-04-15 23:53:56,436 [WARN] PackLoader:240 - Cannot read IP mode file for STMicroelectronics.X-CUBE-AZRTOS-H7.3.3.0
2025-04-15 23:53:56,460 [WARN] ConditionMgr:438 - getConditionDescription Invalid condition id : UX DEVICE CLASS RTOS Condition cause : null
2025-04-15 23:53:56,461 [WARN] ConditionMgr:438 - getConditionDescription Invalid condition id : UX DEVICE CLASS RTOS Condition cause : null
2025-04-15 23:53:56,462 [WARN] PackLoader:240 - Cannot read IP mode file for STMicroelectronics.X-CUBE-AZRTOS-WB.2.0.0
2025-04-15 23:53:56,463 [WARN] ConditionMgr:1044 - genDependencies : Invalid condition id : UX DEVICE CLASS RTOS Condition cause : null
2025-04-15 23:53:56,463 [WARN] ConditionMgr:1044 - genDependencies : Invalid condition id : UX DEVICE CLASS RTOS Condition cause : null
2025-04-15 23:53:56,463 [WARN] ConditionMgr:1044 - genDependencies : Invalid condition id : UX DEVICE CLASS RTOS Condition cause : null
2025-04-15 23:53:56,463 [WARN] ConditionMgr:1044 - genDependencies : Invalid condition id : UX DEVICE CLASS RTOS Condition cause : null
2025-04-15 23:53:56,463 [WARN] ConditionMgr:1044 - genDependencies : Invalid condition id : UX DEVICE CLASS RTOS Condition cause : null
2025-04-15 23:53:56,476 [WARN] PackLoader:240 - Cannot read IP mode file for STMicroelectronics.X-CUBE-GNSS1.7.0.1
2025-04-15 23:53:56,489 [WARN] PackLoader:240 - Cannot read IP mode file for STMicroelectronics.X-CUBE-TOUCHGFX.4.25.0
2025-04-15 23:53:56,502 [WARN] PackLoader:240 - Cannot read IP mode file for STMicroelectronics.FP-SNS-STBOX1.2.0.0
2025-04-15 23:53:56,519 [WARN] PackLoader:240 - Cannot read IP mode file for STMicroelectronics.X-CUBE-SUBG2.5.0.0
2025-04-15 23:53:56,542 [WARN] PackLoader:240 - Cannot read IP mode file for STMicroelectronics.X-CUBE-AZRTOS-H7RS.1.1.0
2025-04-15 23:53:56,554 [WARN] PackLoader:240 - Cannot read IP mode file for Cesanta.I-CUBE-Mongoose.7.13.0
2025-04-15 23:53:56,570 [WARN] PackLoader:240 - Cannot read IP mode file for STMicroelectronics.X-CUBE-AZRTOS-G4.2.0.0
2025-04-15 23:53:56,585 [WARN] PackLoader:240 - Cannot read IP mode file for STMicroelectronics.X-CUBE-IPS.3.1.0
2025-04-15 23:53:56,602 [WARN] PackLoader:240 - Cannot read IP mode file for STMicroelectronics.X-CUBE-ALS.1.0.2
2025-04-15 23:53:56,615 [WARN] PackLoader:240 - Cannot read IP mode file for STMicroelectronics.X-CUBE-TOUCHGFX.4.24.2
2025-04-15 23:53:56,630 [WARN] PackLoader:240 - Cannot read IP mode file for wolfSSL.I-CUBE-wolfTPM.3.4.0
2025-04-15 23:53:56,646 [WARN] PackLoader:240 - Cannot read IP mode file for portGmbH.I-Cube-SoM-uGOAL.1.1.0
2025-04-15 23:53:56,667 [WARN] PackLoader:240 - Cannot read IP mode file for STMicroelectronics.X-CUBE-AZRTOS-H7RS.1.0.0
2025-04-15 23:53:56,685 [WARN] PackLoader:240 - Cannot read IP mode file for STMicroelectronics.X-CUBE-TOF1.3.4.2
2025-04-15 23:53:56,707 [WARN] PackLoader:240 - Cannot read IP mode file for wolfSSL.I-CUBE-wolfSSH.1.4.17
2025-04-15 23:53:56,708 [INFO] ThirdParty:978 - Integrity check success = true
2025-04-15 23:53:56,708 [INFO] IntegrityCheckThread:100 - exiting critical section [integrity check]
2025-04-15 23:53:56,708 [INFO] IntegrityCheckThread:103 - End integrity checks thread
