2025-05-11 00:59:43,355 [ERROR] ConfigurationRetriever:142 - IOException on connection: Read timed out
2025-05-11 01:27:15,356 [ERROR] LogOutputStream:75 - [STDERR_REDIRECT] 
2025-05-11 08:12:49,395 [INFO] Activator:176 - 


2025-05-11 08:12:49,395 [INFO] Activator:177 - !SESSION log4j initialized
2025-05-11 08:12:53,803 [INFO] LogOutputStream:77 - [STDOUT_REDIRECT] 
2025-05-11 08:12:54,835 [INFO] ApplicationProperties:184 - Using Application install path: C:\ST\STM32CubeIDE_1.17.0\STM32CubeIDE\plugins\com.st.stm32cube.common.mx_6.13.0.202411220809
2025-05-11 08:12:54,851 [INFO] DbMcusXml:78 - Set database path to: C:\ST\STM32CubeIDE_1.17.0\STM32CubeIDE\plugins\com.st.stm32cube.common.mx_6.13.0.202411220809\\db\/mcu/
2025-05-11 08:12:54,851 [INFO] ApiDb:274 - Set plugin database path to: C:\ST\STM32CubeIDE_1.17.0\STM32CubeIDE\plugins\com.st.stm32cube.common.mx_6.13.0.202411220809\\db\/plugins/boardmanager/
2025-05-11 08:12:54,851 [WARN] ApiDb:259 - Overriding images path with different value:  => C:\ST\STM32CubeIDE_1.17.0\STM32CubeIDE\plugins\com.st.stm32cube.common.mx_6.13.0.202411220809\\db\/plugins/mcufinder/images/
2025-05-11 08:12:54,859 [INFO] ApiDb:250 - Set database path to: C:\Users\APC\.stmcufinder\plugins\mcufinder//mcu/
2025-05-11 08:12:54,860 [INFO] DbMcusAds:125 - Set database path to: C:\Users\APC\.stmcufinder\plugins\mcufinder//mcu/
2025-05-11 08:12:54,862 [INFO] CrossReferenceDbSqlite:203 - Set database path to: C:\Users\APC\.stmcufinder\plugins\mcufinder//mcu/cs/
2025-05-11 08:12:54,945 [INFO] RulesReader:64 - Compatibility file has been processed (297 Rules)
2025-05-11 08:12:55,007 [INFO] DbMcusXml:78 - Set database path to: C:\ST\STM32CubeIDE_1.17.0\STM32CubeIDE\plugins\com.st.stm32cube.common.mx_6.13.0.202411220809\\db\/mcu/
2025-05-11 08:12:55,007 [INFO] ApiDb:274 - Set plugin database path to: C:\ST\STM32CubeIDE_1.17.0\STM32CubeIDE\plugins\com.st.stm32cube.common.mx_6.13.0.202411220809\\db\/plugins/boardmanager/
2025-05-11 08:12:55,007 [INFO] ApiDb:261 - Set plugin images path to: C:\ST\STM32CubeIDE_1.17.0\STM32CubeIDE\plugins\com.st.stm32cube.common.mx_6.13.0.202411220809\\db\/plugins/mcufinder/images/
2025-05-11 08:12:55,008 [WARN] DbFile:41 - Overriding database path with different value: C:\Users\APC\.stmcufinder\plugins\mcufinder/ => C:\Users\APC\.stmcufinder\plugins\mcufinder
2025-05-11 08:12:55,008 [INFO] ApiDb:250 - Set database path to: C:\Users\APC\.stmcufinder\plugins\mcufinder//mcu/
2025-05-11 08:12:55,008 [WARN] DbFile:41 - Overriding database path with different value: C:\Users\APC\.stmcufinder\plugins\mcufinder/ => C:\Users\APC\.stmcufinder\plugins\mcufinder
2025-05-11 08:12:55,008 [INFO] DbMcusAds:125 - Set database path to: C:\Users\APC\.stmcufinder\plugins\mcufinder//mcu/
2025-05-11 08:12:55,008 [WARN] DbFile:41 - Overriding database path with different value: C:\Users\APC\.stmcufinder\plugins\mcufinder/ => C:\Users\APC\.stmcufinder\plugins\mcufinder
2025-05-11 08:12:55,008 [WARN] DbFile:41 - Overriding database path with different value: C:\Users\APC\.stmcufinder\plugins\mcufinder/ => C:\Users\APC\.stmcufinder\plugins\mcufinder
2025-05-11 08:12:55,008 [INFO] CrossReferenceDbSqlite:203 - Set database path to: C:\Users\APC\.stmcufinder\plugins\mcufinder//mcu/cs/
2025-05-11 08:12:55,066 [INFO] MainPanel:272 - HeapMemory: 268435456
2025-05-11 08:12:55,157 [INFO] DbMcusXml:78 - Set database path to: C:\ST\STM32CubeIDE_1.17.0\STM32CubeIDE\plugins\com.st.stm32cube.common.mx_6.13.0.202411220809\\db\/mcu/
2025-05-11 08:12:55,157 [INFO] ApiDb:274 - Set plugin database path to: C:\ST\STM32CubeIDE_1.17.0\STM32CubeIDE\plugins\com.st.stm32cube.common.mx_6.13.0.202411220809\\db\/plugins/boardmanager/
2025-05-11 08:12:55,157 [INFO] ApiDb:261 - Set plugin images path to: C:\ST\STM32CubeIDE_1.17.0\STM32CubeIDE\plugins\com.st.stm32cube.common.mx_6.13.0.202411220809\\db\/plugins/mcufinder/images/
2025-05-11 08:12:55,157 [WARN] DbFile:41 - Overriding database path with different value: C:\Users\APC\.stmcufinder\plugins\mcufinder/ => C:\Users\APC\.stmcufinder\plugins\mcufinder
2025-05-11 08:12:55,157 [INFO] ApiDb:250 - Set database path to: C:\Users\APC\.stmcufinder\plugins\mcufinder//mcu/
2025-05-11 08:12:55,157 [WARN] DbFile:41 - Overriding database path with different value: C:\Users\APC\.stmcufinder\plugins\mcufinder/ => C:\Users\APC\.stmcufinder\plugins\mcufinder
2025-05-11 08:12:55,157 [INFO] DbMcusAds:125 - Set database path to: C:\Users\APC\.stmcufinder\plugins\mcufinder//mcu/
2025-05-11 08:12:55,157 [WARN] DbFile:41 - Overriding database path with different value: C:\Users\APC\.stmcufinder\plugins\mcufinder/ => C:\Users\APC\.stmcufinder\plugins\mcufinder
2025-05-11 08:12:55,157 [WARN] DbFile:41 - Overriding database path with different value: C:\Users\APC\.stmcufinder\plugins\mcufinder/ => C:\Users\APC\.stmcufinder\plugins\mcufinder
2025-05-11 08:12:55,157 [INFO] CrossReferenceDbSqlite:203 - Set database path to: C:\Users\APC\.stmcufinder\plugins\mcufinder//mcu/cs/
2025-05-11 08:12:55,172 [INFO] ApplicationProperties:184 - Using Application install path: C:\ST\STM32CubeIDE_1.17.0\STM32CubeIDE\plugins\com.st.stm32cube.common.mx_6.13.0.202411220809
2025-05-11 08:12:55,173 [INFO] PluginManage:196 - Search for loadable plugins [exclusion list=, ]
2025-05-11 08:12:55,174 [INFO] PluginManage:310 - Check plugin analytics
2025-05-11 08:12:55,290 [INFO] AnalyticsPlugin:253 - Accepted Software Licenses: STM32CubeMX.6.13.0
2025-05-11 08:12:55,290 [INFO] AnalyticsPlugin:255 - Accepted CMSIS Pack Licenses: 
2025-05-11 08:12:55,290 [INFO] AnalyticsPlugin:257 - Accepted Firmware Licenses: FW.F4.1.28.0
2025-05-11 08:12:55,291 [INFO] PluginManage:359 - Loaded plugin analytics (category:tool,tabindex:-1)
2025-05-11 08:12:55,292 [INFO] PluginManage:310 - Check plugin cadmodel
2025-05-11 08:12:55,301 [INFO] CADModel:105 - Init CAD model plugin
2025-05-11 08:12:55,301 [INFO] PluginManage:359 - Loaded plugin cadmodel (category:power,tabindex:5)
2025-05-11 08:12:55,302 [INFO] PluginManage:310 - Check plugin clock
2025-05-11 08:12:55,309 [INFO] PluginManage:359 - Loaded plugin clock (category:base,tabindex:2)
2025-05-11 08:12:55,309 [INFO] PluginManage:310 - Check plugin ddr
2025-05-11 08:12:55,311 [INFO] PluginManage:359 - Loaded plugin ddr (category:tool,tabindex:6)
2025-05-11 08:12:55,311 [INFO] PluginManage:310 - Check plugin filemanager
2025-05-11 08:12:55,425 [INFO] PluginManage:359 - Loaded plugin filemanager (category:base,tabindex:10)
2025-05-11 08:12:55,426 [INFO] PluginManage:310 - Check plugin ipmanager
2025-05-11 08:12:55,431 [INFO] PluginManage:359 - Loaded plugin ipmanager (category:base,tabindex:5)
2025-05-11 08:12:55,431 [INFO] PluginManage:310 - Check plugin lpbam
2025-05-11 08:12:55,439 [INFO] PluginManage:359 - Loaded plugin lpbam (category:base,tabindex:0)
2025-05-11 08:12:55,439 [INFO] PluginManage:310 - Check plugin memorymap
2025-05-11 08:12:55,450 [INFO] PluginManage:359 - Loaded plugin memorymap (category:base,tabindex:4)
2025-05-11 08:12:55,451 [INFO] PluginManage:310 - Check plugin pinoutandconfiguration
2025-05-11 08:12:55,458 [INFO] PluginManage:359 - Loaded plugin pinoutandconfiguration (category:base,tabindex:1)
2025-05-11 08:12:55,458 [INFO] PluginManage:310 - Check plugin pinoutconfig
2025-05-11 08:12:55,529 [WARN] SupportedApi:132 - Cannot load RTOS API schema: s4s-elt-must-match.1: The content of 'definitions' must match (annotation?, (simpleType | complexType)?, (unique | key | keyref)*)). A problem was found starting at: attribute.
2025-05-11 08:12:55,632 [INFO] PluginManage:359 - Loaded plugin pinoutconfig (category:base,tabindex:0)
2025-05-11 08:12:55,632 [INFO] PluginManage:310 - Check plugin power
2025-05-11 08:12:55,639 [INFO] PluginManage:359 - Loaded plugin power (category:power,tabindex:4)
2025-05-11 08:12:55,639 [INFO] PluginManage:310 - Check plugin projectmanager
2025-05-11 08:12:55,650 [INFO] PluginManage:359 - Loaded plugin projectmanager (category:projectmanager,tabindex:4)
2025-05-11 08:12:55,650 [INFO] PluginManage:310 - Check plugin rif
2025-05-11 08:12:55,656 [INFO] PluginManage:359 - Loaded plugin rif (category:base,tabindex:3)
2025-05-11 08:12:55,657 [INFO] PluginManage:310 - Check plugin thirdparty
2025-05-11 08:12:55,766 [WARN] IntegrityCheckThread:84 - waiting for thirdparty lock release [integrity check]
2025-05-11 08:12:55,766 [INFO] IntegrityCheckThread:86 - entering critical section [integrity check]
2025-05-11 08:12:55,766 [INFO] PluginManage:359 - Loaded plugin thirdparty (category:base,tabindex:-1)
2025-05-11 08:12:55,766 [INFO] PluginManage:310 - Check plugin tools
2025-05-11 08:12:55,766 [INFO] ThirdPartyUpdaterWithRetryManager:70 - Updater plugin not ready yet. [1/15]
2025-05-11 08:12:55,768 [INFO] PluginManage:359 - Loaded plugin tools (category:base,tabindex:7)
2025-05-11 08:12:55,768 [INFO] PluginManage:310 - Check plugin tutovideos
2025-05-11 08:12:55,921 [INFO] PluginManage:359 - Loaded plugin tutovideos (category:base,tabindex:-1)
2025-05-11 08:12:55,921 [INFO] PluginManage:310 - Check plugin updater
2025-05-11 08:12:55,939 [INFO] PluginManage:359 - Loaded plugin updater (category:base,tabindex:12)
2025-05-11 08:12:55,939 [INFO] PluginManage:310 - Check plugin userauth
2025-05-11 08:12:55,942 [INFO] UserAuth:118 - Init User Auth plugin
2025-05-11 08:12:55,943 [INFO] PluginManage:359 - Loaded plugin userauth (category:base,tabindex:14)
2025-05-11 08:12:55,943 [INFO] PluginManage:283 - PluginManage : Loaded plugins [18]
2025-05-11 08:12:56,112 [INFO] PinOutPanel:1589 - setPackage(No Configuration,No Configuration)
2025-05-11 08:12:56,170 [INFO] CADModel:165 - CPN selected for project level
2025-05-11 08:12:56,171 [INFO] CADModel:114 - Register for checkConnection events
2025-05-11 08:12:56,190 [INFO] IPUIPlugin:80 - create IPUIPlugin
2025-05-11 08:12:56,190 [INFO] PluginManager:220 - loadIPPluginJar : add adc
2025-05-11 08:12:56,192 [INFO] IPUIPlugin:80 - create IPUIPlugin
2025-05-11 08:12:56,192 [INFO] PluginManager:220 - loadIPPluginJar : add aes
2025-05-11 08:12:56,195 [INFO] IPUIPlugin:80 - create IPUIPlugin
2025-05-11 08:12:56,195 [INFO] PluginManager:220 - loadIPPluginJar : add can
2025-05-11 08:12:56,196 [INFO] IPUIPlugin:80 - create IPUIPlugin
2025-05-11 08:12:56,196 [INFO] PluginManager:220 - loadIPPluginJar : add comp
2025-05-11 08:12:56,197 [INFO] IPUIPlugin:80 - create IPUIPlugin
2025-05-11 08:12:56,198 [INFO] PluginManager:220 - loadIPPluginJar : add cryp
2025-05-11 08:12:56,199 [INFO] IPUIPlugin:80 - create IPUIPlugin
2025-05-11 08:12:56,199 [INFO] PluginManager:220 - loadIPPluginJar : add ddr_ctrl_phy
2025-05-11 08:12:56,202 [INFO] IPUIPlugin:80 - create IPUIPlugin
2025-05-11 08:12:56,202 [INFO] PluginManager:220 - loadIPPluginJar : add dfsdm
2025-05-11 08:12:56,210 [INFO] IPUIPlugin:80 - create IPUIPlugin
2025-05-11 08:12:56,211 [INFO] PluginManager:220 - loadIPPluginJar : add dma
2025-05-11 08:12:56,213 [INFO] IPUIPlugin:80 - create IPUIPlugin
2025-05-11 08:12:56,213 [INFO] PluginManager:220 - loadIPPluginJar : add dma3
2025-05-11 08:12:56,215 [INFO] IPUIPlugin:80 - create IPUIPlugin
2025-05-11 08:12:56,215 [INFO] PluginManager:220 - loadIPPluginJar : add extmemmanager
2025-05-11 08:12:56,216 [INFO] IPUIPlugin:80 - create IPUIPlugin
2025-05-11 08:12:56,216 [INFO] PluginManager:220 - loadIPPluginJar : add fatfs
2025-05-11 08:12:56,219 [INFO] IPUIPlugin:80 - create IPUIPlugin
2025-05-11 08:12:56,219 [INFO] PluginManager:220 - loadIPPluginJar : add fmc
2025-05-11 08:12:56,224 [INFO] IPUIPlugin:80 - create IPUIPlugin
2025-05-11 08:12:56,224 [INFO] PluginManager:220 - loadIPPluginJar : add freertos
2025-05-11 08:12:56,225 [INFO] IPUIPlugin:80 - create IPUIPlugin
2025-05-11 08:12:56,227 [INFO] PluginManager:220 - loadIPPluginJar : add genericplugin
2025-05-11 08:12:56,229 [INFO] IPUIPlugin:80 - create IPUIPlugin
2025-05-11 08:12:56,229 [INFO] PluginManager:220 - loadIPPluginJar : add gfxmmu
2025-05-11 08:12:56,232 [INFO] IPUIPlugin:80 - create IPUIPlugin
2025-05-11 08:12:56,232 [INFO] PluginManager:220 - loadIPPluginJar : add gic
2025-05-11 08:12:56,240 [INFO] IPUIPlugin:80 - create IPUIPlugin
2025-05-11 08:12:56,240 [INFO] PluginManager:220 - loadIPPluginJar : add gpio
2025-05-11 08:12:56,242 [INFO] IPUIPlugin:80 - create IPUIPlugin
2025-05-11 08:12:56,242 [INFO] PluginManager:220 - loadIPPluginJar : add gtzc
2025-05-11 08:12:56,244 [INFO] IPUIPlugin:80 - create IPUIPlugin
2025-05-11 08:12:56,244 [INFO] PluginManager:220 - loadIPPluginJar : add hash
2025-05-11 08:12:56,246 [INFO] IPUIPlugin:80 - create IPUIPlugin
2025-05-11 08:12:56,246 [INFO] PluginManager:220 - loadIPPluginJar : add i2c
2025-05-11 08:12:56,248 [INFO] IPUIPlugin:80 - create IPUIPlugin
2025-05-11 08:12:56,248 [INFO] PluginManager:220 - loadIPPluginJar : add i2s
2025-05-11 08:12:56,250 [INFO] IPUIPlugin:80 - create IPUIPlugin
2025-05-11 08:12:56,250 [INFO] PluginManager:220 - loadIPPluginJar : add i3c
2025-05-11 08:12:56,252 [INFO] IPUIPlugin:80 - create IPUIPlugin
2025-05-11 08:12:56,252 [INFO] PluginManager:220 - loadIPPluginJar : add ipddr
2025-05-11 08:12:56,258 [INFO] IPUIPlugin:80 - create IPUIPlugin
2025-05-11 08:12:56,258 [INFO] PluginManager:220 - loadIPPluginJar : add linkedlist
2025-05-11 08:12:56,260 [INFO] IPUIPlugin:80 - create IPUIPlugin
2025-05-11 08:12:56,260 [INFO] PluginManager:220 - loadIPPluginJar : add lorawan
2025-05-11 08:12:56,261 [INFO] IPUIPlugin:80 - create IPUIPlugin
2025-05-11 08:12:56,261 [INFO] PluginManager:220 - loadIPPluginJar : add ltdc
2025-05-11 08:12:56,271 [INFO] IPUIPlugin:80 - create IPUIPlugin
2025-05-11 08:12:56,271 [INFO] PluginManager:220 - loadIPPluginJar : add mdma
2025-05-11 08:12:56,273 [INFO] IPUIPlugin:80 - create IPUIPlugin
2025-05-11 08:12:56,273 [INFO] PluginManager:220 - loadIPPluginJar : add nvic
2025-05-11 08:12:56,276 [INFO] IPUIPlugin:80 - create IPUIPlugin
2025-05-11 08:12:56,277 [INFO] PluginManager:220 - loadIPPluginJar : add opamp
2025-05-11 08:12:56,278 [INFO] IPUIPlugin:80 - create IPUIPlugin
2025-05-11 08:12:56,279 [INFO] PluginManager:220 - loadIPPluginJar : add openamp
2025-05-11 08:12:56,281 [INFO] IPUIPlugin:80 - create IPUIPlugin
2025-05-11 08:12:56,281 [INFO] PluginManager:220 - loadIPPluginJar : add pdm2pcm
2025-05-11 08:12:56,285 [INFO] IPUIPlugin:80 - create IPUIPlugin
2025-05-11 08:12:56,286 [INFO] PluginManager:220 - loadIPPluginJar : add plateformsettings
2025-05-11 08:12:56,287 [INFO] IPUIPlugin:80 - create IPUIPlugin
2025-05-11 08:12:56,287 [INFO] PluginManager:220 - loadIPPluginJar : add quadspi
2025-05-11 08:12:56,289 [INFO] IPUIPlugin:80 - create IPUIPlugin
2025-05-11 08:12:56,290 [INFO] PluginManager:220 - loadIPPluginJar : add radio
2025-05-11 08:12:56,296 [INFO] IPUIPlugin:80 - create IPUIPlugin
2025-05-11 08:12:56,296 [INFO] PluginManager:220 - loadIPPluginJar : add resmgrutility
2025-05-11 08:12:56,299 [INFO] IPUIPlugin:80 - create IPUIPlugin
2025-05-11 08:12:56,299 [INFO] PluginManager:220 - loadIPPluginJar : add sai
2025-05-11 08:12:56,301 [INFO] IPUIPlugin:80 - create IPUIPlugin
2025-05-11 08:12:56,301 [INFO] PluginManager:220 - loadIPPluginJar : add spi
2025-05-11 08:12:56,306 [INFO] IPUIPlugin:80 - create IPUIPlugin
2025-05-11 08:12:56,307 [INFO] PluginManager:220 - loadIPPluginJar : add stm32_wpan
2025-05-11 08:12:56,308 [INFO] IPUIPlugin:80 - create IPUIPlugin
2025-05-11 08:12:56,308 [INFO] PluginManager:220 - loadIPPluginJar : add tim
2025-05-11 08:12:56,310 [INFO] IPUIPlugin:80 - create IPUIPlugin
2025-05-11 08:12:56,310 [INFO] PluginManager:220 - loadIPPluginJar : add touchsensing
2025-05-11 08:12:56,312 [INFO] IPUIPlugin:80 - create IPUIPlugin
2025-05-11 08:12:56,312 [INFO] PluginManager:220 - loadIPPluginJar : add tracer_emb
2025-05-11 08:12:56,313 [INFO] IPUIPlugin:80 - create IPUIPlugin
2025-05-11 08:12:56,313 [INFO] PluginManager:220 - loadIPPluginJar : add ts
2025-05-11 08:12:56,314 [INFO] IPUIPlugin:80 - create IPUIPlugin
2025-05-11 08:12:56,315 [INFO] PluginManager:220 - loadIPPluginJar : add tsc
2025-05-11 08:12:56,316 [INFO] IPUIPlugin:80 - create IPUIPlugin
2025-05-11 08:12:56,316 [INFO] PluginManager:220 - loadIPPluginJar : add ucpd
2025-05-11 08:12:56,318 [INFO] IPUIPlugin:80 - create IPUIPlugin
2025-05-11 08:12:56,318 [INFO] PluginManager:220 - loadIPPluginJar : add usart
2025-05-11 08:12:56,321 [INFO] IPUIPlugin:80 - create IPUIPlugin
2025-05-11 08:12:56,321 [INFO] PluginManager:220 - loadIPPluginJar : add usbx
2025-05-11 08:12:56,437 [FATAL] Updater:351 - Updater called before beeing initialized
2025-05-11 08:12:56,456 [INFO] RulesReader:64 - Compatibility file has been processed (297 Rules)
2025-05-11 08:12:56,462 [INFO] RulesReader:64 - Compatibility file has been processed (297 Rules)
2025-05-11 08:12:56,469 [INFO] CADModel:165 - CPN selected for project level
2025-05-11 08:12:56,470 [INFO] CADModel:114 - Register for checkConnection events
2025-05-11 08:12:56,470 [FATAL] Updater:351 - Updater called before beeing initialized
2025-05-11 08:12:56,470 [ERROR] CADModel:125 - Updater not yet initialized, retry later 
2025-05-11 08:12:56,576 [FATAL] Updater:351 - Updater called before beeing initialized
2025-05-11 08:12:56,577 [INFO] CADModel:165 - CPN selected for project level
2025-05-11 08:12:56,577 [INFO] CADModel:114 - Register for checkConnection events
2025-05-11 08:12:56,577 [FATAL] Updater:351 - Updater called before beeing initialized
2025-05-11 08:12:56,577 [ERROR] CADModel:125 - Updater not yet initialized, retry later 
2025-05-11 08:12:56,579 [FATAL] Updater:351 - Updater called before beeing initialized
2025-05-11 08:12:56,650 [FATAL] Updater:351 - Updater called before beeing initialized
2025-05-11 08:12:56,653 [INFO] DbMcusAds:53 - JSON generation date=Tue Dec 17 23:01:25 ICT 2024 (1734451285682)
2025-05-11 08:12:56,653 [FATAL] Updater:351 - Updater called before beeing initialized
2025-05-11 08:12:56,688 [WARN] DetailPanel:346 - Failed to get advertising image, set to default
2025-05-11 08:12:56,879 [FATAL] Updater:351 - Updater called before beeing initialized
2025-05-11 08:12:56,881 [FATAL] Updater:351 - Updater called before beeing initialized
2025-05-11 08:12:56,881 [FATAL] Updater:351 - Updater called before beeing initialized
2025-05-11 08:12:56,881 [WARN] DetailPanel:346 - Failed to get advertising image, set to default
2025-05-11 08:12:56,882 [FATAL] Updater:351 - Updater called before beeing initialized
2025-05-11 08:12:56,913 [ERROR] Updater:1198 - MainUpdater not yet initialized. External WinMGr cannot be set.
2025-05-11 08:12:56,916 [INFO] Updater:1134 - Updater Version found : 6.13.0
2025-05-11 08:12:56,930 [INFO] ApplicationProperties:184 - Using Application install path: C:\ST\STM32CubeIDE_1.17.0\STM32CubeIDE\plugins\com.st.stm32cube.common.mx_6.13.0.202411220809
2025-05-11 08:12:57,224 [INFO] MainUpdater:2872 - connection check result : 10
2025-05-11 08:12:57,224 [INFO] MainUpdater:289 - Updater Check For Update Now.
2025-05-11 08:12:57,224 [INFO] MicroXplorer:498 - Change Database Version : DB.6.0.130
2025-05-11 08:12:57,228 [INFO] McuFinderGlobals:63 - Set McuFinder mode to 2 (CubeIDE integrated)
2025-05-11 08:12:57,228 [INFO] UserAuth:486 - Internet connection configuration mode: 1
2025-05-11 08:12:57,250 [INFO] JxBrowserEngine:152 - Initiate JxBrowser Engine with user profile folder
2025-05-11 08:12:57,380 [INFO] CheckServerUpdateThread:120 - End of CheckServer Thread
2025-05-11 08:12:58,827 [INFO] WebApp:168 - Instantiating new browser for Auth
2025-05-11 08:12:58,951 [WARN] PackLoader:240 - Cannot read IP mode file for STMicroelectronics.FP-SNS-MOTENVWB1.1.4.0
2025-05-11 08:12:58,960 [WARN] PackLoader:240 - Cannot read IP mode file for STMicroelectronics.FP-ATR-ASTRA1.2.0.2
2025-05-11 08:12:58,964 [WARN] PackLoader:240 - Cannot read IP mode file for STMicroelectronics.FP-ATR-ASTRA1.2.0.1
2025-05-11 08:12:58,972 [WARN] PackLoader:240 - Cannot read IP mode file for STMicroelectronics.X-CUBE-SMBUS.2.1.0
2025-05-11 08:12:58,979 [WARN] PackLoader:240 - Cannot read IP mode file for STMicroelectronics.X-CUBE-WB05N.1.1.0
2025-05-11 08:12:59,010 [WARN] PackLoader:240 - Cannot read IP mode file for STMicroelectronics.X-CUBE-AZRTOS-F7.1.1.0
2025-05-11 08:12:59,019 [WARN] PackLoader:240 - Cannot read IP mode file for STMicroelectronics.FP-SNS-FLIGHT1.5.0.2
2025-05-11 08:12:59,040 [WARN] PackLoader:240 - Cannot read IP mode file for Infineon.AIROC-Wi-Fi-Bluetooth-STM32.1.7.0
2025-05-11 08:12:59,053 [WARN] PackLoader:240 - Cannot read IP mode file for STMicroelectronics.X-CUBE-DISPLAY.3.0.0
2025-05-11 08:12:59,071 [WARN] PackLoader:240 - Cannot read IP mode file for STMicroelectronics.X-CUBE-BLE1.7.0.0
2025-05-11 08:12:59,079 [WARN] PackLoader:240 - Cannot read IP mode file for STMicroelectronics.X-CUBE-NFC10.1.0.0
2025-05-11 08:12:59,090 [WARN] PackLoader:240 - Cannot read IP mode file for STMicroelectronics.X-CUBE-BLEMGR.4.0.0
2025-05-11 08:12:59,100 [WARN] PackLoader:240 - Cannot read IP mode file for emotas.I-CUBE-CANOPEN.1.3.0
2025-05-11 08:12:59,105 [WARN] PackLoader:240 - Cannot read IP mode file for STMicroelectronics.X-CUBE-AI.10.0.0
2025-05-11 08:12:59,110 [WARN] PackLoader:240 - Cannot read IP mode file for STMicroelectronics.FP-SNS-SMARTAG2.1.2.0
2025-05-11 08:12:59,112 [WARN] PackLoader:240 - Cannot read IP mode file for STMicroelectronics.FP-SNS-FLIGHT1.5.1.0
2025-05-11 08:12:59,139 [WARN] PackLoader:240 - Cannot read IP mode file for STMicroelectronics.X-CUBE-MEMS1.11.1.0
2025-05-11 08:12:59,233 [INFO] LogOutputStream:77 - [STDOUT_REDIRECT] 1 : Invalid condition id : UX_CORESTACK_Condition cause : null
2025-05-11 08:12:59,233 [INFO] LogOutputStream:77 - [STDOUT_REDIRECT] 1 : Invalid condition id : UX_CORESTACK_Condition cause : null
2025-05-11 08:12:59,234 [INFO] LogOutputStream:77 - [STDOUT_REDIRECT] 1 : Invalid condition id : UX_CORESTACK_Condition cause : null
2025-05-11 08:12:59,235 [INFO] LogOutputStream:77 - [STDOUT_REDIRECT] 1 : Invalid condition id : UX_CORESTACK_Condition cause : null
2025-05-11 08:12:59,236 [INFO] LogOutputStream:77 - [STDOUT_REDIRECT] 1 : Invalid condition id : UX_CORESTACK_Condition cause : null
2025-05-11 08:12:59,238 [WARN] PackLoader:240 - Cannot read IP mode file for STMicroelectronics.X-CUBE-AZRTOS-WL.2.0.0
2025-05-11 08:12:59,242 [WARN] PackLoader:240 - Cannot read IP mode file for STMicroelectronics.FP-SNS-MOTENV1.5.0.0
2025-05-11 08:12:59,245 [WARN] PackLoader:240 - Cannot read IP mode file for wolfSSL.I-CUBE-wolfMQTT.1.19.0
2025-05-11 08:12:59,251 [WARN] PackLoader:240 - Cannot read IP mode file for WES.I-CUBE-Cesium.1.3.0
2025-05-11 08:12:59,255 [WARN] PackLoader:240 - Cannot read IP mode file for STMicroelectronics.X-CUBE-BLE2.3.3.0
2025-05-11 08:12:59,261 [WARN] PackLoader:240 - Cannot read IP mode file for STMicroelectronics.X-CUBE-NFC9.1.0.0
2025-05-11 08:12:59,264 [WARN] PackLoader:240 - Cannot read IP mode file for STMicroelectronics.X-CUBE-BLE1.7.1.0
2025-05-11 08:12:59,301 [WARN] PackLoader:240 - Cannot read IP mode file for STMicroelectronics.X-CUBE-MEMS1.11.2.0
2025-05-11 08:12:59,441 [WARN] PackLoader:240 - Cannot read IP mode file for STMicroelectronics.X-CUBE-AZRTOS-G0.1.1.0
2025-05-11 08:12:59,452 [WARN] PackLoader:240 - Cannot read IP mode file for STMicroelectronics.X-CUBE-SAFEA1.1.2.2
2025-05-11 08:12:59,458 [WARN] PackLoader:240 - Cannot read IP mode file for STMicroelectronics.X-CUBE-NFC4.3.0.0
2025-05-11 08:12:59,465 [WARN] PackLoader:240 - Cannot read IP mode file for EmbeddedOffice.I-CUBE-FS-RTOS.1.0.1
2025-05-11 08:12:59,473 [WARN] PackLoader:240 - Cannot read IP mode file for STMicroelectronics.X-CUBE-WB05N.2.0.0
2025-05-11 08:12:59,481 [WARN] PackLoader:240 - Cannot read IP mode file for STMicroelectronics.X-CUBE-TCPP.4.2.0
2025-05-11 08:12:59,493 [WARN] PackLoader:240 - Cannot read IP mode file for RealThread.X-CUBE-RT-Thread_Nano.4.1.1
2025-05-11 08:12:59,501 [WARN] PackLoader:240 - Cannot read IP mode file for STMicroelectronics.FP-ATR-SIGFOX1.3.2.0
2025-05-11 08:12:59,509 [WARN] ConditionMgr:438 - getConditionDescription Invalid condition id : Cortex-A Device cause : null
2025-05-11 08:12:59,533 [WARN] ConditionMgr:1044 - genDependencies : Invalid condition id : Cortex-A Device cause : null
2025-05-11 08:12:59,534 [WARN] ConditionMgr:1044 - genDependencies : Invalid condition id : Cortex-A Device cause : null
2025-05-11 08:12:59,534 [WARN] ConditionMgr:1044 - genDependencies : Invalid condition id : Cortex-A Device cause : null
2025-05-11 08:12:59,539 [WARN] PackLoader:240 - Cannot read IP mode file for STMicroelectronics.X-CUBE-EEPRMA1.5.1.0
2025-05-11 08:12:59,543 [WARN] PackLoader:240 - Cannot read IP mode file for wolfSSL.I-CUBE-wolfSSL.5.7.4
2025-05-11 08:12:59,548 [WARN] PackLoader:240 - Cannot read IP mode file for ITTIA_DB.I-CUBE-ITTIADB.8.9.0
2025-05-11 08:12:59,569 [WARN] PackLoader:240 - Cannot read IP mode file for SEGGER.I-CUBE-embOS.1.3.1
2025-05-11 08:12:59,603 [WARN] PackLoader:240 - Cannot read IP mode file for STMicroelectronics.X-CUBE-ALGOBUILD.1.4.0
2025-05-11 08:12:59,610 [WARN] PackLoader:240 - Cannot read IP mode file for STMicroelectronics.X-CUBE-AI.9.1.0
2025-05-11 08:12:59,627 [WARN] PackLoader:240 - Cannot read IP mode file for STMicroelectronics.X-CUBE-AZRTOS-F4.1.1.0
2025-05-11 08:12:59,636 [WARN] PackLoader:240 - Cannot read IP mode file for Avnet-IotConnect.X-CUBE-IoTC-DA16k-PMOD.1.0.0
2025-05-11 08:12:59,641 [WARN] PackLoader:240 - Cannot read IP mode file for STMicroelectronics.X-CUBE-ISPU.2.1.0
2025-05-11 08:12:59,652 [WARN] PackLoader:240 - Cannot read IP mode file for STMicroelectronics.X-CUBE-AZRTOS-L5.2.0.0
2025-05-11 08:12:59,660 [WARN] PackLoader:240 - Cannot read IP mode file for STMicroelectronics.X-CUBE-NFC6.3.1.0
2025-05-11 08:12:59,666 [WARN] PackLoader:240 - Cannot read IP mode file for STMicroelectronics.X-CUBE-DPower.1.2.0
2025-05-11 08:12:59,672 [WARN] PackLoader:240 - Cannot read IP mode file for STMicroelectronics.X-CUBE-FREERTOS.1.3.1
2025-05-11 08:12:59,679 [WARN] PackLoader:240 - Cannot read IP mode file for STMicroelectronics.X-CUBE-FREERTOS.1.3.0
2025-05-11 08:12:59,687 [WARN] PackLoader:240 - Cannot read IP mode file for STMicroelectronics.X-CUBE-NFC7.1.0.1
2025-05-11 08:12:59,695 [WARN] PackLoader:240 - Cannot read IP mode file for STMicroelectronics.X-CUBE-DPower.1.3.0
2025-05-11 08:12:59,709 [WARN] ConditionMgr:438 - getConditionDescription Invalid condition id : LAN8742 Phy interface Condition cause : null
2025-05-11 08:12:59,710 [WARN] PackLoader:240 - Cannot read IP mode file for STMicroelectronics.X-CUBE-AZRTOS-L4.2.0.0
2025-05-11 08:12:59,711 [WARN] ConditionMgr:1044 - genDependencies : Invalid condition id : LAN8742 Phy interface Condition cause : null
2025-05-11 08:12:59,712 [WARN] ConditionMgr:1044 - genDependencies : Invalid condition id : LAN8742 Phy interface Condition cause : null
2025-05-11 08:12:59,712 [WARN] ConditionMgr:1044 - genDependencies : Invalid condition id : LAN8742 Phy interface Condition cause : null
2025-05-11 08:12:59,722 [WARN] PackLoader:240 - Cannot read IP mode file for STMicroelectronics.X-CUBE-SFXS2LP1.4.0.0
2025-05-11 08:12:59,744 [WARN] PackLoader:240 - Cannot read IP mode file for STMicroelectronics.X-CUBE-AZRTOS-H7.3.3.0
2025-05-11 08:12:59,756 [WARN] ConditionMgr:438 - getConditionDescription Invalid condition id : UX DEVICE CLASS RTOS Condition cause : null
2025-05-11 08:12:59,757 [WARN] ConditionMgr:438 - getConditionDescription Invalid condition id : UX DEVICE CLASS RTOS Condition cause : null
2025-05-11 08:12:59,758 [WARN] PackLoader:240 - Cannot read IP mode file for STMicroelectronics.X-CUBE-AZRTOS-WB.2.0.0
2025-05-11 08:12:59,758 [WARN] ConditionMgr:1044 - genDependencies : Invalid condition id : UX DEVICE CLASS RTOS Condition cause : null
2025-05-11 08:12:59,758 [WARN] ConditionMgr:1044 - genDependencies : Invalid condition id : UX DEVICE CLASS RTOS Condition cause : null
2025-05-11 08:12:59,759 [WARN] ConditionMgr:1044 - genDependencies : Invalid condition id : UX DEVICE CLASS RTOS Condition cause : null
2025-05-11 08:12:59,759 [WARN] ConditionMgr:1044 - genDependencies : Invalid condition id : UX DEVICE CLASS RTOS Condition cause : null
2025-05-11 08:12:59,759 [WARN] ConditionMgr:1044 - genDependencies : Invalid condition id : UX DEVICE CLASS RTOS Condition cause : null
2025-05-11 08:12:59,768 [WARN] PackLoader:240 - Cannot read IP mode file for STMicroelectronics.X-CUBE-GNSS1.7.0.1
2025-05-11 08:12:59,779 [WARN] PackLoader:240 - Cannot read IP mode file for STMicroelectronics.X-CUBE-TOUCHGFX.4.25.0
2025-05-11 08:12:59,787 [WARN] PackLoader:240 - Cannot read IP mode file for STMicroelectronics.FP-SNS-STBOX1.2.0.0
2025-05-11 08:12:59,802 [WARN] PackLoader:240 - Cannot read IP mode file for STMicroelectronics.X-CUBE-SUBG2.5.0.0
2025-05-11 08:12:59,821 [WARN] PackLoader:240 - Cannot read IP mode file for STMicroelectronics.X-CUBE-AZRTOS-H7RS.1.1.0
2025-05-11 08:12:59,830 [WARN] PackLoader:240 - Cannot read IP mode file for Cesanta.I-CUBE-Mongoose.7.13.0
2025-05-11 08:12:59,840 [WARN] PackLoader:240 - Cannot read IP mode file for STMicroelectronics.X-CUBE-AZRTOS-G4.2.0.0
2025-05-11 08:12:59,848 [WARN] PackLoader:240 - Cannot read IP mode file for STMicroelectronics.X-CUBE-NFC7.2.0.0
2025-05-11 08:12:59,865 [WARN] PackLoader:240 - Cannot read IP mode file for STMicroelectronics.X-CUBE-IPS.3.1.0
2025-05-11 08:12:59,879 [WARN] PackLoader:240 - Cannot read IP mode file for STMicroelectronics.X-CUBE-ALS.1.0.2
2025-05-11 08:12:59,884 [WARN] PackLoader:240 - Cannot read IP mode file for STMicroelectronics.X-CUBE-TOUCHGFX.4.24.2
2025-05-11 08:12:59,891 [WARN] PackLoader:240 - Cannot read IP mode file for wolfSSL.I-CUBE-wolfTPM.3.4.0
2025-05-11 08:12:59,900 [WARN] PackLoader:240 - Cannot read IP mode file for portGmbH.I-Cube-SoM-uGOAL.1.1.0
2025-05-11 08:12:59,921 [WARN] PackLoader:240 - Cannot read IP mode file for STMicroelectronics.X-CUBE-AZRTOS-H7RS.1.0.0
2025-05-11 08:12:59,945 [WARN] PackLoader:240 - Cannot read IP mode file for STMicroelectronics.X-CUBE-TOF1.3.4.2
2025-05-11 08:12:59,968 [WARN] PackLoader:240 - Cannot read IP mode file for STMicroelectronics.X-CUBE-TOF1.3.4.3
2025-05-11 08:12:59,995 [WARN] PackLoader:240 - Cannot read IP mode file for wolfSSL.I-CUBE-wolfSSH.1.4.17
2025-05-11 08:12:59,997 [INFO] ThirdParty:978 - Integrity check success = true
2025-05-11 08:12:59,997 [INFO] IntegrityCheckThread:100 - exiting critical section [integrity check]
2025-05-11 08:12:59,997 [INFO] IntegrityCheckThread:103 - End integrity checks thread
2025-05-11 08:13:00,079 [INFO] WebApp:449 - Apply proxy settings
2025-05-11 08:13:00,081 [INFO] WebApp:534 - Chromium requires no authentication
2025-05-11 08:13:00,103 [INFO] WebApp:477 - Direct internet connection detected
2025-05-11 08:13:00,137 [INFO] WebApp:880 - Register for checkConnection events
2025-05-11 08:13:00,137 [INFO] WebApp:449 - Apply proxy settings
2025-05-11 08:13:00,137 [INFO] WebApp:534 - Chromium requires no authentication
2025-05-11 08:13:00,138 [INFO] WebApp:477 - Direct internet connection detected
2025-05-11 08:13:00,288 [INFO] WebApp:221 - Starting web application
2025-05-11 08:13:00,289 [INFO] WebApp:579 - Web application path used C:\ST\STM32CubeIDE_1.17.0\STM32CubeIDE\plugins\com.st.stm32cube.common.mx_6.13.0.202411220809\db\plugins\mcufinder\reactClient1\index.html
2025-05-11 08:13:00,352 [INFO] UserAuth:486 - Internet connection configuration mode: 1
2025-05-11 08:13:00,383 [INFO] WebApp:187 - Connection restablished
2025-05-11 12:33:40,435 [ERROR] LogOutputStream:75 - [STDERR_REDIRECT] 
2025-05-11 17:30:10,545 [INFO] Activator:176 - 


2025-05-11 17:30:10,550 [INFO] Activator:177 - !SESSION log4j initialized
2025-05-11 17:30:17,482 [INFO] LogOutputStream:77 - [STDOUT_REDIRECT] 
2025-05-11 17:30:23,100 [INFO] ApplicationProperties:184 - Using Application install path: C:\ST\STM32CubeIDE_1.17.0\STM32CubeIDE\plugins\com.st.stm32cube.common.mx_6.13.0.202411220809
2025-05-11 17:30:23,119 [INFO] DbMcusXml:78 - Set database path to: C:\ST\STM32CubeIDE_1.17.0\STM32CubeIDE\plugins\com.st.stm32cube.common.mx_6.13.0.202411220809\\db\/mcu/
2025-05-11 17:30:23,119 [INFO] ApiDb:274 - Set plugin database path to: C:\ST\STM32CubeIDE_1.17.0\STM32CubeIDE\plugins\com.st.stm32cube.common.mx_6.13.0.202411220809\\db\/plugins/boardmanager/
2025-05-11 17:30:23,120 [WARN] ApiDb:259 - Overriding images path with different value:  => C:\ST\STM32CubeIDE_1.17.0\STM32CubeIDE\plugins\com.st.stm32cube.common.mx_6.13.0.202411220809\\db\/plugins/mcufinder/images/
2025-05-11 17:30:23,142 [INFO] ApiDb:250 - Set database path to: C:\Users\APC\.stmcufinder\plugins\mcufinder//mcu/
2025-05-11 17:30:23,144 [INFO] DbMcusAds:125 - Set database path to: C:\Users\APC\.stmcufinder\plugins\mcufinder//mcu/
2025-05-11 17:30:23,146 [INFO] CrossReferenceDbSqlite:203 - Set database path to: C:\Users\APC\.stmcufinder\plugins\mcufinder//mcu/cs/
2025-05-11 17:30:23,252 [INFO] RulesReader:64 - Compatibility file has been processed (297 Rules)
2025-05-11 17:30:23,348 [INFO] DbMcusXml:78 - Set database path to: C:\ST\STM32CubeIDE_1.17.0\STM32CubeIDE\plugins\com.st.stm32cube.common.mx_6.13.0.202411220809\\db\/mcu/
2025-05-11 17:30:23,348 [INFO] ApiDb:274 - Set plugin database path to: C:\ST\STM32CubeIDE_1.17.0\STM32CubeIDE\plugins\com.st.stm32cube.common.mx_6.13.0.202411220809\\db\/plugins/boardmanager/
2025-05-11 17:30:23,348 [INFO] ApiDb:261 - Set plugin images path to: C:\ST\STM32CubeIDE_1.17.0\STM32CubeIDE\plugins\com.st.stm32cube.common.mx_6.13.0.202411220809\\db\/plugins/mcufinder/images/
2025-05-11 17:30:23,348 [WARN] DbFile:41 - Overriding database path with different value: C:\Users\APC\.stmcufinder\plugins\mcufinder/ => C:\Users\APC\.stmcufinder\plugins\mcufinder
2025-05-11 17:30:23,349 [INFO] ApiDb:250 - Set database path to: C:\Users\APC\.stmcufinder\plugins\mcufinder//mcu/
2025-05-11 17:30:23,349 [WARN] DbFile:41 - Overriding database path with different value: C:\Users\APC\.stmcufinder\plugins\mcufinder/ => C:\Users\APC\.stmcufinder\plugins\mcufinder
2025-05-11 17:30:23,349 [INFO] DbMcusAds:125 - Set database path to: C:\Users\APC\.stmcufinder\plugins\mcufinder//mcu/
2025-05-11 17:30:23,349 [WARN] DbFile:41 - Overriding database path with different value: C:\Users\APC\.stmcufinder\plugins\mcufinder/ => C:\Users\APC\.stmcufinder\plugins\mcufinder
2025-05-11 17:30:23,349 [WARN] DbFile:41 - Overriding database path with different value: C:\Users\APC\.stmcufinder\plugins\mcufinder/ => C:\Users\APC\.stmcufinder\plugins\mcufinder
2025-05-11 17:30:23,349 [INFO] CrossReferenceDbSqlite:203 - Set database path to: C:\Users\APC\.stmcufinder\plugins\mcufinder//mcu/cs/
2025-05-11 17:30:23,445 [INFO] MainPanel:272 - HeapMemory: 268435456
2025-05-11 17:30:23,572 [INFO] DbMcusXml:78 - Set database path to: C:\ST\STM32CubeIDE_1.17.0\STM32CubeIDE\plugins\com.st.stm32cube.common.mx_6.13.0.202411220809\\db\/mcu/
2025-05-11 17:30:23,572 [INFO] ApiDb:274 - Set plugin database path to: C:\ST\STM32CubeIDE_1.17.0\STM32CubeIDE\plugins\com.st.stm32cube.common.mx_6.13.0.202411220809\\db\/plugins/boardmanager/
2025-05-11 17:30:23,572 [INFO] ApiDb:261 - Set plugin images path to: C:\ST\STM32CubeIDE_1.17.0\STM32CubeIDE\plugins\com.st.stm32cube.common.mx_6.13.0.202411220809\\db\/plugins/mcufinder/images/
2025-05-11 17:30:23,572 [WARN] DbFile:41 - Overriding database path with different value: C:\Users\APC\.stmcufinder\plugins\mcufinder/ => C:\Users\APC\.stmcufinder\plugins\mcufinder
2025-05-11 17:30:23,572 [INFO] ApiDb:250 - Set database path to: C:\Users\APC\.stmcufinder\plugins\mcufinder//mcu/
2025-05-11 17:30:23,572 [WARN] DbFile:41 - Overriding database path with different value: C:\Users\APC\.stmcufinder\plugins\mcufinder/ => C:\Users\APC\.stmcufinder\plugins\mcufinder
2025-05-11 17:30:23,572 [INFO] DbMcusAds:125 - Set database path to: C:\Users\APC\.stmcufinder\plugins\mcufinder//mcu/
2025-05-11 17:30:23,573 [WARN] DbFile:41 - Overriding database path with different value: C:\Users\APC\.stmcufinder\plugins\mcufinder/ => C:\Users\APC\.stmcufinder\plugins\mcufinder
2025-05-11 17:30:23,573 [WARN] DbFile:41 - Overriding database path with different value: C:\Users\APC\.stmcufinder\plugins\mcufinder/ => C:\Users\APC\.stmcufinder\plugins\mcufinder
2025-05-11 17:30:23,573 [INFO] CrossReferenceDbSqlite:203 - Set database path to: C:\Users\APC\.stmcufinder\plugins\mcufinder//mcu/cs/
2025-05-11 17:30:23,595 [INFO] ApplicationProperties:184 - Using Application install path: C:\ST\STM32CubeIDE_1.17.0\STM32CubeIDE\plugins\com.st.stm32cube.common.mx_6.13.0.202411220809
2025-05-11 17:30:23,597 [INFO] PluginManage:196 - Search for loadable plugins [exclusion list=, ]
2025-05-11 17:30:23,599 [INFO] PluginManage:310 - Check plugin analytics
2025-05-11 17:30:23,755 [INFO] AnalyticsPlugin:253 - Accepted Software Licenses: STM32CubeMX.6.13.0
2025-05-11 17:30:23,755 [INFO] AnalyticsPlugin:255 - Accepted CMSIS Pack Licenses: 
2025-05-11 17:30:23,756 [INFO] AnalyticsPlugin:257 - Accepted Firmware Licenses: FW.F4.1.28.0
2025-05-11 17:30:23,758 [INFO] PluginManage:359 - Loaded plugin analytics (category:tool,tabindex:-1)
2025-05-11 17:30:23,758 [INFO] PluginManage:310 - Check plugin cadmodel
2025-05-11 17:30:23,776 [INFO] CADModel:105 - Init CAD model plugin
2025-05-11 17:30:23,777 [INFO] PluginManage:359 - Loaded plugin cadmodel (category:power,tabindex:5)
2025-05-11 17:30:23,777 [INFO] PluginManage:310 - Check plugin clock
2025-05-11 17:30:23,797 [INFO] PluginManage:359 - Loaded plugin clock (category:base,tabindex:2)
2025-05-11 17:30:23,798 [INFO] PluginManage:310 - Check plugin ddr
2025-05-11 17:30:23,800 [INFO] PluginManage:359 - Loaded plugin ddr (category:tool,tabindex:6)
2025-05-11 17:30:23,802 [INFO] PluginManage:310 - Check plugin filemanager
2025-05-11 17:30:23,941 [INFO] PluginManage:359 - Loaded plugin filemanager (category:base,tabindex:10)
2025-05-11 17:30:23,942 [INFO] PluginManage:310 - Check plugin ipmanager
2025-05-11 17:30:23,948 [INFO] PluginManage:359 - Loaded plugin ipmanager (category:base,tabindex:5)
2025-05-11 17:30:23,948 [INFO] PluginManage:310 - Check plugin lpbam
2025-05-11 17:30:23,970 [INFO] PluginManage:359 - Loaded plugin lpbam (category:base,tabindex:0)
2025-05-11 17:30:23,971 [INFO] PluginManage:310 - Check plugin memorymap
2025-05-11 17:30:23,997 [INFO] PluginManage:359 - Loaded plugin memorymap (category:base,tabindex:4)
2025-05-11 17:30:23,997 [INFO] PluginManage:310 - Check plugin pinoutandconfiguration
2025-05-11 17:30:24,017 [INFO] PluginManage:359 - Loaded plugin pinoutandconfiguration (category:base,tabindex:1)
2025-05-11 17:30:24,017 [INFO] PluginManage:310 - Check plugin pinoutconfig
2025-05-11 17:30:24,149 [WARN] SupportedApi:132 - Cannot load RTOS API schema: s4s-elt-must-match.1: The content of 'definitions' must match (annotation?, (simpleType | complexType)?, (unique | key | keyref)*)). A problem was found starting at: attribute.
2025-05-11 17:30:24,303 [INFO] PluginManage:359 - Loaded plugin pinoutconfig (category:base,tabindex:0)
2025-05-11 17:30:24,303 [INFO] PluginManage:310 - Check plugin power
2025-05-11 17:30:24,325 [INFO] PluginManage:359 - Loaded plugin power (category:power,tabindex:4)
2025-05-11 17:30:24,325 [INFO] PluginManage:310 - Check plugin projectmanager
2025-05-11 17:30:24,341 [INFO] PluginManage:359 - Loaded plugin projectmanager (category:projectmanager,tabindex:4)
2025-05-11 17:30:24,341 [INFO] PluginManage:310 - Check plugin rif
2025-05-11 17:30:24,362 [INFO] PluginManage:359 - Loaded plugin rif (category:base,tabindex:3)
2025-05-11 17:30:24,363 [INFO] PluginManage:310 - Check plugin thirdparty
2025-05-11 17:30:24,729 [WARN] IntegrityCheckThread:84 - waiting for thirdparty lock release [integrity check]
2025-05-11 17:30:24,730 [INFO] IntegrityCheckThread:86 - entering critical section [integrity check]
2025-05-11 17:30:24,730 [INFO] PluginManage:359 - Loaded plugin thirdparty (category:base,tabindex:-1)
2025-05-11 17:30:24,730 [INFO] PluginManage:310 - Check plugin tools
2025-05-11 17:30:24,730 [INFO] ThirdPartyUpdaterWithRetryManager:70 - Updater plugin not ready yet. [1/15]
2025-05-11 17:30:24,796 [INFO] PluginManage:359 - Loaded plugin tools (category:base,tabindex:7)
2025-05-11 17:30:24,796 [INFO] PluginManage:310 - Check plugin tutovideos
2025-05-11 17:30:24,998 [INFO] PluginManage:359 - Loaded plugin tutovideos (category:base,tabindex:-1)
2025-05-11 17:30:24,998 [INFO] PluginManage:310 - Check plugin updater
2025-05-11 17:30:25,024 [INFO] PluginManage:359 - Loaded plugin updater (category:base,tabindex:12)
2025-05-11 17:30:25,024 [INFO] PluginManage:310 - Check plugin userauth
2025-05-11 17:30:25,028 [INFO] UserAuth:118 - Init User Auth plugin
2025-05-11 17:30:25,031 [INFO] PluginManage:359 - Loaded plugin userauth (category:base,tabindex:14)
2025-05-11 17:30:25,031 [INFO] PluginManage:283 - PluginManage : Loaded plugins [18]
2025-05-11 17:30:25,273 [INFO] PinOutPanel:1589 - setPackage(No Configuration,No Configuration)
2025-05-11 17:30:25,370 [INFO] CADModel:165 - CPN selected for project level
2025-05-11 17:30:25,370 [INFO] CADModel:114 - Register for checkConnection events
2025-05-11 17:30:25,403 [INFO] IPUIPlugin:80 - create IPUIPlugin
2025-05-11 17:30:25,404 [INFO] PluginManager:220 - loadIPPluginJar : add adc
2025-05-11 17:30:25,466 [INFO] IPUIPlugin:80 - create IPUIPlugin
2025-05-11 17:30:25,466 [INFO] PluginManager:220 - loadIPPluginJar : add aes
2025-05-11 17:30:25,517 [INFO] IPUIPlugin:80 - create IPUIPlugin
2025-05-11 17:30:25,517 [INFO] PluginManager:220 - loadIPPluginJar : add can
2025-05-11 17:30:25,547 [INFO] IPUIPlugin:80 - create IPUIPlugin
2025-05-11 17:30:25,547 [INFO] PluginManager:220 - loadIPPluginJar : add comp
2025-05-11 17:30:25,611 [INFO] IPUIPlugin:80 - create IPUIPlugin
2025-05-11 17:30:25,612 [INFO] PluginManager:220 - loadIPPluginJar : add cryp
2025-05-11 17:30:25,629 [INFO] IPUIPlugin:80 - create IPUIPlugin
2025-05-11 17:30:25,629 [INFO] PluginManager:220 - loadIPPluginJar : add ddr_ctrl_phy
2025-05-11 17:30:25,686 [INFO] IPUIPlugin:80 - create IPUIPlugin
2025-05-11 17:30:25,687 [INFO] PluginManager:220 - loadIPPluginJar : add dfsdm
2025-05-11 17:30:25,707 [INFO] IPUIPlugin:80 - create IPUIPlugin
2025-05-11 17:30:25,707 [INFO] PluginManager:220 - loadIPPluginJar : add dma
2025-05-11 17:30:25,777 [INFO] IPUIPlugin:80 - create IPUIPlugin
2025-05-11 17:30:25,777 [INFO] PluginManager:220 - loadIPPluginJar : add dma3
2025-05-11 17:30:25,858 [INFO] IPUIPlugin:80 - create IPUIPlugin
2025-05-11 17:30:25,858 [INFO] PluginManager:220 - loadIPPluginJar : add extmemmanager
2025-05-11 17:30:25,900 [INFO] IPUIPlugin:80 - create IPUIPlugin
2025-05-11 17:30:25,900 [INFO] PluginManager:220 - loadIPPluginJar : add fatfs
2025-05-11 17:30:25,970 [INFO] IPUIPlugin:80 - create IPUIPlugin
2025-05-11 17:30:25,970 [INFO] PluginManager:220 - loadIPPluginJar : add fmc
2025-05-11 17:30:25,990 [INFO] IPUIPlugin:80 - create IPUIPlugin
2025-05-11 17:30:25,990 [INFO] PluginManager:220 - loadIPPluginJar : add freertos
2025-05-11 17:30:26,033 [INFO] IPUIPlugin:80 - create IPUIPlugin
2025-05-11 17:30:26,033 [INFO] PluginManager:220 - loadIPPluginJar : add genericplugin
2025-05-11 17:30:26,186 [INFO] IPUIPlugin:80 - create IPUIPlugin
2025-05-11 17:30:26,186 [INFO] PluginManager:220 - loadIPPluginJar : add gfxmmu
2025-05-11 17:30:26,402 [INFO] IPUIPlugin:80 - create IPUIPlugin
2025-05-11 17:30:26,402 [INFO] PluginManager:220 - loadIPPluginJar : add gic
2025-05-11 17:30:26,421 [INFO] IPUIPlugin:80 - create IPUIPlugin
2025-05-11 17:30:26,422 [INFO] PluginManager:220 - loadIPPluginJar : add gpio
2025-05-11 17:30:26,574 [INFO] IPUIPlugin:80 - create IPUIPlugin
2025-05-11 17:30:26,574 [INFO] PluginManager:220 - loadIPPluginJar : add gtzc
2025-05-11 17:30:26,644 [INFO] IPUIPlugin:80 - create IPUIPlugin
2025-05-11 17:30:26,644 [INFO] PluginManager:220 - loadIPPluginJar : add hash
2025-05-11 17:30:26,737 [INFO] IPUIPlugin:80 - create IPUIPlugin
2025-05-11 17:30:26,737 [INFO] PluginManager:220 - loadIPPluginJar : add i2c
2025-05-11 17:30:26,804 [INFO] IPUIPlugin:80 - create IPUIPlugin
2025-05-11 17:30:26,804 [INFO] PluginManager:220 - loadIPPluginJar : add i2s
2025-05-11 17:30:26,869 [INFO] IPUIPlugin:80 - create IPUIPlugin
2025-05-11 17:30:26,869 [INFO] PluginManager:220 - loadIPPluginJar : add i3c
2025-05-11 17:30:27,011 [INFO] IPUIPlugin:80 - create IPUIPlugin
2025-05-11 17:30:27,011 [INFO] PluginManager:220 - loadIPPluginJar : add ipddr
2025-05-11 17:30:27,124 [INFO] IPUIPlugin:80 - create IPUIPlugin
2025-05-11 17:30:27,125 [INFO] PluginManager:220 - loadIPPluginJar : add linkedlist
2025-05-11 17:30:27,185 [INFO] IPUIPlugin:80 - create IPUIPlugin
2025-05-11 17:30:27,185 [INFO] PluginManager:220 - loadIPPluginJar : add lorawan
2025-05-11 17:30:27,220 [INFO] IPUIPlugin:80 - create IPUIPlugin
2025-05-11 17:30:27,225 [INFO] PluginManager:220 - loadIPPluginJar : add ltdc
2025-05-11 17:30:27,249 [INFO] IPUIPlugin:80 - create IPUIPlugin
2025-05-11 17:30:27,249 [INFO] PluginManager:220 - loadIPPluginJar : add mdma
2025-05-11 17:30:27,265 [INFO] IPUIPlugin:80 - create IPUIPlugin
2025-05-11 17:30:27,266 [INFO] PluginManager:220 - loadIPPluginJar : add nvic
2025-05-11 17:30:27,327 [INFO] IPUIPlugin:80 - create IPUIPlugin
2025-05-11 17:30:27,327 [INFO] PluginManager:220 - loadIPPluginJar : add opamp
2025-05-11 17:30:27,432 [INFO] IPUIPlugin:80 - create IPUIPlugin
2025-05-11 17:30:27,433 [INFO] PluginManager:220 - loadIPPluginJar : add openamp
2025-05-11 17:30:27,499 [INFO] IPUIPlugin:80 - create IPUIPlugin
2025-05-11 17:30:27,499 [INFO] PluginManager:220 - loadIPPluginJar : add pdm2pcm
2025-05-11 17:30:27,517 [INFO] IPUIPlugin:80 - create IPUIPlugin
2025-05-11 17:30:27,519 [INFO] PluginManager:220 - loadIPPluginJar : add plateformsettings
2025-05-11 17:30:27,547 [INFO] IPUIPlugin:80 - create IPUIPlugin
2025-05-11 17:30:27,547 [INFO] PluginManager:220 - loadIPPluginJar : add quadspi
2025-05-11 17:30:27,598 [INFO] IPUIPlugin:80 - create IPUIPlugin
2025-05-11 17:30:27,599 [INFO] PluginManager:220 - loadIPPluginJar : add radio
2025-05-11 17:30:27,621 [INFO] IPUIPlugin:80 - create IPUIPlugin
2025-05-11 17:30:27,621 [INFO] PluginManager:220 - loadIPPluginJar : add resmgrutility
2025-05-11 17:30:27,707 [INFO] IPUIPlugin:80 - create IPUIPlugin
2025-05-11 17:30:27,708 [INFO] PluginManager:220 - loadIPPluginJar : add sai
2025-05-11 17:30:27,734 [INFO] ThirdPartyUpdaterWithRetryManager:70 - Updater plugin not ready yet. [2/15]
2025-05-11 17:30:27,770 [INFO] IPUIPlugin:80 - create IPUIPlugin
2025-05-11 17:30:27,770 [INFO] PluginManager:220 - loadIPPluginJar : add spi
2025-05-11 17:30:27,876 [INFO] IPUIPlugin:80 - create IPUIPlugin
2025-05-11 17:30:27,876 [INFO] PluginManager:220 - loadIPPluginJar : add stm32_wpan
2025-05-11 17:30:27,902 [INFO] IPUIPlugin:80 - create IPUIPlugin
2025-05-11 17:30:27,903 [INFO] PluginManager:220 - loadIPPluginJar : add tim
2025-05-11 17:30:28,007 [INFO] IPUIPlugin:80 - create IPUIPlugin
2025-05-11 17:30:28,007 [INFO] PluginManager:220 - loadIPPluginJar : add touchsensing
2025-05-11 17:30:28,047 [INFO] IPUIPlugin:80 - create IPUIPlugin
2025-05-11 17:30:28,048 [INFO] PluginManager:220 - loadIPPluginJar : add tracer_emb
2025-05-11 17:30:28,074 [INFO] IPUIPlugin:80 - create IPUIPlugin
2025-05-11 17:30:28,074 [INFO] PluginManager:220 - loadIPPluginJar : add ts
2025-05-11 17:30:28,098 [INFO] IPUIPlugin:80 - create IPUIPlugin
2025-05-11 17:30:28,099 [INFO] PluginManager:220 - loadIPPluginJar : add tsc
2025-05-11 17:30:28,133 [INFO] IPUIPlugin:80 - create IPUIPlugin
2025-05-11 17:30:28,133 [INFO] PluginManager:220 - loadIPPluginJar : add ucpd
2025-05-11 17:30:28,202 [INFO] IPUIPlugin:80 - create IPUIPlugin
2025-05-11 17:30:28,202 [INFO] PluginManager:220 - loadIPPluginJar : add usart
2025-05-11 17:30:28,265 [INFO] IPUIPlugin:80 - create IPUIPlugin
2025-05-11 17:30:28,266 [INFO] PluginManager:220 - loadIPPluginJar : add usbx
2025-05-11 17:30:28,395 [FATAL] Updater:351 - Updater called before beeing initialized
2025-05-11 17:30:28,417 [INFO] RulesReader:64 - Compatibility file has been processed (297 Rules)
2025-05-11 17:30:28,426 [INFO] RulesReader:64 - Compatibility file has been processed (297 Rules)
2025-05-11 17:30:28,434 [INFO] CADModel:165 - CPN selected for project level
2025-05-11 17:30:28,434 [INFO] CADModel:114 - Register for checkConnection events
2025-05-11 17:30:28,435 [FATAL] Updater:351 - Updater called before beeing initialized
2025-05-11 17:30:28,435 [ERROR] CADModel:125 - Updater not yet initialized, retry later 
2025-05-11 17:30:28,583 [FATAL] Updater:351 - Updater called before beeing initialized
2025-05-11 17:30:28,586 [INFO] CADModel:165 - CPN selected for project level
2025-05-11 17:30:28,586 [INFO] CADModel:114 - Register for checkConnection events
2025-05-11 17:30:28,586 [FATAL] Updater:351 - Updater called before beeing initialized
2025-05-11 17:30:28,586 [ERROR] CADModel:125 - Updater not yet initialized, retry later 
2025-05-11 17:30:28,590 [FATAL] Updater:351 - Updater called before beeing initialized
2025-05-11 17:30:28,706 [FATAL] Updater:351 - Updater called before beeing initialized
2025-05-11 17:30:28,718 [INFO] DbMcusAds:53 - JSON generation date=Tue Dec 17 23:01:25 ICT 2024 (1734451285682)
2025-05-11 17:30:28,718 [FATAL] Updater:351 - Updater called before beeing initialized
2025-05-11 17:30:28,761 [WARN] DetailPanel:346 - Failed to get advertising image, set to default
2025-05-11 17:30:28,992 [FATAL] Updater:351 - Updater called before beeing initialized
2025-05-11 17:30:28,994 [FATAL] Updater:351 - Updater called before beeing initialized
2025-05-11 17:30:28,994 [FATAL] Updater:351 - Updater called before beeing initialized
2025-05-11 17:30:28,994 [WARN] DetailPanel:346 - Failed to get advertising image, set to default
2025-05-11 17:30:28,994 [FATAL] Updater:351 - Updater called before beeing initialized
2025-05-11 17:30:29,058 [ERROR] Updater:1198 - MainUpdater not yet initialized. External WinMGr cannot be set.
2025-05-11 17:30:29,068 [INFO] Updater:1134 - Updater Version found : 6.13.0
2025-05-11 17:30:29,088 [INFO] ApplicationProperties:184 - Using Application install path: C:\ST\STM32CubeIDE_1.17.0\STM32CubeIDE\plugins\com.st.stm32cube.common.mx_6.13.0.202411220809
2025-05-11 17:30:29,580 [INFO] MainUpdater:2872 - connection check result : 10
2025-05-11 17:30:29,581 [INFO] MainUpdater:289 - Updater Check For Update Now.
2025-05-11 17:30:29,581 [INFO] MicroXplorer:498 - Change Database Version : DB.6.0.130
2025-05-11 17:30:29,600 [INFO] McuFinderGlobals:63 - Set McuFinder mode to 2 (CubeIDE integrated)
2025-05-11 17:30:29,612 [INFO] UserAuth:486 - Internet connection configuration mode: 1
2025-05-11 17:30:29,659 [INFO] JxBrowserEngine:152 - Initiate JxBrowser Engine with user profile folder
2025-05-11 17:30:29,806 [INFO] CheckServerUpdateThread:120 - End of CheckServer Thread
2025-05-11 17:30:30,708 [INFO] WebApp:168 - Instantiating new browser for Auth
2025-05-11 17:30:31,089 [WARN] PackLoader:240 - Cannot read IP mode file for STMicroelectronics.FP-SNS-MOTENVWB1.1.4.0
2025-05-11 17:30:31,111 [WARN] PackLoader:240 - Cannot read IP mode file for STMicroelectronics.FP-ATR-ASTRA1.2.0.2
2025-05-11 17:30:31,128 [WARN] PackLoader:240 - Cannot read IP mode file for STMicroelectronics.FP-ATR-ASTRA1.2.0.1
2025-05-11 17:30:31,152 [WARN] PackLoader:240 - Cannot read IP mode file for STMicroelectronics.X-CUBE-SMBUS.2.1.0
2025-05-11 17:30:31,189 [WARN] PackLoader:240 - Cannot read IP mode file for STMicroelectronics.X-CUBE-WB05N.1.1.0
2025-05-11 17:30:31,247 [WARN] PackLoader:240 - Cannot read IP mode file for STMicroelectronics.X-CUBE-AZRTOS-F7.1.1.0
2025-05-11 17:30:31,276 [WARN] PackLoader:240 - Cannot read IP mode file for STMicroelectronics.FP-SNS-FLIGHT1.5.0.2
2025-05-11 17:30:31,318 [WARN] PackLoader:240 - Cannot read IP mode file for Infineon.AIROC-Wi-Fi-Bluetooth-STM32.1.7.0
2025-05-11 17:30:31,345 [WARN] PackLoader:240 - Cannot read IP mode file for STMicroelectronics.X-CUBE-DISPLAY.3.0.0
2025-05-11 17:30:31,369 [WARN] PackLoader:240 - Cannot read IP mode file for STMicroelectronics.X-CUBE-BLE1.7.0.0
2025-05-11 17:30:31,388 [WARN] PackLoader:240 - Cannot read IP mode file for STMicroelectronics.X-CUBE-NFC10.1.0.0
2025-05-11 17:30:31,426 [WARN] PackLoader:240 - Cannot read IP mode file for STMicroelectronics.X-CUBE-BLEMGR.4.0.0
2025-05-11 17:30:31,453 [WARN] PackLoader:240 - Cannot read IP mode file for emotas.I-CUBE-CANOPEN.1.3.0
2025-05-11 17:30:31,473 [WARN] PackLoader:240 - Cannot read IP mode file for STMicroelectronics.X-CUBE-AI.10.0.0
2025-05-11 17:30:31,517 [WARN] PackLoader:240 - Cannot read IP mode file for STMicroelectronics.FP-SNS-SMARTAG2.1.2.0
2025-05-11 17:30:31,538 [WARN] PackLoader:240 - Cannot read IP mode file for STMicroelectronics.FP-SNS-FLIGHT1.5.1.0
2025-05-11 17:30:31,600 [WARN] PackLoader:240 - Cannot read IP mode file for STMicroelectronics.X-CUBE-MEMS1.11.1.0
2025-05-11 17:30:31,845 [INFO] LogOutputStream:77 - [STDOUT_REDIRECT] 1 : Invalid condition id : UX_CORESTACK_Condition cause : null
2025-05-11 17:30:31,847 [INFO] LogOutputStream:77 - [STDOUT_REDIRECT] 1 : Invalid condition id : UX_CORESTACK_Condition cause : null
2025-05-11 17:30:31,849 [INFO] LogOutputStream:77 - [STDOUT_REDIRECT] 1 : Invalid condition id : UX_CORESTACK_Condition cause : null
2025-05-11 17:30:31,851 [INFO] LogOutputStream:77 - [STDOUT_REDIRECT] 1 : Invalid condition id : UX_CORESTACK_Condition cause : null
2025-05-11 17:30:31,852 [INFO] LogOutputStream:77 - [STDOUT_REDIRECT] 1 : Invalid condition id : UX_CORESTACK_Condition cause : null
2025-05-11 17:30:31,854 [WARN] PackLoader:240 - Cannot read IP mode file for STMicroelectronics.X-CUBE-AZRTOS-WL.2.0.0
2025-05-11 17:30:31,895 [WARN] PackLoader:240 - Cannot read IP mode file for STMicroelectronics.FP-SNS-MOTENV1.5.0.0
2025-05-11 17:30:31,928 [WARN] PackLoader:240 - Cannot read IP mode file for wolfSSL.I-CUBE-wolfMQTT.1.19.0
2025-05-11 17:30:31,951 [INFO] WebApp:449 - Apply proxy settings
2025-05-11 17:30:31,952 [INFO] WebApp:534 - Chromium requires no authentication
2025-05-11 17:30:31,962 [WARN] PackLoader:240 - Cannot read IP mode file for WES.I-CUBE-Cesium.1.3.0
2025-05-11 17:30:31,967 [INFO] WebApp:477 - Direct internet connection detected
2025-05-11 17:30:31,985 [WARN] PackLoader:240 - Cannot read IP mode file for STMicroelectronics.X-CUBE-BLE2.3.3.0
2025-05-11 17:30:32,003 [INFO] WebApp:880 - Register for checkConnection events
2025-05-11 17:30:32,004 [INFO] WebApp:449 - Apply proxy settings
2025-05-11 17:30:32,004 [INFO] WebApp:534 - Chromium requires no authentication
2025-05-11 17:30:32,006 [INFO] WebApp:477 - Direct internet connection detected
2025-05-11 17:30:32,016 [WARN] PackLoader:240 - Cannot read IP mode file for STMicroelectronics.X-CUBE-NFC9.1.0.0
2025-05-11 17:30:32,040 [WARN] PackLoader:240 - Cannot read IP mode file for STMicroelectronics.X-CUBE-BLE1.7.1.0
2025-05-11 17:30:32,108 [WARN] PackLoader:240 - Cannot read IP mode file for STMicroelectronics.X-CUBE-MEMS1.11.2.0
2025-05-11 17:30:32,244 [WARN] PackLoader:240 - Cannot read IP mode file for STMicroelectronics.X-CUBE-AZRTOS-G0.1.1.0
2025-05-11 17:30:32,266 [WARN] PackLoader:240 - Cannot read IP mode file for STMicroelectronics.X-CUBE-SAFEA1.1.2.2
2025-05-11 17:30:32,283 [WARN] PackLoader:240 - Cannot read IP mode file for STMicroelectronics.X-CUBE-NFC4.3.0.0
2025-05-11 17:30:32,305 [WARN] PackLoader:240 - Cannot read IP mode file for EmbeddedOffice.I-CUBE-FS-RTOS.1.0.1
2025-05-11 17:30:32,326 [WARN] PackLoader:240 - Cannot read IP mode file for STMicroelectronics.X-CUBE-WB05N.2.0.0
2025-05-11 17:30:32,334 [INFO] WebApp:221 - Starting web application
2025-05-11 17:30:32,335 [INFO] WebApp:579 - Web application path used C:\ST\STM32CubeIDE_1.17.0\STM32CubeIDE\plugins\com.st.stm32cube.common.mx_6.13.0.202411220809\db\plugins\mcufinder\reactClient1\index.html
2025-05-11 17:30:32,356 [WARN] PackLoader:240 - Cannot read IP mode file for STMicroelectronics.X-CUBE-TCPP.4.2.0
2025-05-11 17:30:32,417 [WARN] PackLoader:240 - Cannot read IP mode file for RealThread.X-CUBE-RT-Thread_Nano.4.1.1
2025-05-11 17:30:32,486 [WARN] PackLoader:240 - Cannot read IP mode file for STMicroelectronics.FP-ATR-SIGFOX1.3.2.0
2025-05-11 17:30:32,516 [WARN] ConditionMgr:438 - getConditionDescription Invalid condition id : Cortex-A Device cause : null
2025-05-11 17:30:32,580 [WARN] ConditionMgr:1044 - genDependencies : Invalid condition id : Cortex-A Device cause : null
2025-05-11 17:30:32,580 [WARN] ConditionMgr:1044 - genDependencies : Invalid condition id : Cortex-A Device cause : null
2025-05-11 17:30:32,581 [WARN] ConditionMgr:1044 - genDependencies : Invalid condition id : Cortex-A Device cause : null
2025-05-11 17:30:32,607 [INFO] UserAuth:486 - Internet connection configuration mode: 1
2025-05-11 17:30:32,617 [WARN] PackLoader:240 - Cannot read IP mode file for STMicroelectronics.X-CUBE-EEPRMA1.5.1.0
2025-05-11 17:30:32,661 [WARN] PackLoader:240 - Cannot read IP mode file for wolfSSL.I-CUBE-wolfSSL.5.7.4
2025-05-11 17:30:32,699 [WARN] PackLoader:240 - Cannot read IP mode file for ITTIA_DB.I-CUBE-ITTIADB.8.9.0
2025-05-11 17:30:32,752 [INFO] WebApp:187 - Connection restablished
2025-05-11 17:30:32,757 [WARN] PackLoader:240 - Cannot read IP mode file for SEGGER.I-CUBE-embOS.1.3.1
2025-05-11 17:30:32,832 [WARN] PackLoader:240 - Cannot read IP mode file for STMicroelectronics.X-CUBE-ALGOBUILD.1.4.0
2025-05-11 17:30:32,863 [WARN] PackLoader:240 - Cannot read IP mode file for STMicroelectronics.X-CUBE-AI.9.1.0
2025-05-11 17:30:32,915 [WARN] PackLoader:240 - Cannot read IP mode file for STMicroelectronics.X-CUBE-AZRTOS-F4.1.1.0
2025-05-11 17:30:32,943 [WARN] PackLoader:240 - Cannot read IP mode file for Avnet-IotConnect.X-CUBE-IoTC-DA16k-PMOD.1.0.0
2025-05-11 17:30:32,975 [WARN] PackLoader:240 - Cannot read IP mode file for STMicroelectronics.X-CUBE-ISPU.2.1.0
2025-05-11 17:30:33,034 [WARN] PackLoader:240 - Cannot read IP mode file for STMicroelectronics.X-CUBE-AZRTOS-L5.2.0.0
2025-05-11 17:30:33,067 [WARN] PackLoader:240 - Cannot read IP mode file for STMicroelectronics.X-CUBE-NFC6.3.1.0
2025-05-11 17:30:33,097 [WARN] PackLoader:240 - Cannot read IP mode file for STMicroelectronics.X-CUBE-DPower.1.2.0
2025-05-11 17:30:33,128 [WARN] PackLoader:240 - Cannot read IP mode file for STMicroelectronics.X-CUBE-FREERTOS.1.3.1
2025-05-11 17:30:33,160 [WARN] PackLoader:240 - Cannot read IP mode file for STMicroelectronics.X-CUBE-FREERTOS.1.3.0
2025-05-11 17:30:33,185 [WARN] PackLoader:240 - Cannot read IP mode file for STMicroelectronics.X-CUBE-NFC7.1.0.1
2025-05-11 17:30:33,208 [WARN] PackLoader:240 - Cannot read IP mode file for STMicroelectronics.X-CUBE-DPower.1.3.0
2025-05-11 17:30:33,254 [WARN] ConditionMgr:438 - getConditionDescription Invalid condition id : LAN8742 Phy interface Condition cause : null
2025-05-11 17:30:33,255 [WARN] PackLoader:240 - Cannot read IP mode file for STMicroelectronics.X-CUBE-AZRTOS-L4.2.0.0
2025-05-11 17:30:33,256 [WARN] ConditionMgr:1044 - genDependencies : Invalid condition id : LAN8742 Phy interface Condition cause : null
2025-05-11 17:30:33,256 [WARN] ConditionMgr:1044 - genDependencies : Invalid condition id : LAN8742 Phy interface Condition cause : null
2025-05-11 17:30:33,257 [WARN] ConditionMgr:1044 - genDependencies : Invalid condition id : LAN8742 Phy interface Condition cause : null
2025-05-11 17:30:33,285 [WARN] PackLoader:240 - Cannot read IP mode file for STMicroelectronics.X-CUBE-SFXS2LP1.4.0.0
2025-05-11 17:30:33,331 [WARN] PackLoader:240 - Cannot read IP mode file for STMicroelectronics.X-CUBE-AZRTOS-H7.3.3.0
2025-05-11 17:30:33,363 [WARN] ConditionMgr:438 - getConditionDescription Invalid condition id : UX DEVICE CLASS RTOS Condition cause : null
2025-05-11 17:30:33,363 [WARN] ConditionMgr:438 - getConditionDescription Invalid condition id : UX DEVICE CLASS RTOS Condition cause : null
2025-05-11 17:30:33,366 [WARN] PackLoader:240 - Cannot read IP mode file for STMicroelectronics.X-CUBE-AZRTOS-WB.2.0.0
2025-05-11 17:30:33,366 [WARN] ConditionMgr:1044 - genDependencies : Invalid condition id : UX DEVICE CLASS RTOS Condition cause : null
2025-05-11 17:30:33,366 [WARN] ConditionMgr:1044 - genDependencies : Invalid condition id : UX DEVICE CLASS RTOS Condition cause : null
2025-05-11 17:30:33,367 [WARN] ConditionMgr:1044 - genDependencies : Invalid condition id : UX DEVICE CLASS RTOS Condition cause : null
2025-05-11 17:30:33,367 [WARN] ConditionMgr:1044 - genDependencies : Invalid condition id : UX DEVICE CLASS RTOS Condition cause : null
2025-05-11 17:30:33,367 [WARN] ConditionMgr:1044 - genDependencies : Invalid condition id : UX DEVICE CLASS RTOS Condition cause : null
2025-05-11 17:30:33,391 [WARN] PackLoader:240 - Cannot read IP mode file for STMicroelectronics.X-CUBE-GNSS1.7.0.1
2025-05-11 17:30:33,416 [WARN] PackLoader:240 - Cannot read IP mode file for STMicroelectronics.X-CUBE-TOUCHGFX.4.25.0
2025-05-11 17:30:33,440 [WARN] PackLoader:240 - Cannot read IP mode file for STMicroelectronics.FP-SNS-STBOX1.2.0.0
2025-05-11 17:30:33,466 [WARN] PackLoader:240 - Cannot read IP mode file for STMicroelectronics.X-CUBE-SUBG2.5.0.0
2025-05-11 17:30:33,510 [WARN] PackLoader:240 - Cannot read IP mode file for STMicroelectronics.X-CUBE-AZRTOS-H7RS.1.1.0
2025-05-11 17:30:33,541 [WARN] PackLoader:240 - Cannot read IP mode file for Cesanta.I-CUBE-Mongoose.7.13.0
2025-05-11 17:30:33,586 [WARN] PackLoader:240 - Cannot read IP mode file for STMicroelectronics.X-CUBE-AZRTOS-G4.2.0.0
2025-05-11 17:30:33,615 [WARN] PackLoader:240 - Cannot read IP mode file for STMicroelectronics.X-CUBE-NFC7.2.0.0
2025-05-11 17:30:33,661 [WARN] PackLoader:240 - Cannot read IP mode file for STMicroelectronics.X-CUBE-IPS.3.1.0
2025-05-11 17:30:33,695 [WARN] PackLoader:240 - Cannot read IP mode file for STMicroelectronics.X-CUBE-ALS.1.0.2
2025-05-11 17:30:33,722 [WARN] PackLoader:240 - Cannot read IP mode file for STMicroelectronics.X-CUBE-TOUCHGFX.4.24.2
2025-05-11 17:30:33,753 [WARN] PackLoader:240 - Cannot read IP mode file for wolfSSL.I-CUBE-wolfTPM.3.4.0
2025-05-11 17:30:33,777 [WARN] PackLoader:240 - Cannot read IP mode file for portGmbH.I-Cube-SoM-uGOAL.1.1.0
2025-05-11 17:30:33,815 [WARN] PackLoader:240 - Cannot read IP mode file for STMicroelectronics.X-CUBE-AZRTOS-H7RS.1.0.0
2025-05-11 17:30:33,855 [WARN] PackLoader:240 - Cannot read IP mode file for STMicroelectronics.X-CUBE-TOF1.3.4.2
2025-05-11 17:30:33,892 [WARN] PackLoader:240 - Cannot read IP mode file for STMicroelectronics.X-CUBE-TOF1.3.4.3
2025-05-11 17:30:33,929 [WARN] PackLoader:240 - Cannot read IP mode file for wolfSSL.I-CUBE-wolfSSH.1.4.17
2025-05-11 17:30:33,929 [INFO] ThirdParty:978 - Integrity check success = true
2025-05-11 17:30:33,929 [INFO] IntegrityCheckThread:100 - exiting critical section [integrity check]
2025-05-11 17:30:33,929 [INFO] IntegrityCheckThread:103 - End integrity checks thread
2025-05-11 23:10:49,751 [ERROR] LogOutputStream:75 - [STDERR_REDIRECT] 
