2025-06-01 01:07:39,386 [ERROR] LogOutputStream:75 - [STDERR_REDIRECT] 
2025-06-01 19:52:14,520 [INFO] Activator:176 - 


2025-06-01 19:52:14,520 [INFO] Activator:177 - !SESSION log4j initialized
2025-06-01 19:52:19,280 [INFO] LogOutputStream:77 - [STDOUT_REDIRECT] 
2025-06-01 19:52:23,090 [INFO] ApplicationProperties:184 - Using Application install path: C:\ST\STM32CubeIDE_1.17.0\STM32CubeIDE\plugins\com.st.stm32cube.common.mx_6.13.0.202411220809
2025-06-01 19:52:23,102 [INFO] DbMcusXml:78 - Set database path to: C:\ST\STM32CubeIDE_1.17.0\STM32CubeIDE\plugins\com.st.stm32cube.common.mx_6.13.0.202411220809\\db\/mcu/
2025-06-01 19:52:23,103 [INFO] ApiDb:274 - Set plugin database path to: C:\ST\STM32CubeIDE_1.17.0\STM32CubeIDE\plugins\com.st.stm32cube.common.mx_6.13.0.202411220809\\db\/plugins/boardmanager/
2025-06-01 19:52:23,103 [WARN] ApiDb:259 - Overriding images path with different value:  => C:\ST\STM32CubeIDE_1.17.0\STM32CubeIDE\plugins\com.st.stm32cube.common.mx_6.13.0.202411220809\\db\/plugins/mcufinder/images/
2025-06-01 19:52:23,115 [INFO] ApiDb:250 - Set database path to: C:\Users\APC\.stmcufinder\plugins\mcufinder//mcu/
2025-06-01 19:52:23,115 [INFO] DbMcusAds:125 - Set database path to: C:\Users\APC\.stmcufinder\plugins\mcufinder//mcu/
2025-06-01 19:52:23,894 [INFO] CrossReferenceDbSqlite:203 - Set database path to: C:\Users\APC\.stmcufinder\plugins\mcufinder//mcu/cs/
2025-06-01 19:52:23,990 [INFO] RulesReader:64 - Compatibility file has been processed (297 Rules)
2025-06-01 19:52:24,057 [INFO] DbMcusXml:78 - Set database path to: C:\ST\STM32CubeIDE_1.17.0\STM32CubeIDE\plugins\com.st.stm32cube.common.mx_6.13.0.202411220809\\db\/mcu/
2025-06-01 19:52:24,057 [INFO] ApiDb:274 - Set plugin database path to: C:\ST\STM32CubeIDE_1.17.0\STM32CubeIDE\plugins\com.st.stm32cube.common.mx_6.13.0.202411220809\\db\/plugins/boardmanager/
2025-06-01 19:52:24,057 [INFO] ApiDb:261 - Set plugin images path to: C:\ST\STM32CubeIDE_1.17.0\STM32CubeIDE\plugins\com.st.stm32cube.common.mx_6.13.0.202411220809\\db\/plugins/mcufinder/images/
2025-06-01 19:52:24,058 [WARN] DbFile:41 - Overriding database path with different value: C:\Users\APC\.stmcufinder\plugins\mcufinder/ => C:\Users\APC\.stmcufinder\plugins\mcufinder
2025-06-01 19:52:24,058 [INFO] ApiDb:250 - Set database path to: C:\Users\APC\.stmcufinder\plugins\mcufinder//mcu/
2025-06-01 19:52:24,058 [WARN] DbFile:41 - Overriding database path with different value: C:\Users\APC\.stmcufinder\plugins\mcufinder/ => C:\Users\APC\.stmcufinder\plugins\mcufinder
2025-06-01 19:52:24,058 [INFO] DbMcusAds:125 - Set database path to: C:\Users\APC\.stmcufinder\plugins\mcufinder//mcu/
2025-06-01 19:52:24,058 [WARN] DbFile:41 - Overriding database path with different value: C:\Users\APC\.stmcufinder\plugins\mcufinder/ => C:\Users\APC\.stmcufinder\plugins\mcufinder
2025-06-01 19:52:24,058 [WARN] DbFile:41 - Overriding database path with different value: C:\Users\APC\.stmcufinder\plugins\mcufinder/ => C:\Users\APC\.stmcufinder\plugins\mcufinder
2025-06-01 19:52:24,894 [INFO] CrossReferenceDbSqlite:203 - Set database path to: C:\Users\APC\.stmcufinder\plugins\mcufinder//mcu/cs/
2025-06-01 19:52:24,957 [INFO] MainPanel:272 - HeapMemory: 268435456
2025-06-01 19:52:25,037 [INFO] DbMcusXml:78 - Set database path to: C:\ST\STM32CubeIDE_1.17.0\STM32CubeIDE\plugins\com.st.stm32cube.common.mx_6.13.0.202411220809\\db\/mcu/
2025-06-01 19:52:25,037 [INFO] ApiDb:274 - Set plugin database path to: C:\ST\STM32CubeIDE_1.17.0\STM32CubeIDE\plugins\com.st.stm32cube.common.mx_6.13.0.202411220809\\db\/plugins/boardmanager/
2025-06-01 19:52:25,037 [INFO] ApiDb:261 - Set plugin images path to: C:\ST\STM32CubeIDE_1.17.0\STM32CubeIDE\plugins\com.st.stm32cube.common.mx_6.13.0.202411220809\\db\/plugins/mcufinder/images/
2025-06-01 19:52:25,037 [WARN] DbFile:41 - Overriding database path with different value: C:\Users\APC\.stmcufinder\plugins\mcufinder/ => C:\Users\APC\.stmcufinder\plugins\mcufinder
2025-06-01 19:52:25,037 [INFO] ApiDb:250 - Set database path to: C:\Users\APC\.stmcufinder\plugins\mcufinder//mcu/
2025-06-01 19:52:25,037 [WARN] DbFile:41 - Overriding database path with different value: C:\Users\APC\.stmcufinder\plugins\mcufinder/ => C:\Users\APC\.stmcufinder\plugins\mcufinder
2025-06-01 19:52:25,037 [INFO] DbMcusAds:125 - Set database path to: C:\Users\APC\.stmcufinder\plugins\mcufinder//mcu/
2025-06-01 19:52:25,037 [WARN] DbFile:41 - Overriding database path with different value: C:\Users\APC\.stmcufinder\plugins\mcufinder/ => C:\Users\APC\.stmcufinder\plugins\mcufinder
2025-06-01 19:52:25,037 [WARN] DbFile:41 - Overriding database path with different value: C:\Users\APC\.stmcufinder\plugins\mcufinder/ => C:\Users\APC\.stmcufinder\plugins\mcufinder
2025-06-01 19:52:25,894 [INFO] CrossReferenceDbSqlite:203 - Set database path to: C:\Users\APC\.stmcufinder\plugins\mcufinder//mcu/cs/
2025-06-01 19:52:25,913 [INFO] ApplicationProperties:184 - Using Application install path: C:\ST\STM32CubeIDE_1.17.0\STM32CubeIDE\plugins\com.st.stm32cube.common.mx_6.13.0.202411220809
2025-06-01 19:52:25,915 [INFO] PluginManage:196 - Search for loadable plugins [exclusion list=, ]
2025-06-01 19:52:25,916 [INFO] PluginManage:310 - Check plugin analytics
2025-06-01 19:52:26,946 [INFO] AnalyticsPlugin:253 - Accepted Software Licenses: STM32CubeMX.6.13.0
2025-06-01 19:52:26,947 [INFO] AnalyticsPlugin:255 - Accepted CMSIS Pack Licenses: 
2025-06-01 19:52:26,947 [INFO] AnalyticsPlugin:257 - Accepted Firmware Licenses: FW.F4.1.28.0
2025-06-01 19:52:26,948 [INFO] PluginManage:359 - Loaded plugin analytics (category:tool,tabindex:-1)
2025-06-01 19:52:26,948 [INFO] PluginManage:310 - Check plugin cadmodel
2025-06-01 19:52:26,964 [INFO] CADModel:105 - Init CAD model plugin
2025-06-01 19:52:26,964 [INFO] PluginManage:359 - Loaded plugin cadmodel (category:power,tabindex:5)
2025-06-01 19:52:26,964 [INFO] PluginManage:310 - Check plugin clock
2025-06-01 19:52:26,982 [INFO] PluginManage:359 - Loaded plugin clock (category:base,tabindex:2)
2025-06-01 19:52:26,982 [INFO] PluginManage:310 - Check plugin ddr
2025-06-01 19:52:26,984 [INFO] PluginManage:359 - Loaded plugin ddr (category:tool,tabindex:6)
2025-06-01 19:52:26,984 [INFO] PluginManage:310 - Check plugin filemanager
2025-06-01 19:52:27,089 [INFO] PluginManage:359 - Loaded plugin filemanager (category:base,tabindex:10)
2025-06-01 19:52:27,089 [INFO] PluginManage:310 - Check plugin ipmanager
2025-06-01 19:52:27,095 [INFO] PluginManage:359 - Loaded plugin ipmanager (category:base,tabindex:5)
2025-06-01 19:52:27,096 [INFO] PluginManage:310 - Check plugin lpbam
2025-06-01 19:52:27,113 [INFO] PluginManage:359 - Loaded plugin lpbam (category:base,tabindex:0)
2025-06-01 19:52:27,113 [INFO] PluginManage:310 - Check plugin memorymap
2025-06-01 19:52:27,136 [INFO] PluginManage:359 - Loaded plugin memorymap (category:base,tabindex:4)
2025-06-01 19:52:27,136 [INFO] PluginManage:310 - Check plugin pinoutandconfiguration
2025-06-01 19:52:27,154 [INFO] PluginManage:359 - Loaded plugin pinoutandconfiguration (category:base,tabindex:1)
2025-06-01 19:52:27,155 [INFO] PluginManage:310 - Check plugin pinoutconfig
2025-06-01 19:52:27,229 [WARN] SupportedApi:132 - Cannot load RTOS API schema: s4s-elt-must-match.1: The content of 'definitions' must match (annotation?, (simpleType | complexType)?, (unique | key | keyref)*)). A problem was found starting at: attribute.
2025-06-01 19:52:27,333 [INFO] PluginManage:359 - Loaded plugin pinoutconfig (category:base,tabindex:0)
2025-06-01 19:52:27,333 [INFO] PluginManage:310 - Check plugin power
2025-06-01 19:52:27,353 [INFO] PluginManage:359 - Loaded plugin power (category:power,tabindex:4)
2025-06-01 19:52:27,353 [INFO] PluginManage:310 - Check plugin projectmanager
2025-06-01 19:52:27,365 [INFO] PluginManage:359 - Loaded plugin projectmanager (category:projectmanager,tabindex:4)
2025-06-01 19:52:27,365 [INFO] PluginManage:310 - Check plugin rif
2025-06-01 19:52:27,384 [INFO] PluginManage:359 - Loaded plugin rif (category:base,tabindex:3)
2025-06-01 19:52:27,385 [INFO] PluginManage:310 - Check plugin thirdparty
2025-06-01 19:52:27,628 [WARN] IntegrityCheckThread:84 - waiting for thirdparty lock release [integrity check]
2025-06-01 19:52:27,628 [INFO] PluginManage:359 - Loaded plugin thirdparty (category:base,tabindex:-1)
2025-06-01 19:52:27,628 [INFO] IntegrityCheckThread:86 - entering critical section [integrity check]
2025-06-01 19:52:27,629 [INFO] PluginManage:310 - Check plugin tools
2025-06-01 19:52:27,629 [INFO] ThirdPartyUpdaterWithRetryManager:70 - Updater plugin not ready yet. [1/15]
2025-06-01 19:52:27,659 [INFO] PluginManage:359 - Loaded plugin tools (category:base,tabindex:7)
2025-06-01 19:52:27,659 [INFO] PluginManage:310 - Check plugin tutovideos
2025-06-01 19:52:27,829 [INFO] PluginManage:359 - Loaded plugin tutovideos (category:base,tabindex:-1)
2025-06-01 19:52:27,829 [INFO] PluginManage:310 - Check plugin updater
2025-06-01 19:52:27,846 [INFO] PluginManage:359 - Loaded plugin updater (category:base,tabindex:12)
2025-06-01 19:52:27,846 [INFO] PluginManage:310 - Check plugin userauth
2025-06-01 19:52:27,849 [INFO] UserAuth:118 - Init User Auth plugin
2025-06-01 19:52:27,851 [INFO] PluginManage:359 - Loaded plugin userauth (category:base,tabindex:14)
2025-06-01 19:52:27,851 [INFO] PluginManage:283 - PluginManage : Loaded plugins [18]
2025-06-01 19:52:28,008 [INFO] PinOutPanel:1589 - setPackage(No Configuration,No Configuration)
2025-06-01 19:52:28,077 [INFO] CADModel:165 - CPN selected for project level
2025-06-01 19:52:28,077 [INFO] CADModel:114 - Register for checkConnection events
2025-06-01 19:52:28,106 [INFO] IPUIPlugin:80 - create IPUIPlugin
2025-06-01 19:52:28,106 [INFO] PluginManager:220 - loadIPPluginJar : add adc
2025-06-01 19:52:28,141 [INFO] IPUIPlugin:80 - create IPUIPlugin
2025-06-01 19:52:28,141 [INFO] PluginManager:220 - loadIPPluginJar : add aes
2025-06-01 19:52:28,179 [INFO] IPUIPlugin:80 - create IPUIPlugin
2025-06-01 19:52:28,180 [INFO] PluginManager:220 - loadIPPluginJar : add can
2025-06-01 19:52:28,206 [INFO] IPUIPlugin:80 - create IPUIPlugin
2025-06-01 19:52:28,206 [INFO] PluginManager:220 - loadIPPluginJar : add comp
2025-06-01 19:52:28,251 [INFO] IPUIPlugin:80 - create IPUIPlugin
2025-06-01 19:52:28,251 [INFO] PluginManager:220 - loadIPPluginJar : add cryp
2025-06-01 19:52:28,264 [INFO] IPUIPlugin:80 - create IPUIPlugin
2025-06-01 19:52:28,265 [INFO] PluginManager:220 - loadIPPluginJar : add ddr_ctrl_phy
2025-06-01 19:52:28,300 [INFO] IPUIPlugin:80 - create IPUIPlugin
2025-06-01 19:52:28,300 [INFO] PluginManager:220 - loadIPPluginJar : add dfsdm
2025-06-01 19:52:28,322 [INFO] IPUIPlugin:80 - create IPUIPlugin
2025-06-01 19:52:28,322 [INFO] PluginManager:220 - loadIPPluginJar : add dma
2025-06-01 19:52:28,360 [INFO] IPUIPlugin:80 - create IPUIPlugin
2025-06-01 19:52:28,362 [INFO] PluginManager:220 - loadIPPluginJar : add dma3
2025-06-01 19:52:28,404 [INFO] IPUIPlugin:80 - create IPUIPlugin
2025-06-01 19:52:28,404 [INFO] PluginManager:220 - loadIPPluginJar : add extmemmanager
2025-06-01 19:52:28,425 [INFO] IPUIPlugin:80 - create IPUIPlugin
2025-06-01 19:52:28,425 [INFO] PluginManager:220 - loadIPPluginJar : add fatfs
2025-06-01 19:52:28,469 [INFO] IPUIPlugin:80 - create IPUIPlugin
2025-06-01 19:52:28,469 [INFO] PluginManager:220 - loadIPPluginJar : add fmc
2025-06-01 19:52:28,486 [INFO] IPUIPlugin:80 - create IPUIPlugin
2025-06-01 19:52:28,486 [INFO] PluginManager:220 - loadIPPluginJar : add freertos
2025-06-01 19:52:28,505 [INFO] IPUIPlugin:80 - create IPUIPlugin
2025-06-01 19:52:28,505 [INFO] PluginManager:220 - loadIPPluginJar : add genericplugin
2025-06-01 19:52:28,579 [INFO] IPUIPlugin:80 - create IPUIPlugin
2025-06-01 19:52:28,579 [INFO] PluginManager:220 - loadIPPluginJar : add gfxmmu
2025-06-01 19:52:28,677 [INFO] IPUIPlugin:80 - create IPUIPlugin
2025-06-01 19:52:28,677 [INFO] PluginManager:220 - loadIPPluginJar : add gic
2025-06-01 19:52:28,693 [INFO] IPUIPlugin:80 - create IPUIPlugin
2025-06-01 19:52:28,693 [INFO] PluginManager:220 - loadIPPluginJar : add gpio
2025-06-01 19:52:28,762 [INFO] IPUIPlugin:80 - create IPUIPlugin
2025-06-01 19:52:28,762 [INFO] PluginManager:220 - loadIPPluginJar : add gtzc
2025-06-01 19:52:28,788 [INFO] IPUIPlugin:80 - create IPUIPlugin
2025-06-01 19:52:28,788 [INFO] PluginManager:220 - loadIPPluginJar : add hash
2025-06-01 19:52:28,833 [INFO] IPUIPlugin:80 - create IPUIPlugin
2025-06-01 19:52:28,833 [INFO] PluginManager:220 - loadIPPluginJar : add i2c
2025-06-01 19:52:28,868 [INFO] IPUIPlugin:80 - create IPUIPlugin
2025-06-01 19:52:28,869 [INFO] PluginManager:220 - loadIPPluginJar : add i2s
2025-06-01 19:52:28,907 [INFO] IPUIPlugin:80 - create IPUIPlugin
2025-06-01 19:52:28,907 [INFO] PluginManager:220 - loadIPPluginJar : add i3c
2025-06-01 19:52:28,982 [INFO] IPUIPlugin:80 - create IPUIPlugin
2025-06-01 19:52:28,982 [INFO] PluginManager:220 - loadIPPluginJar : add ipddr
2025-06-01 19:52:29,050 [INFO] IPUIPlugin:80 - create IPUIPlugin
2025-06-01 19:52:29,051 [INFO] PluginManager:220 - loadIPPluginJar : add linkedlist
2025-06-01 19:52:29,082 [INFO] IPUIPlugin:80 - create IPUIPlugin
2025-06-01 19:52:29,082 [INFO] PluginManager:220 - loadIPPluginJar : add lorawan
2025-06-01 19:52:29,114 [INFO] IPUIPlugin:80 - create IPUIPlugin
2025-06-01 19:52:29,114 [INFO] PluginManager:220 - loadIPPluginJar : add ltdc
2025-06-01 19:52:29,131 [INFO] IPUIPlugin:80 - create IPUIPlugin
2025-06-01 19:52:29,132 [INFO] PluginManager:220 - loadIPPluginJar : add mdma
2025-06-01 19:52:29,143 [INFO] IPUIPlugin:80 - create IPUIPlugin
2025-06-01 19:52:29,143 [INFO] PluginManager:220 - loadIPPluginJar : add nvic
2025-06-01 19:52:29,178 [INFO] IPUIPlugin:80 - create IPUIPlugin
2025-06-01 19:52:29,178 [INFO] PluginManager:220 - loadIPPluginJar : add opamp
2025-06-01 19:52:29,226 [INFO] IPUIPlugin:80 - create IPUIPlugin
2025-06-01 19:52:29,227 [INFO] PluginManager:220 - loadIPPluginJar : add openamp
2025-06-01 19:52:29,259 [INFO] IPUIPlugin:80 - create IPUIPlugin
2025-06-01 19:52:29,260 [INFO] PluginManager:220 - loadIPPluginJar : add pdm2pcm
2025-06-01 19:52:29,273 [INFO] IPUIPlugin:80 - create IPUIPlugin
2025-06-01 19:52:29,275 [INFO] PluginManager:220 - loadIPPluginJar : add plateformsettings
2025-06-01 19:52:29,298 [INFO] IPUIPlugin:80 - create IPUIPlugin
2025-06-01 19:52:29,298 [INFO] PluginManager:220 - loadIPPluginJar : add quadspi
2025-06-01 19:52:29,321 [INFO] IPUIPlugin:80 - create IPUIPlugin
2025-06-01 19:52:29,321 [INFO] PluginManager:220 - loadIPPluginJar : add radio
2025-06-01 19:52:29,333 [INFO] IPUIPlugin:80 - create IPUIPlugin
2025-06-01 19:52:29,334 [INFO] PluginManager:220 - loadIPPluginJar : add resmgrutility
2025-06-01 19:52:29,371 [INFO] IPUIPlugin:80 - create IPUIPlugin
2025-06-01 19:52:29,371 [INFO] PluginManager:220 - loadIPPluginJar : add sai
2025-06-01 19:52:29,400 [INFO] IPUIPlugin:80 - create IPUIPlugin
2025-06-01 19:52:29,400 [INFO] PluginManager:220 - loadIPPluginJar : add spi
2025-06-01 19:52:29,452 [INFO] IPUIPlugin:80 - create IPUIPlugin
2025-06-01 19:52:29,452 [INFO] PluginManager:220 - loadIPPluginJar : add stm32_wpan
2025-06-01 19:52:29,473 [INFO] IPUIPlugin:80 - create IPUIPlugin
2025-06-01 19:52:29,473 [INFO] PluginManager:220 - loadIPPluginJar : add tim
2025-06-01 19:52:29,518 [INFO] IPUIPlugin:80 - create IPUIPlugin
2025-06-01 19:52:29,518 [INFO] PluginManager:220 - loadIPPluginJar : add touchsensing
2025-06-01 19:52:29,538 [INFO] IPUIPlugin:80 - create IPUIPlugin
2025-06-01 19:52:29,539 [INFO] PluginManager:220 - loadIPPluginJar : add tracer_emb
2025-06-01 19:52:29,560 [INFO] IPUIPlugin:80 - create IPUIPlugin
2025-06-01 19:52:29,560 [INFO] PluginManager:220 - loadIPPluginJar : add ts
2025-06-01 19:52:29,579 [INFO] IPUIPlugin:80 - create IPUIPlugin
2025-06-01 19:52:29,579 [INFO] PluginManager:220 - loadIPPluginJar : add tsc
2025-06-01 19:52:29,596 [INFO] IPUIPlugin:80 - create IPUIPlugin
2025-06-01 19:52:29,596 [INFO] PluginManager:220 - loadIPPluginJar : add ucpd
2025-06-01 19:52:29,635 [INFO] IPUIPlugin:80 - create IPUIPlugin
2025-06-01 19:52:29,635 [INFO] PluginManager:220 - loadIPPluginJar : add usart
2025-06-01 19:52:29,668 [INFO] IPUIPlugin:80 - create IPUIPlugin
2025-06-01 19:52:29,668 [INFO] PluginManager:220 - loadIPPluginJar : add usbx
2025-06-01 19:52:29,775 [FATAL] Updater:351 - Updater called before beeing initialized
2025-06-01 19:52:29,805 [INFO] RulesReader:64 - Compatibility file has been processed (297 Rules)
2025-06-01 19:52:29,813 [INFO] RulesReader:64 - Compatibility file has been processed (297 Rules)
2025-06-01 19:52:29,821 [INFO] CADModel:165 - CPN selected for project level
2025-06-01 19:52:29,821 [INFO] CADModel:114 - Register for checkConnection events
2025-06-01 19:52:29,821 [FATAL] Updater:351 - Updater called before beeing initialized
2025-06-01 19:52:29,821 [ERROR] CADModel:125 - Updater not yet initialized, retry later 
2025-06-01 19:52:29,945 [FATAL] Updater:351 - Updater called before beeing initialized
2025-06-01 19:52:29,947 [INFO] CADModel:165 - CPN selected for project level
2025-06-01 19:52:29,947 [INFO] CADModel:114 - Register for checkConnection events
2025-06-01 19:52:29,947 [FATAL] Updater:351 - Updater called before beeing initialized
2025-06-01 19:52:29,947 [ERROR] CADModel:125 - Updater not yet initialized, retry later 
2025-06-01 19:52:29,967 [FATAL] Updater:351 - Updater called before beeing initialized
2025-06-01 19:52:30,043 [FATAL] Updater:351 - Updater called before beeing initialized
2025-06-01 19:52:30,052 [INFO] DbMcusAds:53 - JSON generation date=Wed May 07 16:07:55 ICT 2025 (1746608875484)
2025-06-01 19:52:30,052 [FATAL] Updater:351 - Updater called before beeing initialized
2025-06-01 19:52:30,085 [WARN] DetailPanel:346 - Failed to get advertising image, set to default
2025-06-01 19:52:30,223 [FATAL] Updater:351 - Updater called before beeing initialized
2025-06-01 19:52:30,225 [FATAL] Updater:351 - Updater called before beeing initialized
2025-06-01 19:52:30,225 [FATAL] Updater:351 - Updater called before beeing initialized
2025-06-01 19:52:30,226 [WARN] DetailPanel:346 - Failed to get advertising image, set to default
2025-06-01 19:52:30,227 [FATAL] Updater:351 - Updater called before beeing initialized
2025-06-01 19:52:30,266 [ERROR] Updater:1198 - MainUpdater not yet initialized. External WinMGr cannot be set.
2025-06-01 19:52:30,275 [INFO] Updater:1134 - Updater Version found : 6.13.0
2025-06-01 19:52:30,291 [INFO] ApplicationProperties:184 - Using Application install path: C:\ST\STM32CubeIDE_1.17.0\STM32CubeIDE\plugins\com.st.stm32cube.common.mx_6.13.0.202411220809
2025-06-01 19:52:30,633 [INFO] ThirdPartyUpdaterWithRetryManager:70 - Updater plugin not ready yet. [2/15]
2025-06-01 19:52:30,804 [INFO] MainUpdater:2872 - connection check result : 10
2025-06-01 19:52:30,805 [INFO] MainUpdater:289 - Updater Check For Update Now.
2025-06-01 19:52:30,806 [INFO] MicroXplorer:498 - Change Database Version : DB.6.0.130
2025-06-01 19:52:30,827 [INFO] McuFinderGlobals:63 - Set McuFinder mode to 2 (CubeIDE integrated)
2025-06-01 19:52:30,833 [INFO] UserAuth:486 - Internet connection configuration mode: 1
2025-06-01 19:52:30,864 [INFO] JxBrowserEngine:152 - Initiate JxBrowser Engine with user profile folder
2025-06-01 19:52:30,988 [INFO] CheckServerUpdateThread:120 - End of CheckServer Thread
2025-06-01 19:52:32,010 [INFO] WebApp:168 - Instantiating new browser for Auth
2025-06-01 19:52:32,882 [INFO] WebApp:449 - Apply proxy settings
2025-06-01 19:52:32,883 [INFO] WebApp:534 - Chromium requires no authentication
2025-06-01 19:52:32,889 [INFO] WebApp:477 - Direct internet connection detected
2025-06-01 19:52:32,911 [INFO] WebApp:880 - Register for checkConnection events
2025-06-01 19:52:32,911 [INFO] WebApp:449 - Apply proxy settings
2025-06-01 19:52:32,912 [INFO] WebApp:534 - Chromium requires no authentication
2025-06-01 19:52:32,912 [INFO] WebApp:477 - Direct internet connection detected
2025-06-01 19:52:33,045 [INFO] WebApp:221 - Starting web application
2025-06-01 19:52:33,045 [INFO] WebApp:579 - Web application path used C:\ST\STM32CubeIDE_1.17.0\STM32CubeIDE\plugins\com.st.stm32cube.common.mx_6.13.0.202411220809\db\plugins\mcufinder\reactClient1\index.html
2025-06-01 19:52:33,152 [INFO] UserAuth:486 - Internet connection configuration mode: 1
2025-06-01 19:52:33,277 [INFO] WebApp:187 - Connection restablished
2025-06-01 19:52:33,827 [WARN] PackLoader:240 - Cannot read IP mode file for STMicroelectronics.FP-SNS-MOTENVWB1.1.4.0
2025-06-01 19:52:33,843 [WARN] PackLoader:240 - Cannot read IP mode file for STMicroelectronics.FP-ATR-ASTRA1.2.0.2
2025-06-01 19:52:33,857 [WARN] PackLoader:240 - Cannot read IP mode file for STMicroelectronics.FP-ATR-ASTRA1.2.0.1
2025-06-01 19:52:33,871 [WARN] PackLoader:240 - Cannot read IP mode file for STMicroelectronics.X-CUBE-SMBUS.2.1.0
2025-06-01 19:52:33,885 [WARN] PackLoader:240 - Cannot read IP mode file for STMicroelectronics.X-CUBE-WB05N.1.1.0
2025-06-01 19:52:33,899 [WARN] PackLoader:240 - Cannot read IP mode file for STMicroelectronics.X-CUBE-ST60.1.0.0
2025-06-01 19:52:33,945 [WARN] PackLoader:240 - Cannot read IP mode file for STMicroelectronics.X-CUBE-AZRTOS-F7.1.1.0
2025-06-01 19:52:33,971 [WARN] PackLoader:240 - Cannot read IP mode file for STMicroelectronics.FP-SNS-FLIGHT1.5.0.2
2025-06-01 19:52:34,013 [WARN] PackLoader:240 - Cannot read IP mode file for Infineon.AIROC-Wi-Fi-Bluetooth-STM32.1.7.0
2025-06-01 19:52:34,036 [WARN] PackLoader:240 - Cannot read IP mode file for STMicroelectronics.X-CUBE-DISPLAY.3.0.0
2025-06-01 19:52:34,057 [WARN] PackLoader:240 - Cannot read IP mode file for STMicroelectronics.X-CUBE-BLE1.7.0.0
2025-06-01 19:52:34,083 [WARN] PackLoader:240 - Cannot read IP mode file for STMicroelectronics.X-CUBE-NFC10.1.0.0
2025-06-01 19:52:34,112 [WARN] PackLoader:240 - Cannot read IP mode file for STMicroelectronics.X-CUBE-BLEMGR.4.0.0
2025-06-01 19:52:34,126 [WARN] PackLoader:240 - Cannot read IP mode file for emotas.I-CUBE-CANOPEN.1.3.0
2025-06-01 19:52:34,138 [WARN] PackLoader:240 - Cannot read IP mode file for STMicroelectronics.X-CUBE-AI.10.0.0
2025-06-01 19:52:34,150 [WARN] PackLoader:240 - Cannot read IP mode file for STMicroelectronics.FP-SNS-SMARTAG2.1.2.0
2025-06-01 19:52:34,160 [WARN] PackLoader:240 - Cannot read IP mode file for STMicroelectronics.FP-SNS-FLIGHT1.5.1.0
2025-06-01 19:52:34,203 [WARN] PackLoader:240 - Cannot read IP mode file for STMicroelectronics.X-CUBE-MEMS1.11.1.0
2025-06-01 19:52:34,376 [INFO] LogOutputStream:77 - [STDOUT_REDIRECT] 1 : Invalid condition id : UX_CORESTACK_Condition cause : null
2025-06-01 19:52:34,377 [INFO] LogOutputStream:77 - [STDOUT_REDIRECT] 1 : Invalid condition id : UX_CORESTACK_Condition cause : null
2025-06-01 19:52:34,377 [INFO] LogOutputStream:77 - [STDOUT_REDIRECT] 1 : Invalid condition id : UX_CORESTACK_Condition cause : null
2025-06-01 19:52:34,378 [INFO] LogOutputStream:77 - [STDOUT_REDIRECT] 1 : Invalid condition id : UX_CORESTACK_Condition cause : null
2025-06-01 19:52:34,379 [INFO] LogOutputStream:77 - [STDOUT_REDIRECT] 1 : Invalid condition id : UX_CORESTACK_Condition cause : null
2025-06-01 19:52:34,381 [WARN] PackLoader:240 - Cannot read IP mode file for STMicroelectronics.X-CUBE-AZRTOS-WL.2.0.0
2025-06-01 19:52:34,403 [WARN] PackLoader:240 - Cannot read IP mode file for STMicroelectronics.FP-SNS-MOTENV1.5.0.0
2025-06-01 19:52:34,429 [WARN] PackLoader:240 - Cannot read IP mode file for wolfSSL.I-CUBE-wolfMQTT.1.19.0
2025-06-01 19:52:34,445 [WARN] PackLoader:240 - Cannot read IP mode file for WES.I-CUBE-Cesium.1.3.0
2025-06-01 19:52:34,459 [WARN] PackLoader:240 - Cannot read IP mode file for STMicroelectronics.X-CUBE-BLE2.3.3.0
2025-06-01 19:52:34,476 [WARN] PackLoader:240 - Cannot read IP mode file for STMicroelectronics.X-CUBE-NFC9.1.0.0
2025-06-01 19:52:34,494 [WARN] PackLoader:240 - Cannot read IP mode file for STMicroelectronics.X-CUBE-BLE1.7.1.0
2025-06-01 19:52:34,508 [WARN] PackLoader:240 - Cannot read IP mode file for STMicroelectronics.X-CUBE-AI.10.1.0
2025-06-01 19:52:34,548 [WARN] PackLoader:240 - Cannot read IP mode file for STMicroelectronics.X-CUBE-MEMS1.11.2.0
2025-06-01 19:52:34,625 [WARN] PackLoader:240 - Cannot read IP mode file for STMicroelectronics.X-CUBE-AZRTOS-G0.1.1.0
2025-06-01 19:52:34,640 [WARN] PackLoader:240 - Cannot read IP mode file for STMicroelectronics.X-CUBE-SAFEA1.1.2.2
2025-06-01 19:52:34,657 [WARN] PackLoader:240 - Cannot read IP mode file for STMicroelectronics.X-CUBE-NFC4.3.0.0
2025-06-01 19:52:34,676 [WARN] PackLoader:240 - Cannot read IP mode file for EmbeddedOffice.I-CUBE-FS-RTOS.1.0.1
2025-06-01 19:52:34,693 [WARN] PackLoader:240 - Cannot read IP mode file for STMicroelectronics.X-CUBE-WB05N.2.0.0
2025-06-01 19:52:34,710 [WARN] PackLoader:240 - Cannot read IP mode file for STMicroelectronics.X-CUBE-TCPP.4.2.0
2025-06-01 19:52:34,735 [WARN] PackLoader:240 - Cannot read IP mode file for RealThread.X-CUBE-RT-Thread_Nano.4.1.1
2025-06-01 19:52:34,763 [WARN] PackLoader:240 - Cannot read IP mode file for STMicroelectronics.FP-ATR-SIGFOX1.3.2.0
2025-06-01 19:52:34,785 [WARN] ConditionMgr:438 - getConditionDescription Invalid condition id : Cortex-A Device cause : null
2025-06-01 19:52:34,819 [WARN] ConditionMgr:1044 - genDependencies : Invalid condition id : Cortex-A Device cause : null
2025-06-01 19:52:34,819 [WARN] ConditionMgr:1044 - genDependencies : Invalid condition id : Cortex-A Device cause : null
2025-06-01 19:52:34,820 [WARN] ConditionMgr:1044 - genDependencies : Invalid condition id : Cortex-A Device cause : null
2025-06-01 19:52:34,836 [WARN] PackLoader:240 - Cannot read IP mode file for STMicroelectronics.X-CUBE-EEPRMA1.5.1.0
2025-06-01 19:52:34,852 [WARN] PackLoader:240 - Cannot read IP mode file for wolfSSL.I-CUBE-wolfSSL.5.7.4
2025-06-01 19:52:34,865 [WARN] PackLoader:240 - Cannot read IP mode file for ITTIA_DB.I-CUBE-ITTIADB.8.9.0
2025-06-01 19:52:34,898 [WARN] PackLoader:240 - Cannot read IP mode file for SEGGER.I-CUBE-embOS.1.3.1
2025-06-01 19:52:34,922 [WARN] PackLoader:240 - Cannot read IP mode file for STMicroelectronics.X-CUBE-ALGOBUILD.1.4.0
2025-06-01 19:52:34,936 [WARN] PackLoader:240 - Cannot read IP mode file for STMicroelectronics.X-CUBE-AI.9.1.0
2025-06-01 19:52:34,959 [WARN] PackLoader:240 - Cannot read IP mode file for STMicroelectronics.X-CUBE-AZRTOS-F4.1.1.0
2025-06-01 19:52:34,970 [WARN] PackLoader:240 - Cannot read IP mode file for Avnet-IotConnect.X-CUBE-IoTC-DA16k-PMOD.1.0.0
2025-06-01 19:52:34,981 [WARN] PackLoader:240 - Cannot read IP mode file for STMicroelectronics.X-CUBE-ISPU.2.1.0
2025-06-01 19:52:35,001 [WARN] PackLoader:240 - Cannot read IP mode file for STMicroelectronics.X-CUBE-AZRTOS-L5.2.0.0
2025-06-01 19:52:35,016 [WARN] PackLoader:240 - Cannot read IP mode file for STMicroelectronics.X-CUBE-NFC6.3.1.0
2025-06-01 19:52:35,030 [WARN] PackLoader:240 - Cannot read IP mode file for STMicroelectronics.X-CUBE-DPower.1.2.0
2025-06-01 19:52:35,042 [WARN] PackLoader:240 - Cannot read IP mode file for STMicroelectronics.X-CUBE-FREERTOS.1.3.1
2025-06-01 19:52:35,053 [WARN] PackLoader:240 - Cannot read IP mode file for STMicroelectronics.X-CUBE-FREERTOS.1.3.0
2025-06-01 19:52:35,064 [WARN] PackLoader:240 - Cannot read IP mode file for STMicroelectronics.X-CUBE-NFC7.1.0.1
2025-06-01 19:52:35,077 [WARN] PackLoader:240 - Cannot read IP mode file for STMicroelectronics.X-CUBE-DPower.1.3.0
2025-06-01 19:52:35,104 [WARN] ConditionMgr:438 - getConditionDescription Invalid condition id : LAN8742 Phy interface Condition cause : null
2025-06-01 19:52:35,104 [WARN] PackLoader:240 - Cannot read IP mode file for STMicroelectronics.X-CUBE-AZRTOS-L4.2.0.0
2025-06-01 19:52:35,105 [WARN] ConditionMgr:1044 - genDependencies : Invalid condition id : LAN8742 Phy interface Condition cause : null
2025-06-01 19:52:35,105 [WARN] ConditionMgr:1044 - genDependencies : Invalid condition id : LAN8742 Phy interface Condition cause : null
2025-06-01 19:52:35,105 [WARN] ConditionMgr:1044 - genDependencies : Invalid condition id : LAN8742 Phy interface Condition cause : null
2025-06-01 19:52:35,118 [WARN] PackLoader:240 - Cannot read IP mode file for STMicroelectronics.X-CUBE-SFXS2LP1.4.0.0
2025-06-01 19:52:35,148 [WARN] PackLoader:240 - Cannot read IP mode file for STMicroelectronics.X-CUBE-AZRTOS-H7.3.3.0
2025-06-01 19:52:35,167 [WARN] ConditionMgr:438 - getConditionDescription Invalid condition id : UX DEVICE CLASS RTOS Condition cause : null
2025-06-01 19:52:35,167 [WARN] ConditionMgr:438 - getConditionDescription Invalid condition id : UX DEVICE CLASS RTOS Condition cause : null
2025-06-01 19:52:35,168 [WARN] PackLoader:240 - Cannot read IP mode file for STMicroelectronics.X-CUBE-AZRTOS-WB.2.0.0
2025-06-01 19:52:35,168 [WARN] ConditionMgr:1044 - genDependencies : Invalid condition id : UX DEVICE CLASS RTOS Condition cause : null
2025-06-01 19:52:35,168 [WARN] ConditionMgr:1044 - genDependencies : Invalid condition id : UX DEVICE CLASS RTOS Condition cause : null
2025-06-01 19:52:35,168 [WARN] ConditionMgr:1044 - genDependencies : Invalid condition id : UX DEVICE CLASS RTOS Condition cause : null
2025-06-01 19:52:35,168 [WARN] ConditionMgr:1044 - genDependencies : Invalid condition id : UX DEVICE CLASS RTOS Condition cause : null
2025-06-01 19:52:35,168 [WARN] ConditionMgr:1044 - genDependencies : Invalid condition id : UX DEVICE CLASS RTOS Condition cause : null
2025-06-01 19:52:35,181 [WARN] PackLoader:240 - Cannot read IP mode file for STMicroelectronics.X-CUBE-GNSS1.7.0.1
2025-06-01 19:52:35,194 [WARN] PackLoader:240 - Cannot read IP mode file for STMicroelectronics.X-CUBE-TOUCHGFX.4.25.0
2025-06-01 19:52:35,207 [WARN] PackLoader:240 - Cannot read IP mode file for STMicroelectronics.FP-SNS-STBOX1.2.0.0
2025-06-01 19:52:35,221 [WARN] PackLoader:240 - Cannot read IP mode file for STMicroelectronics.X-CUBE-SUBG2.5.0.0
2025-06-01 19:52:35,244 [WARN] PackLoader:240 - Cannot read IP mode file for STMicroelectronics.X-CUBE-AZRTOS-H7RS.1.1.0
2025-06-01 19:52:35,256 [WARN] PackLoader:240 - Cannot read IP mode file for Cesanta.I-CUBE-Mongoose.7.13.0
2025-06-01 19:52:35,272 [WARN] PackLoader:240 - Cannot read IP mode file for STMicroelectronics.X-CUBE-AZRTOS-G4.2.0.0
2025-06-01 19:52:35,283 [WARN] PackLoader:240 - Cannot read IP mode file for STMicroelectronics.X-CUBE-NFC7.2.0.0
2025-06-01 19:52:35,300 [WARN] PackLoader:240 - Cannot read IP mode file for STMicroelectronics.X-CUBE-IPS.3.1.0
2025-06-01 19:52:35,321 [WARN] PackLoader:240 - Cannot read IP mode file for STMicroelectronics.X-CUBE-ALS.1.0.2
2025-06-01 19:52:35,341 [WARN] PackLoader:240 - Cannot read IP mode file for STMicroelectronics.X-CUBE-TOUCHGFX.4.24.2
2025-06-01 19:52:35,358 [WARN] PackLoader:240 - Cannot read IP mode file for wolfSSL.I-CUBE-wolfTPM.3.4.0
2025-06-01 19:52:35,372 [WARN] PackLoader:240 - Cannot read IP mode file for portGmbH.I-Cube-SoM-uGOAL.1.1.0
2025-06-01 19:52:35,393 [WARN] PackLoader:240 - Cannot read IP mode file for STMicroelectronics.X-CUBE-AZRTOS-H7RS.1.0.0
2025-06-01 19:52:35,411 [WARN] PackLoader:240 - Cannot read IP mode file for STMicroelectronics.X-CUBE-TOF1.3.4.2
2025-06-01 19:52:35,428 [WARN] PackLoader:240 - Cannot read IP mode file for STMicroelectronics.X-CUBE-TOF1.3.4.3
2025-06-01 19:52:35,442 [WARN] PackLoader:240 - Cannot read IP mode file for wolfSSL.I-CUBE-wolfSSH.1.4.17
2025-06-01 19:52:35,442 [INFO] ThirdParty:978 - Integrity check success = true
2025-06-01 19:52:35,442 [INFO] IntegrityCheckThread:100 - exiting critical section [integrity check]
2025-06-01 19:52:35,442 [INFO] IntegrityCheckThread:103 - End integrity checks thread
2025-06-01 20:52:52,924 [INFO] WebApp:190 - Connection lost
2025-06-01 20:52:56,221 [ERROR] ConfigurationRetriever:142 - IOException on connection: sw-center.st.com
2025-06-01 20:52:56,222 [ERROR] ConfigurationRetriever:142 - IOException on connection: sw-center.st.com
2025-06-01 20:52:56,222 [ERROR] ConfigurationRetriever:142 - IOException on connection: sw-center.st.com
2025-06-01 20:52:57,039 [ERROR] LogOutputStream:75 - [STDERR_REDIRECT] 
2025-06-01 21:45:13,267 [INFO] Activator:176 - 


2025-06-01 21:45:13,270 [INFO] Activator:177 - !SESSION log4j initialized
2025-06-01 21:45:19,711 [INFO] LogOutputStream:77 - [STDOUT_REDIRECT] 
2025-06-01 21:45:23,533 [INFO] ApplicationProperties:184 - Using Application install path: C:\ST\STM32CubeIDE_1.17.0\STM32CubeIDE\plugins\com.st.stm32cube.common.mx_6.13.0.202411220809
2025-06-01 21:45:23,551 [INFO] DbMcusXml:78 - Set database path to: C:\ST\STM32CubeIDE_1.17.0\STM32CubeIDE\plugins\com.st.stm32cube.common.mx_6.13.0.202411220809\\db\/mcu/
2025-06-01 21:45:23,552 [INFO] ApiDb:274 - Set plugin database path to: C:\ST\STM32CubeIDE_1.17.0\STM32CubeIDE\plugins\com.st.stm32cube.common.mx_6.13.0.202411220809\\db\/plugins/boardmanager/
2025-06-01 21:45:23,552 [WARN] ApiDb:259 - Overriding images path with different value:  => C:\ST\STM32CubeIDE_1.17.0\STM32CubeIDE\plugins\com.st.stm32cube.common.mx_6.13.0.202411220809\\db\/plugins/mcufinder/images/
2025-06-01 21:45:23,575 [INFO] ApiDb:250 - Set database path to: C:\Users\APC\.stmcufinder\plugins\mcufinder//mcu/
2025-06-01 21:45:23,577 [INFO] DbMcusAds:125 - Set database path to: C:\Users\APC\.stmcufinder\plugins\mcufinder//mcu/
2025-06-01 21:45:23,581 [INFO] CrossReferenceDbSqlite:203 - Set database path to: C:\Users\APC\.stmcufinder\plugins\mcufinder//mcu/cs/
2025-06-01 21:45:23,685 [INFO] RulesReader:64 - Compatibility file has been processed (297 Rules)
2025-06-01 21:45:23,779 [INFO] DbMcusXml:78 - Set database path to: C:\ST\STM32CubeIDE_1.17.0\STM32CubeIDE\plugins\com.st.stm32cube.common.mx_6.13.0.202411220809\\db\/mcu/
2025-06-01 21:45:23,779 [INFO] ApiDb:274 - Set plugin database path to: C:\ST\STM32CubeIDE_1.17.0\STM32CubeIDE\plugins\com.st.stm32cube.common.mx_6.13.0.202411220809\\db\/plugins/boardmanager/
2025-06-01 21:45:23,779 [INFO] ApiDb:261 - Set plugin images path to: C:\ST\STM32CubeIDE_1.17.0\STM32CubeIDE\plugins\com.st.stm32cube.common.mx_6.13.0.202411220809\\db\/plugins/mcufinder/images/
2025-06-01 21:45:23,779 [WARN] DbFile:41 - Overriding database path with different value: C:\Users\APC\.stmcufinder\plugins\mcufinder/ => C:\Users\APC\.stmcufinder\plugins\mcufinder
2025-06-01 21:45:23,779 [INFO] ApiDb:250 - Set database path to: C:\Users\APC\.stmcufinder\plugins\mcufinder//mcu/
2025-06-01 21:45:23,779 [WARN] DbFile:41 - Overriding database path with different value: C:\Users\APC\.stmcufinder\plugins\mcufinder/ => C:\Users\APC\.stmcufinder\plugins\mcufinder
2025-06-01 21:45:23,779 [INFO] DbMcusAds:125 - Set database path to: C:\Users\APC\.stmcufinder\plugins\mcufinder//mcu/
2025-06-01 21:45:23,780 [WARN] DbFile:41 - Overriding database path with different value: C:\Users\APC\.stmcufinder\plugins\mcufinder/ => C:\Users\APC\.stmcufinder\plugins\mcufinder
2025-06-01 21:45:23,780 [WARN] DbFile:41 - Overriding database path with different value: C:\Users\APC\.stmcufinder\plugins\mcufinder/ => C:\Users\APC\.stmcufinder\plugins\mcufinder
2025-06-01 21:45:23,780 [INFO] CrossReferenceDbSqlite:203 - Set database path to: C:\Users\APC\.stmcufinder\plugins\mcufinder//mcu/cs/
2025-06-01 21:45:23,874 [INFO] MainPanel:272 - HeapMemory: 268435456
2025-06-01 21:45:23,983 [INFO] DbMcusXml:78 - Set database path to: C:\ST\STM32CubeIDE_1.17.0\STM32CubeIDE\plugins\com.st.stm32cube.common.mx_6.13.0.202411220809\\db\/mcu/
2025-06-01 21:45:23,983 [INFO] ApiDb:274 - Set plugin database path to: C:\ST\STM32CubeIDE_1.17.0\STM32CubeIDE\plugins\com.st.stm32cube.common.mx_6.13.0.202411220809\\db\/plugins/boardmanager/
2025-06-01 21:45:23,983 [INFO] ApiDb:261 - Set plugin images path to: C:\ST\STM32CubeIDE_1.17.0\STM32CubeIDE\plugins\com.st.stm32cube.common.mx_6.13.0.202411220809\\db\/plugins/mcufinder/images/
2025-06-01 21:45:23,983 [WARN] DbFile:41 - Overriding database path with different value: C:\Users\APC\.stmcufinder\plugins\mcufinder/ => C:\Users\APC\.stmcufinder\plugins\mcufinder
2025-06-01 21:45:23,983 [INFO] ApiDb:250 - Set database path to: C:\Users\APC\.stmcufinder\plugins\mcufinder//mcu/
2025-06-01 21:45:23,984 [WARN] DbFile:41 - Overriding database path with different value: C:\Users\APC\.stmcufinder\plugins\mcufinder/ => C:\Users\APC\.stmcufinder\plugins\mcufinder
2025-06-01 21:45:23,984 [INFO] DbMcusAds:125 - Set database path to: C:\Users\APC\.stmcufinder\plugins\mcufinder//mcu/
2025-06-01 21:45:23,984 [WARN] DbFile:41 - Overriding database path with different value: C:\Users\APC\.stmcufinder\plugins\mcufinder/ => C:\Users\APC\.stmcufinder\plugins\mcufinder
2025-06-01 21:45:23,984 [WARN] DbFile:41 - Overriding database path with different value: C:\Users\APC\.stmcufinder\plugins\mcufinder/ => C:\Users\APC\.stmcufinder\plugins\mcufinder
2025-06-01 21:45:23,984 [INFO] CrossReferenceDbSqlite:203 - Set database path to: C:\Users\APC\.stmcufinder\plugins\mcufinder//mcu/cs/
2025-06-01 21:45:24,003 [INFO] ApplicationProperties:184 - Using Application install path: C:\ST\STM32CubeIDE_1.17.0\STM32CubeIDE\plugins\com.st.stm32cube.common.mx_6.13.0.202411220809
2025-06-01 21:45:24,005 [INFO] PluginManage:196 - Search for loadable plugins [exclusion list=, ]
2025-06-01 21:45:24,006 [INFO] PluginManage:310 - Check plugin analytics
2025-06-01 21:45:24,164 [INFO] AnalyticsPlugin:253 - Accepted Software Licenses: STM32CubeMX.6.13.0
2025-06-01 21:45:24,165 [INFO] AnalyticsPlugin:255 - Accepted CMSIS Pack Licenses: 
2025-06-01 21:45:24,165 [INFO] AnalyticsPlugin:257 - Accepted Firmware Licenses: FW.F4.1.28.0
2025-06-01 21:45:24,167 [INFO] PluginManage:359 - Loaded plugin analytics (category:tool,tabindex:-1)
2025-06-01 21:45:24,167 [INFO] PluginManage:310 - Check plugin cadmodel
2025-06-01 21:45:24,184 [INFO] CADModel:105 - Init CAD model plugin
2025-06-01 21:45:24,184 [INFO] PluginManage:359 - Loaded plugin cadmodel (category:power,tabindex:5)
2025-06-01 21:45:24,184 [INFO] PluginManage:310 - Check plugin clock
2025-06-01 21:45:24,204 [INFO] PluginManage:359 - Loaded plugin clock (category:base,tabindex:2)
2025-06-01 21:45:24,204 [INFO] PluginManage:310 - Check plugin ddr
2025-06-01 21:45:24,206 [INFO] PluginManage:359 - Loaded plugin ddr (category:tool,tabindex:6)
2025-06-01 21:45:24,206 [INFO] PluginManage:310 - Check plugin filemanager
2025-06-01 21:45:24,346 [INFO] PluginManage:359 - Loaded plugin filemanager (category:base,tabindex:10)
2025-06-01 21:45:24,347 [INFO] PluginManage:310 - Check plugin ipmanager
2025-06-01 21:45:24,356 [INFO] PluginManage:359 - Loaded plugin ipmanager (category:base,tabindex:5)
2025-06-01 21:45:24,356 [INFO] PluginManage:310 - Check plugin lpbam
2025-06-01 21:45:24,378 [INFO] PluginManage:359 - Loaded plugin lpbam (category:base,tabindex:0)
2025-06-01 21:45:24,378 [INFO] PluginManage:310 - Check plugin memorymap
2025-06-01 21:45:24,418 [INFO] PluginManage:359 - Loaded plugin memorymap (category:base,tabindex:4)
2025-06-01 21:45:24,418 [INFO] PluginManage:310 - Check plugin pinoutandconfiguration
2025-06-01 21:45:24,444 [INFO] PluginManage:359 - Loaded plugin pinoutandconfiguration (category:base,tabindex:1)
2025-06-01 21:45:24,444 [INFO] PluginManage:310 - Check plugin pinoutconfig
2025-06-01 21:45:24,544 [WARN] SupportedApi:132 - Cannot load RTOS API schema: s4s-elt-must-match.1: The content of 'definitions' must match (annotation?, (simpleType | complexType)?, (unique | key | keyref)*)). A problem was found starting at: attribute.
2025-06-01 21:45:24,741 [INFO] PluginManage:359 - Loaded plugin pinoutconfig (category:base,tabindex:0)
2025-06-01 21:45:24,741 [INFO] PluginManage:310 - Check plugin power
2025-06-01 21:45:24,784 [INFO] PluginManage:359 - Loaded plugin power (category:power,tabindex:4)
2025-06-01 21:45:24,784 [INFO] PluginManage:310 - Check plugin projectmanager
2025-06-01 21:45:24,826 [INFO] PluginManage:359 - Loaded plugin projectmanager (category:projectmanager,tabindex:4)
2025-06-01 21:45:24,827 [INFO] PluginManage:310 - Check plugin rif
2025-06-01 21:45:24,871 [INFO] PluginManage:359 - Loaded plugin rif (category:base,tabindex:3)
2025-06-01 21:45:24,872 [INFO] PluginManage:310 - Check plugin thirdparty
2025-06-01 21:45:25,292 [WARN] IntegrityCheckThread:84 - waiting for thirdparty lock release [integrity check]
2025-06-01 21:45:25,292 [INFO] IntegrityCheckThread:86 - entering critical section [integrity check]
2025-06-01 21:45:25,292 [INFO] ThirdPartyUpdaterWithRetryManager:70 - Updater plugin not ready yet. [1/15]
2025-06-01 21:45:25,292 [INFO] PluginManage:359 - Loaded plugin thirdparty (category:base,tabindex:-1)
2025-06-01 21:45:25,293 [INFO] PluginManage:310 - Check plugin tools
2025-06-01 21:45:25,347 [INFO] PluginManage:359 - Loaded plugin tools (category:base,tabindex:7)
2025-06-01 21:45:25,347 [INFO] PluginManage:310 - Check plugin tutovideos
2025-06-01 21:45:25,708 [INFO] PluginManage:359 - Loaded plugin tutovideos (category:base,tabindex:-1)
2025-06-01 21:45:25,708 [INFO] PluginManage:310 - Check plugin updater
2025-06-01 21:45:25,736 [INFO] PluginManage:359 - Loaded plugin updater (category:base,tabindex:12)
2025-06-01 21:45:25,736 [INFO] PluginManage:310 - Check plugin userauth
2025-06-01 21:45:25,741 [INFO] UserAuth:118 - Init User Auth plugin
2025-06-01 21:45:25,741 [INFO] PluginManage:359 - Loaded plugin userauth (category:base,tabindex:14)
2025-06-01 21:45:25,742 [INFO] PluginManage:283 - PluginManage : Loaded plugins [18]
2025-06-01 21:45:26,005 [INFO] PinOutPanel:1589 - setPackage(No Configuration,No Configuration)
2025-06-01 21:45:26,142 [INFO] CADModel:165 - CPN selected for project level
2025-06-01 21:45:26,142 [INFO] CADModel:114 - Register for checkConnection events
2025-06-01 21:45:26,174 [INFO] IPUIPlugin:80 - create IPUIPlugin
2025-06-01 21:45:26,174 [INFO] PluginManager:220 - loadIPPluginJar : add adc
2025-06-01 21:45:26,223 [INFO] IPUIPlugin:80 - create IPUIPlugin
2025-06-01 21:45:26,223 [INFO] PluginManager:220 - loadIPPluginJar : add aes
2025-06-01 21:45:26,310 [INFO] IPUIPlugin:80 - create IPUIPlugin
2025-06-01 21:45:26,310 [INFO] PluginManager:220 - loadIPPluginJar : add can
2025-06-01 21:45:26,368 [INFO] IPUIPlugin:80 - create IPUIPlugin
2025-06-01 21:45:26,368 [INFO] PluginManager:220 - loadIPPluginJar : add comp
2025-06-01 21:45:26,440 [INFO] IPUIPlugin:80 - create IPUIPlugin
2025-06-01 21:45:26,440 [INFO] PluginManager:220 - loadIPPluginJar : add cryp
2025-06-01 21:45:26,457 [INFO] IPUIPlugin:80 - create IPUIPlugin
2025-06-01 21:45:26,457 [INFO] PluginManager:220 - loadIPPluginJar : add ddr_ctrl_phy
2025-06-01 21:45:26,491 [INFO] IPUIPlugin:80 - create IPUIPlugin
2025-06-01 21:45:26,491 [INFO] PluginManager:220 - loadIPPluginJar : add dfsdm
2025-06-01 21:45:26,537 [INFO] IPUIPlugin:80 - create IPUIPlugin
2025-06-01 21:45:26,537 [INFO] PluginManager:220 - loadIPPluginJar : add dma
2025-06-01 21:45:26,647 [INFO] IPUIPlugin:80 - create IPUIPlugin
2025-06-01 21:45:26,647 [INFO] PluginManager:220 - loadIPPluginJar : add dma3
2025-06-01 21:45:26,732 [INFO] IPUIPlugin:80 - create IPUIPlugin
2025-06-01 21:45:26,732 [INFO] PluginManager:220 - loadIPPluginJar : add extmemmanager
2025-06-01 21:45:26,785 [INFO] IPUIPlugin:80 - create IPUIPlugin
2025-06-01 21:45:26,785 [INFO] PluginManager:220 - loadIPPluginJar : add fatfs
2025-06-01 21:45:26,902 [INFO] IPUIPlugin:80 - create IPUIPlugin
2025-06-01 21:45:26,902 [INFO] PluginManager:220 - loadIPPluginJar : add fmc
2025-06-01 21:45:26,927 [INFO] IPUIPlugin:80 - create IPUIPlugin
2025-06-01 21:45:26,928 [INFO] PluginManager:220 - loadIPPluginJar : add freertos
2025-06-01 21:45:26,957 [INFO] IPUIPlugin:80 - create IPUIPlugin
2025-06-01 21:45:26,957 [INFO] PluginManager:220 - loadIPPluginJar : add genericplugin
2025-06-01 21:45:27,167 [INFO] IPUIPlugin:80 - create IPUIPlugin
2025-06-01 21:45:27,167 [INFO] PluginManager:220 - loadIPPluginJar : add gfxmmu
2025-06-01 21:45:27,505 [INFO] IPUIPlugin:80 - create IPUIPlugin
2025-06-01 21:45:27,505 [INFO] PluginManager:220 - loadIPPluginJar : add gic
2025-06-01 21:45:27,540 [INFO] IPUIPlugin:80 - create IPUIPlugin
2025-06-01 21:45:27,540 [INFO] PluginManager:220 - loadIPPluginJar : add gpio
2025-06-01 21:45:27,714 [INFO] IPUIPlugin:80 - create IPUIPlugin
2025-06-01 21:45:27,714 [INFO] PluginManager:220 - loadIPPluginJar : add gtzc
2025-06-01 21:45:27,790 [INFO] IPUIPlugin:80 - create IPUIPlugin
2025-06-01 21:45:27,790 [INFO] PluginManager:220 - loadIPPluginJar : add hash
2025-06-01 21:45:27,933 [INFO] IPUIPlugin:80 - create IPUIPlugin
2025-06-01 21:45:27,933 [INFO] PluginManager:220 - loadIPPluginJar : add i2c
2025-06-01 21:45:28,027 [INFO] IPUIPlugin:80 - create IPUIPlugin
2025-06-01 21:45:28,027 [INFO] PluginManager:220 - loadIPPluginJar : add i2s
2025-06-01 21:45:28,103 [INFO] IPUIPlugin:80 - create IPUIPlugin
2025-06-01 21:45:28,107 [INFO] PluginManager:220 - loadIPPluginJar : add i3c
2025-06-01 21:45:28,297 [INFO] ThirdPartyUpdaterWithRetryManager:70 - Updater plugin not ready yet. [2/15]
2025-06-01 21:45:28,345 [INFO] IPUIPlugin:80 - create IPUIPlugin
2025-06-01 21:45:28,345 [INFO] PluginManager:220 - loadIPPluginJar : add ipddr
2025-06-01 21:45:28,549 [INFO] IPUIPlugin:80 - create IPUIPlugin
2025-06-01 21:45:28,550 [INFO] PluginManager:220 - loadIPPluginJar : add linkedlist
2025-06-01 21:45:28,626 [INFO] IPUIPlugin:80 - create IPUIPlugin
2025-06-01 21:45:28,626 [INFO] PluginManager:220 - loadIPPluginJar : add lorawan
2025-06-01 21:45:28,687 [INFO] IPUIPlugin:80 - create IPUIPlugin
2025-06-01 21:45:28,688 [INFO] PluginManager:220 - loadIPPluginJar : add ltdc
2025-06-01 21:45:28,720 [INFO] IPUIPlugin:80 - create IPUIPlugin
2025-06-01 21:45:28,721 [INFO] PluginManager:220 - loadIPPluginJar : add mdma
2025-06-01 21:45:28,739 [INFO] IPUIPlugin:80 - create IPUIPlugin
2025-06-01 21:45:28,740 [INFO] PluginManager:220 - loadIPPluginJar : add nvic
2025-06-01 21:45:28,818 [INFO] IPUIPlugin:80 - create IPUIPlugin
2025-06-01 21:45:28,818 [INFO] PluginManager:220 - loadIPPluginJar : add opamp
2025-06-01 21:45:28,892 [INFO] IPUIPlugin:80 - create IPUIPlugin
2025-06-01 21:45:28,892 [INFO] PluginManager:220 - loadIPPluginJar : add openamp
2025-06-01 21:45:28,985 [INFO] IPUIPlugin:80 - create IPUIPlugin
2025-06-01 21:45:28,985 [INFO] PluginManager:220 - loadIPPluginJar : add pdm2pcm
2025-06-01 21:45:29,003 [INFO] IPUIPlugin:80 - create IPUIPlugin
2025-06-01 21:45:29,005 [INFO] PluginManager:220 - loadIPPluginJar : add plateformsettings
2025-06-01 21:45:29,027 [INFO] IPUIPlugin:80 - create IPUIPlugin
2025-06-01 21:45:29,027 [INFO] PluginManager:220 - loadIPPluginJar : add quadspi
2025-06-01 21:45:29,058 [INFO] IPUIPlugin:80 - create IPUIPlugin
2025-06-01 21:45:29,060 [INFO] PluginManager:220 - loadIPPluginJar : add radio
2025-06-01 21:45:29,084 [INFO] IPUIPlugin:80 - create IPUIPlugin
2025-06-01 21:45:29,084 [INFO] PluginManager:220 - loadIPPluginJar : add resmgrutility
2025-06-01 21:45:29,158 [INFO] IPUIPlugin:80 - create IPUIPlugin
2025-06-01 21:45:29,158 [INFO] PluginManager:220 - loadIPPluginJar : add sai
2025-06-01 21:45:29,211 [INFO] IPUIPlugin:80 - create IPUIPlugin
2025-06-01 21:45:29,211 [INFO] PluginManager:220 - loadIPPluginJar : add spi
2025-06-01 21:45:29,272 [INFO] IPUIPlugin:80 - create IPUIPlugin
2025-06-01 21:45:29,272 [INFO] PluginManager:220 - loadIPPluginJar : add stm32_wpan
2025-06-01 21:45:29,295 [INFO] IPUIPlugin:80 - create IPUIPlugin
2025-06-01 21:45:29,296 [INFO] PluginManager:220 - loadIPPluginJar : add tim
2025-06-01 21:45:29,356 [INFO] IPUIPlugin:80 - create IPUIPlugin
2025-06-01 21:45:29,356 [INFO] PluginManager:220 - loadIPPluginJar : add touchsensing
2025-06-01 21:45:29,391 [INFO] IPUIPlugin:80 - create IPUIPlugin
2025-06-01 21:45:29,391 [INFO] PluginManager:220 - loadIPPluginJar : add tracer_emb
2025-06-01 21:45:29,416 [INFO] IPUIPlugin:80 - create IPUIPlugin
2025-06-01 21:45:29,417 [INFO] PluginManager:220 - loadIPPluginJar : add ts
2025-06-01 21:45:29,441 [INFO] IPUIPlugin:80 - create IPUIPlugin
2025-06-01 21:45:29,441 [INFO] PluginManager:220 - loadIPPluginJar : add tsc
2025-06-01 21:45:29,463 [INFO] IPUIPlugin:80 - create IPUIPlugin
2025-06-01 21:45:29,463 [INFO] PluginManager:220 - loadIPPluginJar : add ucpd
2025-06-01 21:45:29,497 [INFO] IPUIPlugin:80 - create IPUIPlugin
2025-06-01 21:45:29,497 [INFO] PluginManager:220 - loadIPPluginJar : add usart
2025-06-01 21:45:29,537 [INFO] IPUIPlugin:80 - create IPUIPlugin
2025-06-01 21:45:29,537 [INFO] PluginManager:220 - loadIPPluginJar : add usbx
2025-06-01 21:45:29,673 [FATAL] Updater:351 - Updater called before beeing initialized
2025-06-01 21:45:29,697 [INFO] RulesReader:64 - Compatibility file has been processed (297 Rules)
2025-06-01 21:45:29,709 [INFO] RulesReader:64 - Compatibility file has been processed (297 Rules)
2025-06-01 21:45:29,716 [INFO] CADModel:165 - CPN selected for project level
2025-06-01 21:45:29,716 [INFO] CADModel:114 - Register for checkConnection events
2025-06-01 21:45:29,716 [FATAL] Updater:351 - Updater called before beeing initialized
2025-06-01 21:45:29,716 [ERROR] CADModel:125 - Updater not yet initialized, retry later 
2025-06-01 21:45:29,870 [FATAL] Updater:351 - Updater called before beeing initialized
2025-06-01 21:45:29,872 [INFO] CADModel:165 - CPN selected for project level
2025-06-01 21:45:29,872 [INFO] CADModel:114 - Register for checkConnection events
2025-06-01 21:45:29,872 [FATAL] Updater:351 - Updater called before beeing initialized
2025-06-01 21:45:29,872 [ERROR] CADModel:125 - Updater not yet initialized, retry later 
2025-06-01 21:45:29,875 [FATAL] Updater:351 - Updater called before beeing initialized
2025-06-01 21:45:30,000 [FATAL] Updater:351 - Updater called before beeing initialized
2025-06-01 21:45:30,015 [INFO] DbMcusAds:53 - JSON generation date=Wed May 07 16:07:55 ICT 2025 (1746608875484)
2025-06-01 21:45:30,015 [FATAL] Updater:351 - Updater called before beeing initialized
2025-06-01 21:45:30,059 [WARN] DetailPanel:346 - Failed to get advertising image, set to default
2025-06-01 21:45:30,258 [FATAL] Updater:351 - Updater called before beeing initialized
2025-06-01 21:45:30,260 [FATAL] Updater:351 - Updater called before beeing initialized
2025-06-01 21:45:30,260 [FATAL] Updater:351 - Updater called before beeing initialized
2025-06-01 21:45:30,260 [WARN] DetailPanel:346 - Failed to get advertising image, set to default
2025-06-01 21:45:30,260 [FATAL] Updater:351 - Updater called before beeing initialized
2025-06-01 21:45:30,308 [ERROR] Updater:1198 - MainUpdater not yet initialized. External WinMGr cannot be set.
2025-06-01 21:45:30,318 [INFO] Updater:1134 - Updater Version found : 6.13.0
2025-06-01 21:45:30,327 [INFO] ApplicationProperties:184 - Using Application install path: C:\ST\STM32CubeIDE_1.17.0\STM32CubeIDE\plugins\com.st.stm32cube.common.mx_6.13.0.202411220809
2025-06-01 21:45:30,686 [INFO] MainUpdater:2872 - connection check result : 10
2025-06-01 21:45:30,687 [INFO] MainUpdater:289 - Updater Check For Update Now.
2025-06-01 21:45:30,687 [INFO] MicroXplorer:498 - Change Database Version : DB.6.0.130
2025-06-01 21:45:30,697 [INFO] McuFinderGlobals:63 - Set McuFinder mode to 2 (CubeIDE integrated)
2025-06-01 21:45:30,713 [INFO] UserAuth:486 - Internet connection configuration mode: 1
2025-06-01 21:45:30,741 [INFO] JxBrowserEngine:152 - Initiate JxBrowser Engine with user profile folder
2025-06-01 21:45:30,874 [INFO] CheckServerUpdateThread:120 - End of CheckServer Thread
2025-06-01 21:45:32,417 [WARN] PackLoader:240 - Cannot read IP mode file for STMicroelectronics.FP-SNS-MOTENVWB1.1.4.0
2025-06-01 21:45:32,445 [WARN] PackLoader:240 - Cannot read IP mode file for STMicroelectronics.FP-ATR-ASTRA1.2.0.2
2025-06-01 21:45:32,471 [WARN] PackLoader:240 - Cannot read IP mode file for STMicroelectronics.FP-ATR-ASTRA1.2.0.1
2025-06-01 21:45:32,497 [WARN] PackLoader:240 - Cannot read IP mode file for STMicroelectronics.X-CUBE-SMBUS.2.1.0
2025-06-01 21:45:32,519 [WARN] PackLoader:240 - Cannot read IP mode file for STMicroelectronics.X-CUBE-WB05N.1.1.0
2025-06-01 21:45:32,533 [WARN] PackLoader:240 - Cannot read IP mode file for STMicroelectronics.X-CUBE-ST60.1.0.0
2025-06-01 21:45:32,563 [WARN] PackLoader:240 - Cannot read IP mode file for STMicroelectronics.X-CUBE-AZRTOS-F7.1.1.0
2025-06-01 21:45:32,578 [WARN] PackLoader:240 - Cannot read IP mode file for STMicroelectronics.FP-SNS-FLIGHT1.5.0.2
2025-06-01 21:45:32,607 [WARN] PackLoader:240 - Cannot read IP mode file for Infineon.AIROC-Wi-Fi-Bluetooth-STM32.1.7.0
2025-06-01 21:45:32,627 [WARN] PackLoader:240 - Cannot read IP mode file for STMicroelectronics.X-CUBE-DISPLAY.3.0.0
2025-06-01 21:45:32,644 [WARN] PackLoader:240 - Cannot read IP mode file for STMicroelectronics.X-CUBE-BLE1.7.0.0
2025-06-01 21:45:32,658 [WARN] PackLoader:240 - Cannot read IP mode file for STMicroelectronics.X-CUBE-NFC10.1.0.0
2025-06-01 21:45:32,687 [WARN] PackLoader:240 - Cannot read IP mode file for STMicroelectronics.X-CUBE-BLEMGR.4.0.0
2025-06-01 21:45:32,702 [INFO] WebApp:168 - Instantiating new browser for Auth
2025-06-01 21:45:32,707 [WARN] PackLoader:240 - Cannot read IP mode file for emotas.I-CUBE-CANOPEN.1.3.0
2025-06-01 21:45:32,733 [WARN] PackLoader:240 - Cannot read IP mode file for STMicroelectronics.X-CUBE-AI.10.0.0
2025-06-01 21:45:32,754 [WARN] PackLoader:240 - Cannot read IP mode file for STMicroelectronics.FP-SNS-SMARTAG2.1.2.0
2025-06-01 21:45:32,767 [WARN] PackLoader:240 - Cannot read IP mode file for STMicroelectronics.FP-SNS-FLIGHT1.5.1.0
2025-06-01 21:45:32,819 [WARN] PackLoader:240 - Cannot read IP mode file for STMicroelectronics.X-CUBE-MEMS1.11.1.0
2025-06-01 21:45:32,929 [INFO] LogOutputStream:77 - [STDOUT_REDIRECT] 1 : Invalid condition id : UX_CORESTACK_Condition cause : null
2025-06-01 21:45:32,930 [INFO] LogOutputStream:77 - [STDOUT_REDIRECT] 1 : Invalid condition id : UX_CORESTACK_Condition cause : null
2025-06-01 21:45:32,931 [INFO] LogOutputStream:77 - [STDOUT_REDIRECT] 1 : Invalid condition id : UX_CORESTACK_Condition cause : null
2025-06-01 21:45:32,931 [INFO] LogOutputStream:77 - [STDOUT_REDIRECT] 1 : Invalid condition id : UX_CORESTACK_Condition cause : null
2025-06-01 21:45:32,932 [INFO] LogOutputStream:77 - [STDOUT_REDIRECT] 1 : Invalid condition id : UX_CORESTACK_Condition cause : null
2025-06-01 21:45:32,934 [WARN] PackLoader:240 - Cannot read IP mode file for STMicroelectronics.X-CUBE-AZRTOS-WL.2.0.0
2025-06-01 21:45:32,954 [WARN] PackLoader:240 - Cannot read IP mode file for STMicroelectronics.FP-SNS-MOTENV1.5.0.0
2025-06-01 21:45:32,969 [WARN] PackLoader:240 - Cannot read IP mode file for wolfSSL.I-CUBE-wolfMQTT.1.19.0
2025-06-01 21:45:32,987 [WARN] PackLoader:240 - Cannot read IP mode file for WES.I-CUBE-Cesium.1.3.0
2025-06-01 21:45:33,003 [WARN] PackLoader:240 - Cannot read IP mode file for STMicroelectronics.X-CUBE-BLE2.3.3.0
2025-06-01 21:45:33,023 [WARN] PackLoader:240 - Cannot read IP mode file for STMicroelectronics.X-CUBE-NFC9.1.0.0
2025-06-01 21:45:33,037 [WARN] PackLoader:240 - Cannot read IP mode file for STMicroelectronics.X-CUBE-BLE1.7.1.0
2025-06-01 21:45:33,052 [WARN] PackLoader:240 - Cannot read IP mode file for STMicroelectronics.X-CUBE-AI.10.1.0
2025-06-01 21:45:33,097 [WARN] PackLoader:240 - Cannot read IP mode file for STMicroelectronics.X-CUBE-MEMS1.11.2.0
2025-06-01 21:45:33,418 [WARN] PackLoader:240 - Cannot read IP mode file for STMicroelectronics.X-CUBE-AZRTOS-G0.1.1.0
2025-06-01 21:45:33,454 [WARN] PackLoader:240 - Cannot read IP mode file for STMicroelectronics.X-CUBE-SAFEA1.1.2.2
2025-06-01 21:45:33,484 [WARN] PackLoader:240 - Cannot read IP mode file for STMicroelectronics.X-CUBE-NFC4.3.0.0
2025-06-01 21:45:33,520 [WARN] PackLoader:240 - Cannot read IP mode file for EmbeddedOffice.I-CUBE-FS-RTOS.1.0.1
2025-06-01 21:45:33,537 [WARN] PackLoader:240 - Cannot read IP mode file for STMicroelectronics.X-CUBE-WB05N.2.0.0
2025-06-01 21:45:33,558 [WARN] PackLoader:240 - Cannot read IP mode file for STMicroelectronics.X-CUBE-TCPP.4.2.0
2025-06-01 21:45:33,569 [WARN] PackLoader:240 - Cannot read IP mode file for RealThread.X-CUBE-RT-Thread_Nano.4.1.1
2025-06-01 21:45:33,587 [WARN] PackLoader:240 - Cannot read IP mode file for STMicroelectronics.FP-ATR-SIGFOX1.3.2.0
2025-06-01 21:45:33,605 [WARN] ConditionMgr:438 - getConditionDescription Invalid condition id : Cortex-A Device cause : null
2025-06-01 21:45:33,632 [WARN] ConditionMgr:1044 - genDependencies : Invalid condition id : Cortex-A Device cause : null
2025-06-01 21:45:33,634 [WARN] ConditionMgr:1044 - genDependencies : Invalid condition id : Cortex-A Device cause : null
2025-06-01 21:45:33,634 [WARN] ConditionMgr:1044 - genDependencies : Invalid condition id : Cortex-A Device cause : null
2025-06-01 21:45:33,650 [WARN] PackLoader:240 - Cannot read IP mode file for STMicroelectronics.X-CUBE-EEPRMA1.5.1.0
2025-06-01 21:45:33,668 [WARN] PackLoader:240 - Cannot read IP mode file for wolfSSL.I-CUBE-wolfSSL.5.7.4
2025-06-01 21:45:33,688 [WARN] PackLoader:240 - Cannot read IP mode file for ITTIA_DB.I-CUBE-ITTIADB.8.9.0
2025-06-01 21:45:33,767 [WARN] PackLoader:240 - Cannot read IP mode file for SEGGER.I-CUBE-embOS.1.3.1
2025-06-01 21:45:33,939 [WARN] PackLoader:240 - Cannot read IP mode file for STMicroelectronics.X-CUBE-ALGOBUILD.1.4.0
2025-06-01 21:45:34,002 [WARN] PackLoader:240 - Cannot read IP mode file for STMicroelectronics.X-CUBE-AI.9.1.0
2025-06-01 21:45:34,023 [INFO] WebApp:449 - Apply proxy settings
2025-06-01 21:45:34,023 [INFO] WebApp:534 - Chromium requires no authentication
2025-06-01 21:45:34,044 [INFO] WebApp:477 - Direct internet connection detected
2025-06-01 21:45:34,065 [WARN] PackLoader:240 - Cannot read IP mode file for STMicroelectronics.X-CUBE-AZRTOS-F4.1.1.0
2025-06-01 21:45:34,097 [WARN] PackLoader:240 - Cannot read IP mode file for Avnet-IotConnect.X-CUBE-IoTC-DA16k-PMOD.1.0.0
2025-06-01 21:45:34,101 [INFO] WebApp:880 - Register for checkConnection events
2025-06-01 21:45:34,102 [INFO] WebApp:449 - Apply proxy settings
2025-06-01 21:45:34,102 [INFO] WebApp:534 - Chromium requires no authentication
2025-06-01 21:45:34,103 [INFO] WebApp:477 - Direct internet connection detected
2025-06-01 21:45:34,120 [WARN] PackLoader:240 - Cannot read IP mode file for STMicroelectronics.X-CUBE-ISPU.2.1.0
2025-06-01 21:45:34,159 [WARN] PackLoader:240 - Cannot read IP mode file for STMicroelectronics.X-CUBE-AZRTOS-L5.2.0.0
2025-06-01 21:45:34,183 [WARN] PackLoader:240 - Cannot read IP mode file for STMicroelectronics.X-CUBE-NFC6.3.1.0
2025-06-01 21:45:34,207 [WARN] PackLoader:240 - Cannot read IP mode file for STMicroelectronics.X-CUBE-DPower.1.2.0
2025-06-01 21:45:34,228 [WARN] PackLoader:240 - Cannot read IP mode file for STMicroelectronics.X-CUBE-FREERTOS.1.3.1
2025-06-01 21:45:34,248 [WARN] PackLoader:240 - Cannot read IP mode file for STMicroelectronics.X-CUBE-FREERTOS.1.3.0
2025-06-01 21:45:34,268 [WARN] PackLoader:240 - Cannot read IP mode file for STMicroelectronics.X-CUBE-NFC7.1.0.1
2025-06-01 21:45:34,282 [WARN] PackLoader:240 - Cannot read IP mode file for STMicroelectronics.X-CUBE-DPower.1.3.0
2025-06-01 21:45:34,330 [WARN] ConditionMgr:438 - getConditionDescription Invalid condition id : LAN8742 Phy interface Condition cause : null
2025-06-01 21:45:34,332 [WARN] PackLoader:240 - Cannot read IP mode file for STMicroelectronics.X-CUBE-AZRTOS-L4.2.0.0
2025-06-01 21:45:34,334 [WARN] ConditionMgr:1044 - genDependencies : Invalid condition id : LAN8742 Phy interface Condition cause : null
2025-06-01 21:45:34,335 [WARN] ConditionMgr:1044 - genDependencies : Invalid condition id : LAN8742 Phy interface Condition cause : null
2025-06-01 21:45:34,336 [WARN] ConditionMgr:1044 - genDependencies : Invalid condition id : LAN8742 Phy interface Condition cause : null
2025-06-01 21:45:34,348 [INFO] WebApp:187 - Connection restablished
2025-06-01 21:45:34,359 [WARN] PackLoader:240 - Cannot read IP mode file for STMicroelectronics.X-CUBE-SFXS2LP1.4.0.0
2025-06-01 21:45:34,401 [WARN] PackLoader:240 - Cannot read IP mode file for STMicroelectronics.X-CUBE-AZRTOS-H7.3.3.0
2025-06-01 21:45:34,428 [INFO] WebApp:221 - Starting web application
2025-06-01 21:45:34,429 [INFO] WebApp:579 - Web application path used C:\ST\STM32CubeIDE_1.17.0\STM32CubeIDE\plugins\com.st.stm32cube.common.mx_6.13.0.202411220809\db\plugins\mcufinder\reactClient1\index.html
2025-06-01 21:45:34,438 [WARN] ConditionMgr:438 - getConditionDescription Invalid condition id : UX DEVICE CLASS RTOS Condition cause : null
2025-06-01 21:45:34,439 [WARN] ConditionMgr:438 - getConditionDescription Invalid condition id : UX DEVICE CLASS RTOS Condition cause : null
2025-06-01 21:45:34,442 [WARN] PackLoader:240 - Cannot read IP mode file for STMicroelectronics.X-CUBE-AZRTOS-WB.2.0.0
2025-06-01 21:45:34,444 [WARN] ConditionMgr:1044 - genDependencies : Invalid condition id : UX DEVICE CLASS RTOS Condition cause : null
2025-06-01 21:45:34,444 [WARN] ConditionMgr:1044 - genDependencies : Invalid condition id : UX DEVICE CLASS RTOS Condition cause : null
2025-06-01 21:45:34,445 [WARN] ConditionMgr:1044 - genDependencies : Invalid condition id : UX DEVICE CLASS RTOS Condition cause : null
2025-06-01 21:45:34,445 [WARN] ConditionMgr:1044 - genDependencies : Invalid condition id : UX DEVICE CLASS RTOS Condition cause : null
2025-06-01 21:45:34,445 [WARN] ConditionMgr:1044 - genDependencies : Invalid condition id : UX DEVICE CLASS RTOS Condition cause : null
2025-06-01 21:45:34,469 [WARN] PackLoader:240 - Cannot read IP mode file for STMicroelectronics.X-CUBE-GNSS1.7.0.1
2025-06-01 21:45:34,501 [WARN] PackLoader:240 - Cannot read IP mode file for STMicroelectronics.X-CUBE-TOUCHGFX.4.25.0
2025-06-01 21:45:34,534 [WARN] PackLoader:240 - Cannot read IP mode file for STMicroelectronics.FP-SNS-STBOX1.2.0.0
2025-06-01 21:45:34,584 [WARN] PackLoader:240 - Cannot read IP mode file for STMicroelectronics.X-CUBE-SUBG2.5.0.0
2025-06-01 21:45:34,635 [WARN] PackLoader:240 - Cannot read IP mode file for STMicroelectronics.X-CUBE-AZRTOS-H7RS.1.1.0
2025-06-01 21:45:34,651 [INFO] UserAuth:486 - Internet connection configuration mode: 1
2025-06-01 21:45:34,664 [WARN] PackLoader:240 - Cannot read IP mode file for Cesanta.I-CUBE-Mongoose.7.13.0
2025-06-01 21:45:34,711 [WARN] PackLoader:240 - Cannot read IP mode file for STMicroelectronics.X-CUBE-AZRTOS-G4.2.0.0
2025-06-01 21:45:34,741 [WARN] PackLoader:240 - Cannot read IP mode file for STMicroelectronics.X-CUBE-NFC7.2.0.0
2025-06-01 21:45:34,780 [WARN] PackLoader:240 - Cannot read IP mode file for STMicroelectronics.X-CUBE-IPS.3.1.0
2025-06-01 21:45:34,815 [WARN] PackLoader:240 - Cannot read IP mode file for STMicroelectronics.X-CUBE-ALS.1.0.2
2025-06-01 21:45:34,849 [WARN] PackLoader:240 - Cannot read IP mode file for STMicroelectronics.X-CUBE-TOUCHGFX.4.24.2
2025-06-01 21:45:34,879 [WARN] PackLoader:240 - Cannot read IP mode file for wolfSSL.I-CUBE-wolfTPM.3.4.0
2025-06-01 21:45:34,905 [WARN] PackLoader:240 - Cannot read IP mode file for portGmbH.I-Cube-SoM-uGOAL.1.1.0
2025-06-01 21:45:34,954 [WARN] PackLoader:240 - Cannot read IP mode file for STMicroelectronics.X-CUBE-AZRTOS-H7RS.1.0.0
2025-06-01 21:45:34,998 [WARN] PackLoader:240 - Cannot read IP mode file for STMicroelectronics.X-CUBE-TOF1.3.4.2
2025-06-01 21:45:35,039 [WARN] PackLoader:240 - Cannot read IP mode file for STMicroelectronics.X-CUBE-TOF1.3.4.3
2025-06-01 21:45:35,069 [WARN] PackLoader:240 - Cannot read IP mode file for wolfSSL.I-CUBE-wolfSSH.1.4.17
2025-06-01 21:45:35,073 [INFO] ThirdParty:978 - Integrity check success = true
2025-06-01 21:45:35,073 [INFO] IntegrityCheckThread:100 - exiting critical section [integrity check]
2025-06-01 21:45:35,073 [INFO] IntegrityCheckThread:103 - End integrity checks thread
2025-06-01 22:52:03,083 [ERROR] LogOutputStream:75 - [STDERR_REDIRECT] 
