2025-05-15 06:11:35,248 [INFO] Activator:176 - 


2025-05-15 06:11:35,259 [INFO] Activator:177 - !SESSION log4j initialized
2025-05-15 06:11:40,281 [INFO] LogOutputStream:77 - [STDOUT_REDIRECT] 
2025-05-15 06:11:44,354 [INFO] ApplicationProperties:184 - Using Application install path: C:\ST\STM32CubeIDE_1.17.0\STM32CubeIDE\plugins\com.st.stm32cube.common.mx_6.13.0.202411220809
2025-05-15 06:11:44,369 [INFO] DbMcusXml:78 - Set database path to: C:\ST\STM32CubeIDE_1.17.0\STM32CubeIDE\plugins\com.st.stm32cube.common.mx_6.13.0.202411220809\\db\/mcu/
2025-05-15 06:11:44,369 [INFO] ApiDb:274 - Set plugin database path to: C:\ST\STM32CubeIDE_1.17.0\STM32CubeIDE\plugins\com.st.stm32cube.common.mx_6.13.0.202411220809\\db\/plugins/boardmanager/
2025-05-15 06:11:44,369 [WARN] ApiDb:259 - Overriding images path with different value:  => C:\ST\STM32CubeIDE_1.17.0\STM32CubeIDE\plugins\com.st.stm32cube.common.mx_6.13.0.202411220809\\db\/plugins/mcufinder/images/
2025-05-15 06:11:44,382 [INFO] ApiDb:250 - Set database path to: C:\Users\APC\.stmcufinder\plugins\mcufinder//mcu/
2025-05-15 06:11:44,383 [INFO] DbMcusAds:125 - Set database path to: C:\Users\APC\.stmcufinder\plugins\mcufinder//mcu/
2025-05-15 06:11:44,385 [INFO] CrossReferenceDbSqlite:203 - Set database path to: C:\Users\APC\.stmcufinder\plugins\mcufinder//mcu/cs/
2025-05-15 06:11:44,472 [INFO] RulesReader:64 - Compatibility file has been processed (297 Rules)
2025-05-15 06:11:44,529 [INFO] DbMcusXml:78 - Set database path to: C:\ST\STM32CubeIDE_1.17.0\STM32CubeIDE\plugins\com.st.stm32cube.common.mx_6.13.0.202411220809\\db\/mcu/
2025-05-15 06:11:44,529 [INFO] ApiDb:274 - Set plugin database path to: C:\ST\STM32CubeIDE_1.17.0\STM32CubeIDE\plugins\com.st.stm32cube.common.mx_6.13.0.202411220809\\db\/plugins/boardmanager/
2025-05-15 06:11:44,529 [INFO] ApiDb:261 - Set plugin images path to: C:\ST\STM32CubeIDE_1.17.0\STM32CubeIDE\plugins\com.st.stm32cube.common.mx_6.13.0.202411220809\\db\/plugins/mcufinder/images/
2025-05-15 06:11:44,529 [WARN] DbFile:41 - Overriding database path with different value: C:\Users\APC\.stmcufinder\plugins\mcufinder/ => C:\Users\APC\.stmcufinder\plugins\mcufinder
2025-05-15 06:11:44,529 [INFO] ApiDb:250 - Set database path to: C:\Users\APC\.stmcufinder\plugins\mcufinder//mcu/
2025-05-15 06:11:44,529 [WARN] DbFile:41 - Overriding database path with different value: C:\Users\APC\.stmcufinder\plugins\mcufinder/ => C:\Users\APC\.stmcufinder\plugins\mcufinder
2025-05-15 06:11:44,529 [INFO] DbMcusAds:125 - Set database path to: C:\Users\APC\.stmcufinder\plugins\mcufinder//mcu/
2025-05-15 06:11:44,529 [WARN] DbFile:41 - Overriding database path with different value: C:\Users\APC\.stmcufinder\plugins\mcufinder/ => C:\Users\APC\.stmcufinder\plugins\mcufinder
2025-05-15 06:11:44,529 [WARN] DbFile:41 - Overriding database path with different value: C:\Users\APC\.stmcufinder\plugins\mcufinder/ => C:\Users\APC\.stmcufinder\plugins\mcufinder
2025-05-15 06:11:44,529 [INFO] CrossReferenceDbSqlite:203 - Set database path to: C:\Users\APC\.stmcufinder\plugins\mcufinder//mcu/cs/
2025-05-15 06:11:44,586 [INFO] MainPanel:272 - HeapMemory: 268435456
2025-05-15 06:11:44,671 [INFO] DbMcusXml:78 - Set database path to: C:\ST\STM32CubeIDE_1.17.0\STM32CubeIDE\plugins\com.st.stm32cube.common.mx_6.13.0.202411220809\\db\/mcu/
2025-05-15 06:11:44,671 [INFO] ApiDb:274 - Set plugin database path to: C:\ST\STM32CubeIDE_1.17.0\STM32CubeIDE\plugins\com.st.stm32cube.common.mx_6.13.0.202411220809\\db\/plugins/boardmanager/
2025-05-15 06:11:44,671 [INFO] ApiDb:261 - Set plugin images path to: C:\ST\STM32CubeIDE_1.17.0\STM32CubeIDE\plugins\com.st.stm32cube.common.mx_6.13.0.202411220809\\db\/plugins/mcufinder/images/
2025-05-15 06:11:44,671 [WARN] DbFile:41 - Overriding database path with different value: C:\Users\APC\.stmcufinder\plugins\mcufinder/ => C:\Users\APC\.stmcufinder\plugins\mcufinder
2025-05-15 06:11:44,671 [INFO] ApiDb:250 - Set database path to: C:\Users\APC\.stmcufinder\plugins\mcufinder//mcu/
2025-05-15 06:11:44,671 [WARN] DbFile:41 - Overriding database path with different value: C:\Users\APC\.stmcufinder\plugins\mcufinder/ => C:\Users\APC\.stmcufinder\plugins\mcufinder
2025-05-15 06:11:44,671 [INFO] DbMcusAds:125 - Set database path to: C:\Users\APC\.stmcufinder\plugins\mcufinder//mcu/
2025-05-15 06:11:44,671 [WARN] DbFile:41 - Overriding database path with different value: C:\Users\APC\.stmcufinder\plugins\mcufinder/ => C:\Users\APC\.stmcufinder\plugins\mcufinder
2025-05-15 06:11:44,671 [WARN] DbFile:41 - Overriding database path with different value: C:\Users\APC\.stmcufinder\plugins\mcufinder/ => C:\Users\APC\.stmcufinder\plugins\mcufinder
2025-05-15 06:11:44,672 [INFO] CrossReferenceDbSqlite:203 - Set database path to: C:\Users\APC\.stmcufinder\plugins\mcufinder//mcu/cs/
2025-05-15 06:11:44,687 [INFO] ApplicationProperties:184 - Using Application install path: C:\ST\STM32CubeIDE_1.17.0\STM32CubeIDE\plugins\com.st.stm32cube.common.mx_6.13.0.202411220809
2025-05-15 06:11:44,688 [INFO] PluginManage:196 - Search for loadable plugins [exclusion list=, ]
2025-05-15 06:11:44,689 [INFO] PluginManage:310 - Check plugin analytics
2025-05-15 06:11:44,801 [INFO] AnalyticsPlugin:253 - Accepted Software Licenses: STM32CubeMX.6.13.0
2025-05-15 06:11:44,801 [INFO] AnalyticsPlugin:255 - Accepted CMSIS Pack Licenses: 
2025-05-15 06:11:44,801 [INFO] AnalyticsPlugin:257 - Accepted Firmware Licenses: FW.F4.1.28.0
2025-05-15 06:11:44,803 [INFO] PluginManage:359 - Loaded plugin analytics (category:tool,tabindex:-1)
2025-05-15 06:11:44,803 [INFO] PluginManage:310 - Check plugin cadmodel
2025-05-15 06:11:44,819 [INFO] CADModel:105 - Init CAD model plugin
2025-05-15 06:11:44,819 [INFO] PluginManage:359 - Loaded plugin cadmodel (category:power,tabindex:5)
2025-05-15 06:11:44,819 [INFO] PluginManage:310 - Check plugin clock
2025-05-15 06:11:44,836 [INFO] PluginManage:359 - Loaded plugin clock (category:base,tabindex:2)
2025-05-15 06:11:44,836 [INFO] PluginManage:310 - Check plugin ddr
2025-05-15 06:11:44,838 [INFO] PluginManage:359 - Loaded plugin ddr (category:tool,tabindex:6)
2025-05-15 06:11:44,838 [INFO] PluginManage:310 - Check plugin filemanager
2025-05-15 06:11:44,959 [INFO] PluginManage:359 - Loaded plugin filemanager (category:base,tabindex:10)
2025-05-15 06:11:44,959 [INFO] PluginManage:310 - Check plugin ipmanager
2025-05-15 06:11:44,964 [INFO] PluginManage:359 - Loaded plugin ipmanager (category:base,tabindex:5)
2025-05-15 06:11:44,964 [INFO] PluginManage:310 - Check plugin lpbam
2025-05-15 06:11:44,980 [INFO] PluginManage:359 - Loaded plugin lpbam (category:base,tabindex:0)
2025-05-15 06:11:44,980 [INFO] PluginManage:310 - Check plugin memorymap
2025-05-15 06:11:45,001 [INFO] PluginManage:359 - Loaded plugin memorymap (category:base,tabindex:4)
2025-05-15 06:11:45,001 [INFO] PluginManage:310 - Check plugin pinoutandconfiguration
2025-05-15 06:11:45,017 [INFO] PluginManage:359 - Loaded plugin pinoutandconfiguration (category:base,tabindex:1)
2025-05-15 06:11:45,017 [INFO] PluginManage:310 - Check plugin pinoutconfig
2025-05-15 06:11:45,099 [WARN] SupportedApi:132 - Cannot load RTOS API schema: s4s-elt-must-match.1: The content of 'definitions' must match (annotation?, (simpleType | complexType)?, (unique | key | keyref)*)). A problem was found starting at: attribute.
2025-05-15 06:11:45,204 [INFO] PluginManage:359 - Loaded plugin pinoutconfig (category:base,tabindex:0)
2025-05-15 06:11:45,204 [INFO] PluginManage:310 - Check plugin power
2025-05-15 06:11:45,221 [INFO] PluginManage:359 - Loaded plugin power (category:power,tabindex:4)
2025-05-15 06:11:45,221 [INFO] PluginManage:310 - Check plugin projectmanager
2025-05-15 06:11:45,233 [INFO] PluginManage:359 - Loaded plugin projectmanager (category:projectmanager,tabindex:4)
2025-05-15 06:11:45,233 [INFO] PluginManage:310 - Check plugin rif
2025-05-15 06:11:45,250 [INFO] PluginManage:359 - Loaded plugin rif (category:base,tabindex:3)
2025-05-15 06:11:45,250 [INFO] PluginManage:310 - Check plugin thirdparty
2025-05-15 06:11:45,518 [WARN] IntegrityCheckThread:84 - waiting for thirdparty lock release [integrity check]
2025-05-15 06:11:45,518 [INFO] PluginManage:359 - Loaded plugin thirdparty (category:base,tabindex:-1)
2025-05-15 06:11:45,518 [INFO] IntegrityCheckThread:86 - entering critical section [integrity check]
2025-05-15 06:11:45,518 [INFO] PluginManage:310 - Check plugin tools
2025-05-15 06:11:45,518 [INFO] ThirdPartyUpdaterWithRetryManager:70 - Updater plugin not ready yet. [1/15]
2025-05-15 06:11:45,554 [INFO] PluginManage:359 - Loaded plugin tools (category:base,tabindex:7)
2025-05-15 06:11:45,555 [INFO] PluginManage:310 - Check plugin tutovideos
2025-05-15 06:11:45,710 [INFO] PluginManage:359 - Loaded plugin tutovideos (category:base,tabindex:-1)
2025-05-15 06:11:45,710 [INFO] PluginManage:310 - Check plugin updater
2025-05-15 06:11:45,727 [INFO] PluginManage:359 - Loaded plugin updater (category:base,tabindex:12)
2025-05-15 06:11:45,727 [INFO] PluginManage:310 - Check plugin userauth
2025-05-15 06:11:45,730 [INFO] UserAuth:118 - Init User Auth plugin
2025-05-15 06:11:45,730 [INFO] PluginManage:359 - Loaded plugin userauth (category:base,tabindex:14)
2025-05-15 06:11:45,731 [INFO] PluginManage:283 - PluginManage : Loaded plugins [18]
2025-05-15 06:11:45,885 [INFO] PinOutPanel:1589 - setPackage(No Configuration,No Configuration)
2025-05-15 06:11:45,950 [INFO] CADModel:165 - CPN selected for project level
2025-05-15 06:11:45,950 [INFO] CADModel:114 - Register for checkConnection events
2025-05-15 06:11:45,978 [INFO] IPUIPlugin:80 - create IPUIPlugin
2025-05-15 06:11:45,978 [INFO] PluginManager:220 - loadIPPluginJar : add adc
2025-05-15 06:11:46,015 [INFO] IPUIPlugin:80 - create IPUIPlugin
2025-05-15 06:11:46,016 [INFO] PluginManager:220 - loadIPPluginJar : add aes
2025-05-15 06:11:46,053 [INFO] IPUIPlugin:80 - create IPUIPlugin
2025-05-15 06:11:46,053 [INFO] PluginManager:220 - loadIPPluginJar : add can
2025-05-15 06:11:46,076 [INFO] IPUIPlugin:80 - create IPUIPlugin
2025-05-15 06:11:46,076 [INFO] PluginManager:220 - loadIPPluginJar : add comp
2025-05-15 06:11:46,105 [INFO] IPUIPlugin:80 - create IPUIPlugin
2025-05-15 06:11:46,106 [INFO] PluginManager:220 - loadIPPluginJar : add cryp
2025-05-15 06:11:46,117 [INFO] IPUIPlugin:80 - create IPUIPlugin
2025-05-15 06:11:46,117 [INFO] PluginManager:220 - loadIPPluginJar : add ddr_ctrl_phy
2025-05-15 06:11:46,144 [INFO] IPUIPlugin:80 - create IPUIPlugin
2025-05-15 06:11:46,144 [INFO] PluginManager:220 - loadIPPluginJar : add dfsdm
2025-05-15 06:11:46,157 [INFO] IPUIPlugin:80 - create IPUIPlugin
2025-05-15 06:11:46,157 [INFO] PluginManager:220 - loadIPPluginJar : add dma
2025-05-15 06:11:46,193 [INFO] IPUIPlugin:80 - create IPUIPlugin
2025-05-15 06:11:46,193 [INFO] PluginManager:220 - loadIPPluginJar : add dma3
2025-05-15 06:11:46,229 [INFO] IPUIPlugin:80 - create IPUIPlugin
2025-05-15 06:11:46,229 [INFO] PluginManager:220 - loadIPPluginJar : add extmemmanager
2025-05-15 06:11:46,248 [INFO] IPUIPlugin:80 - create IPUIPlugin
2025-05-15 06:11:46,248 [INFO] PluginManager:220 - loadIPPluginJar : add fatfs
2025-05-15 06:11:46,287 [INFO] IPUIPlugin:80 - create IPUIPlugin
2025-05-15 06:11:46,288 [INFO] PluginManager:220 - loadIPPluginJar : add fmc
2025-05-15 06:11:46,301 [INFO] IPUIPlugin:80 - create IPUIPlugin
2025-05-15 06:11:46,302 [INFO] PluginManager:220 - loadIPPluginJar : add freertos
2025-05-15 06:11:46,324 [INFO] IPUIPlugin:80 - create IPUIPlugin
2025-05-15 06:11:46,324 [INFO] PluginManager:220 - loadIPPluginJar : add genericplugin
2025-05-15 06:11:46,396 [INFO] IPUIPlugin:80 - create IPUIPlugin
2025-05-15 06:11:46,396 [INFO] PluginManager:220 - loadIPPluginJar : add gfxmmu
2025-05-15 06:11:46,502 [INFO] IPUIPlugin:80 - create IPUIPlugin
2025-05-15 06:11:46,502 [INFO] PluginManager:220 - loadIPPluginJar : add gic
2025-05-15 06:11:46,517 [INFO] IPUIPlugin:80 - create IPUIPlugin
2025-05-15 06:11:46,517 [INFO] PluginManager:220 - loadIPPluginJar : add gpio
2025-05-15 06:11:46,597 [INFO] IPUIPlugin:80 - create IPUIPlugin
2025-05-15 06:11:46,597 [INFO] PluginManager:220 - loadIPPluginJar : add gtzc
2025-05-15 06:11:46,624 [INFO] IPUIPlugin:80 - create IPUIPlugin
2025-05-15 06:11:46,624 [INFO] PluginManager:220 - loadIPPluginJar : add hash
2025-05-15 06:11:46,665 [INFO] IPUIPlugin:80 - create IPUIPlugin
2025-05-15 06:11:46,665 [INFO] PluginManager:220 - loadIPPluginJar : add i2c
2025-05-15 06:11:46,696 [INFO] IPUIPlugin:80 - create IPUIPlugin
2025-05-15 06:11:46,696 [INFO] PluginManager:220 - loadIPPluginJar : add i2s
2025-05-15 06:11:46,730 [INFO] IPUIPlugin:80 - create IPUIPlugin
2025-05-15 06:11:46,730 [INFO] PluginManager:220 - loadIPPluginJar : add i3c
2025-05-15 06:11:46,807 [INFO] IPUIPlugin:80 - create IPUIPlugin
2025-05-15 06:11:46,807 [INFO] PluginManager:220 - loadIPPluginJar : add ipddr
2025-05-15 06:11:46,877 [INFO] IPUIPlugin:80 - create IPUIPlugin
2025-05-15 06:11:46,879 [INFO] PluginManager:220 - loadIPPluginJar : add linkedlist
2025-05-15 06:11:46,911 [INFO] IPUIPlugin:80 - create IPUIPlugin
2025-05-15 06:11:46,911 [INFO] PluginManager:220 - loadIPPluginJar : add lorawan
2025-05-15 06:11:46,943 [INFO] IPUIPlugin:80 - create IPUIPlugin
2025-05-15 06:11:46,943 [INFO] PluginManager:220 - loadIPPluginJar : add ltdc
2025-05-15 06:11:46,956 [INFO] IPUIPlugin:80 - create IPUIPlugin
2025-05-15 06:11:46,956 [INFO] PluginManager:220 - loadIPPluginJar : add mdma
2025-05-15 06:11:46,968 [INFO] IPUIPlugin:80 - create IPUIPlugin
2025-05-15 06:11:46,969 [INFO] PluginManager:220 - loadIPPluginJar : add nvic
2025-05-15 06:11:47,001 [INFO] IPUIPlugin:80 - create IPUIPlugin
2025-05-15 06:11:47,001 [INFO] PluginManager:220 - loadIPPluginJar : add opamp
2025-05-15 06:11:47,052 [INFO] IPUIPlugin:80 - create IPUIPlugin
2025-05-15 06:11:47,052 [INFO] PluginManager:220 - loadIPPluginJar : add openamp
2025-05-15 06:11:47,087 [INFO] IPUIPlugin:80 - create IPUIPlugin
2025-05-15 06:11:47,087 [INFO] PluginManager:220 - loadIPPluginJar : add pdm2pcm
2025-05-15 06:11:47,100 [INFO] IPUIPlugin:80 - create IPUIPlugin
2025-05-15 06:11:47,102 [INFO] PluginManager:220 - loadIPPluginJar : add plateformsettings
2025-05-15 06:11:47,123 [INFO] IPUIPlugin:80 - create IPUIPlugin
2025-05-15 06:11:47,123 [INFO] PluginManager:220 - loadIPPluginJar : add quadspi
2025-05-15 06:11:47,146 [INFO] IPUIPlugin:80 - create IPUIPlugin
2025-05-15 06:11:47,147 [INFO] PluginManager:220 - loadIPPluginJar : add radio
2025-05-15 06:11:47,159 [INFO] IPUIPlugin:80 - create IPUIPlugin
2025-05-15 06:11:47,159 [INFO] PluginManager:220 - loadIPPluginJar : add resmgrutility
2025-05-15 06:11:47,197 [INFO] IPUIPlugin:80 - create IPUIPlugin
2025-05-15 06:11:47,197 [INFO] PluginManager:220 - loadIPPluginJar : add sai
2025-05-15 06:11:47,227 [INFO] IPUIPlugin:80 - create IPUIPlugin
2025-05-15 06:11:47,227 [INFO] PluginManager:220 - loadIPPluginJar : add spi
2025-05-15 06:11:47,281 [INFO] IPUIPlugin:80 - create IPUIPlugin
2025-05-15 06:11:47,281 [INFO] PluginManager:220 - loadIPPluginJar : add stm32_wpan
2025-05-15 06:11:47,303 [INFO] IPUIPlugin:80 - create IPUIPlugin
2025-05-15 06:11:47,303 [INFO] PluginManager:220 - loadIPPluginJar : add tim
2025-05-15 06:11:47,350 [INFO] IPUIPlugin:80 - create IPUIPlugin
2025-05-15 06:11:47,351 [INFO] PluginManager:220 - loadIPPluginJar : add touchsensing
2025-05-15 06:11:47,371 [INFO] IPUIPlugin:80 - create IPUIPlugin
2025-05-15 06:11:47,371 [INFO] PluginManager:220 - loadIPPluginJar : add tracer_emb
2025-05-15 06:11:47,395 [INFO] IPUIPlugin:80 - create IPUIPlugin
2025-05-15 06:11:47,395 [INFO] PluginManager:220 - loadIPPluginJar : add ts
2025-05-15 06:11:47,415 [INFO] IPUIPlugin:80 - create IPUIPlugin
2025-05-15 06:11:47,415 [INFO] PluginManager:220 - loadIPPluginJar : add tsc
2025-05-15 06:11:47,435 [INFO] IPUIPlugin:80 - create IPUIPlugin
2025-05-15 06:11:47,436 [INFO] PluginManager:220 - loadIPPluginJar : add ucpd
2025-05-15 06:11:47,470 [INFO] IPUIPlugin:80 - create IPUIPlugin
2025-05-15 06:11:47,470 [INFO] PluginManager:220 - loadIPPluginJar : add usart
2025-05-15 06:11:47,505 [INFO] IPUIPlugin:80 - create IPUIPlugin
2025-05-15 06:11:47,505 [INFO] PluginManager:220 - loadIPPluginJar : add usbx
2025-05-15 06:11:47,615 [FATAL] Updater:351 - Updater called before beeing initialized
2025-05-15 06:11:47,637 [INFO] RulesReader:64 - Compatibility file has been processed (297 Rules)
2025-05-15 06:11:47,643 [INFO] RulesReader:64 - Compatibility file has been processed (297 Rules)
2025-05-15 06:11:47,649 [INFO] CADModel:165 - CPN selected for project level
2025-05-15 06:11:47,649 [INFO] CADModel:114 - Register for checkConnection events
2025-05-15 06:11:47,649 [FATAL] Updater:351 - Updater called before beeing initialized
2025-05-15 06:11:47,649 [ERROR] CADModel:125 - Updater not yet initialized, retry later 
2025-05-15 06:11:47,754 [FATAL] Updater:351 - Updater called before beeing initialized
2025-05-15 06:11:47,755 [INFO] CADModel:165 - CPN selected for project level
2025-05-15 06:11:47,755 [INFO] CADModel:114 - Register for checkConnection events
2025-05-15 06:11:47,755 [FATAL] Updater:351 - Updater called before beeing initialized
2025-05-15 06:11:47,755 [ERROR] CADModel:125 - Updater not yet initialized, retry later 
2025-05-15 06:11:47,757 [FATAL] Updater:351 - Updater called before beeing initialized
2025-05-15 06:11:47,828 [FATAL] Updater:351 - Updater called before beeing initialized
2025-05-15 06:11:47,838 [INFO] DbMcusAds:53 - JSON generation date=Tue Dec 17 23:01:25 ICT 2024 (1734451285682)
2025-05-15 06:11:47,838 [FATAL] Updater:351 - Updater called before beeing initialized
2025-05-15 06:11:47,867 [WARN] DetailPanel:346 - Failed to get advertising image, set to default
2025-05-15 06:11:48,039 [FATAL] Updater:351 - Updater called before beeing initialized
2025-05-15 06:11:48,041 [FATAL] Updater:351 - Updater called before beeing initialized
2025-05-15 06:11:48,041 [FATAL] Updater:351 - Updater called before beeing initialized
2025-05-15 06:11:48,041 [WARN] DetailPanel:346 - Failed to get advertising image, set to default
2025-05-15 06:11:48,042 [FATAL] Updater:351 - Updater called before beeing initialized
2025-05-15 06:11:48,117 [ERROR] Updater:1198 - MainUpdater not yet initialized. External WinMGr cannot be set.
2025-05-15 06:11:48,129 [INFO] Updater:1134 - Updater Version found : 6.13.0
2025-05-15 06:11:48,142 [INFO] ApplicationProperties:184 - Using Application install path: C:\ST\STM32CubeIDE_1.17.0\STM32CubeIDE\plugins\com.st.stm32cube.common.mx_6.13.0.202411220809
2025-05-15 06:11:48,497 [INFO] MainUpdater:2872 - connection check result : 10
2025-05-15 06:11:48,498 [INFO] MainUpdater:289 - Updater Check For Update Now.
2025-05-15 06:11:48,498 [INFO] MicroXplorer:498 - Change Database Version : DB.6.0.130
2025-05-15 06:11:48,510 [INFO] McuFinderGlobals:63 - Set McuFinder mode to 2 (CubeIDE integrated)
2025-05-15 06:11:48,517 [INFO] UserAuth:486 - Internet connection configuration mode: 1
2025-05-15 06:11:48,520 [WARN] MainUpdater:1193 - Updater busy. Cannot search thirdparties
2025-05-15 06:11:48,520 [INFO] ThirdPartyUpdaterWithRetryManager:96 - Updater plugin is busy. [1/15]
2025-05-15 06:11:48,543 [INFO] JxBrowserEngine:152 - Initiate JxBrowser Engine with user profile folder
2025-05-15 06:11:48,674 [INFO] CheckServerUpdateThread:120 - End of CheckServer Thread
2025-05-15 06:11:49,749 [INFO] WebApp:168 - Instantiating new browser for Auth
2025-05-15 06:11:51,314 [INFO] WebApp:449 - Apply proxy settings
2025-05-15 06:11:51,315 [INFO] WebApp:534 - Chromium requires no authentication
2025-05-15 06:11:51,325 [INFO] WebApp:477 - Direct internet connection detected
2025-05-15 06:11:51,351 [INFO] WebApp:880 - Register for checkConnection events
2025-05-15 06:11:51,351 [INFO] WebApp:449 - Apply proxy settings
2025-05-15 06:11:51,351 [INFO] WebApp:534 - Chromium requires no authentication
2025-05-15 06:11:51,352 [INFO] WebApp:477 - Direct internet connection detected
2025-05-15 06:11:51,512 [INFO] WebApp:221 - Starting web application
2025-05-15 06:11:51,512 [INFO] WebApp:579 - Web application path used C:\ST\STM32CubeIDE_1.17.0\STM32CubeIDE\plugins\com.st.stm32cube.common.mx_6.13.0.202411220809\db\plugins\mcufinder\reactClient1\index.html
2025-05-15 06:11:51,837 [INFO] WebApp:187 - Connection restablished
2025-05-15 06:11:51,967 [INFO] UserAuth:486 - Internet connection configuration mode: 1
2025-05-15 06:11:51,989 [WARN] PackLoader:240 - Cannot read IP mode file for STMicroelectronics.FP-SNS-MOTENVWB1.1.4.0
2025-05-15 06:11:52,005 [WARN] PackLoader:240 - Cannot read IP mode file for STMicroelectronics.FP-ATR-ASTRA1.2.0.2
2025-05-15 06:11:52,020 [WARN] PackLoader:240 - Cannot read IP mode file for STMicroelectronics.FP-ATR-ASTRA1.2.0.1
2025-05-15 06:11:52,036 [WARN] PackLoader:240 - Cannot read IP mode file for STMicroelectronics.X-CUBE-SMBUS.2.1.0
2025-05-15 06:11:52,065 [WARN] PackLoader:240 - Cannot read IP mode file for STMicroelectronics.X-CUBE-WB05N.1.1.0
2025-05-15 06:11:52,121 [WARN] PackLoader:240 - Cannot read IP mode file for STMicroelectronics.X-CUBE-AZRTOS-F7.1.1.0
2025-05-15 06:11:52,136 [WARN] PackLoader:240 - Cannot read IP mode file for STMicroelectronics.FP-SNS-FLIGHT1.5.0.2
2025-05-15 06:11:52,167 [WARN] PackLoader:240 - Cannot read IP mode file for Infineon.AIROC-Wi-Fi-Bluetooth-STM32.1.7.0
2025-05-15 06:11:52,186 [WARN] PackLoader:240 - Cannot read IP mode file for STMicroelectronics.X-CUBE-DISPLAY.3.0.0
2025-05-15 06:11:52,206 [WARN] PackLoader:240 - Cannot read IP mode file for STMicroelectronics.X-CUBE-BLE1.7.0.0
2025-05-15 06:11:52,225 [WARN] PackLoader:240 - Cannot read IP mode file for STMicroelectronics.X-CUBE-NFC10.1.0.0
2025-05-15 06:11:52,249 [WARN] PackLoader:240 - Cannot read IP mode file for STMicroelectronics.X-CUBE-BLEMGR.4.0.0
2025-05-15 06:11:52,266 [WARN] PackLoader:240 - Cannot read IP mode file for emotas.I-CUBE-CANOPEN.1.3.0
2025-05-15 06:11:52,284 [WARN] PackLoader:240 - Cannot read IP mode file for STMicroelectronics.X-CUBE-AI.10.0.0
2025-05-15 06:11:52,300 [WARN] PackLoader:240 - Cannot read IP mode file for STMicroelectronics.FP-SNS-SMARTAG2.1.2.0
2025-05-15 06:11:52,323 [WARN] PackLoader:240 - Cannot read IP mode file for STMicroelectronics.FP-SNS-FLIGHT1.5.1.0
2025-05-15 06:11:52,425 [WARN] PackLoader:240 - Cannot read IP mode file for STMicroelectronics.X-CUBE-MEMS1.11.1.0
2025-05-15 06:11:52,546 [INFO] LogOutputStream:77 - [STDOUT_REDIRECT] 1 : Invalid condition id : UX_CORESTACK_Condition cause : null
2025-05-15 06:11:52,546 [INFO] LogOutputStream:77 - [STDOUT_REDIRECT] 1 : Invalid condition id : UX_CORESTACK_Condition cause : null
2025-05-15 06:11:52,547 [INFO] LogOutputStream:77 - [STDOUT_REDIRECT] 1 : Invalid condition id : UX_CORESTACK_Condition cause : null
2025-05-15 06:11:52,547 [INFO] LogOutputStream:77 - [STDOUT_REDIRECT] 1 : Invalid condition id : UX_CORESTACK_Condition cause : null
2025-05-15 06:11:52,547 [INFO] LogOutputStream:77 - [STDOUT_REDIRECT] 1 : Invalid condition id : UX_CORESTACK_Condition cause : null
2025-05-15 06:11:52,550 [WARN] PackLoader:240 - Cannot read IP mode file for STMicroelectronics.X-CUBE-AZRTOS-WL.2.0.0
2025-05-15 06:11:52,563 [WARN] PackLoader:240 - Cannot read IP mode file for STMicroelectronics.FP-SNS-MOTENV1.5.0.0
2025-05-15 06:11:52,578 [WARN] PackLoader:240 - Cannot read IP mode file for wolfSSL.I-CUBE-wolfMQTT.1.19.0
2025-05-15 06:11:52,594 [WARN] PackLoader:240 - Cannot read IP mode file for WES.I-CUBE-Cesium.1.3.0
2025-05-15 06:11:52,607 [WARN] PackLoader:240 - Cannot read IP mode file for STMicroelectronics.X-CUBE-BLE2.3.3.0
2025-05-15 06:11:52,620 [WARN] PackLoader:240 - Cannot read IP mode file for STMicroelectronics.X-CUBE-NFC9.1.0.0
2025-05-15 06:11:52,636 [WARN] PackLoader:240 - Cannot read IP mode file for STMicroelectronics.X-CUBE-BLE1.7.1.0
2025-05-15 06:11:52,679 [WARN] PackLoader:240 - Cannot read IP mode file for STMicroelectronics.X-CUBE-MEMS1.11.2.0
2025-05-15 06:11:52,993 [WARN] PackLoader:240 - Cannot read IP mode file for STMicroelectronics.X-CUBE-AZRTOS-G0.1.1.0
2025-05-15 06:11:53,016 [WARN] PackLoader:240 - Cannot read IP mode file for STMicroelectronics.X-CUBE-SAFEA1.1.2.2
2025-05-15 06:11:53,033 [WARN] PackLoader:240 - Cannot read IP mode file for STMicroelectronics.X-CUBE-NFC4.3.0.0
2025-05-15 06:11:53,051 [WARN] PackLoader:240 - Cannot read IP mode file for EmbeddedOffice.I-CUBE-FS-RTOS.1.0.1
2025-05-15 06:11:53,070 [WARN] PackLoader:240 - Cannot read IP mode file for STMicroelectronics.X-CUBE-WB05N.2.0.0
2025-05-15 06:11:53,105 [WARN] PackLoader:240 - Cannot read IP mode file for STMicroelectronics.X-CUBE-TCPP.4.2.0
2025-05-15 06:11:53,129 [WARN] PackLoader:240 - Cannot read IP mode file for RealThread.X-CUBE-RT-Thread_Nano.4.1.1
2025-05-15 06:11:53,154 [WARN] PackLoader:240 - Cannot read IP mode file for STMicroelectronics.FP-ATR-SIGFOX1.3.2.0
2025-05-15 06:11:53,172 [WARN] ConditionMgr:438 - getConditionDescription Invalid condition id : Cortex-A Device cause : null
2025-05-15 06:11:53,237 [WARN] ConditionMgr:1044 - genDependencies : Invalid condition id : Cortex-A Device cause : null
2025-05-15 06:11:53,237 [WARN] ConditionMgr:1044 - genDependencies : Invalid condition id : Cortex-A Device cause : null
2025-05-15 06:11:53,237 [WARN] ConditionMgr:1044 - genDependencies : Invalid condition id : Cortex-A Device cause : null
2025-05-15 06:11:53,255 [WARN] PackLoader:240 - Cannot read IP mode file for STMicroelectronics.X-CUBE-EEPRMA1.5.1.0
2025-05-15 06:11:53,274 [WARN] PackLoader:240 - Cannot read IP mode file for wolfSSL.I-CUBE-wolfSSL.5.7.4
2025-05-15 06:11:53,290 [WARN] PackLoader:240 - Cannot read IP mode file for ITTIA_DB.I-CUBE-ITTIADB.8.9.0
2025-05-15 06:11:53,317 [WARN] PackLoader:240 - Cannot read IP mode file for SEGGER.I-CUBE-embOS.1.3.1
2025-05-15 06:11:53,344 [WARN] PackLoader:240 - Cannot read IP mode file for STMicroelectronics.X-CUBE-ALGOBUILD.1.4.0
2025-05-15 06:11:53,358 [WARN] PackLoader:240 - Cannot read IP mode file for STMicroelectronics.X-CUBE-AI.9.1.0
2025-05-15 06:11:53,378 [WARN] PackLoader:240 - Cannot read IP mode file for STMicroelectronics.X-CUBE-AZRTOS-F4.1.1.0
2025-05-15 06:11:53,392 [WARN] PackLoader:240 - Cannot read IP mode file for Avnet-IotConnect.X-CUBE-IoTC-DA16k-PMOD.1.0.0
2025-05-15 06:11:53,404 [WARN] PackLoader:240 - Cannot read IP mode file for STMicroelectronics.X-CUBE-ISPU.2.1.0
2025-05-15 06:11:53,425 [WARN] PackLoader:240 - Cannot read IP mode file for STMicroelectronics.X-CUBE-AZRTOS-L5.2.0.0
2025-05-15 06:11:53,440 [WARN] PackLoader:240 - Cannot read IP mode file for STMicroelectronics.X-CUBE-NFC6.3.1.0
2025-05-15 06:11:53,453 [WARN] PackLoader:240 - Cannot read IP mode file for STMicroelectronics.X-CUBE-DPower.1.2.0
2025-05-15 06:11:53,465 [WARN] PackLoader:240 - Cannot read IP mode file for STMicroelectronics.X-CUBE-FREERTOS.1.3.1
2025-05-15 06:11:53,475 [WARN] PackLoader:240 - Cannot read IP mode file for STMicroelectronics.X-CUBE-FREERTOS.1.3.0
2025-05-15 06:11:53,488 [WARN] PackLoader:240 - Cannot read IP mode file for STMicroelectronics.X-CUBE-NFC7.1.0.1
2025-05-15 06:11:53,500 [WARN] PackLoader:240 - Cannot read IP mode file for STMicroelectronics.X-CUBE-DPower.1.3.0
2025-05-15 06:11:53,522 [WARN] ConditionMgr:438 - getConditionDescription Invalid condition id : LAN8742 Phy interface Condition cause : null
2025-05-15 06:11:53,523 [WARN] PackLoader:240 - Cannot read IP mode file for STMicroelectronics.X-CUBE-AZRTOS-L4.2.0.0
2025-05-15 06:11:53,523 [WARN] ConditionMgr:1044 - genDependencies : Invalid condition id : LAN8742 Phy interface Condition cause : null
2025-05-15 06:11:53,524 [WARN] ConditionMgr:1044 - genDependencies : Invalid condition id : LAN8742 Phy interface Condition cause : null
2025-05-15 06:11:53,524 [WARN] ConditionMgr:1044 - genDependencies : Invalid condition id : LAN8742 Phy interface Condition cause : null
2025-05-15 06:11:53,537 [WARN] PackLoader:240 - Cannot read IP mode file for STMicroelectronics.X-CUBE-SFXS2LP1.4.0.0
2025-05-15 06:11:53,561 [WARN] PackLoader:240 - Cannot read IP mode file for STMicroelectronics.X-CUBE-AZRTOS-H7.3.3.0
2025-05-15 06:11:53,581 [WARN] ConditionMgr:438 - getConditionDescription Invalid condition id : UX DEVICE CLASS RTOS Condition cause : null
2025-05-15 06:11:53,581 [WARN] ConditionMgr:438 - getConditionDescription Invalid condition id : UX DEVICE CLASS RTOS Condition cause : null
2025-05-15 06:11:53,583 [WARN] PackLoader:240 - Cannot read IP mode file for STMicroelectronics.X-CUBE-AZRTOS-WB.2.0.0
2025-05-15 06:11:53,591 [WARN] ConditionMgr:1044 - genDependencies : Invalid condition id : UX DEVICE CLASS RTOS Condition cause : null
2025-05-15 06:11:53,592 [WARN] ConditionMgr:1044 - genDependencies : Invalid condition id : UX DEVICE CLASS RTOS Condition cause : null
2025-05-15 06:11:53,592 [WARN] ConditionMgr:1044 - genDependencies : Invalid condition id : UX DEVICE CLASS RTOS Condition cause : null
2025-05-15 06:11:53,592 [WARN] ConditionMgr:1044 - genDependencies : Invalid condition id : UX DEVICE CLASS RTOS Condition cause : null
2025-05-15 06:11:53,592 [WARN] ConditionMgr:1044 - genDependencies : Invalid condition id : UX DEVICE CLASS RTOS Condition cause : null
2025-05-15 06:11:53,605 [WARN] PackLoader:240 - Cannot read IP mode file for STMicroelectronics.X-CUBE-GNSS1.7.0.1
2025-05-15 06:11:53,621 [WARN] PackLoader:240 - Cannot read IP mode file for STMicroelectronics.X-CUBE-TOUCHGFX.4.25.0
2025-05-15 06:11:53,633 [WARN] PackLoader:240 - Cannot read IP mode file for STMicroelectronics.FP-SNS-STBOX1.2.0.0
2025-05-15 06:11:53,649 [WARN] PackLoader:240 - Cannot read IP mode file for STMicroelectronics.X-CUBE-SUBG2.5.0.0
2025-05-15 06:11:53,675 [WARN] PackLoader:240 - Cannot read IP mode file for STMicroelectronics.X-CUBE-AZRTOS-H7RS.1.1.0
2025-05-15 06:11:53,692 [WARN] PackLoader:240 - Cannot read IP mode file for Cesanta.I-CUBE-Mongoose.7.13.0
2025-05-15 06:11:53,714 [WARN] PackLoader:240 - Cannot read IP mode file for STMicroelectronics.X-CUBE-AZRTOS-G4.2.0.0
2025-05-15 06:11:53,730 [WARN] PackLoader:240 - Cannot read IP mode file for STMicroelectronics.X-CUBE-NFC7.2.0.0
2025-05-15 06:11:53,749 [WARN] PackLoader:240 - Cannot read IP mode file for STMicroelectronics.X-CUBE-IPS.3.1.0
2025-05-15 06:11:53,762 [WARN] PackLoader:240 - Cannot read IP mode file for STMicroelectronics.X-CUBE-ALS.1.0.2
2025-05-15 06:11:53,774 [WARN] PackLoader:240 - Cannot read IP mode file for STMicroelectronics.X-CUBE-TOUCHGFX.4.24.2
2025-05-15 06:11:53,784 [WARN] PackLoader:240 - Cannot read IP mode file for wolfSSL.I-CUBE-wolfTPM.3.4.0
2025-05-15 06:11:53,797 [WARN] PackLoader:240 - Cannot read IP mode file for portGmbH.I-Cube-SoM-uGOAL.1.1.0
2025-05-15 06:11:53,822 [WARN] PackLoader:240 - Cannot read IP mode file for STMicroelectronics.X-CUBE-AZRTOS-H7RS.1.0.0
2025-05-15 06:11:53,845 [WARN] PackLoader:240 - Cannot read IP mode file for STMicroelectronics.X-CUBE-TOF1.3.4.2
2025-05-15 06:11:53,866 [WARN] PackLoader:240 - Cannot read IP mode file for STMicroelectronics.X-CUBE-TOF1.3.4.3
2025-05-15 06:11:53,884 [WARN] PackLoader:240 - Cannot read IP mode file for wolfSSL.I-CUBE-wolfSSH.1.4.17
2025-05-15 06:11:53,885 [INFO] ThirdParty:978 - Integrity check success = true
2025-05-15 06:11:53,885 [INFO] IntegrityCheckThread:100 - exiting critical section [integrity check]
2025-05-15 06:11:53,885 [INFO] IntegrityCheckThread:103 - End integrity checks thread
2025-05-15 06:31:06,584 [ERROR] LogOutputStream:75 - [STDERR_REDIRECT] 
