2025-06-04 05:20:59,298 [INFO] Activator:176 - 


2025-06-04 05:20:59,304 [INFO] Activator:177 - !SESSION log4j initialized
2025-06-04 05:21:05,426 [INFO] LogOutputStream:77 - [STDOUT_REDIRECT] 
2025-06-04 05:21:07,441 [INFO] ApplicationProperties:184 - Using Application install path: C:\ST\STM32CubeIDE_1.17.0\STM32CubeIDE\plugins\com.st.stm32cube.common.mx_6.13.0.202411220809
2025-06-04 05:21:07,456 [INFO] DbMcusXml:78 - Set database path to: C:\ST\STM32CubeIDE_1.17.0\STM32CubeIDE\plugins\com.st.stm32cube.common.mx_6.13.0.202411220809\\db\/mcu/
2025-06-04 05:21:07,456 [INFO] ApiDb:274 - Set plugin database path to: C:\ST\STM32CubeIDE_1.17.0\STM32CubeIDE\plugins\com.st.stm32cube.common.mx_6.13.0.202411220809\\db\/plugins/boardmanager/
2025-06-04 05:21:07,456 [WARN] ApiDb:259 - Overriding images path with different value:  => C:\ST\STM32CubeIDE_1.17.0\STM32CubeIDE\plugins\com.st.stm32cube.common.mx_6.13.0.202411220809\\db\/plugins/mcufinder/images/
2025-06-04 05:21:07,462 [INFO] ApiDb:250 - Set database path to: C:\Users\APC\.stmcufinder\plugins\mcufinder//mcu/
2025-06-04 05:21:07,463 [INFO] DbMcusAds:125 - Set database path to: C:\Users\APC\.stmcufinder\plugins\mcufinder//mcu/
2025-06-04 05:21:07,466 [INFO] CrossReferenceDbSqlite:203 - Set database path to: C:\Users\APC\.stmcufinder\plugins\mcufinder//mcu/cs/
2025-06-04 05:21:07,556 [INFO] RulesReader:64 - Compatibility file has been processed (297 Rules)
2025-06-04 05:21:07,616 [INFO] DbMcusXml:78 - Set database path to: C:\ST\STM32CubeIDE_1.17.0\STM32CubeIDE\plugins\com.st.stm32cube.common.mx_6.13.0.202411220809\\db\/mcu/
2025-06-04 05:21:07,617 [INFO] ApiDb:274 - Set plugin database path to: C:\ST\STM32CubeIDE_1.17.0\STM32CubeIDE\plugins\com.st.stm32cube.common.mx_6.13.0.202411220809\\db\/plugins/boardmanager/
2025-06-04 05:21:07,617 [INFO] ApiDb:261 - Set plugin images path to: C:\ST\STM32CubeIDE_1.17.0\STM32CubeIDE\plugins\com.st.stm32cube.common.mx_6.13.0.202411220809\\db\/plugins/mcufinder/images/
2025-06-04 05:21:07,617 [WARN] DbFile:41 - Overriding database path with different value: C:\Users\APC\.stmcufinder\plugins\mcufinder/ => C:\Users\APC\.stmcufinder\plugins\mcufinder
2025-06-04 05:21:07,617 [INFO] ApiDb:250 - Set database path to: C:\Users\APC\.stmcufinder\plugins\mcufinder//mcu/
2025-06-04 05:21:07,617 [WARN] DbFile:41 - Overriding database path with different value: C:\Users\APC\.stmcufinder\plugins\mcufinder/ => C:\Users\APC\.stmcufinder\plugins\mcufinder
2025-06-04 05:21:07,617 [INFO] DbMcusAds:125 - Set database path to: C:\Users\APC\.stmcufinder\plugins\mcufinder//mcu/
2025-06-04 05:21:07,617 [WARN] DbFile:41 - Overriding database path with different value: C:\Users\APC\.stmcufinder\plugins\mcufinder/ => C:\Users\APC\.stmcufinder\plugins\mcufinder
2025-06-04 05:21:07,617 [WARN] DbFile:41 - Overriding database path with different value: C:\Users\APC\.stmcufinder\plugins\mcufinder/ => C:\Users\APC\.stmcufinder\plugins\mcufinder
2025-06-04 05:21:07,617 [INFO] CrossReferenceDbSqlite:203 - Set database path to: C:\Users\APC\.stmcufinder\plugins\mcufinder//mcu/cs/
2025-06-04 05:21:07,679 [INFO] MainPanel:272 - HeapMemory: 268435456
2025-06-04 05:21:07,768 [INFO] DbMcusXml:78 - Set database path to: C:\ST\STM32CubeIDE_1.17.0\STM32CubeIDE\plugins\com.st.stm32cube.common.mx_6.13.0.202411220809\\db\/mcu/
2025-06-04 05:21:07,769 [INFO] ApiDb:274 - Set plugin database path to: C:\ST\STM32CubeIDE_1.17.0\STM32CubeIDE\plugins\com.st.stm32cube.common.mx_6.13.0.202411220809\\db\/plugins/boardmanager/
2025-06-04 05:21:07,769 [INFO] ApiDb:261 - Set plugin images path to: C:\ST\STM32CubeIDE_1.17.0\STM32CubeIDE\plugins\com.st.stm32cube.common.mx_6.13.0.202411220809\\db\/plugins/mcufinder/images/
2025-06-04 05:21:07,769 [WARN] DbFile:41 - Overriding database path with different value: C:\Users\APC\.stmcufinder\plugins\mcufinder/ => C:\Users\APC\.stmcufinder\plugins\mcufinder
2025-06-04 05:21:07,769 [INFO] ApiDb:250 - Set database path to: C:\Users\APC\.stmcufinder\plugins\mcufinder//mcu/
2025-06-04 05:21:07,769 [WARN] DbFile:41 - Overriding database path with different value: C:\Users\APC\.stmcufinder\plugins\mcufinder/ => C:\Users\APC\.stmcufinder\plugins\mcufinder
2025-06-04 05:21:07,769 [INFO] DbMcusAds:125 - Set database path to: C:\Users\APC\.stmcufinder\plugins\mcufinder//mcu/
2025-06-04 05:21:07,769 [WARN] DbFile:41 - Overriding database path with different value: C:\Users\APC\.stmcufinder\plugins\mcufinder/ => C:\Users\APC\.stmcufinder\plugins\mcufinder
2025-06-04 05:21:07,769 [WARN] DbFile:41 - Overriding database path with different value: C:\Users\APC\.stmcufinder\plugins\mcufinder/ => C:\Users\APC\.stmcufinder\plugins\mcufinder
2025-06-04 05:21:07,769 [INFO] CrossReferenceDbSqlite:203 - Set database path to: C:\Users\APC\.stmcufinder\plugins\mcufinder//mcu/cs/
2025-06-04 05:21:07,786 [INFO] ApplicationProperties:184 - Using Application install path: C:\ST\STM32CubeIDE_1.17.0\STM32CubeIDE\plugins\com.st.stm32cube.common.mx_6.13.0.202411220809
2025-06-04 05:21:07,787 [INFO] PluginManage:196 - Search for loadable plugins [exclusion list=, ]
2025-06-04 05:21:07,788 [INFO] PluginManage:310 - Check plugin analytics
2025-06-04 05:21:07,912 [INFO] AnalyticsPlugin:253 - Accepted Software Licenses: STM32CubeMX.6.13.0
2025-06-04 05:21:07,912 [INFO] AnalyticsPlugin:255 - Accepted CMSIS Pack Licenses: 
2025-06-04 05:21:07,912 [INFO] AnalyticsPlugin:257 - Accepted Firmware Licenses: FW.F4.1.28.0
2025-06-04 05:21:07,915 [INFO] PluginManage:359 - Loaded plugin analytics (category:tool,tabindex:-1)
2025-06-04 05:21:07,916 [INFO] PluginManage:310 - Check plugin cadmodel
2025-06-04 05:21:07,935 [INFO] CADModel:105 - Init CAD model plugin
2025-06-04 05:21:07,935 [INFO] PluginManage:359 - Loaded plugin cadmodel (category:power,tabindex:5)
2025-06-04 05:21:07,935 [INFO] PluginManage:310 - Check plugin clock
2025-06-04 05:21:07,953 [INFO] PluginManage:359 - Loaded plugin clock (category:base,tabindex:2)
2025-06-04 05:21:07,953 [INFO] PluginManage:310 - Check plugin ddr
2025-06-04 05:21:07,956 [INFO] PluginManage:359 - Loaded plugin ddr (category:tool,tabindex:6)
2025-06-04 05:21:07,956 [INFO] PluginManage:310 - Check plugin filemanager
2025-06-04 05:21:08,064 [INFO] PluginManage:359 - Loaded plugin filemanager (category:base,tabindex:10)
2025-06-04 05:21:08,064 [INFO] PluginManage:310 - Check plugin ipmanager
2025-06-04 05:21:08,068 [INFO] PluginManage:359 - Loaded plugin ipmanager (category:base,tabindex:5)
2025-06-04 05:21:08,068 [INFO] PluginManage:310 - Check plugin lpbam
2025-06-04 05:21:08,088 [INFO] PluginManage:359 - Loaded plugin lpbam (category:base,tabindex:0)
2025-06-04 05:21:08,088 [INFO] PluginManage:310 - Check plugin memorymap
2025-06-04 05:21:08,111 [INFO] PluginManage:359 - Loaded plugin memorymap (category:base,tabindex:4)
2025-06-04 05:21:08,111 [INFO] PluginManage:310 - Check plugin pinoutandconfiguration
2025-06-04 05:21:08,129 [INFO] PluginManage:359 - Loaded plugin pinoutandconfiguration (category:base,tabindex:1)
2025-06-04 05:21:08,129 [INFO] PluginManage:310 - Check plugin pinoutconfig
2025-06-04 05:21:08,227 [WARN] SupportedApi:132 - Cannot load RTOS API schema: s4s-elt-must-match.1: The content of 'definitions' must match (annotation?, (simpleType | complexType)?, (unique | key | keyref)*)). A problem was found starting at: attribute.
2025-06-04 05:21:08,340 [INFO] PluginManage:359 - Loaded plugin pinoutconfig (category:base,tabindex:0)
2025-06-04 05:21:08,340 [INFO] PluginManage:310 - Check plugin power
2025-06-04 05:21:08,359 [INFO] PluginManage:359 - Loaded plugin power (category:power,tabindex:4)
2025-06-04 05:21:08,359 [INFO] PluginManage:310 - Check plugin projectmanager
2025-06-04 05:21:08,372 [INFO] PluginManage:359 - Loaded plugin projectmanager (category:projectmanager,tabindex:4)
2025-06-04 05:21:08,372 [INFO] PluginManage:310 - Check plugin rif
2025-06-04 05:21:08,389 [INFO] PluginManage:359 - Loaded plugin rif (category:base,tabindex:3)
2025-06-04 05:21:08,389 [INFO] PluginManage:310 - Check plugin thirdparty
2025-06-04 05:21:08,573 [INFO] PluginManage:359 - Loaded plugin thirdparty (category:base,tabindex:-1)
2025-06-04 05:21:08,573 [WARN] IntegrityCheckThread:84 - waiting for thirdparty lock release [integrity check]
2025-06-04 05:21:08,573 [INFO] IntegrityCheckThread:86 - entering critical section [integrity check]
2025-06-04 05:21:08,573 [INFO] PluginManage:310 - Check plugin tools
2025-06-04 05:21:08,573 [INFO] ThirdPartyUpdaterWithRetryManager:70 - Updater plugin not ready yet. [1/15]
2025-06-04 05:21:08,607 [INFO] PluginManage:359 - Loaded plugin tools (category:base,tabindex:7)
2025-06-04 05:21:08,607 [INFO] PluginManage:310 - Check plugin tutovideos
2025-06-04 05:21:08,768 [INFO] PluginManage:359 - Loaded plugin tutovideos (category:base,tabindex:-1)
2025-06-04 05:21:08,768 [INFO] PluginManage:310 - Check plugin updater
2025-06-04 05:21:08,787 [INFO] PluginManage:359 - Loaded plugin updater (category:base,tabindex:12)
2025-06-04 05:21:08,787 [INFO] PluginManage:310 - Check plugin userauth
2025-06-04 05:21:08,790 [INFO] UserAuth:118 - Init User Auth plugin
2025-06-04 05:21:08,791 [INFO] PluginManage:359 - Loaded plugin userauth (category:base,tabindex:14)
2025-06-04 05:21:08,791 [INFO] PluginManage:283 - PluginManage : Loaded plugins [18]
2025-06-04 05:21:08,977 [INFO] PinOutPanel:1589 - setPackage(No Configuration,No Configuration)
2025-06-04 05:21:09,047 [INFO] CADModel:165 - CPN selected for project level
2025-06-04 05:21:09,047 [INFO] CADModel:114 - Register for checkConnection events
2025-06-04 05:21:09,074 [INFO] IPUIPlugin:80 - create IPUIPlugin
2025-06-04 05:21:09,074 [INFO] PluginManager:220 - loadIPPluginJar : add adc
2025-06-04 05:21:09,117 [INFO] IPUIPlugin:80 - create IPUIPlugin
2025-06-04 05:21:09,117 [INFO] PluginManager:220 - loadIPPluginJar : add aes
2025-06-04 05:21:09,158 [INFO] IPUIPlugin:80 - create IPUIPlugin
2025-06-04 05:21:09,159 [INFO] PluginManager:220 - loadIPPluginJar : add can
2025-06-04 05:21:09,161 [INFO] IPUIPlugin:80 - create IPUIPlugin
2025-06-04 05:21:09,161 [INFO] PluginManager:220 - loadIPPluginJar : add comp
2025-06-04 05:21:09,194 [INFO] IPUIPlugin:80 - create IPUIPlugin
2025-06-04 05:21:09,194 [INFO] PluginManager:220 - loadIPPluginJar : add cryp
2025-06-04 05:21:09,206 [INFO] IPUIPlugin:80 - create IPUIPlugin
2025-06-04 05:21:09,207 [INFO] PluginManager:220 - loadIPPluginJar : add ddr_ctrl_phy
2025-06-04 05:21:09,209 [INFO] IPUIPlugin:80 - create IPUIPlugin
2025-06-04 05:21:09,210 [INFO] PluginManager:220 - loadIPPluginJar : add dfsdm
2025-06-04 05:21:09,232 [INFO] IPUIPlugin:80 - create IPUIPlugin
2025-06-04 05:21:09,232 [INFO] PluginManager:220 - loadIPPluginJar : add dma
2025-06-04 05:21:09,271 [INFO] IPUIPlugin:80 - create IPUIPlugin
2025-06-04 05:21:09,271 [INFO] PluginManager:220 - loadIPPluginJar : add dma3
2025-06-04 05:21:09,312 [INFO] IPUIPlugin:80 - create IPUIPlugin
2025-06-04 05:21:09,313 [INFO] PluginManager:220 - loadIPPluginJar : add extmemmanager
2025-06-04 05:21:09,315 [INFO] IPUIPlugin:80 - create IPUIPlugin
2025-06-04 05:21:09,315 [INFO] PluginManager:220 - loadIPPluginJar : add fatfs
2025-06-04 05:21:09,357 [INFO] IPUIPlugin:80 - create IPUIPlugin
2025-06-04 05:21:09,357 [INFO] PluginManager:220 - loadIPPluginJar : add fmc
2025-06-04 05:21:09,371 [INFO] IPUIPlugin:80 - create IPUIPlugin
2025-06-04 05:21:09,371 [INFO] PluginManager:220 - loadIPPluginJar : add freertos
2025-06-04 05:21:09,374 [INFO] IPUIPlugin:80 - create IPUIPlugin
2025-06-04 05:21:09,374 [INFO] PluginManager:220 - loadIPPluginJar : add genericplugin
2025-06-04 05:21:09,455 [INFO] IPUIPlugin:80 - create IPUIPlugin
2025-06-04 05:21:09,455 [INFO] PluginManager:220 - loadIPPluginJar : add gfxmmu
2025-06-04 05:21:09,571 [INFO] IPUIPlugin:80 - create IPUIPlugin
2025-06-04 05:21:09,571 [INFO] PluginManager:220 - loadIPPluginJar : add gic
2025-06-04 05:21:09,590 [INFO] IPUIPlugin:80 - create IPUIPlugin
2025-06-04 05:21:09,591 [INFO] PluginManager:220 - loadIPPluginJar : add gpio
2025-06-04 05:21:09,690 [INFO] IPUIPlugin:80 - create IPUIPlugin
2025-06-04 05:21:09,691 [INFO] PluginManager:220 - loadIPPluginJar : add gtzc
2025-06-04 05:21:09,695 [INFO] IPUIPlugin:80 - create IPUIPlugin
2025-06-04 05:21:09,697 [INFO] PluginManager:220 - loadIPPluginJar : add hash
2025-06-04 05:21:09,762 [INFO] IPUIPlugin:80 - create IPUIPlugin
2025-06-04 05:21:09,762 [INFO] PluginManager:220 - loadIPPluginJar : add i2c
2025-06-04 05:21:09,821 [INFO] IPUIPlugin:80 - create IPUIPlugin
2025-06-04 05:21:09,821 [INFO] PluginManager:220 - loadIPPluginJar : add i2s
2025-06-04 05:21:09,878 [INFO] IPUIPlugin:80 - create IPUIPlugin
2025-06-04 05:21:09,878 [INFO] PluginManager:220 - loadIPPluginJar : add i3c
2025-06-04 05:21:09,978 [INFO] IPUIPlugin:80 - create IPUIPlugin
2025-06-04 05:21:09,979 [INFO] PluginManager:220 - loadIPPluginJar : add ipddr
2025-06-04 05:21:10,067 [INFO] IPUIPlugin:80 - create IPUIPlugin
2025-06-04 05:21:10,067 [INFO] PluginManager:220 - loadIPPluginJar : add linkedlist
2025-06-04 05:21:10,071 [INFO] IPUIPlugin:80 - create IPUIPlugin
2025-06-04 05:21:10,071 [INFO] PluginManager:220 - loadIPPluginJar : add lorawan
2025-06-04 05:21:10,108 [INFO] IPUIPlugin:80 - create IPUIPlugin
2025-06-04 05:21:10,108 [INFO] PluginManager:220 - loadIPPluginJar : add ltdc
2025-06-04 05:21:10,126 [INFO] IPUIPlugin:80 - create IPUIPlugin
2025-06-04 05:21:10,127 [INFO] PluginManager:220 - loadIPPluginJar : add mdma
2025-06-04 05:21:10,138 [INFO] IPUIPlugin:80 - create IPUIPlugin
2025-06-04 05:21:10,138 [INFO] PluginManager:220 - loadIPPluginJar : add nvic
2025-06-04 05:21:10,174 [INFO] IPUIPlugin:80 - create IPUIPlugin
2025-06-04 05:21:10,174 [INFO] PluginManager:220 - loadIPPluginJar : add opamp
2025-06-04 05:21:10,228 [INFO] IPUIPlugin:80 - create IPUIPlugin
2025-06-04 05:21:10,228 [INFO] PluginManager:220 - loadIPPluginJar : add openamp
2025-06-04 05:21:10,268 [INFO] IPUIPlugin:80 - create IPUIPlugin
2025-06-04 05:21:10,269 [INFO] PluginManager:220 - loadIPPluginJar : add pdm2pcm
2025-06-04 05:21:10,283 [INFO] IPUIPlugin:80 - create IPUIPlugin
2025-06-04 05:21:10,285 [INFO] PluginManager:220 - loadIPPluginJar : add plateformsettings
2025-06-04 05:21:10,314 [INFO] IPUIPlugin:80 - create IPUIPlugin
2025-06-04 05:21:10,314 [INFO] PluginManager:220 - loadIPPluginJar : add quadspi
2025-06-04 05:21:10,318 [INFO] IPUIPlugin:80 - create IPUIPlugin
2025-06-04 05:21:10,319 [INFO] PluginManager:220 - loadIPPluginJar : add radio
2025-06-04 05:21:10,333 [INFO] IPUIPlugin:80 - create IPUIPlugin
2025-06-04 05:21:10,333 [INFO] PluginManager:220 - loadIPPluginJar : add resmgrutility
2025-06-04 05:21:10,392 [INFO] IPUIPlugin:80 - create IPUIPlugin
2025-06-04 05:21:10,392 [INFO] PluginManager:220 - loadIPPluginJar : add sai
2025-06-04 05:21:10,426 [INFO] IPUIPlugin:80 - create IPUIPlugin
2025-06-04 05:21:10,426 [INFO] PluginManager:220 - loadIPPluginJar : add spi
2025-06-04 05:21:10,482 [INFO] IPUIPlugin:80 - create IPUIPlugin
2025-06-04 05:21:10,482 [INFO] PluginManager:220 - loadIPPluginJar : add stm32_wpan
2025-06-04 05:21:10,486 [INFO] IPUIPlugin:80 - create IPUIPlugin
2025-06-04 05:21:10,486 [INFO] PluginManager:220 - loadIPPluginJar : add tim
2025-06-04 05:21:10,544 [INFO] IPUIPlugin:80 - create IPUIPlugin
2025-06-04 05:21:10,545 [INFO] PluginManager:220 - loadIPPluginJar : add touchsensing
2025-06-04 05:21:10,547 [INFO] IPUIPlugin:80 - create IPUIPlugin
2025-06-04 05:21:10,547 [INFO] PluginManager:220 - loadIPPluginJar : add tracer_emb
2025-06-04 05:21:10,550 [INFO] IPUIPlugin:80 - create IPUIPlugin
2025-06-04 05:21:10,550 [INFO] PluginManager:220 - loadIPPluginJar : add ts
2025-06-04 05:21:10,552 [INFO] IPUIPlugin:80 - create IPUIPlugin
2025-06-04 05:21:10,552 [INFO] PluginManager:220 - loadIPPluginJar : add tsc
2025-06-04 05:21:10,553 [INFO] IPUIPlugin:80 - create IPUIPlugin
2025-06-04 05:21:10,553 [INFO] PluginManager:220 - loadIPPluginJar : add ucpd
2025-06-04 05:21:10,592 [INFO] IPUIPlugin:80 - create IPUIPlugin
2025-06-04 05:21:10,592 [INFO] PluginManager:220 - loadIPPluginJar : add usart
2025-06-04 05:21:10,631 [INFO] IPUIPlugin:80 - create IPUIPlugin
2025-06-04 05:21:10,631 [INFO] PluginManager:220 - loadIPPluginJar : add usbx
2025-06-04 05:21:10,745 [FATAL] Updater:351 - Updater called before beeing initialized
2025-06-04 05:21:10,763 [INFO] RulesReader:64 - Compatibility file has been processed (297 Rules)
2025-06-04 05:21:10,769 [INFO] RulesReader:64 - Compatibility file has been processed (297 Rules)
2025-06-04 05:21:10,775 [INFO] CADModel:165 - CPN selected for project level
2025-06-04 05:21:10,775 [INFO] CADModel:114 - Register for checkConnection events
2025-06-04 05:21:10,775 [FATAL] Updater:351 - Updater called before beeing initialized
2025-06-04 05:21:10,775 [ERROR] CADModel:125 - Updater not yet initialized, retry later 
2025-06-04 05:21:10,887 [FATAL] Updater:351 - Updater called before beeing initialized
2025-06-04 05:21:10,890 [INFO] CADModel:165 - CPN selected for project level
2025-06-04 05:21:10,890 [INFO] CADModel:114 - Register for checkConnection events
2025-06-04 05:21:10,890 [FATAL] Updater:351 - Updater called before beeing initialized
2025-06-04 05:21:10,890 [ERROR] CADModel:125 - Updater not yet initialized, retry later 
2025-06-04 05:21:10,893 [FATAL] Updater:351 - Updater called before beeing initialized
2025-06-04 05:21:10,961 [FATAL] Updater:351 - Updater called before beeing initialized
2025-06-04 05:21:10,964 [INFO] DbMcusAds:53 - JSON generation date=Wed May 07 16:07:55 ICT 2025 (1746608875484)
2025-06-04 05:21:10,964 [FATAL] Updater:351 - Updater called before beeing initialized
2025-06-04 05:21:11,002 [WARN] DetailPanel:346 - Failed to get advertising image, set to default
2025-06-04 05:21:11,209 [FATAL] Updater:351 - Updater called before beeing initialized
2025-06-04 05:21:11,212 [FATAL] Updater:351 - Updater called before beeing initialized
2025-06-04 05:21:11,212 [FATAL] Updater:351 - Updater called before beeing initialized
2025-06-04 05:21:11,212 [WARN] DetailPanel:346 - Failed to get advertising image, set to default
2025-06-04 05:21:11,213 [FATAL] Updater:351 - Updater called before beeing initialized
2025-06-04 05:21:11,262 [ERROR] Updater:1198 - MainUpdater not yet initialized. External WinMGr cannot be set.
2025-06-04 05:21:11,273 [INFO] Updater:1134 - Updater Version found : 6.13.0
2025-06-04 05:21:11,289 [INFO] ApplicationProperties:184 - Using Application install path: C:\ST\STM32CubeIDE_1.17.0\STM32CubeIDE\plugins\com.st.stm32cube.common.mx_6.13.0.202411220809
2025-06-04 05:21:11,575 [INFO] ThirdPartyUpdaterWithRetryManager:70 - Updater plugin not ready yet. [2/15]
2025-06-04 05:21:11,811 [INFO] MainUpdater:2872 - connection check result : 10
2025-06-04 05:21:11,812 [INFO] MainUpdater:289 - Updater Check For Update Now.
2025-06-04 05:21:11,812 [INFO] MicroXplorer:498 - Change Database Version : DB.6.0.130
2025-06-04 05:21:11,830 [INFO] McuFinderGlobals:63 - Set McuFinder mode to 2 (CubeIDE integrated)
2025-06-04 05:21:11,831 [INFO] UserAuth:486 - Internet connection configuration mode: 1
2025-06-04 05:21:11,851 [INFO] JxBrowserEngine:152 - Initiate JxBrowser Engine with user profile folder
2025-06-04 05:21:11,970 [INFO] CheckServerUpdateThread:120 - End of CheckServer Thread
2025-06-04 05:21:13,969 [INFO] WebApp:168 - Instantiating new browser for Auth
2025-06-04 05:21:15,225 [INFO] WebApp:449 - Apply proxy settings
2025-06-04 05:21:15,225 [INFO] WebApp:534 - Chromium requires no authentication
2025-06-04 05:21:15,250 [INFO] WebApp:477 - Direct internet connection detected
2025-06-04 05:21:15,257 [WARN] PackLoader:240 - Cannot read IP mode file for STMicroelectronics.FP-SNS-MOTENVWB1.1.4.0
2025-06-04 05:21:15,266 [WARN] PackLoader:240 - Cannot read IP mode file for STMicroelectronics.FP-ATR-ASTRA1.2.0.2
2025-06-04 05:21:15,271 [WARN] PackLoader:240 - Cannot read IP mode file for STMicroelectronics.FP-ATR-ASTRA1.2.0.1
2025-06-04 05:21:15,280 [WARN] PackLoader:240 - Cannot read IP mode file for STMicroelectronics.X-CUBE-SMBUS.2.1.0
2025-06-04 05:21:15,282 [INFO] WebApp:880 - Register for checkConnection events
2025-06-04 05:21:15,282 [INFO] WebApp:449 - Apply proxy settings
2025-06-04 05:21:15,282 [INFO] WebApp:534 - Chromium requires no authentication
2025-06-04 05:21:15,283 [INFO] WebApp:477 - Direct internet connection detected
2025-06-04 05:21:15,288 [WARN] PackLoader:240 - Cannot read IP mode file for STMicroelectronics.X-CUBE-WB05N.1.1.0
2025-06-04 05:21:15,293 [WARN] PackLoader:240 - Cannot read IP mode file for STMicroelectronics.X-CUBE-ST60.1.0.0
2025-06-04 05:21:15,323 [WARN] PackLoader:240 - Cannot read IP mode file for STMicroelectronics.X-CUBE-AZRTOS-F7.1.1.0
2025-06-04 05:21:15,331 [WARN] PackLoader:240 - Cannot read IP mode file for STMicroelectronics.FP-SNS-FLIGHT1.5.0.2
2025-06-04 05:21:15,356 [WARN] PackLoader:240 - Cannot read IP mode file for Infineon.AIROC-Wi-Fi-Bluetooth-STM32.1.7.0
2025-06-04 05:21:15,365 [WARN] PackLoader:240 - Cannot read IP mode file for STMicroelectronics.X-CUBE-DISPLAY.3.0.0
2025-06-04 05:21:15,377 [WARN] PackLoader:240 - Cannot read IP mode file for STMicroelectronics.X-CUBE-BLE1.7.0.0
2025-06-04 05:21:15,383 [WARN] PackLoader:240 - Cannot read IP mode file for STMicroelectronics.X-CUBE-NFC10.1.0.0
2025-06-04 05:21:15,395 [WARN] PackLoader:240 - Cannot read IP mode file for STMicroelectronics.X-CUBE-BLEMGR.4.0.0
2025-06-04 05:21:15,402 [WARN] PackLoader:240 - Cannot read IP mode file for emotas.I-CUBE-CANOPEN.1.3.0
2025-06-04 05:21:15,408 [WARN] PackLoader:240 - Cannot read IP mode file for STMicroelectronics.X-CUBE-AI.10.0.0
2025-06-04 05:21:15,413 [WARN] PackLoader:240 - Cannot read IP mode file for STMicroelectronics.FP-SNS-SMARTAG2.1.2.0
2025-06-04 05:21:15,418 [WARN] PackLoader:240 - Cannot read IP mode file for STMicroelectronics.FP-SNS-FLIGHT1.5.1.0
2025-06-04 05:21:15,451 [WARN] PackLoader:240 - Cannot read IP mode file for STMicroelectronics.X-CUBE-MEMS1.11.1.0
2025-06-04 05:21:15,528 [INFO] WebApp:187 - Connection restablished
2025-06-04 05:21:15,707 [INFO] LogOutputStream:77 - [STDOUT_REDIRECT] 1 : Invalid condition id : UX_CORESTACK_Condition cause : null
2025-06-04 05:21:15,709 [INFO] LogOutputStream:77 - [STDOUT_REDIRECT] 1 : Invalid condition id : UX_CORESTACK_Condition cause : null
2025-06-04 05:21:15,709 [INFO] LogOutputStream:77 - [STDOUT_REDIRECT] 1 : Invalid condition id : UX_CORESTACK_Condition cause : null
2025-06-04 05:21:15,710 [INFO] LogOutputStream:77 - [STDOUT_REDIRECT] 1 : Invalid condition id : UX_CORESTACK_Condition cause : null
2025-06-04 05:21:15,712 [INFO] LogOutputStream:77 - [STDOUT_REDIRECT] 1 : Invalid condition id : UX_CORESTACK_Condition cause : null
2025-06-04 05:21:15,716 [WARN] PackLoader:240 - Cannot read IP mode file for STMicroelectronics.X-CUBE-AZRTOS-WL.2.0.0
2025-06-04 05:21:15,724 [WARN] PackLoader:240 - Cannot read IP mode file for STMicroelectronics.FP-SNS-MOTENV1.5.0.0
2025-06-04 05:21:15,732 [WARN] PackLoader:240 - Cannot read IP mode file for wolfSSL.I-CUBE-wolfMQTT.1.19.0
2025-06-04 05:21:15,741 [WARN] PackLoader:240 - Cannot read IP mode file for WES.I-CUBE-Cesium.1.3.0
2025-06-04 05:21:15,749 [WARN] PackLoader:240 - Cannot read IP mode file for STMicroelectronics.X-CUBE-BLE2.3.3.0
2025-06-04 05:21:15,759 [WARN] PackLoader:240 - Cannot read IP mode file for STMicroelectronics.X-CUBE-NFC9.1.0.0
2025-06-04 05:21:15,768 [WARN] PackLoader:240 - Cannot read IP mode file for STMicroelectronics.X-CUBE-BLE1.7.1.0
2025-06-04 05:21:15,776 [WARN] PackLoader:240 - Cannot read IP mode file for STMicroelectronics.X-CUBE-AI.10.1.0
2025-06-04 05:21:15,821 [INFO] WebApp:221 - Starting web application
2025-06-04 05:21:15,821 [INFO] WebApp:579 - Web application path used C:\ST\STM32CubeIDE_1.17.0\STM32CubeIDE\plugins\com.st.stm32cube.common.mx_6.13.0.202411220809\db\plugins\mcufinder\reactClient1\index.html
2025-06-04 05:21:15,844 [WARN] PackLoader:240 - Cannot read IP mode file for STMicroelectronics.X-CUBE-MEMS1.11.2.0
2025-06-04 05:21:16,099 [WARN] PackLoader:240 - Cannot read IP mode file for STMicroelectronics.X-CUBE-AZRTOS-G0.1.1.0
2025-06-04 05:21:16,117 [WARN] PackLoader:240 - Cannot read IP mode file for STMicroelectronics.X-CUBE-SAFEA1.1.2.2
2025-06-04 05:21:16,129 [WARN] PackLoader:240 - Cannot read IP mode file for STMicroelectronics.X-CUBE-NFC4.3.0.0
2025-06-04 05:21:16,150 [WARN] PackLoader:240 - Cannot read IP mode file for EmbeddedOffice.I-CUBE-FS-RTOS.1.0.1
2025-06-04 05:21:16,161 [WARN] PackLoader:240 - Cannot read IP mode file for STMicroelectronics.X-CUBE-WB05N.2.0.0
2025-06-04 05:21:16,175 [WARN] PackLoader:240 - Cannot read IP mode file for STMicroelectronics.X-CUBE-TCPP.4.2.0
2025-06-04 05:21:16,188 [WARN] PackLoader:240 - Cannot read IP mode file for RealThread.X-CUBE-RT-Thread_Nano.4.1.1
2025-06-04 05:21:16,197 [WARN] PackLoader:240 - Cannot read IP mode file for STMicroelectronics.FP-ATR-SIGFOX1.3.2.0
2025-06-04 05:21:16,205 [WARN] ConditionMgr:438 - getConditionDescription Invalid condition id : Cortex-A Device cause : null
2025-06-04 05:21:16,255 [WARN] ConditionMgr:1044 - genDependencies : Invalid condition id : Cortex-A Device cause : null
2025-06-04 05:21:16,255 [WARN] ConditionMgr:1044 - genDependencies : Invalid condition id : Cortex-A Device cause : null
2025-06-04 05:21:16,256 [WARN] ConditionMgr:1044 - genDependencies : Invalid condition id : Cortex-A Device cause : null
2025-06-04 05:21:16,268 [WARN] PackLoader:240 - Cannot read IP mode file for STMicroelectronics.X-CUBE-EEPRMA1.5.1.0
2025-06-04 05:21:16,280 [WARN] PackLoader:240 - Cannot read IP mode file for wolfSSL.I-CUBE-wolfSSL.5.7.4
2025-06-04 05:21:16,290 [WARN] PackLoader:240 - Cannot read IP mode file for ITTIA_DB.I-CUBE-ITTIADB.8.9.0
2025-06-04 05:21:16,312 [INFO] UserAuth:486 - Internet connection configuration mode: 1
2025-06-04 05:21:16,324 [WARN] PackLoader:240 - Cannot read IP mode file for SEGGER.I-CUBE-embOS.1.3.1
2025-06-04 05:21:16,351 [WARN] PackLoader:240 - Cannot read IP mode file for STMicroelectronics.X-CUBE-ALGOBUILD.1.4.0
2025-06-04 05:21:16,355 [WARN] PackLoader:240 - Cannot read IP mode file for STMicroelectronics.X-CUBE-AI.9.1.0
2025-06-04 05:21:16,369 [WARN] PackLoader:240 - Cannot read IP mode file for STMicroelectronics.X-CUBE-AZRTOS-F4.1.1.0
2025-06-04 05:21:16,378 [WARN] PackLoader:240 - Cannot read IP mode file for Avnet-IotConnect.X-CUBE-IoTC-DA16k-PMOD.1.0.0
2025-06-04 05:21:16,382 [WARN] PackLoader:240 - Cannot read IP mode file for STMicroelectronics.X-CUBE-ISPU.2.1.0
2025-06-04 05:21:16,398 [WARN] PackLoader:240 - Cannot read IP mode file for STMicroelectronics.X-CUBE-AZRTOS-L5.2.0.0
2025-06-04 05:21:16,409 [WARN] PackLoader:240 - Cannot read IP mode file for STMicroelectronics.X-CUBE-NFC6.3.1.0
2025-06-04 05:21:16,415 [WARN] PackLoader:240 - Cannot read IP mode file for STMicroelectronics.X-CUBE-DPower.1.2.0
2025-06-04 05:21:16,421 [WARN] PackLoader:240 - Cannot read IP mode file for STMicroelectronics.X-CUBE-FREERTOS.1.3.1
2025-06-04 05:21:16,426 [WARN] PackLoader:240 - Cannot read IP mode file for STMicroelectronics.X-CUBE-FREERTOS.1.3.0
2025-06-04 05:21:16,430 [WARN] PackLoader:240 - Cannot read IP mode file for STMicroelectronics.X-CUBE-NFC7.1.0.1
2025-06-04 05:21:16,435 [WARN] PackLoader:240 - Cannot read IP mode file for STMicroelectronics.X-CUBE-DPower.1.3.0
2025-06-04 05:21:16,450 [WARN] ConditionMgr:438 - getConditionDescription Invalid condition id : LAN8742 Phy interface Condition cause : null
2025-06-04 05:21:16,452 [WARN] PackLoader:240 - Cannot read IP mode file for STMicroelectronics.X-CUBE-AZRTOS-L4.2.0.0
2025-06-04 05:21:16,454 [WARN] ConditionMgr:1044 - genDependencies : Invalid condition id : LAN8742 Phy interface Condition cause : null
2025-06-04 05:21:16,454 [WARN] ConditionMgr:1044 - genDependencies : Invalid condition id : LAN8742 Phy interface Condition cause : null
2025-06-04 05:21:16,455 [WARN] ConditionMgr:1044 - genDependencies : Invalid condition id : LAN8742 Phy interface Condition cause : null
2025-06-04 05:21:16,473 [WARN] PackLoader:240 - Cannot read IP mode file for STMicroelectronics.X-CUBE-SFXS2LP1.4.0.0
2025-06-04 05:21:16,495 [WARN] PackLoader:240 - Cannot read IP mode file for STMicroelectronics.X-CUBE-AZRTOS-H7.3.3.0
2025-06-04 05:21:16,509 [WARN] ConditionMgr:438 - getConditionDescription Invalid condition id : UX DEVICE CLASS RTOS Condition cause : null
2025-06-04 05:21:16,510 [WARN] ConditionMgr:438 - getConditionDescription Invalid condition id : UX DEVICE CLASS RTOS Condition cause : null
2025-06-04 05:21:16,512 [WARN] PackLoader:240 - Cannot read IP mode file for STMicroelectronics.X-CUBE-AZRTOS-WB.2.0.0
2025-06-04 05:21:16,513 [WARN] ConditionMgr:1044 - genDependencies : Invalid condition id : UX DEVICE CLASS RTOS Condition cause : null
2025-06-04 05:21:16,513 [WARN] ConditionMgr:1044 - genDependencies : Invalid condition id : UX DEVICE CLASS RTOS Condition cause : null
2025-06-04 05:21:16,514 [WARN] ConditionMgr:1044 - genDependencies : Invalid condition id : UX DEVICE CLASS RTOS Condition cause : null
2025-06-04 05:21:16,514 [WARN] ConditionMgr:1044 - genDependencies : Invalid condition id : UX DEVICE CLASS RTOS Condition cause : null
2025-06-04 05:21:16,514 [WARN] ConditionMgr:1044 - genDependencies : Invalid condition id : UX DEVICE CLASS RTOS Condition cause : null
2025-06-04 05:21:16,520 [WARN] PackLoader:240 - Cannot read IP mode file for STMicroelectronics.X-CUBE-GNSS1.7.0.1
2025-06-04 05:21:16,527 [WARN] PackLoader:240 - Cannot read IP mode file for STMicroelectronics.X-CUBE-TOUCHGFX.4.25.0
2025-06-04 05:21:16,534 [WARN] PackLoader:240 - Cannot read IP mode file for STMicroelectronics.FP-SNS-STBOX1.2.0.0
2025-06-04 05:21:16,543 [WARN] PackLoader:240 - Cannot read IP mode file for STMicroelectronics.X-CUBE-SUBG2.5.0.0
2025-06-04 05:21:16,566 [WARN] PackLoader:240 - Cannot read IP mode file for STMicroelectronics.X-CUBE-AZRTOS-H7RS.1.1.0
2025-06-04 05:21:16,575 [WARN] PackLoader:240 - Cannot read IP mode file for Cesanta.I-CUBE-Mongoose.7.13.0
2025-06-04 05:21:16,591 [WARN] PackLoader:240 - Cannot read IP mode file for STMicroelectronics.X-CUBE-AZRTOS-G4.2.0.0
2025-06-04 05:21:16,599 [WARN] PackLoader:240 - Cannot read IP mode file for STMicroelectronics.X-CUBE-NFC7.2.0.0
2025-06-04 05:21:16,612 [WARN] PackLoader:240 - Cannot read IP mode file for STMicroelectronics.X-CUBE-IPS.3.1.0
2025-06-04 05:21:16,908 [WARN] PackLoader:240 - Cannot read IP mode file for STMicroelectronics.X-CUBE-ALS.1.0.2
2025-06-04 05:21:16,915 [WARN] PackLoader:240 - Cannot read IP mode file for STMicroelectronics.X-CUBE-TOUCHGFX.4.24.2
2025-06-04 05:21:16,922 [WARN] PackLoader:240 - Cannot read IP mode file for wolfSSL.I-CUBE-wolfTPM.3.4.0
2025-06-04 05:21:16,926 [WARN] PackLoader:240 - Cannot read IP mode file for portGmbH.I-Cube-SoM-uGOAL.1.1.0
2025-06-04 05:21:16,939 [WARN] PackLoader:240 - Cannot read IP mode file for STMicroelectronics.X-CUBE-AZRTOS-H7RS.1.0.0
2025-06-04 05:21:16,952 [WARN] PackLoader:240 - Cannot read IP mode file for STMicroelectronics.X-CUBE-TOF1.3.4.2
2025-06-04 05:21:16,961 [WARN] PackLoader:240 - Cannot read IP mode file for STMicroelectronics.X-CUBE-TOF1.3.4.3
2025-06-04 05:21:16,986 [WARN] PackLoader:240 - Cannot read IP mode file for wolfSSL.I-CUBE-wolfSSH.1.4.17
2025-06-04 05:21:16,988 [INFO] ThirdParty:978 - Integrity check success = true
2025-06-04 05:21:16,988 [INFO] IntegrityCheckThread:100 - exiting critical section [integrity check]
2025-06-04 05:21:16,988 [INFO] IntegrityCheckThread:103 - End integrity checks thread
2025-06-04 06:32:00,860 [ERROR] LogOutputStream:75 - [STDERR_REDIRECT] 
