2025-05-31 08:57:45,136 [INFO] Activator:176 - 


2025-05-31 08:57:45,142 [INFO] Activator:177 - !SESSION log4j initialized
2025-05-31 08:57:52,835 [INFO] LogOutputStream:77 - [STDOUT_REDIRECT] 
2025-05-31 08:57:57,026 [INFO] ApplicationProperties:184 - Using Application install path: C:\ST\STM32CubeIDE_1.17.0\STM32CubeIDE\plugins\com.st.stm32cube.common.mx_6.13.0.202411220809
2025-05-31 08:57:57,051 [INFO] DbMcusXml:78 - Set database path to: C:\ST\STM32CubeIDE_1.17.0\STM32CubeIDE\plugins\com.st.stm32cube.common.mx_6.13.0.202411220809\\db\/mcu/
2025-05-31 08:57:57,051 [INFO] ApiDb:274 - Set plugin database path to: C:\ST\STM32CubeIDE_1.17.0\STM32CubeIDE\plugins\com.st.stm32cube.common.mx_6.13.0.202411220809\\db\/plugins/boardmanager/
2025-05-31 08:57:57,052 [WARN] ApiDb:259 - Overriding images path with different value:  => C:\ST\STM32CubeIDE_1.17.0\STM32CubeIDE\plugins\com.st.stm32cube.common.mx_6.13.0.202411220809\\db\/plugins/mcufinder/images/
2025-05-31 08:57:57,081 [INFO] ApiDb:250 - Set database path to: C:\Users\APC\.stmcufinder\plugins\mcufinder//mcu/
2025-05-31 08:57:57,083 [INFO] DbMcusAds:125 - Set database path to: C:\Users\APC\.stmcufinder\plugins\mcufinder//mcu/
2025-05-31 08:57:57,084 [INFO] CrossReferenceDbSqlite:203 - Set database path to: C:\Users\APC\.stmcufinder\plugins\mcufinder//mcu/cs/
2025-05-31 08:57:57,212 [INFO] RulesReader:64 - Compatibility file has been processed (297 Rules)
2025-05-31 08:57:57,313 [INFO] DbMcusXml:78 - Set database path to: C:\ST\STM32CubeIDE_1.17.0\STM32CubeIDE\plugins\com.st.stm32cube.common.mx_6.13.0.202411220809\\db\/mcu/
2025-05-31 08:57:57,313 [INFO] ApiDb:274 - Set plugin database path to: C:\ST\STM32CubeIDE_1.17.0\STM32CubeIDE\plugins\com.st.stm32cube.common.mx_6.13.0.202411220809\\db\/plugins/boardmanager/
2025-05-31 08:57:57,313 [INFO] ApiDb:261 - Set plugin images path to: C:\ST\STM32CubeIDE_1.17.0\STM32CubeIDE\plugins\com.st.stm32cube.common.mx_6.13.0.202411220809\\db\/plugins/mcufinder/images/
2025-05-31 08:57:57,314 [WARN] DbFile:41 - Overriding database path with different value: C:\Users\APC\.stmcufinder\plugins\mcufinder/ => C:\Users\APC\.stmcufinder\plugins\mcufinder
2025-05-31 08:57:57,314 [INFO] ApiDb:250 - Set database path to: C:\Users\APC\.stmcufinder\plugins\mcufinder//mcu/
2025-05-31 08:57:57,314 [WARN] DbFile:41 - Overriding database path with different value: C:\Users\APC\.stmcufinder\plugins\mcufinder/ => C:\Users\APC\.stmcufinder\plugins\mcufinder
2025-05-31 08:57:57,314 [INFO] DbMcusAds:125 - Set database path to: C:\Users\APC\.stmcufinder\plugins\mcufinder//mcu/
2025-05-31 08:57:57,314 [WARN] DbFile:41 - Overriding database path with different value: C:\Users\APC\.stmcufinder\plugins\mcufinder/ => C:\Users\APC\.stmcufinder\plugins\mcufinder
2025-05-31 08:57:57,314 [WARN] DbFile:41 - Overriding database path with different value: C:\Users\APC\.stmcufinder\plugins\mcufinder/ => C:\Users\APC\.stmcufinder\plugins\mcufinder
2025-05-31 08:57:57,315 [INFO] CrossReferenceDbSqlite:203 - Set database path to: C:\Users\APC\.stmcufinder\plugins\mcufinder//mcu/cs/
2025-05-31 08:57:57,435 [INFO] MainPanel:272 - HeapMemory: 268435456
2025-05-31 08:57:57,605 [INFO] DbMcusXml:78 - Set database path to: C:\ST\STM32CubeIDE_1.17.0\STM32CubeIDE\plugins\com.st.stm32cube.common.mx_6.13.0.202411220809\\db\/mcu/
2025-05-31 08:57:57,605 [INFO] ApiDb:274 - Set plugin database path to: C:\ST\STM32CubeIDE_1.17.0\STM32CubeIDE\plugins\com.st.stm32cube.common.mx_6.13.0.202411220809\\db\/plugins/boardmanager/
2025-05-31 08:57:57,605 [INFO] ApiDb:261 - Set plugin images path to: C:\ST\STM32CubeIDE_1.17.0\STM32CubeIDE\plugins\com.st.stm32cube.common.mx_6.13.0.202411220809\\db\/plugins/mcufinder/images/
2025-05-31 08:57:57,605 [WARN] DbFile:41 - Overriding database path with different value: C:\Users\APC\.stmcufinder\plugins\mcufinder/ => C:\Users\APC\.stmcufinder\plugins\mcufinder
2025-05-31 08:57:57,605 [INFO] ApiDb:250 - Set database path to: C:\Users\APC\.stmcufinder\plugins\mcufinder//mcu/
2025-05-31 08:57:57,606 [WARN] DbFile:41 - Overriding database path with different value: C:\Users\APC\.stmcufinder\plugins\mcufinder/ => C:\Users\APC\.stmcufinder\plugins\mcufinder
2025-05-31 08:57:57,606 [INFO] DbMcusAds:125 - Set database path to: C:\Users\APC\.stmcufinder\plugins\mcufinder//mcu/
2025-05-31 08:57:57,606 [WARN] DbFile:41 - Overriding database path with different value: C:\Users\APC\.stmcufinder\plugins\mcufinder/ => C:\Users\APC\.stmcufinder\plugins\mcufinder
2025-05-31 08:57:57,606 [WARN] DbFile:41 - Overriding database path with different value: C:\Users\APC\.stmcufinder\plugins\mcufinder/ => C:\Users\APC\.stmcufinder\plugins\mcufinder
2025-05-31 08:57:57,606 [INFO] CrossReferenceDbSqlite:203 - Set database path to: C:\Users\APC\.stmcufinder\plugins\mcufinder//mcu/cs/
2025-05-31 08:57:57,627 [INFO] ApplicationProperties:184 - Using Application install path: C:\ST\STM32CubeIDE_1.17.0\STM32CubeIDE\plugins\com.st.stm32cube.common.mx_6.13.0.202411220809
2025-05-31 08:57:57,628 [INFO] PluginManage:196 - Search for loadable plugins [exclusion list=, ]
2025-05-31 08:57:57,630 [INFO] PluginManage:310 - Check plugin analytics
2025-05-31 08:57:57,808 [INFO] AnalyticsPlugin:253 - Accepted Software Licenses: STM32CubeMX.6.13.0
2025-05-31 08:57:57,808 [INFO] AnalyticsPlugin:255 - Accepted CMSIS Pack Licenses: 
2025-05-31 08:57:57,808 [INFO] AnalyticsPlugin:257 - Accepted Firmware Licenses: FW.F4.1.28.0
2025-05-31 08:57:57,811 [INFO] PluginManage:359 - Loaded plugin analytics (category:tool,tabindex:-1)
2025-05-31 08:57:57,812 [INFO] PluginManage:310 - Check plugin cadmodel
2025-05-31 08:57:57,829 [INFO] CADModel:105 - Init CAD model plugin
2025-05-31 08:57:57,829 [INFO] PluginManage:359 - Loaded plugin cadmodel (category:power,tabindex:5)
2025-05-31 08:57:57,830 [INFO] PluginManage:310 - Check plugin clock
2025-05-31 08:57:57,850 [INFO] PluginManage:359 - Loaded plugin clock (category:base,tabindex:2)
2025-05-31 08:57:57,850 [INFO] PluginManage:310 - Check plugin ddr
2025-05-31 08:57:57,853 [INFO] PluginManage:359 - Loaded plugin ddr (category:tool,tabindex:6)
2025-05-31 08:57:57,853 [INFO] PluginManage:310 - Check plugin filemanager
2025-05-31 08:57:58,020 [INFO] PluginManage:359 - Loaded plugin filemanager (category:base,tabindex:10)
2025-05-31 08:57:58,020 [INFO] PluginManage:310 - Check plugin ipmanager
2025-05-31 08:57:58,039 [INFO] PluginManage:359 - Loaded plugin ipmanager (category:base,tabindex:5)
2025-05-31 08:57:58,039 [INFO] PluginManage:310 - Check plugin lpbam
2025-05-31 08:57:58,074 [INFO] PluginManage:359 - Loaded plugin lpbam (category:base,tabindex:0)
2025-05-31 08:57:58,075 [INFO] PluginManage:310 - Check plugin memorymap
2025-05-31 08:57:58,123 [INFO] PluginManage:359 - Loaded plugin memorymap (category:base,tabindex:4)
2025-05-31 08:57:58,123 [INFO] PluginManage:310 - Check plugin pinoutandconfiguration
2025-05-31 08:57:58,166 [INFO] PluginManage:359 - Loaded plugin pinoutandconfiguration (category:base,tabindex:1)
2025-05-31 08:57:58,166 [INFO] PluginManage:310 - Check plugin pinoutconfig
2025-05-31 08:57:58,384 [WARN] SupportedApi:132 - Cannot load RTOS API schema: s4s-elt-must-match.1: The content of 'definitions' must match (annotation?, (simpleType | complexType)?, (unique | key | keyref)*)). A problem was found starting at: attribute.
2025-05-31 08:57:58,563 [INFO] PluginManage:359 - Loaded plugin pinoutconfig (category:base,tabindex:0)
2025-05-31 08:57:58,563 [INFO] PluginManage:310 - Check plugin power
2025-05-31 08:57:58,587 [INFO] PluginManage:359 - Loaded plugin power (category:power,tabindex:4)
2025-05-31 08:57:58,587 [INFO] PluginManage:310 - Check plugin projectmanager
2025-05-31 08:57:58,607 [INFO] PluginManage:359 - Loaded plugin projectmanager (category:projectmanager,tabindex:4)
2025-05-31 08:57:58,608 [INFO] PluginManage:310 - Check plugin rif
2025-05-31 08:57:58,630 [INFO] PluginManage:359 - Loaded plugin rif (category:base,tabindex:3)
2025-05-31 08:57:58,631 [INFO] PluginManage:310 - Check plugin thirdparty
2025-05-31 08:57:59,114 [WARN] IntegrityCheckThread:84 - waiting for thirdparty lock release [integrity check]
2025-05-31 08:57:59,114 [INFO] PluginManage:359 - Loaded plugin thirdparty (category:base,tabindex:-1)
2025-05-31 08:57:59,114 [INFO] IntegrityCheckThread:86 - entering critical section [integrity check]
2025-05-31 08:57:59,114 [INFO] PluginManage:310 - Check plugin tools
2025-05-31 08:57:59,114 [INFO] ThirdPartyUpdaterWithRetryManager:70 - Updater plugin not ready yet. [1/15]
2025-05-31 08:57:59,155 [INFO] PluginManage:359 - Loaded plugin tools (category:base,tabindex:7)
2025-05-31 08:57:59,155 [INFO] PluginManage:310 - Check plugin tutovideos
2025-05-31 08:57:59,534 [INFO] PluginManage:359 - Loaded plugin tutovideos (category:base,tabindex:-1)
2025-05-31 08:57:59,534 [INFO] PluginManage:310 - Check plugin updater
2025-05-31 08:57:59,565 [INFO] PluginManage:359 - Loaded plugin updater (category:base,tabindex:12)
2025-05-31 08:57:59,565 [INFO] PluginManage:310 - Check plugin userauth
2025-05-31 08:57:59,570 [INFO] UserAuth:118 - Init User Auth plugin
2025-05-31 08:57:59,573 [INFO] PluginManage:359 - Loaded plugin userauth (category:base,tabindex:14)
2025-05-31 08:57:59,573 [INFO] PluginManage:283 - PluginManage : Loaded plugins [18]
2025-05-31 08:57:59,959 [INFO] PinOutPanel:1589 - setPackage(No Configuration,No Configuration)
2025-05-31 08:58:00,180 [INFO] CADModel:165 - CPN selected for project level
2025-05-31 08:58:00,181 [INFO] CADModel:114 - Register for checkConnection events
2025-05-31 08:58:00,249 [INFO] IPUIPlugin:80 - create IPUIPlugin
2025-05-31 08:58:00,249 [INFO] PluginManager:220 - loadIPPluginJar : add adc
2025-05-31 08:58:00,301 [INFO] IPUIPlugin:80 - create IPUIPlugin
2025-05-31 08:58:00,301 [INFO] PluginManager:220 - loadIPPluginJar : add aes
2025-05-31 08:58:00,351 [INFO] IPUIPlugin:80 - create IPUIPlugin
2025-05-31 08:58:00,352 [INFO] PluginManager:220 - loadIPPluginJar : add can
2025-05-31 08:58:00,406 [INFO] IPUIPlugin:80 - create IPUIPlugin
2025-05-31 08:58:00,406 [INFO] PluginManager:220 - loadIPPluginJar : add comp
2025-05-31 08:58:00,470 [INFO] IPUIPlugin:80 - create IPUIPlugin
2025-05-31 08:58:00,470 [INFO] PluginManager:220 - loadIPPluginJar : add cryp
2025-05-31 08:58:00,486 [INFO] IPUIPlugin:80 - create IPUIPlugin
2025-05-31 08:58:00,486 [INFO] PluginManager:220 - loadIPPluginJar : add ddr_ctrl_phy
2025-05-31 08:58:00,520 [INFO] IPUIPlugin:80 - create IPUIPlugin
2025-05-31 08:58:00,520 [INFO] PluginManager:220 - loadIPPluginJar : add dfsdm
2025-05-31 08:58:00,548 [INFO] IPUIPlugin:80 - create IPUIPlugin
2025-05-31 08:58:00,549 [INFO] PluginManager:220 - loadIPPluginJar : add dma
2025-05-31 08:58:00,624 [INFO] IPUIPlugin:80 - create IPUIPlugin
2025-05-31 08:58:00,624 [INFO] PluginManager:220 - loadIPPluginJar : add dma3
2025-05-31 08:58:00,678 [INFO] IPUIPlugin:80 - create IPUIPlugin
2025-05-31 08:58:00,678 [INFO] PluginManager:220 - loadIPPluginJar : add extmemmanager
2025-05-31 08:58:00,726 [INFO] IPUIPlugin:80 - create IPUIPlugin
2025-05-31 08:58:00,726 [INFO] PluginManager:220 - loadIPPluginJar : add fatfs
2025-05-31 08:58:00,818 [INFO] IPUIPlugin:80 - create IPUIPlugin
2025-05-31 08:58:00,819 [INFO] PluginManager:220 - loadIPPluginJar : add fmc
2025-05-31 08:58:00,848 [INFO] IPUIPlugin:80 - create IPUIPlugin
2025-05-31 08:58:00,848 [INFO] PluginManager:220 - loadIPPluginJar : add freertos
2025-05-31 08:58:00,881 [INFO] IPUIPlugin:80 - create IPUIPlugin
2025-05-31 08:58:00,881 [INFO] PluginManager:220 - loadIPPluginJar : add genericplugin
2025-05-31 08:58:01,088 [INFO] IPUIPlugin:80 - create IPUIPlugin
2025-05-31 08:58:01,088 [INFO] PluginManager:220 - loadIPPluginJar : add gfxmmu
2025-05-31 08:58:01,352 [INFO] IPUIPlugin:80 - create IPUIPlugin
2025-05-31 08:58:01,353 [INFO] PluginManager:220 - loadIPPluginJar : add gic
2025-05-31 08:58:01,378 [INFO] IPUIPlugin:80 - create IPUIPlugin
2025-05-31 08:58:01,378 [INFO] PluginManager:220 - loadIPPluginJar : add gpio
2025-05-31 08:58:01,516 [INFO] IPUIPlugin:80 - create IPUIPlugin
2025-05-31 08:58:01,518 [INFO] PluginManager:220 - loadIPPluginJar : add gtzc
2025-05-31 08:58:01,582 [INFO] IPUIPlugin:80 - create IPUIPlugin
2025-05-31 08:58:01,582 [INFO] PluginManager:220 - loadIPPluginJar : add hash
2025-05-31 08:58:01,636 [INFO] IPUIPlugin:80 - create IPUIPlugin
2025-05-31 08:58:01,637 [INFO] PluginManager:220 - loadIPPluginJar : add i2c
2025-05-31 08:58:01,723 [INFO] IPUIPlugin:80 - create IPUIPlugin
2025-05-31 08:58:01,723 [INFO] PluginManager:220 - loadIPPluginJar : add i2s
2025-05-31 08:58:01,769 [INFO] IPUIPlugin:80 - create IPUIPlugin
2025-05-31 08:58:01,769 [INFO] PluginManager:220 - loadIPPluginJar : add i3c
2025-05-31 08:58:01,981 [INFO] IPUIPlugin:80 - create IPUIPlugin
2025-05-31 08:58:01,981 [INFO] PluginManager:220 - loadIPPluginJar : add ipddr
2025-05-31 08:58:02,104 [INFO] IPUIPlugin:80 - create IPUIPlugin
2025-05-31 08:58:02,104 [INFO] PluginManager:220 - loadIPPluginJar : add linkedlist
2025-05-31 08:58:02,125 [INFO] ThirdPartyUpdaterWithRetryManager:70 - Updater plugin not ready yet. [2/15]
2025-05-31 08:58:02,146 [INFO] IPUIPlugin:80 - create IPUIPlugin
2025-05-31 08:58:02,146 [INFO] PluginManager:220 - loadIPPluginJar : add lorawan
2025-05-31 08:58:02,202 [INFO] IPUIPlugin:80 - create IPUIPlugin
2025-05-31 08:58:02,202 [INFO] PluginManager:220 - loadIPPluginJar : add ltdc
2025-05-31 08:58:02,223 [INFO] IPUIPlugin:80 - create IPUIPlugin
2025-05-31 08:58:02,223 [INFO] PluginManager:220 - loadIPPluginJar : add mdma
2025-05-31 08:58:02,240 [INFO] IPUIPlugin:80 - create IPUIPlugin
2025-05-31 08:58:02,240 [INFO] PluginManager:220 - loadIPPluginJar : add nvic
2025-05-31 08:58:02,280 [INFO] IPUIPlugin:80 - create IPUIPlugin
2025-05-31 08:58:02,280 [INFO] PluginManager:220 - loadIPPluginJar : add opamp
2025-05-31 08:58:02,364 [INFO] IPUIPlugin:80 - create IPUIPlugin
2025-05-31 08:58:02,364 [INFO] PluginManager:220 - loadIPPluginJar : add openamp
2025-05-31 08:58:02,460 [INFO] IPUIPlugin:80 - create IPUIPlugin
2025-05-31 08:58:02,460 [INFO] PluginManager:220 - loadIPPluginJar : add pdm2pcm
2025-05-31 08:58:02,486 [INFO] IPUIPlugin:80 - create IPUIPlugin
2025-05-31 08:58:02,489 [INFO] PluginManager:220 - loadIPPluginJar : add plateformsettings
2025-05-31 08:58:02,540 [INFO] IPUIPlugin:80 - create IPUIPlugin
2025-05-31 08:58:02,541 [INFO] PluginManager:220 - loadIPPluginJar : add quadspi
2025-05-31 08:58:02,599 [INFO] IPUIPlugin:80 - create IPUIPlugin
2025-05-31 08:58:02,600 [INFO] PluginManager:220 - loadIPPluginJar : add radio
2025-05-31 08:58:02,631 [INFO] IPUIPlugin:80 - create IPUIPlugin
2025-05-31 08:58:02,631 [INFO] PluginManager:220 - loadIPPluginJar : add resmgrutility
2025-05-31 08:58:02,735 [INFO] IPUIPlugin:80 - create IPUIPlugin
2025-05-31 08:58:02,735 [INFO] PluginManager:220 - loadIPPluginJar : add sai
2025-05-31 08:58:02,819 [INFO] IPUIPlugin:80 - create IPUIPlugin
2025-05-31 08:58:02,819 [INFO] PluginManager:220 - loadIPPluginJar : add spi
2025-05-31 08:58:03,018 [INFO] IPUIPlugin:80 - create IPUIPlugin
2025-05-31 08:58:03,018 [INFO] PluginManager:220 - loadIPPluginJar : add stm32_wpan
2025-05-31 08:58:03,074 [INFO] IPUIPlugin:80 - create IPUIPlugin
2025-05-31 08:58:03,074 [INFO] PluginManager:220 - loadIPPluginJar : add tim
2025-05-31 08:58:03,210 [INFO] IPUIPlugin:80 - create IPUIPlugin
2025-05-31 08:58:03,211 [INFO] PluginManager:220 - loadIPPluginJar : add touchsensing
2025-05-31 08:58:03,256 [INFO] IPUIPlugin:80 - create IPUIPlugin
2025-05-31 08:58:03,256 [INFO] PluginManager:220 - loadIPPluginJar : add tracer_emb
2025-05-31 08:58:03,280 [INFO] IPUIPlugin:80 - create IPUIPlugin
2025-05-31 08:58:03,280 [INFO] PluginManager:220 - loadIPPluginJar : add ts
2025-05-31 08:58:03,306 [INFO] IPUIPlugin:80 - create IPUIPlugin
2025-05-31 08:58:03,306 [INFO] PluginManager:220 - loadIPPluginJar : add tsc
2025-05-31 08:58:03,349 [INFO] IPUIPlugin:80 - create IPUIPlugin
2025-05-31 08:58:03,349 [INFO] PluginManager:220 - loadIPPluginJar : add ucpd
2025-05-31 08:58:03,437 [INFO] IPUIPlugin:80 - create IPUIPlugin
2025-05-31 08:58:03,437 [INFO] PluginManager:220 - loadIPPluginJar : add usart
2025-05-31 08:58:03,503 [INFO] IPUIPlugin:80 - create IPUIPlugin
2025-05-31 08:58:03,503 [INFO] PluginManager:220 - loadIPPluginJar : add usbx
2025-05-31 08:58:03,638 [FATAL] Updater:351 - Updater called before beeing initialized
2025-05-31 08:58:03,659 [INFO] RulesReader:64 - Compatibility file has been processed (297 Rules)
2025-05-31 08:58:03,666 [INFO] RulesReader:64 - Compatibility file has been processed (297 Rules)
2025-05-31 08:58:03,666 [INFO] CADModel:165 - CPN selected for project level
2025-05-31 08:58:03,666 [INFO] CADModel:114 - Register for checkConnection events
2025-05-31 08:58:03,666 [FATAL] Updater:351 - Updater called before beeing initialized
2025-05-31 08:58:03,666 [ERROR] CADModel:125 - Updater not yet initialized, retry later 
2025-05-31 08:58:03,863 [FATAL] Updater:351 - Updater called before beeing initialized
2025-05-31 08:58:03,865 [INFO] CADModel:165 - CPN selected for project level
2025-05-31 08:58:03,865 [INFO] CADModel:114 - Register for checkConnection events
2025-05-31 08:58:03,865 [FATAL] Updater:351 - Updater called before beeing initialized
2025-05-31 08:58:03,865 [ERROR] CADModel:125 - Updater not yet initialized, retry later 
2025-05-31 08:58:03,868 [FATAL] Updater:351 - Updater called before beeing initialized
2025-05-31 08:58:03,964 [FATAL] Updater:351 - Updater called before beeing initialized
2025-05-31 08:58:03,981 [INFO] DbMcusAds:53 - JSON generation date=Wed May 07 16:07:55 ICT 2025 (1746608875484)
2025-05-31 08:58:03,982 [FATAL] Updater:351 - Updater called before beeing initialized
2025-05-31 08:58:04,036 [WARN] DetailPanel:346 - Failed to get advertising image, set to default
2025-05-31 08:58:04,323 [FATAL] Updater:351 - Updater called before beeing initialized
2025-05-31 08:58:04,329 [FATAL] Updater:351 - Updater called before beeing initialized
2025-05-31 08:58:04,329 [FATAL] Updater:351 - Updater called before beeing initialized
2025-05-31 08:58:04,329 [WARN] DetailPanel:346 - Failed to get advertising image, set to default
2025-05-31 08:58:04,330 [FATAL] Updater:351 - Updater called before beeing initialized
2025-05-31 08:58:04,452 [ERROR] Updater:1198 - MainUpdater not yet initialized. External WinMGr cannot be set.
2025-05-31 08:58:04,468 [INFO] Updater:1134 - Updater Version found : 6.13.0
2025-05-31 08:58:04,505 [INFO] ApplicationProperties:184 - Using Application install path: C:\ST\STM32CubeIDE_1.17.0\STM32CubeIDE\plugins\com.st.stm32cube.common.mx_6.13.0.202411220809
2025-05-31 08:58:05,128 [INFO] ThirdPartyUpdaterWithRetryManager:70 - Updater plugin not ready yet. [3/15]
2025-05-31 08:58:05,246 [INFO] MainUpdater:2872 - connection check result : 10
2025-05-31 08:58:05,247 [INFO] MainUpdater:3566 - Updater definition file requires update
2025-05-31 08:58:05,248 [INFO] MainUpdater:289 - Updater Check For Update Now.
2025-05-31 08:58:05,249 [INFO] MicroXplorer:498 - Change Database Version : DB.6.0.130
2025-05-31 08:58:05,274 [INFO] McuFinderGlobals:63 - Set McuFinder mode to 2 (CubeIDE integrated)
2025-05-31 08:58:05,283 [INFO] UserAuth:486 - Internet connection configuration mode: 1
2025-05-31 08:58:05,314 [INFO] JxBrowserEngine:152 - Initiate JxBrowser Engine with user profile folder
2025-05-31 08:58:05,413 [INFO] ServerAccessManage:473 - Download File updaters.zip
2025-05-31 08:58:05,577 [INFO] FileExtend:240 - Unzip File : updaters.zip
2025-05-31 08:58:05,577 [INFO] FileExtend:255 - Standard Zip Deflate
2025-05-31 08:58:07,710 [INFO] ServerAccessManage:473 - Download File PacksControlFlags.xml
2025-05-31 08:58:08,132 [WARN] MainUpdater:1193 - Updater busy. Cannot search thirdparties
2025-05-31 08:58:08,132 [INFO] ThirdPartyUpdaterWithRetryManager:96 - Updater plugin is busy. [1/15]
2025-05-31 08:58:08,190 [INFO] ServerAccessManage:473 - Download File cubemx.pidx
2025-05-31 08:58:08,761 [INFO] WebApp:168 - Instantiating new browser for Auth
2025-05-31 08:58:09,131 [INFO] ServerAccessManage:473 - Download File STMicroelectronics.X-CUBE-AI.pdsc
2025-05-31 08:58:09,928 [INFO] WebApp:449 - Apply proxy settings
2025-05-31 08:58:09,929 [INFO] WebApp:534 - Chromium requires no authentication
2025-05-31 08:58:09,958 [INFO] WebApp:477 - Direct internet connection detected
2025-05-31 08:58:09,999 [INFO] WebApp:880 - Register for checkConnection events
2025-05-31 08:58:09,999 [INFO] WebApp:449 - Apply proxy settings
2025-05-31 08:58:09,999 [INFO] WebApp:534 - Chromium requires no authentication
2025-05-31 08:58:10,000 [INFO] WebApp:477 - Direct internet connection detected
2025-05-31 08:58:10,138 [INFO] WebApp:187 - Connection restablished
2025-05-31 08:58:10,229 [INFO] WebApp:221 - Starting web application
2025-05-31 08:58:10,230 [INFO] WebApp:579 - Web application path used C:\ST\STM32CubeIDE_1.17.0\STM32CubeIDE\plugins\com.st.stm32cube.common.mx_6.13.0.202411220809\db\plugins\mcufinder\reactClient1\index.html
2025-05-31 08:58:10,408 [INFO] UserAuth:486 - Internet connection configuration mode: 1
2025-05-31 08:58:11,147 [WARN] MainUpdater:1193 - Updater busy. Cannot search thirdparties
2025-05-31 08:58:11,147 [INFO] ThirdPartyUpdaterWithRetryManager:96 - Updater plugin is busy. [2/15]
2025-05-31 08:58:14,150 [WARN] MainUpdater:1193 - Updater busy. Cannot search thirdparties
2025-05-31 08:58:14,150 [INFO] ThirdPartyUpdaterWithRetryManager:96 - Updater plugin is busy. [3/15]
2025-05-31 08:58:14,486 [WARN] PackLoader:240 - Cannot read IP mode file for STMicroelectronics.X-CUBE-AI.10.1.0
2025-05-31 08:58:14,488 [INFO] PopulateThirdPartyThread:66 - Ending populate Thread
2025-05-31 08:58:14,491 [INFO] ThirdParty:1030 - CMSIS Pack Vendor :STMicroelectronics X-CUBE-AI 10.1.0
2025-05-31 08:58:14,491 [INFO] LoadServerUpdatesThread:375 - End of LoadServerUpdate Thread
2025-05-31 08:58:14,636 [INFO] CheckServerUpdateThread:120 - End of CheckServer Thread
2025-05-31 08:58:24,419 [WARN] PackLoader:240 - Cannot read IP mode file for STMicroelectronics.FP-SNS-MOTENVWB1.1.4.0
2025-05-31 08:58:24,428 [WARN] PackLoader:240 - Cannot read IP mode file for STMicroelectronics.FP-ATR-ASTRA1.2.0.2
2025-05-31 08:58:24,445 [WARN] PackLoader:240 - Cannot read IP mode file for STMicroelectronics.FP-ATR-ASTRA1.2.0.1
2025-05-31 08:58:24,464 [WARN] PackLoader:240 - Cannot read IP mode file for STMicroelectronics.X-CUBE-SMBUS.2.1.0
2025-05-31 08:58:24,484 [WARN] PackLoader:240 - Cannot read IP mode file for STMicroelectronics.X-CUBE-WB05N.1.1.0
2025-05-31 08:58:24,502 [WARN] PackLoader:240 - Cannot read IP mode file for STMicroelectronics.X-CUBE-ST60.1.0.0
2025-05-31 08:58:24,540 [WARN] PackLoader:240 - Cannot read IP mode file for STMicroelectronics.X-CUBE-AZRTOS-F7.1.1.0
2025-05-31 08:58:24,560 [WARN] PackLoader:240 - Cannot read IP mode file for STMicroelectronics.FP-SNS-FLIGHT1.5.0.2
2025-05-31 08:58:24,615 [WARN] PackLoader:240 - Cannot read IP mode file for Infineon.AIROC-Wi-Fi-Bluetooth-STM32.1.7.0
2025-05-31 08:58:24,647 [WARN] PackLoader:240 - Cannot read IP mode file for STMicroelectronics.X-CUBE-DISPLAY.3.0.0
2025-05-31 08:58:24,672 [WARN] PackLoader:240 - Cannot read IP mode file for STMicroelectronics.X-CUBE-BLE1.7.0.0
2025-05-31 08:58:24,694 [WARN] PackLoader:240 - Cannot read IP mode file for STMicroelectronics.X-CUBE-NFC10.1.0.0
2025-05-31 08:58:24,728 [WARN] PackLoader:240 - Cannot read IP mode file for STMicroelectronics.X-CUBE-BLEMGR.4.0.0
2025-05-31 08:58:24,762 [WARN] PackLoader:240 - Cannot read IP mode file for emotas.I-CUBE-CANOPEN.1.3.0
2025-05-31 08:58:24,782 [WARN] PackLoader:240 - Cannot read IP mode file for STMicroelectronics.X-CUBE-AI.10.0.0
2025-05-31 08:58:24,800 [WARN] PackLoader:240 - Cannot read IP mode file for STMicroelectronics.FP-SNS-SMARTAG2.1.2.0
2025-05-31 08:58:24,811 [WARN] PackLoader:240 - Cannot read IP mode file for STMicroelectronics.FP-SNS-FLIGHT1.5.1.0
2025-05-31 08:58:24,921 [WARN] PackLoader:240 - Cannot read IP mode file for STMicroelectronics.X-CUBE-MEMS1.11.1.0
2025-05-31 08:58:25,100 [INFO] LogOutputStream:77 - [STDOUT_REDIRECT] 1 : Invalid condition id : UX_CORESTACK_Condition cause : null
2025-05-31 08:58:25,103 [INFO] LogOutputStream:77 - [STDOUT_REDIRECT] 1 : Invalid condition id : UX_CORESTACK_Condition cause : null
2025-05-31 08:58:25,104 [INFO] LogOutputStream:77 - [STDOUT_REDIRECT] 1 : Invalid condition id : UX_CORESTACK_Condition cause : null
2025-05-31 08:58:25,106 [INFO] LogOutputStream:77 - [STDOUT_REDIRECT] 1 : Invalid condition id : UX_CORESTACK_Condition cause : null
2025-05-31 08:58:25,107 [INFO] LogOutputStream:77 - [STDOUT_REDIRECT] 1 : Invalid condition id : UX_CORESTACK_Condition cause : null
2025-05-31 08:58:25,111 [WARN] PackLoader:240 - Cannot read IP mode file for STMicroelectronics.X-CUBE-AZRTOS-WL.2.0.0
2025-05-31 08:58:25,128 [WARN] PackLoader:240 - Cannot read IP mode file for STMicroelectronics.FP-SNS-MOTENV1.5.0.0
2025-05-31 08:58:25,135 [WARN] PackLoader:240 - Cannot read IP mode file for wolfSSL.I-CUBE-wolfMQTT.1.19.0
2025-05-31 08:58:25,151 [WARN] PackLoader:240 - Cannot read IP mode file for WES.I-CUBE-Cesium.1.3.0
2025-05-31 08:58:25,171 [WARN] PackLoader:240 - Cannot read IP mode file for STMicroelectronics.X-CUBE-BLE2.3.3.0
2025-05-31 08:58:25,185 [WARN] PackLoader:240 - Cannot read IP mode file for STMicroelectronics.X-CUBE-NFC9.1.0.0
2025-05-31 08:58:25,198 [WARN] PackLoader:240 - Cannot read IP mode file for STMicroelectronics.X-CUBE-BLE1.7.1.0
2025-05-31 08:58:25,202 [WARN] PackLoader:240 - Cannot read IP mode file for STMicroelectronics.X-CUBE-AI.10.1.0
2025-05-31 08:58:25,248 [WARN] PackLoader:240 - Cannot read IP mode file for STMicroelectronics.X-CUBE-MEMS1.11.2.0
2025-05-31 08:58:25,396 [WARN] PackLoader:240 - Cannot read IP mode file for STMicroelectronics.X-CUBE-AZRTOS-G0.1.1.0
2025-05-31 08:58:25,417 [WARN] PackLoader:240 - Cannot read IP mode file for STMicroelectronics.X-CUBE-SAFEA1.1.2.2
2025-05-31 08:58:25,437 [WARN] PackLoader:240 - Cannot read IP mode file for STMicroelectronics.X-CUBE-NFC4.3.0.0
2025-05-31 08:58:25,456 [WARN] PackLoader:240 - Cannot read IP mode file for EmbeddedOffice.I-CUBE-FS-RTOS.1.0.1
2025-05-31 08:58:25,470 [WARN] PackLoader:240 - Cannot read IP mode file for STMicroelectronics.X-CUBE-WB05N.2.0.0
2025-05-31 08:58:25,491 [WARN] PackLoader:240 - Cannot read IP mode file for STMicroelectronics.X-CUBE-TCPP.4.2.0
2025-05-31 08:58:25,508 [WARN] PackLoader:240 - Cannot read IP mode file for RealThread.X-CUBE-RT-Thread_Nano.4.1.1
2025-05-31 08:58:25,512 [WARN] PackLoader:240 - Cannot read IP mode file for STMicroelectronics.FP-ATR-SIGFOX1.3.2.0
2025-05-31 08:58:25,519 [WARN] ConditionMgr:438 - getConditionDescription Invalid condition id : Cortex-A Device cause : null
2025-05-31 08:58:25,549 [WARN] ConditionMgr:1044 - genDependencies : Invalid condition id : Cortex-A Device cause : null
2025-05-31 08:58:25,549 [WARN] ConditionMgr:1044 - genDependencies : Invalid condition id : Cortex-A Device cause : null
2025-05-31 08:58:25,549 [WARN] ConditionMgr:1044 - genDependencies : Invalid condition id : Cortex-A Device cause : null
2025-05-31 08:58:25,565 [WARN] PackLoader:240 - Cannot read IP mode file for STMicroelectronics.X-CUBE-EEPRMA1.5.1.0
2025-05-31 08:58:25,581 [WARN] PackLoader:240 - Cannot read IP mode file for wolfSSL.I-CUBE-wolfSSL.5.7.4
2025-05-31 08:58:25,597 [WARN] PackLoader:240 - Cannot read IP mode file for ITTIA_DB.I-CUBE-ITTIADB.8.9.0
2025-05-31 08:58:25,627 [WARN] PackLoader:240 - Cannot read IP mode file for SEGGER.I-CUBE-embOS.1.3.1
2025-05-31 08:58:25,667 [WARN] PackLoader:240 - Cannot read IP mode file for STMicroelectronics.X-CUBE-ALGOBUILD.1.4.0
2025-05-31 08:58:25,680 [WARN] PackLoader:240 - Cannot read IP mode file for STMicroelectronics.X-CUBE-AI.9.1.0
2025-05-31 08:58:25,706 [WARN] PackLoader:240 - Cannot read IP mode file for STMicroelectronics.X-CUBE-AZRTOS-F4.1.1.0
2025-05-31 08:58:25,714 [WARN] PackLoader:240 - Cannot read IP mode file for Avnet-IotConnect.X-CUBE-IoTC-DA16k-PMOD.1.0.0
2025-05-31 08:58:25,728 [WARN] PackLoader:240 - Cannot read IP mode file for STMicroelectronics.X-CUBE-ISPU.2.1.0
2025-05-31 08:58:25,755 [WARN] PackLoader:240 - Cannot read IP mode file for STMicroelectronics.X-CUBE-AZRTOS-L5.2.0.0
2025-05-31 08:58:25,774 [WARN] PackLoader:240 - Cannot read IP mode file for STMicroelectronics.X-CUBE-NFC6.3.1.0
2025-05-31 08:58:25,796 [WARN] PackLoader:240 - Cannot read IP mode file for STMicroelectronics.X-CUBE-DPower.1.2.0
2025-05-31 08:58:25,811 [WARN] PackLoader:240 - Cannot read IP mode file for STMicroelectronics.X-CUBE-FREERTOS.1.3.1
2025-05-31 08:58:25,824 [WARN] PackLoader:240 - Cannot read IP mode file for STMicroelectronics.X-CUBE-FREERTOS.1.3.0
2025-05-31 08:58:25,840 [WARN] PackLoader:240 - Cannot read IP mode file for STMicroelectronics.X-CUBE-NFC7.1.0.1
2025-05-31 08:58:25,854 [WARN] PackLoader:240 - Cannot read IP mode file for STMicroelectronics.X-CUBE-DPower.1.3.0
2025-05-31 08:58:25,883 [WARN] ConditionMgr:438 - getConditionDescription Invalid condition id : LAN8742 Phy interface Condition cause : null
2025-05-31 08:58:25,884 [WARN] PackLoader:240 - Cannot read IP mode file for STMicroelectronics.X-CUBE-AZRTOS-L4.2.0.0
2025-05-31 08:58:25,885 [WARN] ConditionMgr:1044 - genDependencies : Invalid condition id : LAN8742 Phy interface Condition cause : null
2025-05-31 08:58:25,885 [WARN] ConditionMgr:1044 - genDependencies : Invalid condition id : LAN8742 Phy interface Condition cause : null
2025-05-31 08:58:25,885 [WARN] ConditionMgr:1044 - genDependencies : Invalid condition id : LAN8742 Phy interface Condition cause : null
2025-05-31 08:58:25,902 [WARN] PackLoader:240 - Cannot read IP mode file for STMicroelectronics.X-CUBE-SFXS2LP1.4.0.0
2025-05-31 08:58:25,928 [WARN] PackLoader:240 - Cannot read IP mode file for STMicroelectronics.X-CUBE-AZRTOS-H7.3.3.0
2025-05-31 08:58:25,963 [WARN] ConditionMgr:438 - getConditionDescription Invalid condition id : UX DEVICE CLASS RTOS Condition cause : null
2025-05-31 08:58:25,963 [WARN] ConditionMgr:438 - getConditionDescription Invalid condition id : UX DEVICE CLASS RTOS Condition cause : null
2025-05-31 08:58:25,965 [WARN] PackLoader:240 - Cannot read IP mode file for STMicroelectronics.X-CUBE-AZRTOS-WB.2.0.0
2025-05-31 08:58:25,965 [WARN] ConditionMgr:1044 - genDependencies : Invalid condition id : UX DEVICE CLASS RTOS Condition cause : null
2025-05-31 08:58:25,966 [WARN] ConditionMgr:1044 - genDependencies : Invalid condition id : UX DEVICE CLASS RTOS Condition cause : null
2025-05-31 08:58:25,966 [WARN] ConditionMgr:1044 - genDependencies : Invalid condition id : UX DEVICE CLASS RTOS Condition cause : null
2025-05-31 08:58:25,966 [WARN] ConditionMgr:1044 - genDependencies : Invalid condition id : UX DEVICE CLASS RTOS Condition cause : null
2025-05-31 08:58:25,966 [WARN] ConditionMgr:1044 - genDependencies : Invalid condition id : UX DEVICE CLASS RTOS Condition cause : null
2025-05-31 08:58:25,981 [WARN] PackLoader:240 - Cannot read IP mode file for STMicroelectronics.X-CUBE-GNSS1.7.0.1
2025-05-31 08:58:25,997 [WARN] PackLoader:240 - Cannot read IP mode file for STMicroelectronics.X-CUBE-TOUCHGFX.4.25.0
2025-05-31 08:58:26,012 [WARN] PackLoader:240 - Cannot read IP mode file for STMicroelectronics.FP-SNS-STBOX1.2.0.0
2025-05-31 08:58:26,031 [WARN] PackLoader:240 - Cannot read IP mode file for STMicroelectronics.X-CUBE-SUBG2.5.0.0
2025-05-31 08:58:26,062 [WARN] PackLoader:240 - Cannot read IP mode file for STMicroelectronics.X-CUBE-AZRTOS-H7RS.1.1.0
2025-05-31 08:58:26,069 [WARN] PackLoader:240 - Cannot read IP mode file for Cesanta.I-CUBE-Mongoose.7.13.0
2025-05-31 08:58:26,099 [WARN] PackLoader:240 - Cannot read IP mode file for STMicroelectronics.X-CUBE-AZRTOS-G4.2.0.0
2025-05-31 08:58:26,121 [WARN] PackLoader:240 - Cannot read IP mode file for STMicroelectronics.X-CUBE-NFC7.2.0.0
2025-05-31 08:58:26,148 [WARN] PackLoader:240 - Cannot read IP mode file for STMicroelectronics.X-CUBE-IPS.3.1.0
2025-05-31 08:58:26,172 [WARN] PackLoader:240 - Cannot read IP mode file for STMicroelectronics.X-CUBE-ALS.1.0.2
2025-05-31 08:58:26,184 [WARN] PackLoader:240 - Cannot read IP mode file for STMicroelectronics.X-CUBE-TOUCHGFX.4.24.2
2025-05-31 08:58:26,189 [WARN] PackLoader:240 - Cannot read IP mode file for wolfSSL.I-CUBE-wolfTPM.3.4.0
2025-05-31 08:58:26,205 [WARN] PackLoader:240 - Cannot read IP mode file for portGmbH.I-Cube-SoM-uGOAL.1.1.0
2025-05-31 08:58:26,230 [WARN] PackLoader:240 - Cannot read IP mode file for STMicroelectronics.X-CUBE-AZRTOS-H7RS.1.0.0
2025-05-31 08:58:26,257 [WARN] PackLoader:240 - Cannot read IP mode file for STMicroelectronics.X-CUBE-TOF1.3.4.2
2025-05-31 08:58:26,286 [WARN] PackLoader:240 - Cannot read IP mode file for STMicroelectronics.X-CUBE-TOF1.3.4.3
2025-05-31 08:58:26,299 [WARN] PackLoader:240 - Cannot read IP mode file for wolfSSL.I-CUBE-wolfSSH.1.4.17
2025-05-31 08:58:26,299 [INFO] ThirdParty:978 - Integrity check success = true
2025-05-31 08:58:26,299 [INFO] IntegrityCheckThread:100 - exiting critical section [integrity check]
2025-05-31 08:58:26,299 [INFO] IntegrityCheckThread:103 - End integrity checks thread
2025-05-31 11:08:39,757 [ERROR] LogOutputStream:75 - [STDERR_REDIRECT] 
2025-05-31 14:07:26,874 [INFO] Activator:176 - 


2025-05-31 14:07:26,875 [INFO] Activator:177 - !SESSION log4j initialized
2025-05-31 14:07:32,633 [INFO] LogOutputStream:77 - [STDOUT_REDIRECT] 
2025-05-31 14:07:35,619 [INFO] ApplicationProperties:184 - Using Application install path: C:\ST\STM32CubeIDE_1.17.0\STM32CubeIDE\plugins\com.st.stm32cube.common.mx_6.13.0.202411220809
2025-05-31 14:07:35,634 [INFO] DbMcusXml:78 - Set database path to: C:\ST\STM32CubeIDE_1.17.0\STM32CubeIDE\plugins\com.st.stm32cube.common.mx_6.13.0.202411220809\\db\/mcu/
2025-05-31 14:07:35,634 [INFO] ApiDb:274 - Set plugin database path to: C:\ST\STM32CubeIDE_1.17.0\STM32CubeIDE\plugins\com.st.stm32cube.common.mx_6.13.0.202411220809\\db\/plugins/boardmanager/
2025-05-31 14:07:35,634 [WARN] ApiDb:259 - Overriding images path with different value:  => C:\ST\STM32CubeIDE_1.17.0\STM32CubeIDE\plugins\com.st.stm32cube.common.mx_6.13.0.202411220809\\db\/plugins/mcufinder/images/
2025-05-31 14:07:35,648 [INFO] ApiDb:250 - Set database path to: C:\Users\APC\.stmcufinder\plugins\mcufinder//mcu/
2025-05-31 14:07:35,649 [INFO] DbMcusAds:125 - Set database path to: C:\Users\APC\.stmcufinder\plugins\mcufinder//mcu/
2025-05-31 14:07:35,651 [INFO] CrossReferenceDbSqlite:203 - Set database path to: C:\Users\APC\.stmcufinder\plugins\mcufinder//mcu/cs/
2025-05-31 14:07:35,744 [INFO] RulesReader:64 - Compatibility file has been processed (297 Rules)
2025-05-31 14:07:35,801 [INFO] DbMcusXml:78 - Set database path to: C:\ST\STM32CubeIDE_1.17.0\STM32CubeIDE\plugins\com.st.stm32cube.common.mx_6.13.0.202411220809\\db\/mcu/
2025-05-31 14:07:35,801 [INFO] ApiDb:274 - Set plugin database path to: C:\ST\STM32CubeIDE_1.17.0\STM32CubeIDE\plugins\com.st.stm32cube.common.mx_6.13.0.202411220809\\db\/plugins/boardmanager/
2025-05-31 14:07:35,801 [INFO] ApiDb:261 - Set plugin images path to: C:\ST\STM32CubeIDE_1.17.0\STM32CubeIDE\plugins\com.st.stm32cube.common.mx_6.13.0.202411220809\\db\/plugins/mcufinder/images/
2025-05-31 14:07:35,801 [WARN] DbFile:41 - Overriding database path with different value: C:\Users\APC\.stmcufinder\plugins\mcufinder/ => C:\Users\APC\.stmcufinder\plugins\mcufinder
2025-05-31 14:07:35,802 [INFO] ApiDb:250 - Set database path to: C:\Users\APC\.stmcufinder\plugins\mcufinder//mcu/
2025-05-31 14:07:35,802 [WARN] DbFile:41 - Overriding database path with different value: C:\Users\APC\.stmcufinder\plugins\mcufinder/ => C:\Users\APC\.stmcufinder\plugins\mcufinder
2025-05-31 14:07:35,802 [INFO] DbMcusAds:125 - Set database path to: C:\Users\APC\.stmcufinder\plugins\mcufinder//mcu/
2025-05-31 14:07:35,802 [WARN] DbFile:41 - Overriding database path with different value: C:\Users\APC\.stmcufinder\plugins\mcufinder/ => C:\Users\APC\.stmcufinder\plugins\mcufinder
2025-05-31 14:07:35,802 [WARN] DbFile:41 - Overriding database path with different value: C:\Users\APC\.stmcufinder\plugins\mcufinder/ => C:\Users\APC\.stmcufinder\plugins\mcufinder
2025-05-31 14:07:35,802 [INFO] CrossReferenceDbSqlite:203 - Set database path to: C:\Users\APC\.stmcufinder\plugins\mcufinder//mcu/cs/
2025-05-31 14:07:35,860 [INFO] MainPanel:272 - HeapMemory: 268435456
2025-05-31 14:07:35,949 [INFO] DbMcusXml:78 - Set database path to: C:\ST\STM32CubeIDE_1.17.0\STM32CubeIDE\plugins\com.st.stm32cube.common.mx_6.13.0.202411220809\\db\/mcu/
2025-05-31 14:07:35,949 [INFO] ApiDb:274 - Set plugin database path to: C:\ST\STM32CubeIDE_1.17.0\STM32CubeIDE\plugins\com.st.stm32cube.common.mx_6.13.0.202411220809\\db\/plugins/boardmanager/
2025-05-31 14:07:35,950 [INFO] ApiDb:261 - Set plugin images path to: C:\ST\STM32CubeIDE_1.17.0\STM32CubeIDE\plugins\com.st.stm32cube.common.mx_6.13.0.202411220809\\db\/plugins/mcufinder/images/
2025-05-31 14:07:35,950 [WARN] DbFile:41 - Overriding database path with different value: C:\Users\APC\.stmcufinder\plugins\mcufinder/ => C:\Users\APC\.stmcufinder\plugins\mcufinder
2025-05-31 14:07:35,950 [INFO] ApiDb:250 - Set database path to: C:\Users\APC\.stmcufinder\plugins\mcufinder//mcu/
2025-05-31 14:07:35,950 [WARN] DbFile:41 - Overriding database path with different value: C:\Users\APC\.stmcufinder\plugins\mcufinder/ => C:\Users\APC\.stmcufinder\plugins\mcufinder
2025-05-31 14:07:35,950 [INFO] DbMcusAds:125 - Set database path to: C:\Users\APC\.stmcufinder\plugins\mcufinder//mcu/
2025-05-31 14:07:35,950 [WARN] DbFile:41 - Overriding database path with different value: C:\Users\APC\.stmcufinder\plugins\mcufinder/ => C:\Users\APC\.stmcufinder\plugins\mcufinder
2025-05-31 14:07:35,950 [WARN] DbFile:41 - Overriding database path with different value: C:\Users\APC\.stmcufinder\plugins\mcufinder/ => C:\Users\APC\.stmcufinder\plugins\mcufinder
2025-05-31 14:07:35,950 [INFO] CrossReferenceDbSqlite:203 - Set database path to: C:\Users\APC\.stmcufinder\plugins\mcufinder//mcu/cs/
2025-05-31 14:07:35,967 [INFO] ApplicationProperties:184 - Using Application install path: C:\ST\STM32CubeIDE_1.17.0\STM32CubeIDE\plugins\com.st.stm32cube.common.mx_6.13.0.202411220809
2025-05-31 14:07:35,968 [INFO] PluginManage:196 - Search for loadable plugins [exclusion list=, ]
2025-05-31 14:07:35,970 [INFO] PluginManage:310 - Check plugin analytics
2025-05-31 14:07:36,118 [INFO] AnalyticsPlugin:253 - Accepted Software Licenses: STM32CubeMX.6.13.0
2025-05-31 14:07:36,118 [INFO] AnalyticsPlugin:255 - Accepted CMSIS Pack Licenses: 
2025-05-31 14:07:36,118 [INFO] AnalyticsPlugin:257 - Accepted Firmware Licenses: FW.F4.1.28.0
2025-05-31 14:07:36,121 [INFO] PluginManage:359 - Loaded plugin analytics (category:tool,tabindex:-1)
2025-05-31 14:07:36,122 [INFO] PluginManage:310 - Check plugin cadmodel
2025-05-31 14:07:36,142 [INFO] CADModel:105 - Init CAD model plugin
2025-05-31 14:07:36,142 [INFO] PluginManage:359 - Loaded plugin cadmodel (category:power,tabindex:5)
2025-05-31 14:07:36,142 [INFO] PluginManage:310 - Check plugin clock
2025-05-31 14:07:36,161 [INFO] PluginManage:359 - Loaded plugin clock (category:base,tabindex:2)
2025-05-31 14:07:36,161 [INFO] PluginManage:310 - Check plugin ddr
2025-05-31 14:07:36,163 [INFO] PluginManage:359 - Loaded plugin ddr (category:tool,tabindex:6)
2025-05-31 14:07:36,163 [INFO] PluginManage:310 - Check plugin filemanager
2025-05-31 14:07:36,289 [INFO] PluginManage:359 - Loaded plugin filemanager (category:base,tabindex:10)
2025-05-31 14:07:36,289 [INFO] PluginManage:310 - Check plugin ipmanager
2025-05-31 14:07:36,298 [INFO] PluginManage:359 - Loaded plugin ipmanager (category:base,tabindex:5)
2025-05-31 14:07:36,298 [INFO] PluginManage:310 - Check plugin lpbam
2025-05-31 14:07:36,317 [INFO] PluginManage:359 - Loaded plugin lpbam (category:base,tabindex:0)
2025-05-31 14:07:36,317 [INFO] PluginManage:310 - Check plugin memorymap
2025-05-31 14:07:36,339 [INFO] PluginManage:359 - Loaded plugin memorymap (category:base,tabindex:4)
2025-05-31 14:07:36,339 [INFO] PluginManage:310 - Check plugin pinoutandconfiguration
2025-05-31 14:07:36,356 [INFO] PluginManage:359 - Loaded plugin pinoutandconfiguration (category:base,tabindex:1)
2025-05-31 14:07:36,357 [INFO] PluginManage:310 - Check plugin pinoutconfig
2025-05-31 14:07:36,449 [WARN] SupportedApi:132 - Cannot load RTOS API schema: s4s-elt-must-match.1: The content of 'definitions' must match (annotation?, (simpleType | complexType)?, (unique | key | keyref)*)). A problem was found starting at: attribute.
2025-05-31 14:07:36,581 [INFO] PluginManage:359 - Loaded plugin pinoutconfig (category:base,tabindex:0)
2025-05-31 14:07:36,581 [INFO] PluginManage:310 - Check plugin power
2025-05-31 14:07:36,617 [INFO] PluginManage:359 - Loaded plugin power (category:power,tabindex:4)
2025-05-31 14:07:36,618 [INFO] PluginManage:310 - Check plugin projectmanager
2025-05-31 14:07:36,630 [INFO] PluginManage:359 - Loaded plugin projectmanager (category:projectmanager,tabindex:4)
2025-05-31 14:07:36,630 [INFO] PluginManage:310 - Check plugin rif
2025-05-31 14:07:36,647 [INFO] PluginManage:359 - Loaded plugin rif (category:base,tabindex:3)
2025-05-31 14:07:36,647 [INFO] PluginManage:310 - Check plugin thirdparty
2025-05-31 14:07:36,942 [WARN] IntegrityCheckThread:84 - waiting for thirdparty lock release [integrity check]
2025-05-31 14:07:36,942 [INFO] IntegrityCheckThread:86 - entering critical section [integrity check]
2025-05-31 14:07:36,942 [INFO] PluginManage:359 - Loaded plugin thirdparty (category:base,tabindex:-1)
2025-05-31 14:07:36,944 [INFO] PluginManage:310 - Check plugin tools
2025-05-31 14:07:36,944 [INFO] ThirdPartyUpdaterWithRetryManager:70 - Updater plugin not ready yet. [1/15]
2025-05-31 14:07:36,984 [INFO] PluginManage:359 - Loaded plugin tools (category:base,tabindex:7)
2025-05-31 14:07:36,984 [INFO] PluginManage:310 - Check plugin tutovideos
2025-05-31 14:07:37,173 [INFO] PluginManage:359 - Loaded plugin tutovideos (category:base,tabindex:-1)
2025-05-31 14:07:37,173 [INFO] PluginManage:310 - Check plugin updater
2025-05-31 14:07:37,192 [INFO] PluginManage:359 - Loaded plugin updater (category:base,tabindex:12)
2025-05-31 14:07:37,193 [INFO] PluginManage:310 - Check plugin userauth
2025-05-31 14:07:37,196 [INFO] UserAuth:118 - Init User Auth plugin
2025-05-31 14:07:37,197 [INFO] PluginManage:359 - Loaded plugin userauth (category:base,tabindex:14)
2025-05-31 14:07:37,197 [INFO] PluginManage:283 - PluginManage : Loaded plugins [18]
2025-05-31 14:07:37,375 [INFO] PinOutPanel:1589 - setPackage(No Configuration,No Configuration)
2025-05-31 14:07:37,437 [INFO] CADModel:165 - CPN selected for project level
2025-05-31 14:07:37,437 [INFO] CADModel:114 - Register for checkConnection events
2025-05-31 14:07:37,470 [INFO] IPUIPlugin:80 - create IPUIPlugin
2025-05-31 14:07:37,470 [INFO] PluginManager:220 - loadIPPluginJar : add adc
2025-05-31 14:07:37,512 [INFO] IPUIPlugin:80 - create IPUIPlugin
2025-05-31 14:07:37,512 [INFO] PluginManager:220 - loadIPPluginJar : add aes
2025-05-31 14:07:37,549 [INFO] IPUIPlugin:80 - create IPUIPlugin
2025-05-31 14:07:37,549 [INFO] PluginManager:220 - loadIPPluginJar : add can
2025-05-31 14:07:37,578 [INFO] IPUIPlugin:80 - create IPUIPlugin
2025-05-31 14:07:37,579 [INFO] PluginManager:220 - loadIPPluginJar : add comp
2025-05-31 14:07:37,616 [INFO] IPUIPlugin:80 - create IPUIPlugin
2025-05-31 14:07:37,616 [INFO] PluginManager:220 - loadIPPluginJar : add cryp
2025-05-31 14:07:37,629 [INFO] IPUIPlugin:80 - create IPUIPlugin
2025-05-31 14:07:37,629 [INFO] PluginManager:220 - loadIPPluginJar : add ddr_ctrl_phy
2025-05-31 14:07:37,658 [INFO] IPUIPlugin:80 - create IPUIPlugin
2025-05-31 14:07:37,658 [INFO] PluginManager:220 - loadIPPluginJar : add dfsdm
2025-05-31 14:07:37,676 [INFO] IPUIPlugin:80 - create IPUIPlugin
2025-05-31 14:07:37,676 [INFO] PluginManager:220 - loadIPPluginJar : add dma
2025-05-31 14:07:37,712 [INFO] IPUIPlugin:80 - create IPUIPlugin
2025-05-31 14:07:37,712 [INFO] PluginManager:220 - loadIPPluginJar : add dma3
2025-05-31 14:07:37,747 [INFO] IPUIPlugin:80 - create IPUIPlugin
2025-05-31 14:07:37,747 [INFO] PluginManager:220 - loadIPPluginJar : add extmemmanager
2025-05-31 14:07:37,765 [INFO] IPUIPlugin:80 - create IPUIPlugin
2025-05-31 14:07:37,765 [INFO] PluginManager:220 - loadIPPluginJar : add fatfs
2025-05-31 14:07:37,806 [INFO] IPUIPlugin:80 - create IPUIPlugin
2025-05-31 14:07:37,806 [INFO] PluginManager:220 - loadIPPluginJar : add fmc
2025-05-31 14:07:37,828 [INFO] IPUIPlugin:80 - create IPUIPlugin
2025-05-31 14:07:37,828 [INFO] PluginManager:220 - loadIPPluginJar : add freertos
2025-05-31 14:07:37,858 [INFO] IPUIPlugin:80 - create IPUIPlugin
2025-05-31 14:07:37,858 [INFO] PluginManager:220 - loadIPPluginJar : add genericplugin
2025-05-31 14:07:37,948 [INFO] IPUIPlugin:80 - create IPUIPlugin
2025-05-31 14:07:37,948 [INFO] PluginManager:220 - loadIPPluginJar : add gfxmmu
2025-05-31 14:07:38,043 [INFO] IPUIPlugin:80 - create IPUIPlugin
2025-05-31 14:07:38,044 [INFO] PluginManager:220 - loadIPPluginJar : add gic
2025-05-31 14:07:38,060 [INFO] IPUIPlugin:80 - create IPUIPlugin
2025-05-31 14:07:38,060 [INFO] PluginManager:220 - loadIPPluginJar : add gpio
2025-05-31 14:07:38,130 [INFO] IPUIPlugin:80 - create IPUIPlugin
2025-05-31 14:07:38,130 [INFO] PluginManager:220 - loadIPPluginJar : add gtzc
2025-05-31 14:07:38,158 [INFO] IPUIPlugin:80 - create IPUIPlugin
2025-05-31 14:07:38,158 [INFO] PluginManager:220 - loadIPPluginJar : add hash
2025-05-31 14:07:38,200 [INFO] IPUIPlugin:80 - create IPUIPlugin
2025-05-31 14:07:38,200 [INFO] PluginManager:220 - loadIPPluginJar : add i2c
2025-05-31 14:07:38,235 [INFO] IPUIPlugin:80 - create IPUIPlugin
2025-05-31 14:07:38,235 [INFO] PluginManager:220 - loadIPPluginJar : add i2s
2025-05-31 14:07:38,268 [INFO] IPUIPlugin:80 - create IPUIPlugin
2025-05-31 14:07:38,268 [INFO] PluginManager:220 - loadIPPluginJar : add i3c
2025-05-31 14:07:38,362 [INFO] IPUIPlugin:80 - create IPUIPlugin
2025-05-31 14:07:38,362 [INFO] PluginManager:220 - loadIPPluginJar : add ipddr
2025-05-31 14:07:38,439 [INFO] IPUIPlugin:80 - create IPUIPlugin
2025-05-31 14:07:38,441 [INFO] PluginManager:220 - loadIPPluginJar : add linkedlist
2025-05-31 14:07:38,472 [INFO] IPUIPlugin:80 - create IPUIPlugin
2025-05-31 14:07:38,472 [INFO] PluginManager:220 - loadIPPluginJar : add lorawan
2025-05-31 14:07:38,502 [INFO] IPUIPlugin:80 - create IPUIPlugin
2025-05-31 14:07:38,502 [INFO] PluginManager:220 - loadIPPluginJar : add ltdc
2025-05-31 14:07:38,517 [INFO] IPUIPlugin:80 - create IPUIPlugin
2025-05-31 14:07:38,517 [INFO] PluginManager:220 - loadIPPluginJar : add mdma
2025-05-31 14:07:38,527 [INFO] IPUIPlugin:80 - create IPUIPlugin
2025-05-31 14:07:38,528 [INFO] PluginManager:220 - loadIPPluginJar : add nvic
2025-05-31 14:07:38,558 [INFO] IPUIPlugin:80 - create IPUIPlugin
2025-05-31 14:07:38,558 [INFO] PluginManager:220 - loadIPPluginJar : add opamp
2025-05-31 14:07:38,610 [INFO] IPUIPlugin:80 - create IPUIPlugin
2025-05-31 14:07:38,610 [INFO] PluginManager:220 - loadIPPluginJar : add openamp
2025-05-31 14:07:38,647 [INFO] IPUIPlugin:80 - create IPUIPlugin
2025-05-31 14:07:38,648 [INFO] PluginManager:220 - loadIPPluginJar : add pdm2pcm
2025-05-31 14:07:38,660 [INFO] IPUIPlugin:80 - create IPUIPlugin
2025-05-31 14:07:38,662 [INFO] PluginManager:220 - loadIPPluginJar : add plateformsettings
2025-05-31 14:07:38,682 [INFO] IPUIPlugin:80 - create IPUIPlugin
2025-05-31 14:07:38,682 [INFO] PluginManager:220 - loadIPPluginJar : add quadspi
2025-05-31 14:07:38,705 [INFO] IPUIPlugin:80 - create IPUIPlugin
2025-05-31 14:07:38,706 [INFO] PluginManager:220 - loadIPPluginJar : add radio
2025-05-31 14:07:38,718 [INFO] IPUIPlugin:80 - create IPUIPlugin
2025-05-31 14:07:38,718 [INFO] PluginManager:220 - loadIPPluginJar : add resmgrutility
2025-05-31 14:07:38,755 [INFO] IPUIPlugin:80 - create IPUIPlugin
2025-05-31 14:07:38,756 [INFO] PluginManager:220 - loadIPPluginJar : add sai
2025-05-31 14:07:38,786 [INFO] IPUIPlugin:80 - create IPUIPlugin
2025-05-31 14:07:38,786 [INFO] PluginManager:220 - loadIPPluginJar : add spi
2025-05-31 14:07:38,838 [INFO] IPUIPlugin:80 - create IPUIPlugin
2025-05-31 14:07:38,838 [INFO] PluginManager:220 - loadIPPluginJar : add stm32_wpan
2025-05-31 14:07:38,865 [INFO] IPUIPlugin:80 - create IPUIPlugin
2025-05-31 14:07:38,866 [INFO] PluginManager:220 - loadIPPluginJar : add tim
2025-05-31 14:07:38,917 [INFO] IPUIPlugin:80 - create IPUIPlugin
2025-05-31 14:07:38,918 [INFO] PluginManager:220 - loadIPPluginJar : add touchsensing
2025-05-31 14:07:38,940 [INFO] IPUIPlugin:80 - create IPUIPlugin
2025-05-31 14:07:38,940 [INFO] PluginManager:220 - loadIPPluginJar : add tracer_emb
2025-05-31 14:07:38,967 [INFO] IPUIPlugin:80 - create IPUIPlugin
2025-05-31 14:07:38,967 [INFO] PluginManager:220 - loadIPPluginJar : add ts
2025-05-31 14:07:39,000 [INFO] IPUIPlugin:80 - create IPUIPlugin
2025-05-31 14:07:39,000 [INFO] PluginManager:220 - loadIPPluginJar : add tsc
2025-05-31 14:07:39,033 [INFO] IPUIPlugin:80 - create IPUIPlugin
2025-05-31 14:07:39,033 [INFO] PluginManager:220 - loadIPPluginJar : add ucpd
2025-05-31 14:07:39,084 [INFO] IPUIPlugin:80 - create IPUIPlugin
2025-05-31 14:07:39,084 [INFO] PluginManager:220 - loadIPPluginJar : add usart
2025-05-31 14:07:39,122 [INFO] IPUIPlugin:80 - create IPUIPlugin
2025-05-31 14:07:39,122 [INFO] PluginManager:220 - loadIPPluginJar : add usbx
2025-05-31 14:07:39,229 [FATAL] Updater:351 - Updater called before beeing initialized
2025-05-31 14:07:39,257 [INFO] RulesReader:64 - Compatibility file has been processed (297 Rules)
2025-05-31 14:07:39,263 [INFO] RulesReader:64 - Compatibility file has been processed (297 Rules)
2025-05-31 14:07:39,271 [INFO] CADModel:165 - CPN selected for project level
2025-05-31 14:07:39,271 [INFO] CADModel:114 - Register for checkConnection events
2025-05-31 14:07:39,271 [FATAL] Updater:351 - Updater called before beeing initialized
2025-05-31 14:07:39,271 [ERROR] CADModel:125 - Updater not yet initialized, retry later 
2025-05-31 14:07:39,394 [FATAL] Updater:351 - Updater called before beeing initialized
2025-05-31 14:07:39,396 [INFO] CADModel:165 - CPN selected for project level
2025-05-31 14:07:39,396 [INFO] CADModel:114 - Register for checkConnection events
2025-05-31 14:07:39,396 [FATAL] Updater:351 - Updater called before beeing initialized
2025-05-31 14:07:39,396 [ERROR] CADModel:125 - Updater not yet initialized, retry later 
2025-05-31 14:07:39,398 [FATAL] Updater:351 - Updater called before beeing initialized
2025-05-31 14:07:39,492 [FATAL] Updater:351 - Updater called before beeing initialized
2025-05-31 14:07:39,503 [INFO] DbMcusAds:53 - JSON generation date=Wed May 07 16:07:55 ICT 2025 (1746608875484)
2025-05-31 14:07:39,504 [FATAL] Updater:351 - Updater called before beeing initialized
2025-05-31 14:07:39,540 [WARN] DetailPanel:346 - Failed to get advertising image, set to default
2025-05-31 14:07:39,692 [FATAL] Updater:351 - Updater called before beeing initialized
2025-05-31 14:07:39,695 [FATAL] Updater:351 - Updater called before beeing initialized
2025-05-31 14:07:39,695 [FATAL] Updater:351 - Updater called before beeing initialized
2025-05-31 14:07:39,696 [WARN] DetailPanel:346 - Failed to get advertising image, set to default
2025-05-31 14:07:39,696 [FATAL] Updater:351 - Updater called before beeing initialized
2025-05-31 14:07:39,742 [ERROR] Updater:1198 - MainUpdater not yet initialized. External WinMGr cannot be set.
2025-05-31 14:07:39,750 [INFO] Updater:1134 - Updater Version found : 6.13.0
2025-05-31 14:07:39,778 [INFO] ApplicationProperties:184 - Using Application install path: C:\ST\STM32CubeIDE_1.17.0\STM32CubeIDE\plugins\com.st.stm32cube.common.mx_6.13.0.202411220809
2025-05-31 14:07:39,945 [INFO] ThirdPartyUpdaterWithRetryManager:70 - Updater plugin not ready yet. [2/15]
2025-05-31 14:07:40,568 [INFO] MainUpdater:2872 - connection check result : 10
2025-05-31 14:07:40,569 [INFO] MainUpdater:289 - Updater Check For Update Now.
2025-05-31 14:07:40,569 [INFO] MicroXplorer:498 - Change Database Version : DB.6.0.130
2025-05-31 14:07:40,582 [INFO] McuFinderGlobals:63 - Set McuFinder mode to 2 (CubeIDE integrated)
2025-05-31 14:07:40,591 [INFO] UserAuth:486 - Internet connection configuration mode: 1
2025-05-31 14:07:40,621 [INFO] JxBrowserEngine:152 - Initiate JxBrowser Engine with user profile folder
2025-05-31 14:07:40,755 [INFO] CheckServerUpdateThread:120 - End of CheckServer Thread
2025-05-31 14:07:41,701 [INFO] WebApp:168 - Instantiating new browser for Auth
2025-05-31 14:07:42,245 [INFO] WebApp:449 - Apply proxy settings
2025-05-31 14:07:42,245 [INFO] WebApp:534 - Chromium requires no authentication
2025-05-31 14:07:42,252 [INFO] WebApp:477 - Direct internet connection detected
2025-05-31 14:07:42,275 [INFO] WebApp:880 - Register for checkConnection events
2025-05-31 14:07:42,275 [INFO] WebApp:449 - Apply proxy settings
2025-05-31 14:07:42,275 [INFO] WebApp:534 - Chromium requires no authentication
2025-05-31 14:07:42,275 [INFO] WebApp:477 - Direct internet connection detected
2025-05-31 14:07:42,420 [INFO] WebApp:187 - Connection restablished
2025-05-31 14:07:42,430 [INFO] WebApp:221 - Starting web application
2025-05-31 14:07:42,430 [INFO] WebApp:579 - Web application path used C:\ST\STM32CubeIDE_1.17.0\STM32CubeIDE\plugins\com.st.stm32cube.common.mx_6.13.0.202411220809\db\plugins\mcufinder\reactClient1\index.html
2025-05-31 14:07:42,557 [INFO] UserAuth:486 - Internet connection configuration mode: 1
2025-05-31 14:07:43,136 [WARN] PackLoader:240 - Cannot read IP mode file for STMicroelectronics.FP-SNS-MOTENVWB1.1.4.0
2025-05-31 14:07:43,154 [WARN] PackLoader:240 - Cannot read IP mode file for STMicroelectronics.FP-ATR-ASTRA1.2.0.2
2025-05-31 14:07:43,166 [WARN] PackLoader:240 - Cannot read IP mode file for STMicroelectronics.FP-ATR-ASTRA1.2.0.1
2025-05-31 14:07:43,183 [WARN] PackLoader:240 - Cannot read IP mode file for STMicroelectronics.X-CUBE-SMBUS.2.1.0
2025-05-31 14:07:43,202 [WARN] PackLoader:240 - Cannot read IP mode file for STMicroelectronics.X-CUBE-WB05N.1.1.0
2025-05-31 14:07:43,218 [WARN] PackLoader:240 - Cannot read IP mode file for STMicroelectronics.X-CUBE-ST60.1.0.0
2025-05-31 14:07:43,310 [WARN] PackLoader:240 - Cannot read IP mode file for STMicroelectronics.X-CUBE-AZRTOS-F7.1.1.0
2025-05-31 14:07:43,348 [WARN] PackLoader:240 - Cannot read IP mode file for STMicroelectronics.FP-SNS-FLIGHT1.5.0.2
2025-05-31 14:07:43,387 [WARN] PackLoader:240 - Cannot read IP mode file for Infineon.AIROC-Wi-Fi-Bluetooth-STM32.1.7.0
2025-05-31 14:07:43,420 [WARN] PackLoader:240 - Cannot read IP mode file for STMicroelectronics.X-CUBE-DISPLAY.3.0.0
2025-05-31 14:07:43,446 [WARN] PackLoader:240 - Cannot read IP mode file for STMicroelectronics.X-CUBE-BLE1.7.0.0
2025-05-31 14:07:43,460 [WARN] PackLoader:240 - Cannot read IP mode file for STMicroelectronics.X-CUBE-NFC10.1.0.0
2025-05-31 14:07:43,479 [WARN] PackLoader:240 - Cannot read IP mode file for STMicroelectronics.X-CUBE-BLEMGR.4.0.0
2025-05-31 14:07:43,494 [WARN] PackLoader:240 - Cannot read IP mode file for emotas.I-CUBE-CANOPEN.1.3.0
2025-05-31 14:07:43,507 [WARN] PackLoader:240 - Cannot read IP mode file for STMicroelectronics.X-CUBE-AI.10.0.0
2025-05-31 14:07:43,521 [WARN] PackLoader:240 - Cannot read IP mode file for STMicroelectronics.FP-SNS-SMARTAG2.1.2.0
2025-05-31 14:07:43,535 [WARN] PackLoader:240 - Cannot read IP mode file for STMicroelectronics.FP-SNS-FLIGHT1.5.1.0
2025-05-31 14:07:43,589 [WARN] PackLoader:240 - Cannot read IP mode file for STMicroelectronics.X-CUBE-MEMS1.11.1.0
2025-05-31 14:07:43,689 [INFO] LogOutputStream:77 - [STDOUT_REDIRECT] 1 : Invalid condition id : UX_CORESTACK_Condition cause : null
2025-05-31 14:07:43,690 [INFO] LogOutputStream:77 - [STDOUT_REDIRECT] 1 : Invalid condition id : UX_CORESTACK_Condition cause : null
2025-05-31 14:07:43,692 [INFO] LogOutputStream:77 - [STDOUT_REDIRECT] 1 : Invalid condition id : UX_CORESTACK_Condition cause : null
2025-05-31 14:07:43,694 [INFO] LogOutputStream:77 - [STDOUT_REDIRECT] 1 : Invalid condition id : UX_CORESTACK_Condition cause : null
2025-05-31 14:07:43,696 [INFO] LogOutputStream:77 - [STDOUT_REDIRECT] 1 : Invalid condition id : UX_CORESTACK_Condition cause : null
2025-05-31 14:07:43,699 [WARN] PackLoader:240 - Cannot read IP mode file for STMicroelectronics.X-CUBE-AZRTOS-WL.2.0.0
2025-05-31 14:07:43,719 [WARN] PackLoader:240 - Cannot read IP mode file for STMicroelectronics.FP-SNS-MOTENV1.5.0.0
2025-05-31 14:07:43,739 [WARN] PackLoader:240 - Cannot read IP mode file for wolfSSL.I-CUBE-wolfMQTT.1.19.0
2025-05-31 14:07:43,759 [WARN] PackLoader:240 - Cannot read IP mode file for WES.I-CUBE-Cesium.1.3.0
2025-05-31 14:07:43,781 [WARN] PackLoader:240 - Cannot read IP mode file for STMicroelectronics.X-CUBE-BLE2.3.3.0
2025-05-31 14:07:43,800 [WARN] PackLoader:240 - Cannot read IP mode file for STMicroelectronics.X-CUBE-NFC9.1.0.0
2025-05-31 14:07:43,815 [WARN] PackLoader:240 - Cannot read IP mode file for STMicroelectronics.X-CUBE-BLE1.7.1.0
2025-05-31 14:07:43,830 [WARN] PackLoader:240 - Cannot read IP mode file for STMicroelectronics.X-CUBE-AI.10.1.0
2025-05-31 14:07:43,897 [WARN] PackLoader:240 - Cannot read IP mode file for STMicroelectronics.X-CUBE-MEMS1.11.2.0
2025-05-31 14:07:43,987 [WARN] PackLoader:240 - Cannot read IP mode file for STMicroelectronics.X-CUBE-AZRTOS-G0.1.1.0
2025-05-31 14:07:44,007 [WARN] PackLoader:240 - Cannot read IP mode file for STMicroelectronics.X-CUBE-SAFEA1.1.2.2
2025-05-31 14:07:44,021 [WARN] PackLoader:240 - Cannot read IP mode file for STMicroelectronics.X-CUBE-NFC4.3.0.0
2025-05-31 14:07:44,044 [WARN] PackLoader:240 - Cannot read IP mode file for EmbeddedOffice.I-CUBE-FS-RTOS.1.0.1
2025-05-31 14:07:44,060 [WARN] PackLoader:240 - Cannot read IP mode file for STMicroelectronics.X-CUBE-WB05N.2.0.0
2025-05-31 14:07:44,083 [WARN] PackLoader:240 - Cannot read IP mode file for STMicroelectronics.X-CUBE-TCPP.4.2.0
2025-05-31 14:07:44,099 [WARN] PackLoader:240 - Cannot read IP mode file for RealThread.X-CUBE-RT-Thread_Nano.4.1.1
2025-05-31 14:07:44,118 [WARN] PackLoader:240 - Cannot read IP mode file for STMicroelectronics.FP-ATR-SIGFOX1.3.2.0
2025-05-31 14:07:44,136 [WARN] ConditionMgr:438 - getConditionDescription Invalid condition id : Cortex-A Device cause : null
2025-05-31 14:07:44,158 [WARN] ConditionMgr:1044 - genDependencies : Invalid condition id : Cortex-A Device cause : null
2025-05-31 14:07:44,158 [WARN] ConditionMgr:1044 - genDependencies : Invalid condition id : Cortex-A Device cause : null
2025-05-31 14:07:44,158 [WARN] ConditionMgr:1044 - genDependencies : Invalid condition id : Cortex-A Device cause : null
2025-05-31 14:07:44,172 [WARN] PackLoader:240 - Cannot read IP mode file for STMicroelectronics.X-CUBE-EEPRMA1.5.1.0
2025-05-31 14:07:44,185 [WARN] PackLoader:240 - Cannot read IP mode file for wolfSSL.I-CUBE-wolfSSL.5.7.4
2025-05-31 14:07:44,204 [WARN] PackLoader:240 - Cannot read IP mode file for ITTIA_DB.I-CUBE-ITTIADB.8.9.0
2025-05-31 14:07:44,251 [WARN] PackLoader:240 - Cannot read IP mode file for SEGGER.I-CUBE-embOS.1.3.1
2025-05-31 14:07:44,314 [WARN] PackLoader:240 - Cannot read IP mode file for STMicroelectronics.X-CUBE-ALGOBUILD.1.4.0
2025-05-31 14:07:44,329 [WARN] PackLoader:240 - Cannot read IP mode file for STMicroelectronics.X-CUBE-AI.9.1.0
2025-05-31 14:07:44,351 [WARN] PackLoader:240 - Cannot read IP mode file for STMicroelectronics.X-CUBE-AZRTOS-F4.1.1.0
2025-05-31 14:07:44,363 [WARN] PackLoader:240 - Cannot read IP mode file for Avnet-IotConnect.X-CUBE-IoTC-DA16k-PMOD.1.0.0
2025-05-31 14:07:44,376 [WARN] PackLoader:240 - Cannot read IP mode file for STMicroelectronics.X-CUBE-ISPU.2.1.0
2025-05-31 14:07:44,397 [WARN] PackLoader:240 - Cannot read IP mode file for STMicroelectronics.X-CUBE-AZRTOS-L5.2.0.0
2025-05-31 14:07:44,410 [WARN] PackLoader:240 - Cannot read IP mode file for STMicroelectronics.X-CUBE-NFC6.3.1.0
2025-05-31 14:07:44,422 [WARN] PackLoader:240 - Cannot read IP mode file for STMicroelectronics.X-CUBE-DPower.1.2.0
2025-05-31 14:07:44,433 [WARN] PackLoader:240 - Cannot read IP mode file for STMicroelectronics.X-CUBE-FREERTOS.1.3.1
2025-05-31 14:07:44,445 [WARN] PackLoader:240 - Cannot read IP mode file for STMicroelectronics.X-CUBE-FREERTOS.1.3.0
2025-05-31 14:07:44,458 [WARN] PackLoader:240 - Cannot read IP mode file for STMicroelectronics.X-CUBE-NFC7.1.0.1
2025-05-31 14:07:44,475 [WARN] PackLoader:240 - Cannot read IP mode file for STMicroelectronics.X-CUBE-DPower.1.3.0
2025-05-31 14:07:44,501 [WARN] ConditionMgr:438 - getConditionDescription Invalid condition id : LAN8742 Phy interface Condition cause : null
2025-05-31 14:07:44,501 [WARN] PackLoader:240 - Cannot read IP mode file for STMicroelectronics.X-CUBE-AZRTOS-L4.2.0.0
2025-05-31 14:07:44,502 [WARN] ConditionMgr:1044 - genDependencies : Invalid condition id : LAN8742 Phy interface Condition cause : null
2025-05-31 14:07:44,502 [WARN] ConditionMgr:1044 - genDependencies : Invalid condition id : LAN8742 Phy interface Condition cause : null
2025-05-31 14:07:44,502 [WARN] ConditionMgr:1044 - genDependencies : Invalid condition id : LAN8742 Phy interface Condition cause : null
2025-05-31 14:07:44,524 [WARN] PackLoader:240 - Cannot read IP mode file for STMicroelectronics.X-CUBE-SFXS2LP1.4.0.0
2025-05-31 14:07:44,565 [WARN] PackLoader:240 - Cannot read IP mode file for STMicroelectronics.X-CUBE-AZRTOS-H7.3.3.0
2025-05-31 14:07:44,586 [WARN] ConditionMgr:438 - getConditionDescription Invalid condition id : UX DEVICE CLASS RTOS Condition cause : null
2025-05-31 14:07:44,587 [WARN] ConditionMgr:438 - getConditionDescription Invalid condition id : UX DEVICE CLASS RTOS Condition cause : null
2025-05-31 14:07:44,587 [WARN] PackLoader:240 - Cannot read IP mode file for STMicroelectronics.X-CUBE-AZRTOS-WB.2.0.0
2025-05-31 14:07:44,587 [WARN] ConditionMgr:1044 - genDependencies : Invalid condition id : UX DEVICE CLASS RTOS Condition cause : null
2025-05-31 14:07:44,587 [WARN] ConditionMgr:1044 - genDependencies : Invalid condition id : UX DEVICE CLASS RTOS Condition cause : null
2025-05-31 14:07:44,588 [WARN] ConditionMgr:1044 - genDependencies : Invalid condition id : UX DEVICE CLASS RTOS Condition cause : null
2025-05-31 14:07:44,588 [WARN] ConditionMgr:1044 - genDependencies : Invalid condition id : UX DEVICE CLASS RTOS Condition cause : null
2025-05-31 14:07:44,588 [WARN] ConditionMgr:1044 - genDependencies : Invalid condition id : UX DEVICE CLASS RTOS Condition cause : null
2025-05-31 14:07:44,604 [WARN] PackLoader:240 - Cannot read IP mode file for STMicroelectronics.X-CUBE-GNSS1.7.0.1
2025-05-31 14:07:44,626 [WARN] PackLoader:240 - Cannot read IP mode file for STMicroelectronics.X-CUBE-TOUCHGFX.4.25.0
2025-05-31 14:07:44,648 [WARN] PackLoader:240 - Cannot read IP mode file for STMicroelectronics.FP-SNS-STBOX1.2.0.0
2025-05-31 14:07:44,676 [WARN] PackLoader:240 - Cannot read IP mode file for STMicroelectronics.X-CUBE-SUBG2.5.0.0
2025-05-31 14:07:44,710 [WARN] PackLoader:240 - Cannot read IP mode file for STMicroelectronics.X-CUBE-AZRTOS-H7RS.1.1.0
2025-05-31 14:07:44,725 [WARN] PackLoader:240 - Cannot read IP mode file for Cesanta.I-CUBE-Mongoose.7.13.0
2025-05-31 14:07:44,749 [WARN] PackLoader:240 - Cannot read IP mode file for STMicroelectronics.X-CUBE-AZRTOS-G4.2.0.0
2025-05-31 14:07:44,763 [WARN] PackLoader:240 - Cannot read IP mode file for STMicroelectronics.X-CUBE-NFC7.2.0.0
2025-05-31 14:07:44,779 [WARN] PackLoader:240 - Cannot read IP mode file for STMicroelectronics.X-CUBE-IPS.3.1.0
2025-05-31 14:07:44,793 [WARN] PackLoader:240 - Cannot read IP mode file for STMicroelectronics.X-CUBE-ALS.1.0.2
2025-05-31 14:07:44,806 [WARN] PackLoader:240 - Cannot read IP mode file for STMicroelectronics.X-CUBE-TOUCHGFX.4.24.2
2025-05-31 14:07:44,820 [WARN] PackLoader:240 - Cannot read IP mode file for wolfSSL.I-CUBE-wolfTPM.3.4.0
2025-05-31 14:07:44,834 [WARN] PackLoader:240 - Cannot read IP mode file for portGmbH.I-Cube-SoM-uGOAL.1.1.0
2025-05-31 14:07:44,856 [WARN] PackLoader:240 - Cannot read IP mode file for STMicroelectronics.X-CUBE-AZRTOS-H7RS.1.0.0
2025-05-31 14:07:44,880 [WARN] PackLoader:240 - Cannot read IP mode file for STMicroelectronics.X-CUBE-TOF1.3.4.2
2025-05-31 14:07:44,902 [WARN] PackLoader:240 - Cannot read IP mode file for STMicroelectronics.X-CUBE-TOF1.3.4.3
2025-05-31 14:07:44,916 [WARN] PackLoader:240 - Cannot read IP mode file for wolfSSL.I-CUBE-wolfSSH.1.4.17
2025-05-31 14:07:44,917 [INFO] ThirdParty:978 - Integrity check success = true
2025-05-31 14:07:44,917 [INFO] IntegrityCheckThread:100 - exiting critical section [integrity check]
2025-05-31 14:07:44,917 [INFO] IntegrityCheckThread:103 - End integrity checks thread
2025-05-31 14:07:50,440 [INFO] WebApp:190 - Connection lost
2025-05-31 14:07:50,623 [INFO] WebApp:187 - Connection restablished
2025-05-31 14:08:41,939 [INFO] WebApp:190 - Connection lost
2025-05-31 14:08:42,118 [INFO] WebApp:187 - Connection restablished
2025-05-31 14:09:10,929 [INFO] WebApp:190 - Connection lost
2025-05-31 14:09:11,264 [INFO] WebApp:187 - Connection restablished
2025-05-31 14:12:04,436 [INFO] WebApp:190 - Connection lost
2025-05-31 14:12:04,807 [INFO] WebApp:187 - Connection restablished
2025-05-31 14:12:23,431 [INFO] WebApp:190 - Connection lost
2025-05-31 14:12:23,559 [INFO] WebApp:187 - Connection restablished
2025-05-31 14:13:34,427 [INFO] WebApp:190 - Connection lost
2025-05-31 14:13:34,644 [INFO] WebApp:187 - Connection restablished
2025-05-31 14:13:45,430 [INFO] WebApp:190 - Connection lost
2025-05-31 14:13:45,545 [INFO] WebApp:187 - Connection restablished
2025-05-31 14:17:18,511 [INFO] WebApp:190 - Connection lost
2025-05-31 14:17:18,872 [INFO] WebApp:187 - Connection restablished
2025-05-31 14:17:42,438 [INFO] WebApp:190 - Connection lost
2025-05-31 14:17:42,550 [INFO] WebApp:187 - Connection restablished
2025-05-31 14:18:57,437 [INFO] WebApp:190 - Connection lost
2025-05-31 14:18:57,621 [INFO] WebApp:187 - Connection restablished
2025-05-31 14:19:07,947 [INFO] WebApp:190 - Connection lost
2025-05-31 14:19:08,061 [INFO] WebApp:187 - Connection restablished
2025-05-31 14:19:18,431 [INFO] WebApp:190 - Connection lost
2025-05-31 14:19:18,720 [INFO] WebApp:187 - Connection restablished
2025-05-31 14:19:44,436 [INFO] WebApp:190 - Connection lost
2025-05-31 14:19:44,667 [INFO] WebApp:187 - Connection restablished
2025-05-31 14:20:44,423 [INFO] WebApp:190 - Connection lost
2025-05-31 14:20:44,623 [INFO] WebApp:187 - Connection restablished
2025-05-31 14:21:56,941 [INFO] WebApp:190 - Connection lost
2025-05-31 14:21:57,303 [INFO] WebApp:187 - Connection restablished
2025-05-31 14:25:05,438 [INFO] WebApp:190 - Connection lost
2025-05-31 14:25:05,687 [INFO] WebApp:187 - Connection restablished
2025-05-31 14:32:04,928 [INFO] WebApp:190 - Connection lost
2025-05-31 14:32:05,298 [INFO] WebApp:187 - Connection restablished
2025-05-31 14:32:37,924 [INFO] WebApp:190 - Connection lost
2025-05-31 14:32:38,084 [INFO] WebApp:187 - Connection restablished
2025-05-31 14:32:57,281 [ERROR] LogOutputStream:75 - [STDERR_REDIRECT] 
2025-05-31 15:17:58,080 [INFO] Activator:176 - 


2025-05-31 15:17:58,080 [INFO] Activator:177 - !SESSION log4j initialized
2025-05-31 15:18:01,988 [INFO] LogOutputStream:77 - [STDOUT_REDIRECT] 
2025-05-31 15:18:03,037 [INFO] ApplicationProperties:184 - Using Application install path: C:\ST\STM32CubeIDE_1.17.0\STM32CubeIDE\plugins\com.st.stm32cube.common.mx_6.13.0.202411220809
2025-05-31 15:18:03,058 [INFO] DbMcusXml:78 - Set database path to: C:\ST\STM32CubeIDE_1.17.0\STM32CubeIDE\plugins\com.st.stm32cube.common.mx_6.13.0.202411220809\\db\/mcu/
2025-05-31 15:18:03,058 [INFO] ApiDb:274 - Set plugin database path to: C:\ST\STM32CubeIDE_1.17.0\STM32CubeIDE\plugins\com.st.stm32cube.common.mx_6.13.0.202411220809\\db\/plugins/boardmanager/
2025-05-31 15:18:03,058 [WARN] ApiDb:259 - Overriding images path with different value:  => C:\ST\STM32CubeIDE_1.17.0\STM32CubeIDE\plugins\com.st.stm32cube.common.mx_6.13.0.202411220809\\db\/plugins/mcufinder/images/
2025-05-31 15:18:03,065 [INFO] ApiDb:250 - Set database path to: C:\Users\APC\.stmcufinder\plugins\mcufinder//mcu/
2025-05-31 15:18:03,065 [INFO] DbMcusAds:125 - Set database path to: C:\Users\APC\.stmcufinder\plugins\mcufinder//mcu/
2025-05-31 15:18:03,067 [INFO] CrossReferenceDbSqlite:203 - Set database path to: C:\Users\APC\.stmcufinder\plugins\mcufinder//mcu/cs/
2025-05-31 15:18:03,155 [INFO] RulesReader:64 - Compatibility file has been processed (297 Rules)
2025-05-31 15:18:03,210 [INFO] DbMcusXml:78 - Set database path to: C:\ST\STM32CubeIDE_1.17.0\STM32CubeIDE\plugins\com.st.stm32cube.common.mx_6.13.0.202411220809\\db\/mcu/
2025-05-31 15:18:03,210 [INFO] ApiDb:274 - Set plugin database path to: C:\ST\STM32CubeIDE_1.17.0\STM32CubeIDE\plugins\com.st.stm32cube.common.mx_6.13.0.202411220809\\db\/plugins/boardmanager/
2025-05-31 15:18:03,210 [INFO] ApiDb:261 - Set plugin images path to: C:\ST\STM32CubeIDE_1.17.0\STM32CubeIDE\plugins\com.st.stm32cube.common.mx_6.13.0.202411220809\\db\/plugins/mcufinder/images/
2025-05-31 15:18:03,210 [WARN] DbFile:41 - Overriding database path with different value: C:\Users\APC\.stmcufinder\plugins\mcufinder/ => C:\Users\APC\.stmcufinder\plugins\mcufinder
2025-05-31 15:18:03,210 [INFO] ApiDb:250 - Set database path to: C:\Users\APC\.stmcufinder\plugins\mcufinder//mcu/
2025-05-31 15:18:03,210 [WARN] DbFile:41 - Overriding database path with different value: C:\Users\APC\.stmcufinder\plugins\mcufinder/ => C:\Users\APC\.stmcufinder\plugins\mcufinder
2025-05-31 15:18:03,211 [INFO] DbMcusAds:125 - Set database path to: C:\Users\APC\.stmcufinder\plugins\mcufinder//mcu/
2025-05-31 15:18:03,211 [WARN] DbFile:41 - Overriding database path with different value: C:\Users\APC\.stmcufinder\plugins\mcufinder/ => C:\Users\APC\.stmcufinder\plugins\mcufinder
2025-05-31 15:18:03,211 [WARN] DbFile:41 - Overriding database path with different value: C:\Users\APC\.stmcufinder\plugins\mcufinder/ => C:\Users\APC\.stmcufinder\plugins\mcufinder
2025-05-31 15:18:03,211 [INFO] CrossReferenceDbSqlite:203 - Set database path to: C:\Users\APC\.stmcufinder\plugins\mcufinder//mcu/cs/
2025-05-31 15:18:03,264 [INFO] MainPanel:272 - HeapMemory: 268435456
2025-05-31 15:18:03,342 [INFO] DbMcusXml:78 - Set database path to: C:\ST\STM32CubeIDE_1.17.0\STM32CubeIDE\plugins\com.st.stm32cube.common.mx_6.13.0.202411220809\\db\/mcu/
2025-05-31 15:18:03,342 [INFO] ApiDb:274 - Set plugin database path to: C:\ST\STM32CubeIDE_1.17.0\STM32CubeIDE\plugins\com.st.stm32cube.common.mx_6.13.0.202411220809\\db\/plugins/boardmanager/
2025-05-31 15:18:03,342 [INFO] ApiDb:261 - Set plugin images path to: C:\ST\STM32CubeIDE_1.17.0\STM32CubeIDE\plugins\com.st.stm32cube.common.mx_6.13.0.202411220809\\db\/plugins/mcufinder/images/
2025-05-31 15:18:03,342 [WARN] DbFile:41 - Overriding database path with different value: C:\Users\APC\.stmcufinder\plugins\mcufinder/ => C:\Users\APC\.stmcufinder\plugins\mcufinder
2025-05-31 15:18:03,342 [INFO] ApiDb:250 - Set database path to: C:\Users\APC\.stmcufinder\plugins\mcufinder//mcu/
2025-05-31 15:18:03,342 [WARN] DbFile:41 - Overriding database path with different value: C:\Users\APC\.stmcufinder\plugins\mcufinder/ => C:\Users\APC\.stmcufinder\plugins\mcufinder
2025-05-31 15:18:03,342 [INFO] DbMcusAds:125 - Set database path to: C:\Users\APC\.stmcufinder\plugins\mcufinder//mcu/
2025-05-31 15:18:03,342 [WARN] DbFile:41 - Overriding database path with different value: C:\Users\APC\.stmcufinder\plugins\mcufinder/ => C:\Users\APC\.stmcufinder\plugins\mcufinder
2025-05-31 15:18:03,342 [WARN] DbFile:41 - Overriding database path with different value: C:\Users\APC\.stmcufinder\plugins\mcufinder/ => C:\Users\APC\.stmcufinder\plugins\mcufinder
2025-05-31 15:18:03,342 [INFO] CrossReferenceDbSqlite:203 - Set database path to: C:\Users\APC\.stmcufinder\plugins\mcufinder//mcu/cs/
2025-05-31 15:18:03,354 [INFO] ApplicationProperties:184 - Using Application install path: C:\ST\STM32CubeIDE_1.17.0\STM32CubeIDE\plugins\com.st.stm32cube.common.mx_6.13.0.202411220809
2025-05-31 15:18:03,355 [INFO] PluginManage:196 - Search for loadable plugins [exclusion list=, ]
2025-05-31 15:18:03,356 [INFO] PluginManage:310 - Check plugin analytics
2025-05-31 15:18:03,460 [INFO] AnalyticsPlugin:253 - Accepted Software Licenses: STM32CubeMX.6.13.0
2025-05-31 15:18:03,461 [INFO] AnalyticsPlugin:255 - Accepted CMSIS Pack Licenses: 
2025-05-31 15:18:03,461 [INFO] AnalyticsPlugin:257 - Accepted Firmware Licenses: FW.F4.1.28.0
2025-05-31 15:18:03,462 [INFO] PluginManage:359 - Loaded plugin analytics (category:tool,tabindex:-1)
2025-05-31 15:18:03,462 [INFO] PluginManage:310 - Check plugin cadmodel
2025-05-31 15:18:03,467 [INFO] CADModel:105 - Init CAD model plugin
2025-05-31 15:18:03,467 [INFO] PluginManage:359 - Loaded plugin cadmodel (category:power,tabindex:5)
2025-05-31 15:18:03,467 [INFO] PluginManage:310 - Check plugin clock
2025-05-31 15:18:03,474 [INFO] PluginManage:359 - Loaded plugin clock (category:base,tabindex:2)
2025-05-31 15:18:03,474 [INFO] PluginManage:310 - Check plugin ddr
2025-05-31 15:18:03,475 [INFO] PluginManage:359 - Loaded plugin ddr (category:tool,tabindex:6)
2025-05-31 15:18:03,475 [INFO] PluginManage:310 - Check plugin filemanager
2025-05-31 15:18:03,586 [INFO] PluginManage:359 - Loaded plugin filemanager (category:base,tabindex:10)
2025-05-31 15:18:03,586 [INFO] PluginManage:310 - Check plugin ipmanager
2025-05-31 15:18:03,591 [INFO] PluginManage:359 - Loaded plugin ipmanager (category:base,tabindex:5)
2025-05-31 15:18:03,591 [INFO] PluginManage:310 - Check plugin lpbam
2025-05-31 15:18:03,597 [INFO] PluginManage:359 - Loaded plugin lpbam (category:base,tabindex:0)
2025-05-31 15:18:03,597 [INFO] PluginManage:310 - Check plugin memorymap
2025-05-31 15:18:03,607 [INFO] PluginManage:359 - Loaded plugin memorymap (category:base,tabindex:4)
2025-05-31 15:18:03,607 [INFO] PluginManage:310 - Check plugin pinoutandconfiguration
2025-05-31 15:18:03,615 [INFO] PluginManage:359 - Loaded plugin pinoutandconfiguration (category:base,tabindex:1)
2025-05-31 15:18:03,615 [INFO] PluginManage:310 - Check plugin pinoutconfig
2025-05-31 15:18:03,676 [WARN] SupportedApi:132 - Cannot load RTOS API schema: s4s-elt-must-match.1: The content of 'definitions' must match (annotation?, (simpleType | complexType)?, (unique | key | keyref)*)). A problem was found starting at: attribute.
2025-05-31 15:18:03,775 [INFO] PluginManage:359 - Loaded plugin pinoutconfig (category:base,tabindex:0)
2025-05-31 15:18:03,775 [INFO] PluginManage:310 - Check plugin power
2025-05-31 15:18:03,782 [INFO] PluginManage:359 - Loaded plugin power (category:power,tabindex:4)
2025-05-31 15:18:03,782 [INFO] PluginManage:310 - Check plugin projectmanager
2025-05-31 15:18:03,794 [INFO] PluginManage:359 - Loaded plugin projectmanager (category:projectmanager,tabindex:4)
2025-05-31 15:18:03,795 [INFO] PluginManage:310 - Check plugin rif
2025-05-31 15:18:03,803 [INFO] PluginManage:359 - Loaded plugin rif (category:base,tabindex:3)
2025-05-31 15:18:03,803 [INFO] PluginManage:310 - Check plugin thirdparty
2025-05-31 15:18:03,956 [WARN] IntegrityCheckThread:84 - waiting for thirdparty lock release [integrity check]
2025-05-31 15:18:03,957 [INFO] PluginManage:359 - Loaded plugin thirdparty (category:base,tabindex:-1)
2025-05-31 15:18:03,957 [INFO] IntegrityCheckThread:86 - entering critical section [integrity check]
2025-05-31 15:18:03,957 [INFO] PluginManage:310 - Check plugin tools
2025-05-31 15:18:03,957 [INFO] ThirdPartyUpdaterWithRetryManager:70 - Updater plugin not ready yet. [1/15]
2025-05-31 15:18:03,960 [INFO] PluginManage:359 - Loaded plugin tools (category:base,tabindex:7)
2025-05-31 15:18:03,960 [INFO] PluginManage:310 - Check plugin tutovideos
2025-05-31 15:18:04,109 [INFO] PluginManage:359 - Loaded plugin tutovideos (category:base,tabindex:-1)
2025-05-31 15:18:04,109 [INFO] PluginManage:310 - Check plugin updater
2025-05-31 15:18:04,127 [INFO] PluginManage:359 - Loaded plugin updater (category:base,tabindex:12)
2025-05-31 15:18:04,127 [INFO] PluginManage:310 - Check plugin userauth
2025-05-31 15:18:04,130 [INFO] UserAuth:118 - Init User Auth plugin
2025-05-31 15:18:04,130 [INFO] PluginManage:359 - Loaded plugin userauth (category:base,tabindex:14)
2025-05-31 15:18:04,130 [INFO] PluginManage:283 - PluginManage : Loaded plugins [18]
2025-05-31 15:18:04,274 [INFO] PinOutPanel:1589 - setPackage(No Configuration,No Configuration)
2025-05-31 15:18:04,339 [INFO] CADModel:165 - CPN selected for project level
2025-05-31 15:18:04,339 [INFO] CADModel:114 - Register for checkConnection events
2025-05-31 15:18:04,360 [INFO] IPUIPlugin:80 - create IPUIPlugin
2025-05-31 15:18:04,360 [INFO] PluginManager:220 - loadIPPluginJar : add adc
2025-05-31 15:18:04,363 [INFO] IPUIPlugin:80 - create IPUIPlugin
2025-05-31 15:18:04,363 [INFO] PluginManager:220 - loadIPPluginJar : add aes
2025-05-31 15:18:04,366 [INFO] IPUIPlugin:80 - create IPUIPlugin
2025-05-31 15:18:04,366 [INFO] PluginManager:220 - loadIPPluginJar : add can
2025-05-31 15:18:04,367 [INFO] IPUIPlugin:80 - create IPUIPlugin
2025-05-31 15:18:04,367 [INFO] PluginManager:220 - loadIPPluginJar : add comp
2025-05-31 15:18:04,370 [INFO] IPUIPlugin:80 - create IPUIPlugin
2025-05-31 15:18:04,370 [INFO] PluginManager:220 - loadIPPluginJar : add cryp
2025-05-31 15:18:04,374 [INFO] IPUIPlugin:80 - create IPUIPlugin
2025-05-31 15:18:04,374 [INFO] PluginManager:220 - loadIPPluginJar : add ddr_ctrl_phy
2025-05-31 15:18:04,376 [INFO] IPUIPlugin:80 - create IPUIPlugin
2025-05-31 15:18:04,376 [INFO] PluginManager:220 - loadIPPluginJar : add dfsdm
2025-05-31 15:18:04,385 [INFO] IPUIPlugin:80 - create IPUIPlugin
2025-05-31 15:18:04,386 [INFO] PluginManager:220 - loadIPPluginJar : add dma
2025-05-31 15:18:04,389 [INFO] IPUIPlugin:80 - create IPUIPlugin
2025-05-31 15:18:04,389 [INFO] PluginManager:220 - loadIPPluginJar : add dma3
2025-05-31 15:18:04,393 [INFO] IPUIPlugin:80 - create IPUIPlugin
2025-05-31 15:18:04,393 [INFO] PluginManager:220 - loadIPPluginJar : add extmemmanager
2025-05-31 15:18:04,394 [INFO] IPUIPlugin:80 - create IPUIPlugin
2025-05-31 15:18:04,394 [INFO] PluginManager:220 - loadIPPluginJar : add fatfs
2025-05-31 15:18:04,397 [INFO] IPUIPlugin:80 - create IPUIPlugin
2025-05-31 15:18:04,398 [INFO] PluginManager:220 - loadIPPluginJar : add fmc
2025-05-31 15:18:04,403 [INFO] IPUIPlugin:80 - create IPUIPlugin
2025-05-31 15:18:04,403 [INFO] PluginManager:220 - loadIPPluginJar : add freertos
2025-05-31 15:18:04,404 [INFO] IPUIPlugin:80 - create IPUIPlugin
2025-05-31 15:18:04,405 [INFO] PluginManager:220 - loadIPPluginJar : add genericplugin
2025-05-31 15:18:04,406 [INFO] IPUIPlugin:80 - create IPUIPlugin
2025-05-31 15:18:04,406 [INFO] PluginManager:220 - loadIPPluginJar : add gfxmmu
2025-05-31 15:18:04,410 [INFO] IPUIPlugin:80 - create IPUIPlugin
2025-05-31 15:18:04,410 [INFO] PluginManager:220 - loadIPPluginJar : add gic
2025-05-31 15:18:04,417 [INFO] IPUIPlugin:80 - create IPUIPlugin
2025-05-31 15:18:04,417 [INFO] PluginManager:220 - loadIPPluginJar : add gpio
2025-05-31 15:18:04,420 [INFO] IPUIPlugin:80 - create IPUIPlugin
2025-05-31 15:18:04,420 [INFO] PluginManager:220 - loadIPPluginJar : add gtzc
2025-05-31 15:18:04,423 [INFO] IPUIPlugin:80 - create IPUIPlugin
2025-05-31 15:18:04,423 [INFO] PluginManager:220 - loadIPPluginJar : add hash
2025-05-31 15:18:04,425 [INFO] IPUIPlugin:80 - create IPUIPlugin
2025-05-31 15:18:04,425 [INFO] PluginManager:220 - loadIPPluginJar : add i2c
2025-05-31 15:18:04,428 [INFO] IPUIPlugin:80 - create IPUIPlugin
2025-05-31 15:18:04,428 [INFO] PluginManager:220 - loadIPPluginJar : add i2s
2025-05-31 15:18:04,430 [INFO] IPUIPlugin:80 - create IPUIPlugin
2025-05-31 15:18:04,430 [INFO] PluginManager:220 - loadIPPluginJar : add i3c
2025-05-31 15:18:04,433 [INFO] IPUIPlugin:80 - create IPUIPlugin
2025-05-31 15:18:04,433 [INFO] PluginManager:220 - loadIPPluginJar : add ipddr
2025-05-31 15:18:04,439 [INFO] IPUIPlugin:80 - create IPUIPlugin
2025-05-31 15:18:04,439 [INFO] PluginManager:220 - loadIPPluginJar : add linkedlist
2025-05-31 15:18:04,443 [INFO] IPUIPlugin:80 - create IPUIPlugin
2025-05-31 15:18:04,443 [INFO] PluginManager:220 - loadIPPluginJar : add lorawan
2025-05-31 15:18:04,445 [INFO] IPUIPlugin:80 - create IPUIPlugin
2025-05-31 15:18:04,445 [INFO] PluginManager:220 - loadIPPluginJar : add ltdc
2025-05-31 15:18:04,454 [INFO] IPUIPlugin:80 - create IPUIPlugin
2025-05-31 15:18:04,455 [INFO] PluginManager:220 - loadIPPluginJar : add mdma
2025-05-31 15:18:04,457 [INFO] IPUIPlugin:80 - create IPUIPlugin
2025-05-31 15:18:04,457 [INFO] PluginManager:220 - loadIPPluginJar : add nvic
2025-05-31 15:18:04,460 [INFO] IPUIPlugin:80 - create IPUIPlugin
2025-05-31 15:18:04,460 [INFO] PluginManager:220 - loadIPPluginJar : add opamp
2025-05-31 15:18:04,463 [INFO] IPUIPlugin:80 - create IPUIPlugin
2025-05-31 15:18:04,463 [INFO] PluginManager:220 - loadIPPluginJar : add openamp
2025-05-31 15:18:04,466 [INFO] IPUIPlugin:80 - create IPUIPlugin
2025-05-31 15:18:04,466 [INFO] PluginManager:220 - loadIPPluginJar : add pdm2pcm
2025-05-31 15:18:04,471 [INFO] IPUIPlugin:80 - create IPUIPlugin
2025-05-31 15:18:04,473 [INFO] PluginManager:220 - loadIPPluginJar : add plateformsettings
2025-05-31 15:18:04,476 [INFO] IPUIPlugin:80 - create IPUIPlugin
2025-05-31 15:18:04,476 [INFO] PluginManager:220 - loadIPPluginJar : add quadspi
2025-05-31 15:18:04,478 [INFO] IPUIPlugin:80 - create IPUIPlugin
2025-05-31 15:18:04,479 [INFO] PluginManager:220 - loadIPPluginJar : add radio
2025-05-31 15:18:04,483 [INFO] IPUIPlugin:80 - create IPUIPlugin
2025-05-31 15:18:04,483 [INFO] PluginManager:220 - loadIPPluginJar : add resmgrutility
2025-05-31 15:18:04,487 [INFO] IPUIPlugin:80 - create IPUIPlugin
2025-05-31 15:18:04,487 [INFO] PluginManager:220 - loadIPPluginJar : add sai
2025-05-31 15:18:04,489 [INFO] IPUIPlugin:80 - create IPUIPlugin
2025-05-31 15:18:04,489 [INFO] PluginManager:220 - loadIPPluginJar : add spi
2025-05-31 15:18:04,494 [INFO] IPUIPlugin:80 - create IPUIPlugin
2025-05-31 15:18:04,494 [INFO] PluginManager:220 - loadIPPluginJar : add stm32_wpan
2025-05-31 15:18:04,497 [INFO] IPUIPlugin:80 - create IPUIPlugin
2025-05-31 15:18:04,497 [INFO] PluginManager:220 - loadIPPluginJar : add tim
2025-05-31 15:18:04,500 [INFO] IPUIPlugin:80 - create IPUIPlugin
2025-05-31 15:18:04,501 [INFO] PluginManager:220 - loadIPPluginJar : add touchsensing
2025-05-31 15:18:04,503 [INFO] IPUIPlugin:80 - create IPUIPlugin
2025-05-31 15:18:04,503 [INFO] PluginManager:220 - loadIPPluginJar : add tracer_emb
2025-05-31 15:18:04,504 [INFO] IPUIPlugin:80 - create IPUIPlugin
2025-05-31 15:18:04,504 [INFO] PluginManager:220 - loadIPPluginJar : add ts
2025-05-31 15:18:04,506 [INFO] IPUIPlugin:80 - create IPUIPlugin
2025-05-31 15:18:04,506 [INFO] PluginManager:220 - loadIPPluginJar : add tsc
2025-05-31 15:18:04,508 [INFO] IPUIPlugin:80 - create IPUIPlugin
2025-05-31 15:18:04,508 [INFO] PluginManager:220 - loadIPPluginJar : add ucpd
2025-05-31 15:18:04,510 [INFO] IPUIPlugin:80 - create IPUIPlugin
2025-05-31 15:18:04,510 [INFO] PluginManager:220 - loadIPPluginJar : add usart
2025-05-31 15:18:04,512 [INFO] IPUIPlugin:80 - create IPUIPlugin
2025-05-31 15:18:04,512 [INFO] PluginManager:220 - loadIPPluginJar : add usbx
2025-05-31 15:18:04,633 [FATAL] Updater:351 - Updater called before beeing initialized
2025-05-31 15:18:04,655 [INFO] RulesReader:64 - Compatibility file has been processed (297 Rules)
2025-05-31 15:18:04,664 [INFO] RulesReader:64 - Compatibility file has been processed (297 Rules)
2025-05-31 15:18:04,670 [INFO] CADModel:165 - CPN selected for project level
2025-05-31 15:18:04,671 [INFO] CADModel:114 - Register for checkConnection events
2025-05-31 15:18:04,671 [FATAL] Updater:351 - Updater called before beeing initialized
2025-05-31 15:18:04,671 [ERROR] CADModel:125 - Updater not yet initialized, retry later 
2025-05-31 15:18:04,779 [FATAL] Updater:351 - Updater called before beeing initialized
2025-05-31 15:18:04,780 [INFO] CADModel:165 - CPN selected for project level
2025-05-31 15:18:04,781 [INFO] CADModel:114 - Register for checkConnection events
2025-05-31 15:18:04,781 [FATAL] Updater:351 - Updater called before beeing initialized
2025-05-31 15:18:04,781 [ERROR] CADModel:125 - Updater not yet initialized, retry later 
2025-05-31 15:18:04,783 [FATAL] Updater:351 - Updater called before beeing initialized
2025-05-31 15:18:04,852 [FATAL] Updater:351 - Updater called before beeing initialized
2025-05-31 15:18:04,856 [INFO] DbMcusAds:53 - JSON generation date=Wed May 07 16:07:55 ICT 2025 (1746608875484)
2025-05-31 15:18:04,856 [FATAL] Updater:351 - Updater called before beeing initialized
2025-05-31 15:18:04,888 [WARN] DetailPanel:346 - Failed to get advertising image, set to default
2025-05-31 15:18:05,105 [FATAL] Updater:351 - Updater called before beeing initialized
2025-05-31 15:18:05,107 [FATAL] Updater:351 - Updater called before beeing initialized
2025-05-31 15:18:05,107 [FATAL] Updater:351 - Updater called before beeing initialized
2025-05-31 15:18:05,107 [WARN] DetailPanel:346 - Failed to get advertising image, set to default
2025-05-31 15:18:05,108 [FATAL] Updater:351 - Updater called before beeing initialized
2025-05-31 15:18:05,141 [ERROR] Updater:1198 - MainUpdater not yet initialized. External WinMGr cannot be set.
2025-05-31 15:18:05,142 [INFO] Updater:1134 - Updater Version found : 6.13.0
2025-05-31 15:18:05,156 [INFO] ApplicationProperties:184 - Using Application install path: C:\ST\STM32CubeIDE_1.17.0\STM32CubeIDE\plugins\com.st.stm32cube.common.mx_6.13.0.202411220809
2025-05-31 15:18:05,456 [INFO] MainUpdater:2872 - connection check result : 10
2025-05-31 15:18:05,457 [INFO] MainUpdater:289 - Updater Check For Update Now.
2025-05-31 15:18:05,457 [INFO] MicroXplorer:498 - Change Database Version : DB.6.0.130
2025-05-31 15:18:05,463 [INFO] McuFinderGlobals:63 - Set McuFinder mode to 2 (CubeIDE integrated)
2025-05-31 15:18:05,464 [INFO] UserAuth:486 - Internet connection configuration mode: 1
2025-05-31 15:18:05,491 [INFO] JxBrowserEngine:152 - Initiate JxBrowser Engine with user profile folder
2025-05-31 15:18:05,614 [INFO] CheckServerUpdateThread:120 - End of CheckServer Thread
2025-05-31 15:18:06,709 [INFO] WebApp:168 - Instantiating new browser for Auth
2025-05-31 15:18:07,177 [WARN] PackLoader:240 - Cannot read IP mode file for STMicroelectronics.FP-SNS-MOTENVWB1.1.4.0
2025-05-31 15:18:07,184 [WARN] PackLoader:240 - Cannot read IP mode file for STMicroelectronics.FP-ATR-ASTRA1.2.0.2
2025-05-31 15:18:07,187 [WARN] PackLoader:240 - Cannot read IP mode file for STMicroelectronics.FP-ATR-ASTRA1.2.0.1
2025-05-31 15:18:07,196 [WARN] PackLoader:240 - Cannot read IP mode file for STMicroelectronics.X-CUBE-SMBUS.2.1.0
2025-05-31 15:18:07,202 [WARN] PackLoader:240 - Cannot read IP mode file for STMicroelectronics.X-CUBE-WB05N.1.1.0
2025-05-31 15:18:07,207 [WARN] PackLoader:240 - Cannot read IP mode file for STMicroelectronics.X-CUBE-ST60.1.0.0
2025-05-31 15:18:07,231 [WARN] PackLoader:240 - Cannot read IP mode file for STMicroelectronics.X-CUBE-AZRTOS-F7.1.1.0
2025-05-31 15:18:07,236 [WARN] PackLoader:240 - Cannot read IP mode file for STMicroelectronics.FP-SNS-FLIGHT1.5.0.2
2025-05-31 15:18:07,252 [WARN] PackLoader:240 - Cannot read IP mode file for Infineon.AIROC-Wi-Fi-Bluetooth-STM32.1.7.0
2025-05-31 15:18:07,262 [WARN] PackLoader:240 - Cannot read IP mode file for STMicroelectronics.X-CUBE-DISPLAY.3.0.0
2025-05-31 15:18:07,268 [WARN] PackLoader:240 - Cannot read IP mode file for STMicroelectronics.X-CUBE-BLE1.7.0.0
2025-05-31 15:18:07,272 [WARN] PackLoader:240 - Cannot read IP mode file for STMicroelectronics.X-CUBE-NFC10.1.0.0
2025-05-31 15:18:07,280 [WARN] PackLoader:240 - Cannot read IP mode file for STMicroelectronics.X-CUBE-BLEMGR.4.0.0
2025-05-31 15:18:07,285 [WARN] PackLoader:240 - Cannot read IP mode file for emotas.I-CUBE-CANOPEN.1.3.0
2025-05-31 15:18:07,289 [WARN] PackLoader:240 - Cannot read IP mode file for STMicroelectronics.X-CUBE-AI.10.0.0
2025-05-31 15:18:07,292 [WARN] PackLoader:240 - Cannot read IP mode file for STMicroelectronics.FP-SNS-SMARTAG2.1.2.0
2025-05-31 15:18:07,294 [WARN] PackLoader:240 - Cannot read IP mode file for STMicroelectronics.FP-SNS-FLIGHT1.5.1.0
2025-05-31 15:18:07,326 [WARN] PackLoader:240 - Cannot read IP mode file for STMicroelectronics.X-CUBE-MEMS1.11.1.0
2025-05-31 15:18:07,501 [INFO] LogOutputStream:77 - [STDOUT_REDIRECT] 1 : Invalid condition id : UX_CORESTACK_Condition cause : null
2025-05-31 15:18:07,502 [INFO] LogOutputStream:77 - [STDOUT_REDIRECT] 1 : Invalid condition id : UX_CORESTACK_Condition cause : null
2025-05-31 15:18:07,504 [INFO] LogOutputStream:77 - [STDOUT_REDIRECT] 1 : Invalid condition id : UX_CORESTACK_Condition cause : null
2025-05-31 15:18:07,507 [INFO] LogOutputStream:77 - [STDOUT_REDIRECT] 1 : Invalid condition id : UX_CORESTACK_Condition cause : null
2025-05-31 15:18:07,510 [INFO] LogOutputStream:77 - [STDOUT_REDIRECT] 1 : Invalid condition id : UX_CORESTACK_Condition cause : null
2025-05-31 15:18:07,516 [WARN] PackLoader:240 - Cannot read IP mode file for STMicroelectronics.X-CUBE-AZRTOS-WL.2.0.0
2025-05-31 15:18:07,531 [WARN] PackLoader:240 - Cannot read IP mode file for STMicroelectronics.FP-SNS-MOTENV1.5.0.0
2025-05-31 15:18:07,544 [WARN] PackLoader:240 - Cannot read IP mode file for wolfSSL.I-CUBE-wolfMQTT.1.19.0
2025-05-31 15:18:07,558 [WARN] PackLoader:240 - Cannot read IP mode file for WES.I-CUBE-Cesium.1.3.0
2025-05-31 15:18:07,572 [WARN] PackLoader:240 - Cannot read IP mode file for STMicroelectronics.X-CUBE-BLE2.3.3.0
2025-05-31 15:18:07,591 [WARN] PackLoader:240 - Cannot read IP mode file for STMicroelectronics.X-CUBE-NFC9.1.0.0
2025-05-31 15:18:07,601 [WARN] PackLoader:240 - Cannot read IP mode file for STMicroelectronics.X-CUBE-BLE1.7.1.0
2025-05-31 15:18:07,609 [WARN] PackLoader:240 - Cannot read IP mode file for STMicroelectronics.X-CUBE-AI.10.1.0
2025-05-31 15:18:07,620 [INFO] WebApp:449 - Apply proxy settings
2025-05-31 15:18:07,621 [INFO] WebApp:534 - Chromium requires no authentication
2025-05-31 15:18:07,648 [INFO] WebApp:477 - Direct internet connection detected
2025-05-31 15:18:07,651 [WARN] PackLoader:240 - Cannot read IP mode file for STMicroelectronics.X-CUBE-MEMS1.11.2.0
2025-05-31 15:18:07,731 [INFO] WebApp:880 - Register for checkConnection events
2025-05-31 15:18:07,731 [INFO] WebApp:449 - Apply proxy settings
2025-05-31 15:18:07,731 [INFO] WebApp:534 - Chromium requires no authentication
2025-05-31 15:18:07,732 [INFO] WebApp:477 - Direct internet connection detected
2025-05-31 15:18:07,811 [WARN] PackLoader:240 - Cannot read IP mode file for STMicroelectronics.X-CUBE-AZRTOS-G0.1.1.0
2025-05-31 15:18:07,820 [WARN] PackLoader:240 - Cannot read IP mode file for STMicroelectronics.X-CUBE-SAFEA1.1.2.2
2025-05-31 15:18:07,824 [WARN] PackLoader:240 - Cannot read IP mode file for STMicroelectronics.X-CUBE-NFC4.3.0.0
2025-05-31 15:18:07,829 [WARN] PackLoader:240 - Cannot read IP mode file for EmbeddedOffice.I-CUBE-FS-RTOS.1.0.1
2025-05-31 15:18:07,834 [WARN] PackLoader:240 - Cannot read IP mode file for STMicroelectronics.X-CUBE-WB05N.2.0.0
2025-05-31 15:18:07,840 [WARN] PackLoader:240 - Cannot read IP mode file for STMicroelectronics.X-CUBE-TCPP.4.2.0
2025-05-31 15:18:07,846 [WARN] PackLoader:240 - Cannot read IP mode file for RealThread.X-CUBE-RT-Thread_Nano.4.1.1
2025-05-31 15:18:07,849 [WARN] PackLoader:240 - Cannot read IP mode file for STMicroelectronics.FP-ATR-SIGFOX1.3.2.0
2025-05-31 15:18:07,853 [WARN] ConditionMgr:438 - getConditionDescription Invalid condition id : Cortex-A Device cause : null
2025-05-31 15:18:07,900 [WARN] ConditionMgr:1044 - genDependencies : Invalid condition id : Cortex-A Device cause : null
2025-05-31 15:18:07,902 [WARN] ConditionMgr:1044 - genDependencies : Invalid condition id : Cortex-A Device cause : null
2025-05-31 15:18:07,902 [WARN] ConditionMgr:1044 - genDependencies : Invalid condition id : Cortex-A Device cause : null
2025-05-31 15:18:07,909 [INFO] WebApp:187 - Connection restablished
2025-05-31 15:18:07,912 [WARN] PackLoader:240 - Cannot read IP mode file for STMicroelectronics.X-CUBE-EEPRMA1.5.1.0
2025-05-31 15:18:07,921 [WARN] PackLoader:240 - Cannot read IP mode file for wolfSSL.I-CUBE-wolfSSL.5.7.4
2025-05-31 15:18:07,929 [WARN] PackLoader:240 - Cannot read IP mode file for ITTIA_DB.I-CUBE-ITTIADB.8.9.0
2025-05-31 15:18:07,959 [WARN] PackLoader:240 - Cannot read IP mode file for SEGGER.I-CUBE-embOS.1.3.1
2025-05-31 15:18:07,991 [WARN] PackLoader:240 - Cannot read IP mode file for STMicroelectronics.X-CUBE-ALGOBUILD.1.4.0
2025-05-31 15:18:07,999 [WARN] PackLoader:240 - Cannot read IP mode file for STMicroelectronics.X-CUBE-AI.9.1.0
2025-05-31 15:18:08,017 [WARN] PackLoader:240 - Cannot read IP mode file for STMicroelectronics.X-CUBE-AZRTOS-F4.1.1.0
2025-05-31 15:18:08,024 [WARN] PackLoader:240 - Cannot read IP mode file for Avnet-IotConnect.X-CUBE-IoTC-DA16k-PMOD.1.0.0
2025-05-31 15:18:08,030 [WARN] PackLoader:240 - Cannot read IP mode file for STMicroelectronics.X-CUBE-ISPU.2.1.0
2025-05-31 15:18:08,044 [WARN] PackLoader:240 - Cannot read IP mode file for STMicroelectronics.X-CUBE-AZRTOS-L5.2.0.0
2025-05-31 15:18:08,056 [WARN] PackLoader:240 - Cannot read IP mode file for STMicroelectronics.X-CUBE-NFC6.3.1.0
2025-05-31 15:18:08,066 [WARN] PackLoader:240 - Cannot read IP mode file for STMicroelectronics.X-CUBE-DPower.1.2.0
2025-05-31 15:18:08,073 [WARN] PackLoader:240 - Cannot read IP mode file for STMicroelectronics.X-CUBE-FREERTOS.1.3.1
2025-05-31 15:18:08,079 [WARN] PackLoader:240 - Cannot read IP mode file for STMicroelectronics.X-CUBE-FREERTOS.1.3.0
2025-05-31 15:18:08,087 [WARN] PackLoader:240 - Cannot read IP mode file for STMicroelectronics.X-CUBE-NFC7.1.0.1
2025-05-31 15:18:08,094 [WARN] PackLoader:240 - Cannot read IP mode file for STMicroelectronics.X-CUBE-DPower.1.3.0
2025-05-31 15:18:08,111 [WARN] ConditionMgr:438 - getConditionDescription Invalid condition id : LAN8742 Phy interface Condition cause : null
2025-05-31 15:18:08,112 [WARN] PackLoader:240 - Cannot read IP mode file for STMicroelectronics.X-CUBE-AZRTOS-L4.2.0.0
2025-05-31 15:18:08,114 [WARN] ConditionMgr:1044 - genDependencies : Invalid condition id : LAN8742 Phy interface Condition cause : null
2025-05-31 15:18:08,114 [WARN] ConditionMgr:1044 - genDependencies : Invalid condition id : LAN8742 Phy interface Condition cause : null
2025-05-31 15:18:08,115 [WARN] ConditionMgr:1044 - genDependencies : Invalid condition id : LAN8742 Phy interface Condition cause : null
2025-05-31 15:18:08,126 [WARN] PackLoader:240 - Cannot read IP mode file for STMicroelectronics.X-CUBE-SFXS2LP1.4.0.0
2025-05-31 15:18:08,143 [WARN] PackLoader:240 - Cannot read IP mode file for STMicroelectronics.X-CUBE-AZRTOS-H7.3.3.0
2025-05-31 15:18:08,161 [WARN] ConditionMgr:438 - getConditionDescription Invalid condition id : UX DEVICE CLASS RTOS Condition cause : null
2025-05-31 15:18:08,162 [WARN] ConditionMgr:438 - getConditionDescription Invalid condition id : UX DEVICE CLASS RTOS Condition cause : null
2025-05-31 15:18:08,163 [WARN] PackLoader:240 - Cannot read IP mode file for STMicroelectronics.X-CUBE-AZRTOS-WB.2.0.0
2025-05-31 15:18:08,164 [WARN] ConditionMgr:1044 - genDependencies : Invalid condition id : UX DEVICE CLASS RTOS Condition cause : null
2025-05-31 15:18:08,164 [WARN] ConditionMgr:1044 - genDependencies : Invalid condition id : UX DEVICE CLASS RTOS Condition cause : null
2025-05-31 15:18:08,165 [WARN] ConditionMgr:1044 - genDependencies : Invalid condition id : UX DEVICE CLASS RTOS Condition cause : null
2025-05-31 15:18:08,165 [WARN] ConditionMgr:1044 - genDependencies : Invalid condition id : UX DEVICE CLASS RTOS Condition cause : null
2025-05-31 15:18:08,165 [WARN] ConditionMgr:1044 - genDependencies : Invalid condition id : UX DEVICE CLASS RTOS Condition cause : null
2025-05-31 15:18:08,174 [WARN] PackLoader:240 - Cannot read IP mode file for STMicroelectronics.X-CUBE-GNSS1.7.0.1
2025-05-31 15:18:08,183 [WARN] PackLoader:240 - Cannot read IP mode file for STMicroelectronics.X-CUBE-TOUCHGFX.4.25.0
2025-05-31 15:18:08,192 [WARN] PackLoader:240 - Cannot read IP mode file for STMicroelectronics.FP-SNS-STBOX1.2.0.0
2025-05-31 15:18:08,204 [WARN] PackLoader:240 - Cannot read IP mode file for STMicroelectronics.X-CUBE-SUBG2.5.0.0
2025-05-31 15:18:08,215 [INFO] WebApp:221 - Starting web application
2025-05-31 15:18:08,215 [INFO] WebApp:579 - Web application path used C:\ST\STM32CubeIDE_1.17.0\STM32CubeIDE\plugins\com.st.stm32cube.common.mx_6.13.0.202411220809\db\plugins\mcufinder\reactClient1\index.html
2025-05-31 15:18:08,234 [WARN] PackLoader:240 - Cannot read IP mode file for STMicroelectronics.X-CUBE-AZRTOS-H7RS.1.1.0
2025-05-31 15:18:08,248 [WARN] PackLoader:240 - Cannot read IP mode file for Cesanta.I-CUBE-Mongoose.7.13.0
2025-05-31 15:18:08,265 [WARN] PackLoader:240 - Cannot read IP mode file for STMicroelectronics.X-CUBE-AZRTOS-G4.2.0.0
2025-05-31 15:18:08,275 [WARN] PackLoader:240 - Cannot read IP mode file for STMicroelectronics.X-CUBE-NFC7.2.0.0
2025-05-31 15:18:08,290 [WARN] PackLoader:240 - Cannot read IP mode file for STMicroelectronics.X-CUBE-IPS.3.1.0
2025-05-31 15:18:08,306 [WARN] PackLoader:240 - Cannot read IP mode file for STMicroelectronics.X-CUBE-ALS.1.0.2
2025-05-31 15:18:08,312 [WARN] PackLoader:240 - Cannot read IP mode file for STMicroelectronics.X-CUBE-TOUCHGFX.4.24.2
2025-05-31 15:18:08,318 [WARN] PackLoader:240 - Cannot read IP mode file for wolfSSL.I-CUBE-wolfTPM.3.4.0
2025-05-31 15:18:08,328 [WARN] PackLoader:240 - Cannot read IP mode file for portGmbH.I-Cube-SoM-uGOAL.1.1.0
2025-05-31 15:18:08,347 [WARN] PackLoader:240 - Cannot read IP mode file for STMicroelectronics.X-CUBE-AZRTOS-H7RS.1.0.0
2025-05-31 15:18:08,367 [WARN] PackLoader:240 - Cannot read IP mode file for STMicroelectronics.X-CUBE-TOF1.3.4.2
2025-05-31 15:18:08,389 [WARN] PackLoader:240 - Cannot read IP mode file for STMicroelectronics.X-CUBE-TOF1.3.4.3
2025-05-31 15:18:08,404 [INFO] UserAuth:486 - Internet connection configuration mode: 1
2025-05-31 15:18:08,408 [WARN] PackLoader:240 - Cannot read IP mode file for wolfSSL.I-CUBE-wolfSSH.1.4.17
2025-05-31 15:18:08,410 [INFO] ThirdParty:978 - Integrity check success = true
2025-05-31 15:18:08,410 [INFO] IntegrityCheckThread:100 - exiting critical section [integrity check]
2025-05-31 15:18:08,410 [INFO] IntegrityCheckThread:103 - End integrity checks thread
2025-05-31 15:18:36,449 [INFO] WebApp:190 - Connection lost
2025-05-31 15:18:36,593 [INFO] WebApp:187 - Connection restablished
