2025-05-20 10:04:45,867 [INFO] Activator:176 - 


2025-05-20 10:04:45,872 [INFO] Activator:177 - !SESSION log4j initialized
2025-05-20 10:04:50,619 [INFO] LogOutputStream:77 - [STDOUT_REDIRECT] 
2025-05-20 10:04:54,631 [INFO] ApplicationProperties:184 - Using Application install path: C:\ST\STM32CubeIDE_1.17.0\STM32CubeIDE\plugins\com.st.stm32cube.common.mx_6.13.0.202411220809
2025-05-20 10:04:54,646 [INFO] DbMcusXml:78 - Set database path to: C:\ST\STM32CubeIDE_1.17.0\STM32CubeIDE\plugins\com.st.stm32cube.common.mx_6.13.0.202411220809\\db\/mcu/
2025-05-20 10:04:54,646 [INFO] ApiDb:274 - Set plugin database path to: C:\ST\STM32CubeIDE_1.17.0\STM32CubeIDE\plugins\com.st.stm32cube.common.mx_6.13.0.202411220809\\db\/plugins/boardmanager/
2025-05-20 10:04:54,646 [WARN] ApiDb:259 - Overriding images path with different value:  => C:\ST\STM32CubeIDE_1.17.0\STM32CubeIDE\plugins\com.st.stm32cube.common.mx_6.13.0.202411220809\\db\/plugins/mcufinder/images/
2025-05-20 10:04:54,661 [INFO] ApiDb:250 - Set database path to: C:\Users\APC\.stmcufinder\plugins\mcufinder//mcu/
2025-05-20 10:04:54,663 [INFO] DbMcusAds:125 - Set database path to: C:\Users\APC\.stmcufinder\plugins\mcufinder//mcu/
2025-05-20 10:04:54,665 [INFO] CrossReferenceDbSqlite:203 - Set database path to: C:\Users\APC\.stmcufinder\plugins\mcufinder//mcu/cs/
2025-05-20 10:04:54,750 [INFO] RulesReader:64 - Compatibility file has been processed (297 Rules)
2025-05-20 10:04:54,814 [INFO] DbMcusXml:78 - Set database path to: C:\ST\STM32CubeIDE_1.17.0\STM32CubeIDE\plugins\com.st.stm32cube.common.mx_6.13.0.202411220809\\db\/mcu/
2025-05-20 10:04:54,814 [INFO] ApiDb:274 - Set plugin database path to: C:\ST\STM32CubeIDE_1.17.0\STM32CubeIDE\plugins\com.st.stm32cube.common.mx_6.13.0.202411220809\\db\/plugins/boardmanager/
2025-05-20 10:04:54,814 [INFO] ApiDb:261 - Set plugin images path to: C:\ST\STM32CubeIDE_1.17.0\STM32CubeIDE\plugins\com.st.stm32cube.common.mx_6.13.0.202411220809\\db\/plugins/mcufinder/images/
2025-05-20 10:04:54,814 [WARN] DbFile:41 - Overriding database path with different value: C:\Users\APC\.stmcufinder\plugins\mcufinder/ => C:\Users\APC\.stmcufinder\plugins\mcufinder
2025-05-20 10:04:54,814 [INFO] ApiDb:250 - Set database path to: C:\Users\APC\.stmcufinder\plugins\mcufinder//mcu/
2025-05-20 10:04:54,814 [WARN] DbFile:41 - Overriding database path with different value: C:\Users\APC\.stmcufinder\plugins\mcufinder/ => C:\Users\APC\.stmcufinder\plugins\mcufinder
2025-05-20 10:04:54,814 [INFO] DbMcusAds:125 - Set database path to: C:\Users\APC\.stmcufinder\plugins\mcufinder//mcu/
2025-05-20 10:04:54,814 [WARN] DbFile:41 - Overriding database path with different value: C:\Users\APC\.stmcufinder\plugins\mcufinder/ => C:\Users\APC\.stmcufinder\plugins\mcufinder
2025-05-20 10:04:54,814 [WARN] DbFile:41 - Overriding database path with different value: C:\Users\APC\.stmcufinder\plugins\mcufinder/ => C:\Users\APC\.stmcufinder\plugins\mcufinder
2025-05-20 10:04:54,815 [INFO] CrossReferenceDbSqlite:203 - Set database path to: C:\Users\APC\.stmcufinder\plugins\mcufinder//mcu/cs/
2025-05-20 10:04:54,871 [INFO] MainPanel:272 - HeapMemory: 268435456
2025-05-20 10:04:54,955 [INFO] DbMcusXml:78 - Set database path to: C:\ST\STM32CubeIDE_1.17.0\STM32CubeIDE\plugins\com.st.stm32cube.common.mx_6.13.0.202411220809\\db\/mcu/
2025-05-20 10:04:54,955 [INFO] ApiDb:274 - Set plugin database path to: C:\ST\STM32CubeIDE_1.17.0\STM32CubeIDE\plugins\com.st.stm32cube.common.mx_6.13.0.202411220809\\db\/plugins/boardmanager/
2025-05-20 10:04:54,955 [INFO] ApiDb:261 - Set plugin images path to: C:\ST\STM32CubeIDE_1.17.0\STM32CubeIDE\plugins\com.st.stm32cube.common.mx_6.13.0.202411220809\\db\/plugins/mcufinder/images/
2025-05-20 10:04:54,956 [WARN] DbFile:41 - Overriding database path with different value: C:\Users\APC\.stmcufinder\plugins\mcufinder/ => C:\Users\APC\.stmcufinder\plugins\mcufinder
2025-05-20 10:04:54,956 [INFO] ApiDb:250 - Set database path to: C:\Users\APC\.stmcufinder\plugins\mcufinder//mcu/
2025-05-20 10:04:54,956 [WARN] DbFile:41 - Overriding database path with different value: C:\Users\APC\.stmcufinder\plugins\mcufinder/ => C:\Users\APC\.stmcufinder\plugins\mcufinder
2025-05-20 10:04:54,956 [INFO] DbMcusAds:125 - Set database path to: C:\Users\APC\.stmcufinder\plugins\mcufinder//mcu/
2025-05-20 10:04:54,956 [WARN] DbFile:41 - Overriding database path with different value: C:\Users\APC\.stmcufinder\plugins\mcufinder/ => C:\Users\APC\.stmcufinder\plugins\mcufinder
2025-05-20 10:04:54,956 [WARN] DbFile:41 - Overriding database path with different value: C:\Users\APC\.stmcufinder\plugins\mcufinder/ => C:\Users\APC\.stmcufinder\plugins\mcufinder
2025-05-20 10:04:54,956 [INFO] CrossReferenceDbSqlite:203 - Set database path to: C:\Users\APC\.stmcufinder\plugins\mcufinder//mcu/cs/
2025-05-20 10:04:54,969 [INFO] ApplicationProperties:184 - Using Application install path: C:\ST\STM32CubeIDE_1.17.0\STM32CubeIDE\plugins\com.st.stm32cube.common.mx_6.13.0.202411220809
2025-05-20 10:04:54,970 [INFO] PluginManage:196 - Search for loadable plugins [exclusion list=, ]
2025-05-20 10:04:54,971 [INFO] PluginManage:310 - Check plugin analytics
2025-05-20 10:04:55,117 [INFO] AnalyticsPlugin:253 - Accepted Software Licenses: STM32CubeMX.6.13.0
2025-05-20 10:04:55,117 [INFO] AnalyticsPlugin:255 - Accepted CMSIS Pack Licenses: 
2025-05-20 10:04:55,117 [INFO] AnalyticsPlugin:257 - Accepted Firmware Licenses: FW.F4.1.28.0
2025-05-20 10:04:55,121 [INFO] PluginManage:359 - Loaded plugin analytics (category:tool,tabindex:-1)
2025-05-20 10:04:55,121 [INFO] PluginManage:310 - Check plugin cadmodel
2025-05-20 10:04:55,140 [INFO] CADModel:105 - Init CAD model plugin
2025-05-20 10:04:55,140 [INFO] PluginManage:359 - Loaded plugin cadmodel (category:power,tabindex:5)
2025-05-20 10:04:55,140 [INFO] PluginManage:310 - Check plugin clock
2025-05-20 10:04:55,161 [INFO] PluginManage:359 - Loaded plugin clock (category:base,tabindex:2)
2025-05-20 10:04:55,161 [INFO] PluginManage:310 - Check plugin ddr
2025-05-20 10:04:55,165 [INFO] PluginManage:359 - Loaded plugin ddr (category:tool,tabindex:6)
2025-05-20 10:04:55,165 [INFO] PluginManage:310 - Check plugin filemanager
2025-05-20 10:04:55,285 [INFO] PluginManage:359 - Loaded plugin filemanager (category:base,tabindex:10)
2025-05-20 10:04:55,286 [INFO] PluginManage:310 - Check plugin ipmanager
2025-05-20 10:04:55,292 [INFO] PluginManage:359 - Loaded plugin ipmanager (category:base,tabindex:5)
2025-05-20 10:04:55,292 [INFO] PluginManage:310 - Check plugin lpbam
2025-05-20 10:04:55,309 [INFO] PluginManage:359 - Loaded plugin lpbam (category:base,tabindex:0)
2025-05-20 10:04:55,309 [INFO] PluginManage:310 - Check plugin memorymap
2025-05-20 10:04:55,328 [INFO] PluginManage:359 - Loaded plugin memorymap (category:base,tabindex:4)
2025-05-20 10:04:55,328 [INFO] PluginManage:310 - Check plugin pinoutandconfiguration
2025-05-20 10:04:55,343 [INFO] PluginManage:359 - Loaded plugin pinoutandconfiguration (category:base,tabindex:1)
2025-05-20 10:04:55,343 [INFO] PluginManage:310 - Check plugin pinoutconfig
2025-05-20 10:04:55,420 [WARN] SupportedApi:132 - Cannot load RTOS API schema: s4s-elt-must-match.1: The content of 'definitions' must match (annotation?, (simpleType | complexType)?, (unique | key | keyref)*)). A problem was found starting at: attribute.
2025-05-20 10:04:55,525 [INFO] PluginManage:359 - Loaded plugin pinoutconfig (category:base,tabindex:0)
2025-05-20 10:04:55,526 [INFO] PluginManage:310 - Check plugin power
2025-05-20 10:04:55,543 [INFO] PluginManage:359 - Loaded plugin power (category:power,tabindex:4)
2025-05-20 10:04:55,543 [INFO] PluginManage:310 - Check plugin projectmanager
2025-05-20 10:04:55,556 [INFO] PluginManage:359 - Loaded plugin projectmanager (category:projectmanager,tabindex:4)
2025-05-20 10:04:55,556 [INFO] PluginManage:310 - Check plugin rif
2025-05-20 10:04:55,571 [INFO] PluginManage:359 - Loaded plugin rif (category:base,tabindex:3)
2025-05-20 10:04:55,572 [INFO] PluginManage:310 - Check plugin thirdparty
2025-05-20 10:04:55,829 [WARN] IntegrityCheckThread:84 - waiting for thirdparty lock release [integrity check]
2025-05-20 10:04:55,831 [INFO] PluginManage:359 - Loaded plugin thirdparty (category:base,tabindex:-1)
2025-05-20 10:04:55,831 [INFO] IntegrityCheckThread:86 - entering critical section [integrity check]
2025-05-20 10:04:55,831 [INFO] PluginManage:310 - Check plugin tools
2025-05-20 10:04:55,831 [INFO] ThirdPartyUpdaterWithRetryManager:70 - Updater plugin not ready yet. [1/15]
2025-05-20 10:04:55,880 [INFO] PluginManage:359 - Loaded plugin tools (category:base,tabindex:7)
2025-05-20 10:04:55,880 [INFO] PluginManage:310 - Check plugin tutovideos
2025-05-20 10:04:56,043 [INFO] PluginManage:359 - Loaded plugin tutovideos (category:base,tabindex:-1)
2025-05-20 10:04:56,043 [INFO] PluginManage:310 - Check plugin updater
2025-05-20 10:04:56,061 [INFO] PluginManage:359 - Loaded plugin updater (category:base,tabindex:12)
2025-05-20 10:04:56,061 [INFO] PluginManage:310 - Check plugin userauth
2025-05-20 10:04:56,064 [INFO] UserAuth:118 - Init User Auth plugin
2025-05-20 10:04:56,065 [INFO] PluginManage:359 - Loaded plugin userauth (category:base,tabindex:14)
2025-05-20 10:04:56,065 [INFO] PluginManage:283 - PluginManage : Loaded plugins [18]
2025-05-20 10:04:56,263 [INFO] PinOutPanel:1589 - setPackage(No Configuration,No Configuration)
2025-05-20 10:04:56,322 [INFO] CADModel:165 - CPN selected for project level
2025-05-20 10:04:56,322 [INFO] CADModel:114 - Register for checkConnection events
2025-05-20 10:04:56,345 [INFO] IPUIPlugin:80 - create IPUIPlugin
2025-05-20 10:04:56,346 [INFO] PluginManager:220 - loadIPPluginJar : add adc
2025-05-20 10:04:56,380 [INFO] IPUIPlugin:80 - create IPUIPlugin
2025-05-20 10:04:56,380 [INFO] PluginManager:220 - loadIPPluginJar : add aes
2025-05-20 10:04:56,418 [INFO] IPUIPlugin:80 - create IPUIPlugin
2025-05-20 10:04:56,419 [INFO] PluginManager:220 - loadIPPluginJar : add can
2025-05-20 10:04:56,445 [INFO] IPUIPlugin:80 - create IPUIPlugin
2025-05-20 10:04:56,445 [INFO] PluginManager:220 - loadIPPluginJar : add comp
2025-05-20 10:04:56,477 [INFO] IPUIPlugin:80 - create IPUIPlugin
2025-05-20 10:04:56,478 [INFO] PluginManager:220 - loadIPPluginJar : add cryp
2025-05-20 10:04:56,490 [INFO] IPUIPlugin:80 - create IPUIPlugin
2025-05-20 10:04:56,490 [INFO] PluginManager:220 - loadIPPluginJar : add ddr_ctrl_phy
2025-05-20 10:04:56,521 [INFO] IPUIPlugin:80 - create IPUIPlugin
2025-05-20 10:04:56,521 [INFO] PluginManager:220 - loadIPPluginJar : add dfsdm
2025-05-20 10:04:56,538 [INFO] IPUIPlugin:80 - create IPUIPlugin
2025-05-20 10:04:56,538 [INFO] PluginManager:220 - loadIPPluginJar : add dma
2025-05-20 10:04:56,571 [INFO] IPUIPlugin:80 - create IPUIPlugin
2025-05-20 10:04:56,571 [INFO] PluginManager:220 - loadIPPluginJar : add dma3
2025-05-20 10:04:56,605 [INFO] IPUIPlugin:80 - create IPUIPlugin
2025-05-20 10:04:56,605 [INFO] PluginManager:220 - loadIPPluginJar : add extmemmanager
2025-05-20 10:04:56,623 [INFO] IPUIPlugin:80 - create IPUIPlugin
2025-05-20 10:04:56,623 [INFO] PluginManager:220 - loadIPPluginJar : add fatfs
2025-05-20 10:04:56,659 [INFO] IPUIPlugin:80 - create IPUIPlugin
2025-05-20 10:04:56,659 [INFO] PluginManager:220 - loadIPPluginJar : add fmc
2025-05-20 10:04:56,672 [INFO] IPUIPlugin:80 - create IPUIPlugin
2025-05-20 10:04:56,672 [INFO] PluginManager:220 - loadIPPluginJar : add freertos
2025-05-20 10:04:56,691 [INFO] IPUIPlugin:80 - create IPUIPlugin
2025-05-20 10:04:56,691 [INFO] PluginManager:220 - loadIPPluginJar : add genericplugin
2025-05-20 10:04:56,760 [INFO] IPUIPlugin:80 - create IPUIPlugin
2025-05-20 10:04:56,760 [INFO] PluginManager:220 - loadIPPluginJar : add gfxmmu
2025-05-20 10:04:56,865 [INFO] IPUIPlugin:80 - create IPUIPlugin
2025-05-20 10:04:56,865 [INFO] PluginManager:220 - loadIPPluginJar : add gic
2025-05-20 10:04:56,881 [INFO] IPUIPlugin:80 - create IPUIPlugin
2025-05-20 10:04:56,881 [INFO] PluginManager:220 - loadIPPluginJar : add gpio
2025-05-20 10:04:56,954 [INFO] IPUIPlugin:80 - create IPUIPlugin
2025-05-20 10:04:56,955 [INFO] PluginManager:220 - loadIPPluginJar : add gtzc
2025-05-20 10:04:56,982 [INFO] IPUIPlugin:80 - create IPUIPlugin
2025-05-20 10:04:56,982 [INFO] PluginManager:220 - loadIPPluginJar : add hash
2025-05-20 10:04:57,029 [INFO] IPUIPlugin:80 - create IPUIPlugin
2025-05-20 10:04:57,029 [INFO] PluginManager:220 - loadIPPluginJar : add i2c
2025-05-20 10:04:57,062 [INFO] IPUIPlugin:80 - create IPUIPlugin
2025-05-20 10:04:57,062 [INFO] PluginManager:220 - loadIPPluginJar : add i2s
2025-05-20 10:04:57,096 [INFO] IPUIPlugin:80 - create IPUIPlugin
2025-05-20 10:04:57,096 [INFO] PluginManager:220 - loadIPPluginJar : add i3c
2025-05-20 10:04:57,172 [INFO] IPUIPlugin:80 - create IPUIPlugin
2025-05-20 10:04:57,172 [INFO] PluginManager:220 - loadIPPluginJar : add ipddr
2025-05-20 10:04:57,255 [INFO] IPUIPlugin:80 - create IPUIPlugin
2025-05-20 10:04:57,256 [INFO] PluginManager:220 - loadIPPluginJar : add linkedlist
2025-05-20 10:04:57,286 [INFO] IPUIPlugin:80 - create IPUIPlugin
2025-05-20 10:04:57,286 [INFO] PluginManager:220 - loadIPPluginJar : add lorawan
2025-05-20 10:04:57,318 [INFO] IPUIPlugin:80 - create IPUIPlugin
2025-05-20 10:04:57,318 [INFO] PluginManager:220 - loadIPPluginJar : add ltdc
2025-05-20 10:04:57,333 [INFO] IPUIPlugin:80 - create IPUIPlugin
2025-05-20 10:04:57,334 [INFO] PluginManager:220 - loadIPPluginJar : add mdma
2025-05-20 10:04:57,344 [INFO] IPUIPlugin:80 - create IPUIPlugin
2025-05-20 10:04:57,344 [INFO] PluginManager:220 - loadIPPluginJar : add nvic
2025-05-20 10:04:57,379 [INFO] IPUIPlugin:80 - create IPUIPlugin
2025-05-20 10:04:57,379 [INFO] PluginManager:220 - loadIPPluginJar : add opamp
2025-05-20 10:04:57,434 [INFO] IPUIPlugin:80 - create IPUIPlugin
2025-05-20 10:04:57,434 [INFO] PluginManager:220 - loadIPPluginJar : add openamp
2025-05-20 10:04:57,469 [INFO] IPUIPlugin:80 - create IPUIPlugin
2025-05-20 10:04:57,470 [INFO] PluginManager:220 - loadIPPluginJar : add pdm2pcm
2025-05-20 10:04:57,482 [INFO] IPUIPlugin:80 - create IPUIPlugin
2025-05-20 10:04:57,483 [INFO] PluginManager:220 - loadIPPluginJar : add plateformsettings
2025-05-20 10:04:57,505 [INFO] IPUIPlugin:80 - create IPUIPlugin
2025-05-20 10:04:57,505 [INFO] PluginManager:220 - loadIPPluginJar : add quadspi
2025-05-20 10:04:57,528 [INFO] IPUIPlugin:80 - create IPUIPlugin
2025-05-20 10:04:57,528 [INFO] PluginManager:220 - loadIPPluginJar : add radio
2025-05-20 10:04:57,542 [INFO] IPUIPlugin:80 - create IPUIPlugin
2025-05-20 10:04:57,542 [INFO] PluginManager:220 - loadIPPluginJar : add resmgrutility
2025-05-20 10:04:57,581 [INFO] IPUIPlugin:80 - create IPUIPlugin
2025-05-20 10:04:57,581 [INFO] PluginManager:220 - loadIPPluginJar : add sai
2025-05-20 10:04:57,613 [INFO] IPUIPlugin:80 - create IPUIPlugin
2025-05-20 10:04:57,613 [INFO] PluginManager:220 - loadIPPluginJar : add spi
2025-05-20 10:04:57,666 [INFO] IPUIPlugin:80 - create IPUIPlugin
2025-05-20 10:04:57,666 [INFO] PluginManager:220 - loadIPPluginJar : add stm32_wpan
2025-05-20 10:04:57,688 [INFO] IPUIPlugin:80 - create IPUIPlugin
2025-05-20 10:04:57,688 [INFO] PluginManager:220 - loadIPPluginJar : add tim
2025-05-20 10:04:57,734 [INFO] IPUIPlugin:80 - create IPUIPlugin
2025-05-20 10:04:57,734 [INFO] PluginManager:220 - loadIPPluginJar : add touchsensing
2025-05-20 10:04:57,754 [INFO] IPUIPlugin:80 - create IPUIPlugin
2025-05-20 10:04:57,754 [INFO] PluginManager:220 - loadIPPluginJar : add tracer_emb
2025-05-20 10:04:57,776 [INFO] IPUIPlugin:80 - create IPUIPlugin
2025-05-20 10:04:57,776 [INFO] PluginManager:220 - loadIPPluginJar : add ts
2025-05-20 10:04:57,797 [INFO] IPUIPlugin:80 - create IPUIPlugin
2025-05-20 10:04:57,797 [INFO] PluginManager:220 - loadIPPluginJar : add tsc
2025-05-20 10:04:57,818 [INFO] IPUIPlugin:80 - create IPUIPlugin
2025-05-20 10:04:57,818 [INFO] PluginManager:220 - loadIPPluginJar : add ucpd
2025-05-20 10:04:57,853 [INFO] IPUIPlugin:80 - create IPUIPlugin
2025-05-20 10:04:57,853 [INFO] PluginManager:220 - loadIPPluginJar : add usart
2025-05-20 10:04:57,888 [INFO] IPUIPlugin:80 - create IPUIPlugin
2025-05-20 10:04:57,888 [INFO] PluginManager:220 - loadIPPluginJar : add usbx
2025-05-20 10:04:58,000 [FATAL] Updater:351 - Updater called before beeing initialized
2025-05-20 10:04:58,034 [INFO] RulesReader:64 - Compatibility file has been processed (297 Rules)
2025-05-20 10:04:58,046 [INFO] RulesReader:64 - Compatibility file has been processed (297 Rules)
2025-05-20 10:04:58,056 [INFO] CADModel:165 - CPN selected for project level
2025-05-20 10:04:58,056 [INFO] CADModel:114 - Register for checkConnection events
2025-05-20 10:04:58,056 [FATAL] Updater:351 - Updater called before beeing initialized
2025-05-20 10:04:58,056 [ERROR] CADModel:125 - Updater not yet initialized, retry later 
2025-05-20 10:04:58,152 [FATAL] Updater:351 - Updater called before beeing initialized
2025-05-20 10:04:58,153 [INFO] CADModel:165 - CPN selected for project level
2025-05-20 10:04:58,153 [INFO] CADModel:114 - Register for checkConnection events
2025-05-20 10:04:58,154 [FATAL] Updater:351 - Updater called before beeing initialized
2025-05-20 10:04:58,154 [ERROR] CADModel:125 - Updater not yet initialized, retry later 
2025-05-20 10:04:58,156 [FATAL] Updater:351 - Updater called before beeing initialized
2025-05-20 10:04:58,227 [FATAL] Updater:351 - Updater called before beeing initialized
2025-05-20 10:04:58,237 [INFO] DbMcusAds:53 - JSON generation date=Tue Dec 17 23:01:25 ICT 2024 (1734451285682)
2025-05-20 10:04:58,237 [FATAL] Updater:351 - Updater called before beeing initialized
2025-05-20 10:04:58,266 [WARN] DetailPanel:346 - Failed to get advertising image, set to default
2025-05-20 10:04:58,410 [FATAL] Updater:351 - Updater called before beeing initialized
2025-05-20 10:04:58,412 [FATAL] Updater:351 - Updater called before beeing initialized
2025-05-20 10:04:58,412 [FATAL] Updater:351 - Updater called before beeing initialized
2025-05-20 10:04:58,412 [WARN] DetailPanel:346 - Failed to get advertising image, set to default
2025-05-20 10:04:58,413 [FATAL] Updater:351 - Updater called before beeing initialized
2025-05-20 10:04:58,455 [ERROR] Updater:1198 - MainUpdater not yet initialized. External WinMGr cannot be set.
2025-05-20 10:04:58,464 [INFO] Updater:1134 - Updater Version found : 6.13.0
2025-05-20 10:04:58,487 [INFO] ApplicationProperties:184 - Using Application install path: C:\ST\STM32CubeIDE_1.17.0\STM32CubeIDE\plugins\com.st.stm32cube.common.mx_6.13.0.202411220809
2025-05-20 10:04:58,832 [INFO] ThirdPartyUpdaterWithRetryManager:70 - Updater plugin not ready yet. [2/15]
2025-05-20 10:04:58,890 [INFO] MainUpdater:2872 - connection check result : 10
2025-05-20 10:04:58,890 [INFO] MainUpdater:3566 - Updater definition file requires update
2025-05-20 10:04:58,891 [INFO] MainUpdater:289 - Updater Check For Update Now.
2025-05-20 10:04:58,891 [INFO] MicroXplorer:498 - Change Database Version : DB.6.0.130
2025-05-20 10:04:58,907 [INFO] McuFinderGlobals:63 - Set McuFinder mode to 2 (CubeIDE integrated)
2025-05-20 10:04:58,910 [INFO] ServerAccessManage:473 - Download File updaters.zip
2025-05-20 10:04:58,913 [INFO] UserAuth:486 - Internet connection configuration mode: 1
2025-05-20 10:04:58,936 [INFO] JxBrowserEngine:152 - Initiate JxBrowser Engine with user profile folder
2025-05-20 10:04:59,123 [INFO] FileExtend:240 - Unzip File : updaters.zip
2025-05-20 10:04:59,123 [INFO] FileExtend:255 - Standard Zip Deflate
2025-05-20 10:04:59,905 [INFO] ServerAccessManage:473 - Download File PacksControlFlags.xml
2025-05-20 10:05:00,140 [INFO] ServerAccessManage:473 - Download File cubemx.pidx
2025-05-20 10:05:00,226 [INFO] LoadServerUpdatesThread:375 - End of LoadServerUpdate Thread
2025-05-20 10:05:00,411 [INFO] CheckServerUpdateThread:120 - End of CheckServer Thread
2025-05-20 10:05:00,562 [INFO] WebApp:168 - Instantiating new browser for Auth
2025-05-20 10:05:01,191 [INFO] WebApp:449 - Apply proxy settings
2025-05-20 10:05:01,192 [INFO] WebApp:534 - Chromium requires no authentication
2025-05-20 10:05:01,202 [INFO] WebApp:477 - Direct internet connection detected
2025-05-20 10:05:01,224 [INFO] WebApp:880 - Register for checkConnection events
2025-05-20 10:05:01,224 [INFO] WebApp:449 - Apply proxy settings
2025-05-20 10:05:01,225 [INFO] WebApp:534 - Chromium requires no authentication
2025-05-20 10:05:01,225 [INFO] WebApp:477 - Direct internet connection detected
2025-05-20 10:05:01,369 [INFO] WebApp:221 - Starting web application
2025-05-20 10:05:01,369 [INFO] WebApp:579 - Web application path used C:\ST\STM32CubeIDE_1.17.0\STM32CubeIDE\plugins\com.st.stm32cube.common.mx_6.13.0.202411220809\db\plugins\mcufinder\reactClient1\index.html
2025-05-20 10:05:01,509 [INFO] UserAuth:486 - Internet connection configuration mode: 1
2025-05-20 10:05:01,543 [INFO] WebApp:187 - Connection restablished
2025-05-20 10:05:02,077 [WARN] PackLoader:240 - Cannot read IP mode file for STMicroelectronics.FP-SNS-MOTENVWB1.1.4.0
2025-05-20 10:05:02,101 [WARN] PackLoader:240 - Cannot read IP mode file for STMicroelectronics.FP-ATR-ASTRA1.2.0.2
2025-05-20 10:05:02,113 [WARN] PackLoader:240 - Cannot read IP mode file for STMicroelectronics.FP-ATR-ASTRA1.2.0.1
2025-05-20 10:05:02,128 [WARN] PackLoader:240 - Cannot read IP mode file for STMicroelectronics.X-CUBE-SMBUS.2.1.0
2025-05-20 10:05:02,143 [WARN] PackLoader:240 - Cannot read IP mode file for STMicroelectronics.X-CUBE-WB05N.1.1.0
2025-05-20 10:05:02,176 [WARN] PackLoader:240 - Cannot read IP mode file for STMicroelectronics.X-CUBE-AZRTOS-F7.1.1.0
2025-05-20 10:05:02,191 [WARN] PackLoader:240 - Cannot read IP mode file for STMicroelectronics.FP-SNS-FLIGHT1.5.0.2
2025-05-20 10:05:02,225 [WARN] PackLoader:240 - Cannot read IP mode file for Infineon.AIROC-Wi-Fi-Bluetooth-STM32.1.7.0
2025-05-20 10:05:02,245 [WARN] PackLoader:240 - Cannot read IP mode file for STMicroelectronics.X-CUBE-DISPLAY.3.0.0
2025-05-20 10:05:02,262 [WARN] PackLoader:240 - Cannot read IP mode file for STMicroelectronics.X-CUBE-BLE1.7.0.0
2025-05-20 10:05:02,277 [WARN] PackLoader:240 - Cannot read IP mode file for STMicroelectronics.X-CUBE-NFC10.1.0.0
2025-05-20 10:05:02,299 [WARN] PackLoader:240 - Cannot read IP mode file for STMicroelectronics.X-CUBE-BLEMGR.4.0.0
2025-05-20 10:05:02,317 [WARN] PackLoader:240 - Cannot read IP mode file for emotas.I-CUBE-CANOPEN.1.3.0
2025-05-20 10:05:02,330 [WARN] PackLoader:240 - Cannot read IP mode file for STMicroelectronics.X-CUBE-AI.10.0.0
2025-05-20 10:05:02,344 [WARN] PackLoader:240 - Cannot read IP mode file for STMicroelectronics.FP-SNS-SMARTAG2.1.2.0
2025-05-20 10:05:02,358 [WARN] PackLoader:240 - Cannot read IP mode file for STMicroelectronics.FP-SNS-FLIGHT1.5.1.0
2025-05-20 10:05:02,406 [WARN] PackLoader:240 - Cannot read IP mode file for STMicroelectronics.X-CUBE-MEMS1.11.1.0
2025-05-20 10:05:02,532 [INFO] LogOutputStream:77 - [STDOUT_REDIRECT] 1 : Invalid condition id : UX_CORESTACK_Condition cause : null
2025-05-20 10:05:02,535 [INFO] LogOutputStream:77 - [STDOUT_REDIRECT] 1 : Invalid condition id : UX_CORESTACK_Condition cause : null
2025-05-20 10:05:02,535 [INFO] LogOutputStream:77 - [STDOUT_REDIRECT] 1 : Invalid condition id : UX_CORESTACK_Condition cause : null
2025-05-20 10:05:02,536 [INFO] LogOutputStream:77 - [STDOUT_REDIRECT] 1 : Invalid condition id : UX_CORESTACK_Condition cause : null
2025-05-20 10:05:02,536 [INFO] LogOutputStream:77 - [STDOUT_REDIRECT] 1 : Invalid condition id : UX_CORESTACK_Condition cause : null
2025-05-20 10:05:02,538 [WARN] PackLoader:240 - Cannot read IP mode file for STMicroelectronics.X-CUBE-AZRTOS-WL.2.0.0
2025-05-20 10:05:02,557 [WARN] PackLoader:240 - Cannot read IP mode file for STMicroelectronics.FP-SNS-MOTENV1.5.0.0
2025-05-20 10:05:02,573 [WARN] PackLoader:240 - Cannot read IP mode file for wolfSSL.I-CUBE-wolfMQTT.1.19.0
2025-05-20 10:05:02,591 [WARN] PackLoader:240 - Cannot read IP mode file for WES.I-CUBE-Cesium.1.3.0
2025-05-20 10:05:02,613 [WARN] PackLoader:240 - Cannot read IP mode file for STMicroelectronics.X-CUBE-BLE2.3.3.0
2025-05-20 10:05:02,631 [WARN] PackLoader:240 - Cannot read IP mode file for STMicroelectronics.X-CUBE-NFC9.1.0.0
2025-05-20 10:05:02,650 [WARN] PackLoader:240 - Cannot read IP mode file for STMicroelectronics.X-CUBE-BLE1.7.1.0
2025-05-20 10:05:02,690 [WARN] PackLoader:240 - Cannot read IP mode file for STMicroelectronics.X-CUBE-MEMS1.11.2.0
2025-05-20 10:05:02,765 [WARN] PackLoader:240 - Cannot read IP mode file for STMicroelectronics.X-CUBE-AZRTOS-G0.1.1.0
2025-05-20 10:05:02,786 [WARN] PackLoader:240 - Cannot read IP mode file for STMicroelectronics.X-CUBE-SAFEA1.1.2.2
2025-05-20 10:05:02,802 [WARN] PackLoader:240 - Cannot read IP mode file for STMicroelectronics.X-CUBE-NFC4.3.0.0
2025-05-20 10:05:02,823 [WARN] PackLoader:240 - Cannot read IP mode file for EmbeddedOffice.I-CUBE-FS-RTOS.1.0.1
2025-05-20 10:05:02,841 [WARN] PackLoader:240 - Cannot read IP mode file for STMicroelectronics.X-CUBE-WB05N.2.0.0
2025-05-20 10:05:02,859 [WARN] PackLoader:240 - Cannot read IP mode file for STMicroelectronics.X-CUBE-TCPP.4.2.0
2025-05-20 10:05:02,875 [WARN] PackLoader:240 - Cannot read IP mode file for RealThread.X-CUBE-RT-Thread_Nano.4.1.1
2025-05-20 10:05:02,892 [WARN] PackLoader:240 - Cannot read IP mode file for STMicroelectronics.FP-ATR-SIGFOX1.3.2.0
2025-05-20 10:05:02,905 [WARN] ConditionMgr:438 - getConditionDescription Invalid condition id : Cortex-A Device cause : null
2025-05-20 10:05:02,922 [WARN] ConditionMgr:1044 - genDependencies : Invalid condition id : Cortex-A Device cause : null
2025-05-20 10:05:02,922 [WARN] ConditionMgr:1044 - genDependencies : Invalid condition id : Cortex-A Device cause : null
2025-05-20 10:05:02,922 [WARN] ConditionMgr:1044 - genDependencies : Invalid condition id : Cortex-A Device cause : null
2025-05-20 10:05:02,934 [WARN] PackLoader:240 - Cannot read IP mode file for STMicroelectronics.X-CUBE-EEPRMA1.5.1.0
2025-05-20 10:05:02,946 [WARN] PackLoader:240 - Cannot read IP mode file for wolfSSL.I-CUBE-wolfSSL.5.7.4
2025-05-20 10:05:02,961 [WARN] PackLoader:240 - Cannot read IP mode file for ITTIA_DB.I-CUBE-ITTIADB.8.9.0
2025-05-20 10:05:02,985 [WARN] PackLoader:240 - Cannot read IP mode file for SEGGER.I-CUBE-embOS.1.3.1
2025-05-20 10:05:03,008 [WARN] PackLoader:240 - Cannot read IP mode file for STMicroelectronics.X-CUBE-ALGOBUILD.1.4.0
2025-05-20 10:05:03,020 [WARN] PackLoader:240 - Cannot read IP mode file for STMicroelectronics.X-CUBE-AI.9.1.0
2025-05-20 10:05:03,041 [WARN] PackLoader:240 - Cannot read IP mode file for STMicroelectronics.X-CUBE-AZRTOS-F4.1.1.0
2025-05-20 10:05:03,054 [WARN] PackLoader:240 - Cannot read IP mode file for Avnet-IotConnect.X-CUBE-IoTC-DA16k-PMOD.1.0.0
2025-05-20 10:05:03,068 [WARN] PackLoader:240 - Cannot read IP mode file for STMicroelectronics.X-CUBE-ISPU.2.1.0
2025-05-20 10:05:03,108 [WARN] PackLoader:240 - Cannot read IP mode file for STMicroelectronics.X-CUBE-AZRTOS-L5.2.0.0
2025-05-20 10:05:03,138 [WARN] PackLoader:240 - Cannot read IP mode file for STMicroelectronics.X-CUBE-NFC6.3.1.0
2025-05-20 10:05:03,167 [WARN] PackLoader:240 - Cannot read IP mode file for STMicroelectronics.X-CUBE-DPower.1.2.0
2025-05-20 10:05:03,187 [WARN] PackLoader:240 - Cannot read IP mode file for STMicroelectronics.X-CUBE-FREERTOS.1.3.1
2025-05-20 10:05:03,206 [WARN] PackLoader:240 - Cannot read IP mode file for STMicroelectronics.X-CUBE-FREERTOS.1.3.0
2025-05-20 10:05:03,220 [WARN] PackLoader:240 - Cannot read IP mode file for STMicroelectronics.X-CUBE-NFC7.1.0.1
2025-05-20 10:05:03,238 [WARN] PackLoader:240 - Cannot read IP mode file for STMicroelectronics.X-CUBE-DPower.1.3.0
2025-05-20 10:05:03,272 [WARN] ConditionMgr:438 - getConditionDescription Invalid condition id : LAN8742 Phy interface Condition cause : null
2025-05-20 10:05:03,273 [WARN] PackLoader:240 - Cannot read IP mode file for STMicroelectronics.X-CUBE-AZRTOS-L4.2.0.0
2025-05-20 10:05:03,274 [WARN] ConditionMgr:1044 - genDependencies : Invalid condition id : LAN8742 Phy interface Condition cause : null
2025-05-20 10:05:03,274 [WARN] ConditionMgr:1044 - genDependencies : Invalid condition id : LAN8742 Phy interface Condition cause : null
2025-05-20 10:05:03,275 [WARN] ConditionMgr:1044 - genDependencies : Invalid condition id : LAN8742 Phy interface Condition cause : null
2025-05-20 10:05:03,295 [WARN] PackLoader:240 - Cannot read IP mode file for STMicroelectronics.X-CUBE-SFXS2LP1.4.0.0
2025-05-20 10:05:03,333 [WARN] PackLoader:240 - Cannot read IP mode file for STMicroelectronics.X-CUBE-AZRTOS-H7.3.3.0
2025-05-20 10:05:03,359 [WARN] ConditionMgr:438 - getConditionDescription Invalid condition id : UX DEVICE CLASS RTOS Condition cause : null
2025-05-20 10:05:03,359 [WARN] ConditionMgr:438 - getConditionDescription Invalid condition id : UX DEVICE CLASS RTOS Condition cause : null
2025-05-20 10:05:03,361 [WARN] PackLoader:240 - Cannot read IP mode file for STMicroelectronics.X-CUBE-AZRTOS-WB.2.0.0
2025-05-20 10:05:03,361 [WARN] ConditionMgr:1044 - genDependencies : Invalid condition id : UX DEVICE CLASS RTOS Condition cause : null
2025-05-20 10:05:03,361 [WARN] ConditionMgr:1044 - genDependencies : Invalid condition id : UX DEVICE CLASS RTOS Condition cause : null
2025-05-20 10:05:03,361 [WARN] ConditionMgr:1044 - genDependencies : Invalid condition id : UX DEVICE CLASS RTOS Condition cause : null
2025-05-20 10:05:03,361 [WARN] ConditionMgr:1044 - genDependencies : Invalid condition id : UX DEVICE CLASS RTOS Condition cause : null
2025-05-20 10:05:03,361 [WARN] ConditionMgr:1044 - genDependencies : Invalid condition id : UX DEVICE CLASS RTOS Condition cause : null
2025-05-20 10:05:03,378 [WARN] PackLoader:240 - Cannot read IP mode file for STMicroelectronics.X-CUBE-GNSS1.7.0.1
2025-05-20 10:05:03,398 [WARN] PackLoader:240 - Cannot read IP mode file for STMicroelectronics.X-CUBE-TOUCHGFX.4.25.0
2025-05-20 10:05:03,418 [WARN] PackLoader:240 - Cannot read IP mode file for STMicroelectronics.FP-SNS-STBOX1.2.0.0
2025-05-20 10:05:03,440 [WARN] PackLoader:240 - Cannot read IP mode file for STMicroelectronics.X-CUBE-SUBG2.5.0.0
2025-05-20 10:05:03,478 [WARN] PackLoader:240 - Cannot read IP mode file for STMicroelectronics.X-CUBE-AZRTOS-H7RS.1.1.0
2025-05-20 10:05:03,498 [WARN] PackLoader:240 - Cannot read IP mode file for Cesanta.I-CUBE-Mongoose.7.13.0
2025-05-20 10:05:03,532 [WARN] PackLoader:240 - Cannot read IP mode file for STMicroelectronics.X-CUBE-AZRTOS-G4.2.0.0
2025-05-20 10:05:03,552 [WARN] PackLoader:240 - Cannot read IP mode file for STMicroelectronics.X-CUBE-NFC7.2.0.0
2025-05-20 10:05:03,570 [WARN] PackLoader:240 - Cannot read IP mode file for STMicroelectronics.X-CUBE-IPS.3.1.0
2025-05-20 10:05:03,587 [WARN] PackLoader:240 - Cannot read IP mode file for STMicroelectronics.X-CUBE-ALS.1.0.2
2025-05-20 10:05:03,601 [WARN] PackLoader:240 - Cannot read IP mode file for STMicroelectronics.X-CUBE-TOUCHGFX.4.24.2
2025-05-20 10:05:03,614 [WARN] PackLoader:240 - Cannot read IP mode file for wolfSSL.I-CUBE-wolfTPM.3.4.0
2025-05-20 10:05:03,630 [WARN] PackLoader:240 - Cannot read IP mode file for portGmbH.I-Cube-SoM-uGOAL.1.1.0
2025-05-20 10:05:03,652 [WARN] PackLoader:240 - Cannot read IP mode file for STMicroelectronics.X-CUBE-AZRTOS-H7RS.1.0.0
2025-05-20 10:05:03,677 [WARN] PackLoader:240 - Cannot read IP mode file for STMicroelectronics.X-CUBE-TOF1.3.4.2
2025-05-20 10:05:03,699 [WARN] PackLoader:240 - Cannot read IP mode file for STMicroelectronics.X-CUBE-TOF1.3.4.3
2025-05-20 10:05:03,715 [WARN] PackLoader:240 - Cannot read IP mode file for wolfSSL.I-CUBE-wolfSSH.1.4.17
2025-05-20 10:05:03,716 [INFO] ThirdParty:978 - Integrity check success = true
2025-05-20 10:05:03,716 [INFO] IntegrityCheckThread:100 - exiting critical section [integrity check]
2025-05-20 10:05:03,716 [INFO] IntegrityCheckThread:103 - End integrity checks thread
2025-05-20 13:16:03,253 [ERROR] LogOutputStream:75 - [STDERR_REDIRECT] 
