2025-07-03 08:02:05,489 [INFO] Activator:176 - 


2025-07-03 08:02:05,489 [INFO] Activator:177 - !SESSION log4j initialized
2025-07-03 08:02:10,676 [INFO] LogOutputStream:77 - [STDOUT_REDIRECT] 
2025-07-03 08:02:20,309 [INFO] ApplicationProperties:184 - Using Application install path: C:\ST\STM32CubeIDE_1.17.0\STM32CubeIDE\plugins\com.st.stm32cube.common.mx_6.13.0.202411220809
2025-07-03 08:02:20,322 [INFO] DbMcusXml:78 - Set database path to: C:\ST\STM32CubeIDE_1.17.0\STM32CubeIDE\plugins\com.st.stm32cube.common.mx_6.13.0.202411220809\\db\/mcu/
2025-07-03 08:02:20,323 [INFO] ApiDb:274 - Set plugin database path to: C:\ST\STM32CubeIDE_1.17.0\STM32CubeIDE\plugins\com.st.stm32cube.common.mx_6.13.0.202411220809\\db\/plugins/boardmanager/
2025-07-03 08:02:20,323 [WARN] ApiDb:259 - Overriding images path with different value:  => C:\ST\STM32CubeIDE_1.17.0\STM32CubeIDE\plugins\com.st.stm32cube.common.mx_6.13.0.202411220809\\db\/plugins/mcufinder/images/
2025-07-03 08:02:20,337 [INFO] ApiDb:250 - Set database path to: C:\Users\APC\.stmcufinder\plugins\mcufinder//mcu/
2025-07-03 08:02:20,338 [INFO] DbMcusAds:125 - Set database path to: C:\Users\APC\.stmcufinder\plugins\mcufinder//mcu/
2025-07-03 08:02:20,340 [INFO] CrossReferenceDbSqlite:203 - Set database path to: C:\Users\APC\.stmcufinder\plugins\mcufinder//mcu/cs/
2025-07-03 08:02:20,440 [INFO] RulesReader:64 - Compatibility file has been processed (297 Rules)
2025-07-03 08:02:20,497 [INFO] DbMcusXml:78 - Set database path to: C:\ST\STM32CubeIDE_1.17.0\STM32CubeIDE\plugins\com.st.stm32cube.common.mx_6.13.0.202411220809\\db\/mcu/
2025-07-03 08:02:20,497 [INFO] ApiDb:274 - Set plugin database path to: C:\ST\STM32CubeIDE_1.17.0\STM32CubeIDE\plugins\com.st.stm32cube.common.mx_6.13.0.202411220809\\db\/plugins/boardmanager/
2025-07-03 08:02:20,497 [INFO] ApiDb:261 - Set plugin images path to: C:\ST\STM32CubeIDE_1.17.0\STM32CubeIDE\plugins\com.st.stm32cube.common.mx_6.13.0.202411220809\\db\/plugins/mcufinder/images/
2025-07-03 08:02:20,497 [WARN] DbFile:41 - Overriding database path with different value: C:\Users\APC\.stmcufinder\plugins\mcufinder/ => C:\Users\APC\.stmcufinder\plugins\mcufinder
2025-07-03 08:02:20,497 [INFO] ApiDb:250 - Set database path to: C:\Users\APC\.stmcufinder\plugins\mcufinder//mcu/
2025-07-03 08:02:20,497 [WARN] DbFile:41 - Overriding database path with different value: C:\Users\APC\.stmcufinder\plugins\mcufinder/ => C:\Users\APC\.stmcufinder\plugins\mcufinder
2025-07-03 08:02:20,497 [INFO] DbMcusAds:125 - Set database path to: C:\Users\APC\.stmcufinder\plugins\mcufinder//mcu/
2025-07-03 08:02:20,497 [WARN] DbFile:41 - Overriding database path with different value: C:\Users\APC\.stmcufinder\plugins\mcufinder/ => C:\Users\APC\.stmcufinder\plugins\mcufinder
2025-07-03 08:02:20,499 [WARN] DbFile:41 - Overriding database path with different value: C:\Users\APC\.stmcufinder\plugins\mcufinder/ => C:\Users\APC\.stmcufinder\plugins\mcufinder
2025-07-03 08:02:20,499 [INFO] CrossReferenceDbSqlite:203 - Set database path to: C:\Users\APC\.stmcufinder\plugins\mcufinder//mcu/cs/
2025-07-03 08:02:20,554 [INFO] MainPanel:272 - HeapMemory: 268435456
2025-07-03 08:02:20,635 [INFO] DbMcusXml:78 - Set database path to: C:\ST\STM32CubeIDE_1.17.0\STM32CubeIDE\plugins\com.st.stm32cube.common.mx_6.13.0.202411220809\\db\/mcu/
2025-07-03 08:02:20,635 [INFO] ApiDb:274 - Set plugin database path to: C:\ST\STM32CubeIDE_1.17.0\STM32CubeIDE\plugins\com.st.stm32cube.common.mx_6.13.0.202411220809\\db\/plugins/boardmanager/
2025-07-03 08:02:20,635 [INFO] ApiDb:261 - Set plugin images path to: C:\ST\STM32CubeIDE_1.17.0\STM32CubeIDE\plugins\com.st.stm32cube.common.mx_6.13.0.202411220809\\db\/plugins/mcufinder/images/
2025-07-03 08:02:20,635 [WARN] DbFile:41 - Overriding database path with different value: C:\Users\APC\.stmcufinder\plugins\mcufinder/ => C:\Users\APC\.stmcufinder\plugins\mcufinder
2025-07-03 08:02:20,635 [INFO] ApiDb:250 - Set database path to: C:\Users\APC\.stmcufinder\plugins\mcufinder//mcu/
2025-07-03 08:02:20,636 [WARN] DbFile:41 - Overriding database path with different value: C:\Users\APC\.stmcufinder\plugins\mcufinder/ => C:\Users\APC\.stmcufinder\plugins\mcufinder
2025-07-03 08:02:20,636 [INFO] DbMcusAds:125 - Set database path to: C:\Users\APC\.stmcufinder\plugins\mcufinder//mcu/
2025-07-03 08:02:20,636 [WARN] DbFile:41 - Overriding database path with different value: C:\Users\APC\.stmcufinder\plugins\mcufinder/ => C:\Users\APC\.stmcufinder\plugins\mcufinder
2025-07-03 08:02:20,636 [WARN] DbFile:41 - Overriding database path with different value: C:\Users\APC\.stmcufinder\plugins\mcufinder/ => C:\Users\APC\.stmcufinder\plugins\mcufinder
2025-07-03 08:02:20,636 [INFO] CrossReferenceDbSqlite:203 - Set database path to: C:\Users\APC\.stmcufinder\plugins\mcufinder//mcu/cs/
2025-07-03 08:02:20,651 [INFO] ApplicationProperties:184 - Using Application install path: C:\ST\STM32CubeIDE_1.17.0\STM32CubeIDE\plugins\com.st.stm32cube.common.mx_6.13.0.202411220809
2025-07-03 08:02:20,652 [INFO] PluginManage:196 - Search for loadable plugins [exclusion list=, ]
2025-07-03 08:02:20,653 [INFO] PluginManage:310 - Check plugin analytics
2025-07-03 08:02:20,771 [INFO] AnalyticsPlugin:253 - Accepted Software Licenses: STM32CubeMX.6.13.0
2025-07-03 08:02:20,771 [INFO] AnalyticsPlugin:255 - Accepted CMSIS Pack Licenses: 
2025-07-03 08:02:20,771 [INFO] AnalyticsPlugin:257 - Accepted Firmware Licenses: FW.F4.1.28.0
2025-07-03 08:02:20,773 [INFO] PluginManage:359 - Loaded plugin analytics (category:tool,tabindex:-1)
2025-07-03 08:02:20,774 [INFO] PluginManage:310 - Check plugin cadmodel
2025-07-03 08:02:20,788 [INFO] CADModel:105 - Init CAD model plugin
2025-07-03 08:02:20,788 [INFO] PluginManage:359 - Loaded plugin cadmodel (category:power,tabindex:5)
2025-07-03 08:02:20,788 [INFO] PluginManage:310 - Check plugin clock
2025-07-03 08:02:20,805 [INFO] PluginManage:359 - Loaded plugin clock (category:base,tabindex:2)
2025-07-03 08:02:20,805 [INFO] PluginManage:310 - Check plugin ddr
2025-07-03 08:02:20,807 [INFO] PluginManage:359 - Loaded plugin ddr (category:tool,tabindex:6)
2025-07-03 08:02:20,807 [INFO] PluginManage:310 - Check plugin filemanager
2025-07-03 08:02:20,924 [INFO] PluginManage:359 - Loaded plugin filemanager (category:base,tabindex:10)
2025-07-03 08:02:20,924 [INFO] PluginManage:310 - Check plugin ipmanager
2025-07-03 08:02:20,931 [INFO] PluginManage:359 - Loaded plugin ipmanager (category:base,tabindex:5)
2025-07-03 08:02:20,931 [INFO] PluginManage:310 - Check plugin lpbam
2025-07-03 08:02:20,948 [INFO] PluginManage:359 - Loaded plugin lpbam (category:base,tabindex:0)
2025-07-03 08:02:20,948 [INFO] PluginManage:310 - Check plugin memorymap
2025-07-03 08:02:20,972 [INFO] PluginManage:359 - Loaded plugin memorymap (category:base,tabindex:4)
2025-07-03 08:02:20,972 [INFO] PluginManage:310 - Check plugin pinoutandconfiguration
2025-07-03 08:02:20,988 [INFO] PluginManage:359 - Loaded plugin pinoutandconfiguration (category:base,tabindex:1)
2025-07-03 08:02:20,989 [INFO] PluginManage:310 - Check plugin pinoutconfig
2025-07-03 08:02:21,071 [WARN] SupportedApi:132 - Cannot load RTOS API schema: s4s-elt-must-match.1: The content of 'definitions' must match (annotation?, (simpleType | complexType)?, (unique | key | keyref)*)). A problem was found starting at: attribute.
2025-07-03 08:02:21,181 [INFO] PluginManage:359 - Loaded plugin pinoutconfig (category:base,tabindex:0)
2025-07-03 08:02:21,182 [INFO] PluginManage:310 - Check plugin power
2025-07-03 08:02:21,201 [INFO] PluginManage:359 - Loaded plugin power (category:power,tabindex:4)
2025-07-03 08:02:21,201 [INFO] PluginManage:310 - Check plugin projectmanager
2025-07-03 08:02:21,216 [INFO] PluginManage:359 - Loaded plugin projectmanager (category:projectmanager,tabindex:4)
2025-07-03 08:02:21,216 [INFO] PluginManage:310 - Check plugin rif
2025-07-03 08:02:21,235 [INFO] PluginManage:359 - Loaded plugin rif (category:base,tabindex:3)
2025-07-03 08:02:21,235 [INFO] PluginManage:310 - Check plugin thirdparty
2025-07-03 08:02:21,476 [WARN] IntegrityCheckThread:84 - waiting for thirdparty lock release [integrity check]
2025-07-03 08:02:21,476 [INFO] IntegrityCheckThread:86 - entering critical section [integrity check]
2025-07-03 08:02:21,476 [INFO] PluginManage:359 - Loaded plugin thirdparty (category:base,tabindex:-1)
2025-07-03 08:02:21,476 [INFO] PluginManage:310 - Check plugin tools
2025-07-03 08:02:21,476 [INFO] ThirdPartyUpdaterWithRetryManager:70 - Updater plugin not ready yet. [1/15]
2025-07-03 08:02:21,505 [INFO] PluginManage:359 - Loaded plugin tools (category:base,tabindex:7)
2025-07-03 08:02:21,505 [INFO] PluginManage:310 - Check plugin tutovideos
2025-07-03 08:02:21,690 [INFO] PluginManage:359 - Loaded plugin tutovideos (category:base,tabindex:-1)
2025-07-03 08:02:21,690 [INFO] PluginManage:310 - Check plugin updater
2025-07-03 08:02:21,709 [INFO] PluginManage:359 - Loaded plugin updater (category:base,tabindex:12)
2025-07-03 08:02:21,709 [INFO] PluginManage:310 - Check plugin userauth
2025-07-03 08:02:21,712 [INFO] UserAuth:118 - Init User Auth plugin
2025-07-03 08:02:21,713 [INFO] PluginManage:359 - Loaded plugin userauth (category:base,tabindex:14)
2025-07-03 08:02:21,713 [INFO] PluginManage:283 - PluginManage : Loaded plugins [18]
2025-07-03 08:02:21,864 [INFO] PinOutPanel:1589 - setPackage(No Configuration,No Configuration)
2025-07-03 08:02:21,930 [INFO] CADModel:165 - CPN selected for project level
2025-07-03 08:02:21,930 [INFO] CADModel:114 - Register for checkConnection events
2025-07-03 08:02:21,955 [INFO] IPUIPlugin:80 - create IPUIPlugin
2025-07-03 08:02:21,955 [INFO] PluginManager:220 - loadIPPluginJar : add adc
2025-07-03 08:02:21,994 [INFO] IPUIPlugin:80 - create IPUIPlugin
2025-07-03 08:02:21,994 [INFO] PluginManager:220 - loadIPPluginJar : add aes
2025-07-03 08:02:22,027 [INFO] IPUIPlugin:80 - create IPUIPlugin
2025-07-03 08:02:22,027 [INFO] PluginManager:220 - loadIPPluginJar : add can
2025-07-03 08:02:22,047 [INFO] IPUIPlugin:80 - create IPUIPlugin
2025-07-03 08:02:22,047 [INFO] PluginManager:220 - loadIPPluginJar : add comp
2025-07-03 08:02:22,075 [INFO] IPUIPlugin:80 - create IPUIPlugin
2025-07-03 08:02:22,076 [INFO] PluginManager:220 - loadIPPluginJar : add cryp
2025-07-03 08:02:22,089 [INFO] IPUIPlugin:80 - create IPUIPlugin
2025-07-03 08:02:22,089 [INFO] PluginManager:220 - loadIPPluginJar : add ddr_ctrl_phy
2025-07-03 08:02:22,115 [INFO] IPUIPlugin:80 - create IPUIPlugin
2025-07-03 08:02:22,115 [INFO] PluginManager:220 - loadIPPluginJar : add dfsdm
2025-07-03 08:02:22,128 [INFO] IPUIPlugin:80 - create IPUIPlugin
2025-07-03 08:02:22,128 [INFO] PluginManager:220 - loadIPPluginJar : add dma
2025-07-03 08:02:22,162 [INFO] IPUIPlugin:80 - create IPUIPlugin
2025-07-03 08:02:22,164 [INFO] PluginManager:220 - loadIPPluginJar : add dma3
2025-07-03 08:02:22,197 [INFO] IPUIPlugin:80 - create IPUIPlugin
2025-07-03 08:02:22,197 [INFO] PluginManager:220 - loadIPPluginJar : add extmemmanager
2025-07-03 08:02:22,215 [INFO] IPUIPlugin:80 - create IPUIPlugin
2025-07-03 08:02:22,215 [INFO] PluginManager:220 - loadIPPluginJar : add fatfs
2025-07-03 08:02:22,254 [INFO] IPUIPlugin:80 - create IPUIPlugin
2025-07-03 08:02:22,255 [INFO] PluginManager:220 - loadIPPluginJar : add fmc
2025-07-03 08:02:22,269 [INFO] IPUIPlugin:80 - create IPUIPlugin
2025-07-03 08:02:22,269 [INFO] PluginManager:220 - loadIPPluginJar : add freertos
2025-07-03 08:02:22,288 [INFO] IPUIPlugin:80 - create IPUIPlugin
2025-07-03 08:02:22,288 [INFO] PluginManager:220 - loadIPPluginJar : add genericplugin
2025-07-03 08:02:22,361 [INFO] IPUIPlugin:80 - create IPUIPlugin
2025-07-03 08:02:22,361 [INFO] PluginManager:220 - loadIPPluginJar : add gfxmmu
2025-07-03 08:02:22,461 [INFO] IPUIPlugin:80 - create IPUIPlugin
2025-07-03 08:02:22,461 [INFO] PluginManager:220 - loadIPPluginJar : add gic
2025-07-03 08:02:22,476 [INFO] IPUIPlugin:80 - create IPUIPlugin
2025-07-03 08:02:22,476 [INFO] PluginManager:220 - loadIPPluginJar : add gpio
2025-07-03 08:02:22,559 [INFO] IPUIPlugin:80 - create IPUIPlugin
2025-07-03 08:02:22,559 [INFO] PluginManager:220 - loadIPPluginJar : add gtzc
2025-07-03 08:02:22,593 [INFO] IPUIPlugin:80 - create IPUIPlugin
2025-07-03 08:02:22,593 [INFO] PluginManager:220 - loadIPPluginJar : add hash
2025-07-03 08:02:22,637 [INFO] IPUIPlugin:80 - create IPUIPlugin
2025-07-03 08:02:22,637 [INFO] PluginManager:220 - loadIPPluginJar : add i2c
2025-07-03 08:02:22,671 [INFO] IPUIPlugin:80 - create IPUIPlugin
2025-07-03 08:02:22,671 [INFO] PluginManager:220 - loadIPPluginJar : add i2s
2025-07-03 08:02:22,703 [INFO] IPUIPlugin:80 - create IPUIPlugin
2025-07-03 08:02:22,703 [INFO] PluginManager:220 - loadIPPluginJar : add i3c
2025-07-03 08:02:22,781 [INFO] IPUIPlugin:80 - create IPUIPlugin
2025-07-03 08:02:22,781 [INFO] PluginManager:220 - loadIPPluginJar : add ipddr
2025-07-03 08:02:22,850 [INFO] IPUIPlugin:80 - create IPUIPlugin
2025-07-03 08:02:22,850 [INFO] PluginManager:220 - loadIPPluginJar : add linkedlist
2025-07-03 08:02:22,882 [INFO] IPUIPlugin:80 - create IPUIPlugin
2025-07-03 08:02:22,882 [INFO] PluginManager:220 - loadIPPluginJar : add lorawan
2025-07-03 08:02:22,912 [INFO] IPUIPlugin:80 - create IPUIPlugin
2025-07-03 08:02:22,914 [INFO] PluginManager:220 - loadIPPluginJar : add ltdc
2025-07-03 08:02:22,927 [INFO] IPUIPlugin:80 - create IPUIPlugin
2025-07-03 08:02:22,927 [INFO] PluginManager:220 - loadIPPluginJar : add mdma
2025-07-03 08:02:22,938 [INFO] IPUIPlugin:80 - create IPUIPlugin
2025-07-03 08:02:22,938 [INFO] PluginManager:220 - loadIPPluginJar : add nvic
2025-07-03 08:02:22,970 [INFO] IPUIPlugin:80 - create IPUIPlugin
2025-07-03 08:02:22,970 [INFO] PluginManager:220 - loadIPPluginJar : add opamp
2025-07-03 08:02:23,018 [INFO] IPUIPlugin:80 - create IPUIPlugin
2025-07-03 08:02:23,018 [INFO] PluginManager:220 - loadIPPluginJar : add openamp
2025-07-03 08:02:23,053 [INFO] IPUIPlugin:80 - create IPUIPlugin
2025-07-03 08:02:23,053 [INFO] PluginManager:220 - loadIPPluginJar : add pdm2pcm
2025-07-03 08:02:23,066 [INFO] IPUIPlugin:80 - create IPUIPlugin
2025-07-03 08:02:23,069 [INFO] PluginManager:220 - loadIPPluginJar : add plateformsettings
2025-07-03 08:02:23,088 [INFO] IPUIPlugin:80 - create IPUIPlugin
2025-07-03 08:02:23,088 [INFO] PluginManager:220 - loadIPPluginJar : add quadspi
2025-07-03 08:02:23,110 [INFO] IPUIPlugin:80 - create IPUIPlugin
2025-07-03 08:02:23,110 [INFO] PluginManager:220 - loadIPPluginJar : add radio
2025-07-03 08:02:23,125 [INFO] IPUIPlugin:80 - create IPUIPlugin
2025-07-03 08:02:23,126 [INFO] PluginManager:220 - loadIPPluginJar : add resmgrutility
2025-07-03 08:02:23,164 [INFO] IPUIPlugin:80 - create IPUIPlugin
2025-07-03 08:02:23,164 [INFO] PluginManager:220 - loadIPPluginJar : add sai
2025-07-03 08:02:23,195 [INFO] IPUIPlugin:80 - create IPUIPlugin
2025-07-03 08:02:23,195 [INFO] PluginManager:220 - loadIPPluginJar : add spi
2025-07-03 08:02:23,251 [INFO] IPUIPlugin:80 - create IPUIPlugin
2025-07-03 08:02:23,251 [INFO] PluginManager:220 - loadIPPluginJar : add stm32_wpan
2025-07-03 08:02:23,275 [INFO] IPUIPlugin:80 - create IPUIPlugin
2025-07-03 08:02:23,275 [INFO] PluginManager:220 - loadIPPluginJar : add tim
2025-07-03 08:02:23,323 [INFO] IPUIPlugin:80 - create IPUIPlugin
2025-07-03 08:02:23,324 [INFO] PluginManager:220 - loadIPPluginJar : add touchsensing
2025-07-03 08:02:23,345 [INFO] IPUIPlugin:80 - create IPUIPlugin
2025-07-03 08:02:23,345 [INFO] PluginManager:220 - loadIPPluginJar : add tracer_emb
2025-07-03 08:02:23,366 [INFO] IPUIPlugin:80 - create IPUIPlugin
2025-07-03 08:02:23,366 [INFO] PluginManager:220 - loadIPPluginJar : add ts
2025-07-03 08:02:23,386 [INFO] IPUIPlugin:80 - create IPUIPlugin
2025-07-03 08:02:23,386 [INFO] PluginManager:220 - loadIPPluginJar : add tsc
2025-07-03 08:02:23,406 [INFO] IPUIPlugin:80 - create IPUIPlugin
2025-07-03 08:02:23,406 [INFO] PluginManager:220 - loadIPPluginJar : add ucpd
2025-07-03 08:02:23,441 [INFO] IPUIPlugin:80 - create IPUIPlugin
2025-07-03 08:02:23,441 [INFO] PluginManager:220 - loadIPPluginJar : add usart
2025-07-03 08:02:23,476 [INFO] IPUIPlugin:80 - create IPUIPlugin
2025-07-03 08:02:23,476 [INFO] PluginManager:220 - loadIPPluginJar : add usbx
2025-07-03 08:02:23,583 [FATAL] Updater:351 - Updater called before beeing initialized
2025-07-03 08:02:23,601 [INFO] RulesReader:64 - Compatibility file has been processed (297 Rules)
2025-07-03 08:02:23,608 [INFO] RulesReader:64 - Compatibility file has been processed (297 Rules)
2025-07-03 08:02:23,621 [INFO] CADModel:165 - CPN selected for project level
2025-07-03 08:02:23,621 [INFO] CADModel:114 - Register for checkConnection events
2025-07-03 08:02:23,621 [FATAL] Updater:351 - Updater called before beeing initialized
2025-07-03 08:02:23,621 [ERROR] CADModel:125 - Updater not yet initialized, retry later 
2025-07-03 08:02:23,738 [FATAL] Updater:351 - Updater called before beeing initialized
2025-07-03 08:02:23,740 [INFO] CADModel:165 - CPN selected for project level
2025-07-03 08:02:23,740 [INFO] CADModel:114 - Register for checkConnection events
2025-07-03 08:02:23,740 [FATAL] Updater:351 - Updater called before beeing initialized
2025-07-03 08:02:23,740 [ERROR] CADModel:125 - Updater not yet initialized, retry later 
2025-07-03 08:02:23,743 [FATAL] Updater:351 - Updater called before beeing initialized
2025-07-03 08:02:23,810 [FATAL] Updater:351 - Updater called before beeing initialized
2025-07-03 08:02:23,820 [INFO] DbMcusAds:53 - JSON generation date=Thu Jun 19 15:32:37 ICT 2025 (1750321957418)
2025-07-03 08:02:23,820 [FATAL] Updater:351 - Updater called before beeing initialized
2025-07-03 08:02:23,848 [WARN] DetailPanel:346 - Failed to get advertising image, set to default
2025-07-03 08:02:24,008 [FATAL] Updater:351 - Updater called before beeing initialized
2025-07-03 08:02:24,010 [FATAL] Updater:351 - Updater called before beeing initialized
2025-07-03 08:02:24,010 [FATAL] Updater:351 - Updater called before beeing initialized
2025-07-03 08:02:24,010 [WARN] DetailPanel:346 - Failed to get advertising image, set to default
2025-07-03 08:02:24,011 [FATAL] Updater:351 - Updater called before beeing initialized
2025-07-03 08:02:24,083 [ERROR] Updater:1198 - MainUpdater not yet initialized. External WinMGr cannot be set.
2025-07-03 08:02:24,092 [INFO] Updater:1134 - Updater Version found : 6.13.0
2025-07-03 08:02:24,113 [INFO] ApplicationProperties:184 - Using Application install path: C:\ST\STM32CubeIDE_1.17.0\STM32CubeIDE\plugins\com.st.stm32cube.common.mx_6.13.0.202411220809
2025-07-03 08:02:24,477 [INFO] ThirdPartyUpdaterWithRetryManager:70 - Updater plugin not ready yet. [2/15]
2025-07-03 08:02:24,535 [INFO] MainUpdater:2872 - connection check result : 10
2025-07-03 08:02:24,536 [INFO] MainUpdater:289 - Updater Check For Update Now.
2025-07-03 08:02:24,536 [INFO] MicroXplorer:498 - Change Database Version : DB.6.0.130
2025-07-03 08:02:24,547 [INFO] McuFinderGlobals:63 - Set McuFinder mode to 2 (CubeIDE integrated)
2025-07-03 08:02:24,554 [INFO] UserAuth:486 - Internet connection configuration mode: 1
2025-07-03 08:02:24,582 [INFO] JxBrowserEngine:152 - Initiate JxBrowser Engine with user profile folder
2025-07-03 08:02:24,722 [INFO] CheckServerUpdateThread:120 - End of CheckServer Thread
2025-07-03 08:02:25,838 [INFO] WebApp:168 - Instantiating new browser for Auth
2025-07-03 08:02:26,371 [INFO] WebApp:449 - Apply proxy settings
2025-07-03 08:02:26,371 [INFO] WebApp:534 - Chromium requires no authentication
2025-07-03 08:02:26,379 [INFO] WebApp:477 - Direct internet connection detected
2025-07-03 08:02:26,406 [INFO] WebApp:880 - Register for checkConnection events
2025-07-03 08:02:26,406 [INFO] WebApp:449 - Apply proxy settings
2025-07-03 08:02:26,406 [INFO] WebApp:534 - Chromium requires no authentication
2025-07-03 08:02:26,406 [INFO] WebApp:477 - Direct internet connection detected
2025-07-03 08:02:26,555 [INFO] WebApp:221 - Starting web application
2025-07-03 08:02:26,555 [INFO] WebApp:579 - Web application path used C:\ST\STM32CubeIDE_1.17.0\STM32CubeIDE\plugins\com.st.stm32cube.common.mx_6.13.0.202411220809\db\plugins\mcufinder\reactClient1\index.html
2025-07-03 08:02:26,587 [INFO] WebApp:187 - Connection restablished
2025-07-03 08:02:26,693 [INFO] UserAuth:486 - Internet connection configuration mode: 1
2025-07-03 08:02:27,659 [WARN] PackLoader:240 - Cannot read IP mode file for STMicroelectronics.FP-SNS-MOTENVWB1.1.4.0
2025-07-03 08:02:27,673 [WARN] PackLoader:240 - Cannot read IP mode file for STMicroelectronics.FP-ATR-ASTRA1.2.0.2
2025-07-03 08:02:27,684 [WARN] PackLoader:240 - Cannot read IP mode file for STMicroelectronics.FP-ATR-ASTRA1.2.0.1
2025-07-03 08:02:27,697 [WARN] PackLoader:240 - Cannot read IP mode file for STMicroelectronics.X-CUBE-SMBUS.2.1.0
2025-07-03 08:02:27,711 [WARN] PackLoader:240 - Cannot read IP mode file for STMicroelectronics.X-CUBE-WB05N.1.1.0
2025-07-03 08:02:27,724 [WARN] PackLoader:240 - Cannot read IP mode file for STMicroelectronics.X-CUBE-ST60.1.0.0
2025-07-03 08:02:27,759 [WARN] PackLoader:240 - Cannot read IP mode file for STMicroelectronics.X-CUBE-AZRTOS-F7.1.1.0
2025-07-03 08:02:27,774 [WARN] PackLoader:240 - Cannot read IP mode file for STMicroelectronics.FP-SNS-FLIGHT1.5.0.2
2025-07-03 08:02:27,800 [WARN] PackLoader:240 - Cannot read IP mode file for Infineon.AIROC-Wi-Fi-Bluetooth-STM32.1.7.0
2025-07-03 08:02:27,820 [WARN] PackLoader:240 - Cannot read IP mode file for STMicroelectronics.X-CUBE-DISPLAY.3.0.0
2025-07-03 08:02:27,835 [WARN] PackLoader:240 - Cannot read IP mode file for STMicroelectronics.X-CUBE-BLE1.7.0.0
2025-07-03 08:02:27,849 [WARN] PackLoader:240 - Cannot read IP mode file for STMicroelectronics.X-CUBE-NFC10.1.0.0
2025-07-03 08:02:27,866 [WARN] PackLoader:240 - Cannot read IP mode file for STMicroelectronics.X-CUBE-BLEMGR.4.0.0
2025-07-03 08:02:27,883 [WARN] PackLoader:240 - Cannot read IP mode file for emotas.I-CUBE-CANOPEN.1.3.0
2025-07-03 08:02:27,898 [WARN] PackLoader:240 - Cannot read IP mode file for STMicroelectronics.X-CUBE-AI.10.0.0
2025-07-03 08:02:27,911 [WARN] PackLoader:240 - Cannot read IP mode file for STMicroelectronics.FP-SNS-SMARTAG2.1.2.0
2025-07-03 08:02:27,920 [WARN] PackLoader:240 - Cannot read IP mode file for STMicroelectronics.FP-SNS-FLIGHT1.5.1.0
2025-07-03 08:02:27,962 [WARN] PackLoader:240 - Cannot read IP mode file for STMicroelectronics.X-CUBE-MEMS1.11.1.0
2025-07-03 08:02:28,066 [INFO] LogOutputStream:77 - [STDOUT_REDIRECT] 1 : Invalid condition id : UX_CORESTACK_Condition cause : null
2025-07-03 08:02:28,066 [INFO] LogOutputStream:77 - [STDOUT_REDIRECT] 1 : Invalid condition id : UX_CORESTACK_Condition cause : null
2025-07-03 08:02:28,067 [INFO] LogOutputStream:77 - [STDOUT_REDIRECT] 1 : Invalid condition id : UX_CORESTACK_Condition cause : null
2025-07-03 08:02:28,067 [INFO] LogOutputStream:77 - [STDOUT_REDIRECT] 1 : Invalid condition id : UX_CORESTACK_Condition cause : null
2025-07-03 08:02:28,068 [INFO] LogOutputStream:77 - [STDOUT_REDIRECT] 1 : Invalid condition id : UX_CORESTACK_Condition cause : null
2025-07-03 08:02:28,072 [WARN] PackLoader:240 - Cannot read IP mode file for STMicroelectronics.X-CUBE-AZRTOS-WL.2.0.0
2025-07-03 08:02:28,089 [WARN] PackLoader:240 - Cannot read IP mode file for STMicroelectronics.FP-SNS-MOTENV1.5.0.0
2025-07-03 08:02:28,106 [WARN] PackLoader:240 - Cannot read IP mode file for wolfSSL.I-CUBE-wolfMQTT.1.19.0
2025-07-03 08:02:28,122 [WARN] PackLoader:240 - Cannot read IP mode file for WES.I-CUBE-Cesium.1.3.0
2025-07-03 08:02:28,136 [WARN] PackLoader:240 - Cannot read IP mode file for STMicroelectronics.X-CUBE-BLE2.3.3.0
2025-07-03 08:02:28,150 [WARN] PackLoader:240 - Cannot read IP mode file for STMicroelectronics.X-CUBE-NFC9.1.0.0
2025-07-03 08:02:28,166 [WARN] PackLoader:240 - Cannot read IP mode file for STMicroelectronics.X-CUBE-BLE1.7.1.0
2025-07-03 08:02:28,182 [WARN] PackLoader:240 - Cannot read IP mode file for STMicroelectronics.X-CUBE-AI.10.1.0
2025-07-03 08:02:28,225 [WARN] PackLoader:240 - Cannot read IP mode file for STMicroelectronics.X-CUBE-MEMS1.11.2.0
2025-07-03 08:02:28,383 [WARN] PackLoader:240 - Cannot read IP mode file for STMicroelectronics.X-CUBE-AZRTOS-G0.1.1.0
2025-07-03 08:02:28,406 [WARN] PackLoader:240 - Cannot read IP mode file for STMicroelectronics.X-CUBE-SAFEA1.1.2.2
2025-07-03 08:02:28,421 [WARN] PackLoader:240 - Cannot read IP mode file for STMicroelectronics.X-CUBE-NFC4.3.0.0
2025-07-03 08:02:28,438 [WARN] PackLoader:240 - Cannot read IP mode file for EmbeddedOffice.I-CUBE-FS-RTOS.1.0.1
2025-07-03 08:02:28,453 [WARN] PackLoader:240 - Cannot read IP mode file for STMicroelectronics.X-CUBE-WB05N.2.0.0
2025-07-03 08:02:28,467 [WARN] PackLoader:240 - Cannot read IP mode file for STMicroelectronics.X-CUBE-TCPP.4.2.0
2025-07-03 08:02:28,481 [WARN] PackLoader:240 - Cannot read IP mode file for RealThread.X-CUBE-RT-Thread_Nano.4.1.1
2025-07-03 08:02:28,492 [WARN] PackLoader:240 - Cannot read IP mode file for STMicroelectronics.FP-ATR-SIGFOX1.3.2.0
2025-07-03 08:02:28,503 [WARN] ConditionMgr:438 - getConditionDescription Invalid condition id : Cortex-A Device cause : null
2025-07-03 08:02:28,521 [WARN] ConditionMgr:1044 - genDependencies : Invalid condition id : Cortex-A Device cause : null
2025-07-03 08:02:28,521 [WARN] ConditionMgr:1044 - genDependencies : Invalid condition id : Cortex-A Device cause : null
2025-07-03 08:02:28,521 [WARN] ConditionMgr:1044 - genDependencies : Invalid condition id : Cortex-A Device cause : null
2025-07-03 08:02:28,535 [WARN] PackLoader:240 - Cannot read IP mode file for STMicroelectronics.X-CUBE-EEPRMA1.5.1.0
2025-07-03 08:02:28,546 [WARN] PackLoader:240 - Cannot read IP mode file for wolfSSL.I-CUBE-wolfSSL.5.7.4
2025-07-03 08:02:28,558 [WARN] PackLoader:240 - Cannot read IP mode file for ITTIA_DB.I-CUBE-ITTIADB.8.9.0
2025-07-03 08:02:28,574 [WARN] PackLoader:240 - Cannot read IP mode file for STMicroelectronics.X-CUBE-ST67W61.1.0.0
2025-07-03 08:02:28,598 [WARN] PackLoader:240 - Cannot read IP mode file for SEGGER.I-CUBE-embOS.1.3.1
2025-07-03 08:02:28,627 [WARN] PackLoader:240 - Cannot read IP mode file for STMicroelectronics.X-CUBE-ALGOBUILD.1.4.0
2025-07-03 08:02:28,664 [WARN] PackLoader:240 - Cannot read IP mode file for STMicroelectronics.X-CUBE-MEMS1.11.3.0
2025-07-03 08:02:28,745 [WARN] PackLoader:240 - Cannot read IP mode file for STMicroelectronics.X-CUBE-AI.9.1.0
2025-07-03 08:02:28,759 [WARN] PackLoader:240 - Cannot read IP mode file for STMicroelectronics.X-CUBE-PM33A1.1.0.0
2025-07-03 08:02:28,785 [WARN] PackLoader:240 - Cannot read IP mode file for STMicroelectronics.X-CUBE-AZRTOS-F4.1.1.0
2025-07-03 08:02:28,801 [WARN] PackLoader:240 - Cannot read IP mode file for Avnet-IotConnect.X-CUBE-IoTC-DA16k-PMOD.1.0.0
2025-07-03 08:02:28,812 [WARN] PackLoader:240 - Cannot read IP mode file for STMicroelectronics.X-CUBE-ISPU.2.1.0
2025-07-03 08:02:28,833 [WARN] PackLoader:240 - Cannot read IP mode file for STMicroelectronics.X-CUBE-AZRTOS-L5.2.0.0
2025-07-03 08:02:28,847 [WARN] PackLoader:240 - Cannot read IP mode file for STMicroelectronics.X-CUBE-NFC6.3.1.0
2025-07-03 08:02:28,863 [WARN] PackLoader:240 - Cannot read IP mode file for STMicroelectronics.X-CUBE-DPower.1.2.0
2025-07-03 08:02:28,876 [WARN] PackLoader:240 - Cannot read IP mode file for STMicroelectronics.X-CUBE-FREERTOS.1.3.1
2025-07-03 08:02:28,891 [WARN] PackLoader:240 - Cannot read IP mode file for STMicroelectronics.X-CUBE-FREERTOS.1.3.0
2025-07-03 08:02:28,903 [WARN] PackLoader:240 - Cannot read IP mode file for STMicroelectronics.X-CUBE-NFC7.1.0.1
2025-07-03 08:02:28,922 [WARN] PackLoader:240 - Cannot read IP mode file for STMicroelectronics.FP-SNS-STAIOTCFT.1.0.0
2025-07-03 08:02:28,942 [WARN] PackLoader:240 - Cannot read IP mode file for STMicroelectronics.X-CUBE-DPower.1.3.0
2025-07-03 08:02:28,970 [WARN] ConditionMgr:438 - getConditionDescription Invalid condition id : LAN8742 Phy interface Condition cause : null
2025-07-03 08:02:28,971 [WARN] PackLoader:240 - Cannot read IP mode file for STMicroelectronics.X-CUBE-AZRTOS-L4.2.0.0
2025-07-03 08:02:28,972 [WARN] ConditionMgr:1044 - genDependencies : Invalid condition id : LAN8742 Phy interface Condition cause : null
2025-07-03 08:02:28,972 [WARN] ConditionMgr:1044 - genDependencies : Invalid condition id : LAN8742 Phy interface Condition cause : null
2025-07-03 08:02:28,972 [WARN] ConditionMgr:1044 - genDependencies : Invalid condition id : LAN8742 Phy interface Condition cause : null
2025-07-03 08:02:28,988 [WARN] PackLoader:240 - Cannot read IP mode file for STMicroelectronics.X-CUBE-SFXS2LP1.4.0.0
2025-07-03 08:02:29,017 [WARN] PackLoader:240 - Cannot read IP mode file for STMicroelectronics.X-CUBE-AZRTOS-H7.3.3.0
2025-07-03 08:02:29,044 [WARN] ConditionMgr:438 - getConditionDescription Invalid condition id : UX DEVICE CLASS RTOS Condition cause : null
2025-07-03 08:02:29,044 [WARN] ConditionMgr:438 - getConditionDescription Invalid condition id : UX DEVICE CLASS RTOS Condition cause : null
2025-07-03 08:02:29,045 [WARN] PackLoader:240 - Cannot read IP mode file for STMicroelectronics.X-CUBE-AZRTOS-WB.2.0.0
2025-07-03 08:02:29,045 [WARN] ConditionMgr:1044 - genDependencies : Invalid condition id : UX DEVICE CLASS RTOS Condition cause : null
2025-07-03 08:02:29,045 [WARN] ConditionMgr:1044 - genDependencies : Invalid condition id : UX DEVICE CLASS RTOS Condition cause : null
2025-07-03 08:02:29,045 [WARN] ConditionMgr:1044 - genDependencies : Invalid condition id : UX DEVICE CLASS RTOS Condition cause : null
2025-07-03 08:02:29,045 [WARN] ConditionMgr:1044 - genDependencies : Invalid condition id : UX DEVICE CLASS RTOS Condition cause : null
2025-07-03 08:02:29,045 [WARN] ConditionMgr:1044 - genDependencies : Invalid condition id : UX DEVICE CLASS RTOS Condition cause : null
2025-07-03 08:02:29,059 [WARN] PackLoader:240 - Cannot read IP mode file for STMicroelectronics.X-CUBE-GNSS1.7.0.1
2025-07-03 08:02:29,074 [WARN] PackLoader:240 - Cannot read IP mode file for STMicroelectronics.X-CUBE-TOUCHGFX.4.25.0
2025-07-03 08:02:29,088 [WARN] PackLoader:240 - Cannot read IP mode file for STMicroelectronics.FP-SNS-STBOX1.2.0.0
2025-07-03 08:02:29,103 [WARN] PackLoader:240 - Cannot read IP mode file for STMicroelectronics.X-CUBE-SUBG2.5.0.0
2025-07-03 08:02:29,129 [WARN] PackLoader:240 - Cannot read IP mode file for STMicroelectronics.X-CUBE-AZRTOS-H7RS.1.1.0
2025-07-03 08:02:29,142 [WARN] PackLoader:240 - Cannot read IP mode file for Cesanta.I-CUBE-Mongoose.7.13.0
2025-07-03 08:02:29,162 [WARN] PackLoader:240 - Cannot read IP mode file for STMicroelectronics.X-CUBE-AZRTOS-G4.2.0.0
2025-07-03 08:02:29,174 [WARN] PackLoader:240 - Cannot read IP mode file for STMicroelectronics.X-CUBE-NFC7.2.0.0
2025-07-03 08:02:29,190 [WARN] PackLoader:240 - Cannot read IP mode file for STMicroelectronics.X-CUBE-IPS.3.1.0
2025-07-03 08:02:29,215 [WARN] PackLoader:240 - Cannot read IP mode file for STMicroelectronics.X-CUBE-ALS.1.0.2
2025-07-03 08:02:29,230 [WARN] PackLoader:240 - Cannot read IP mode file for STMicroelectronics.X-CUBE-TOUCHGFX.4.24.2
2025-07-03 08:02:29,247 [WARN] PackLoader:240 - Cannot read IP mode file for wolfSSL.I-CUBE-wolfTPM.3.4.0
2025-07-03 08:02:29,266 [WARN] PackLoader:240 - Cannot read IP mode file for portGmbH.I-Cube-SoM-uGOAL.1.1.0
2025-07-03 08:02:29,286 [WARN] PackLoader:240 - Cannot read IP mode file for STMicroelectronics.X-CUBE-AZRTOS-H7RS.1.0.0
2025-07-03 08:02:29,301 [WARN] PackLoader:240 - Cannot read IP mode file for STMicroelectronics.X-CUBE-TOF1.3.4.2
2025-07-03 08:02:29,318 [WARN] PackLoader:240 - Cannot read IP mode file for STMicroelectronics.X-CUBE-TOF1.3.4.3
2025-07-03 08:02:29,332 [WARN] PackLoader:240 - Cannot read IP mode file for wolfSSL.I-CUBE-wolfSSH.1.4.17
2025-07-03 08:02:29,333 [INFO] ThirdParty:978 - Integrity check success = true
2025-07-03 08:02:29,333 [INFO] IntegrityCheckThread:100 - exiting critical section [integrity check]
2025-07-03 08:02:29,333 [INFO] IntegrityCheckThread:103 - End integrity checks thread
2025-07-03 08:32:25,024 [ERROR] ConfigurationRetriever:142 - IOException on connection: Connect timed out
2025-07-03 08:42:09,925 [ERROR] LogOutputStream:75 - [STDERR_REDIRECT] 
